[0.441s] DEBUG:colcon:Command line arguments: ['/usr/bin/colcon', 'build', '--symlink-install']
[0.441s] DEBUG:colcon:Parsed command line arguments: Namespace(log_base=None, log_level=None, verb_name='build', build_base='build', install_base='install', merge_install=False, symlink_install=True, test_result_base=None, continue_on_error=False, executor='parallel', parallel_workers=4, event_handlers=None, ignore_user_meta=False, metas=['./colcon.meta'], base_paths=['.'], packages_ignore=None, packages_ignore_regex=None, paths=None, packages_up_to=None, packages_up_to_regex=None, packages_above=None, packages_above_and_dependencies=None, packages_above_depth=None, packages_select_by_dep=None, packages_skip_by_dep=None, packages_skip_up_to=None, packages_select_build_failed=False, packages_skip_build_finished=False, packages_select_test_failures=False, packages_skip_test_passed=False, packages_select=None, packages_skip=None, packages_select_regex=None, packages_skip_regex=None, packages_start=None, packages_end=None, allow_overriding=[], cmake_args=None, cmake_target=None, cmake_target_skip_unavailable=False, cmake_clean_cache=False, cmake_clean_first=False, cmake_force_configure=False, ament_cmake_args=None, catkin_cmake_args=None, catkin_skip_building_tests=False, verb_parser=<colcon_defaults.argument_parser.defaults.DefaultArgumentsDecorator object at 0xffff881c7070>, verb_extension=<colcon_core.verb.build.BuildVerb object at 0xffff8835bca0>, main=<bound method BuildVerb.main of <colcon_core.verb.build.BuildVerb object at 0xffff8835bca0>>)
[1.147s] Level 1:colcon.colcon_core.package_discovery:discover_packages(colcon_meta) check parameters
[1.148s] Level 1:colcon.colcon_core.package_discovery:discover_packages(recursive) check parameters
[1.148s] Level 1:colcon.colcon_core.package_discovery:discover_packages(ignore) check parameters
[1.148s] Level 1:colcon.colcon_core.package_discovery:discover_packages(path) check parameters
[1.148s] Level 1:colcon.colcon_core.package_discovery:discover_packages(colcon_meta) discover
[1.149s] Level 1:colcon.colcon_core.package_discovery:discover_packages(recursive) discover
[1.149s] INFO:colcon.colcon_core.package_discovery:Crawling recursively for packages in '/home/dora/robot_ws'
[1.149s] Level 1:colcon.colcon_core.package_identification:_identify(.) by extensions ['ignore', 'ignore_ament_install']
[1.150s] Level 1:colcon.colcon_core.package_identification:_identify(.) by extension 'ignore'
[1.150s] Level 1:colcon.colcon_core.package_identification:_identify(.) by extension 'ignore_ament_install'
[1.150s] Level 1:colcon.colcon_core.package_identification:_identify(.) by extensions ['colcon_pkg']
[1.150s] Level 1:colcon.colcon_core.package_identification:_identify(.) by extension 'colcon_pkg'
[1.150s] Level 1:colcon.colcon_core.package_identification:_identify(.) by extensions ['colcon_meta']
[1.150s] Level 1:colcon.colcon_core.package_identification:_identify(.) by extension 'colcon_meta'
[1.151s] Level 1:colcon.colcon_core.package_identification:_identify(.) by extensions ['ros']
[1.151s] Level 1:colcon.colcon_core.package_identification:_identify(.) by extension 'ros'
[1.199s] Level 1:colcon.colcon_core.package_identification:_identify(.) by extensions ['cmake', 'python']
[1.199s] Level 1:colcon.colcon_core.package_identification:_identify(.) by extension 'cmake'
[1.199s] Level 1:colcon.colcon_core.package_identification:_identify(.) by extension 'python'
[1.199s] Level 1:colcon.colcon_core.package_identification:_identify(.) by extensions ['python_setup_py']
[1.199s] Level 1:colcon.colcon_core.package_identification:_identify(.) by extension 'python_setup_py'
[1.200s] Level 1:colcon.colcon_core.package_identification:_identify(build) by extensions ['ignore', 'ignore_ament_install']
[1.200s] Level 1:colcon.colcon_core.package_identification:_identify(build) by extension 'ignore'
[1.201s] Level 1:colcon.colcon_core.package_identification:_identify(build) ignored
[1.201s] Level 1:colcon.colcon_core.package_identification:_identify(install) by extensions ['ignore', 'ignore_ament_install']
[1.202s] Level 1:colcon.colcon_core.package_identification:_identify(install) by extension 'ignore'
[1.202s] Level 1:colcon.colcon_core.package_identification:_identify(install) ignored
[1.203s] Level 1:colcon.colcon_core.package_identification:_identify(log) by extensions ['ignore', 'ignore_ament_install']
[1.203s] Level 1:colcon.colcon_core.package_identification:_identify(log) by extension 'ignore'
[1.203s] Level 1:colcon.colcon_core.package_identification:_identify(log) ignored
[1.204s] Level 1:colcon.colcon_core.package_identification:_identify(src) by extensions ['ignore', 'ignore_ament_install']
[1.204s] Level 1:colcon.colcon_core.package_identification:_identify(src) by extension 'ignore'
[1.204s] Level 1:colcon.colcon_core.package_identification:_identify(src) by extension 'ignore_ament_install'
[1.204s] Level 1:colcon.colcon_core.package_identification:_identify(src) by extensions ['colcon_pkg']
[1.205s] Level 1:colcon.colcon_core.package_identification:_identify(src) by extension 'colcon_pkg'
[1.205s] Level 1:colcon.colcon_core.package_identification:_identify(src) by extensions ['colcon_meta']
[1.205s] Level 1:colcon.colcon_core.package_identification:_identify(src) by extension 'colcon_meta'
[1.205s] Level 1:colcon.colcon_core.package_identification:_identify(src) by extensions ['ros']
[1.205s] Level 1:colcon.colcon_core.package_identification:_identify(src) by extension 'ros'
[1.206s] Level 1:colcon.colcon_core.package_identification:_identify(src) by extensions ['cmake', 'python']
[1.206s] Level 1:colcon.colcon_core.package_identification:_identify(src) by extension 'cmake'
[1.206s] Level 1:colcon.colcon_core.package_identification:_identify(src) by extension 'python'
[1.206s] Level 1:colcon.colcon_core.package_identification:_identify(src) by extensions ['python_setup_py']
[1.206s] Level 1:colcon.colcon_core.package_identification:_identify(src) by extension 'python_setup_py'
[1.207s] Level 1:colcon.colcon_core.package_identification:_identify(src/my_package) by extensions ['ignore', 'ignore_ament_install']
[1.207s] Level 1:colcon.colcon_core.package_identification:_identify(src/my_package) by extension 'ignore'
[1.207s] Level 1:colcon.colcon_core.package_identification:_identify(src/my_package) by extension 'ignore_ament_install'
[1.208s] Level 1:colcon.colcon_core.package_identification:_identify(src/my_package) by extensions ['colcon_pkg']
[1.208s] Level 1:colcon.colcon_core.package_identification:_identify(src/my_package) by extension 'colcon_pkg'
[1.208s] Level 1:colcon.colcon_core.package_identification:_identify(src/my_package) by extensions ['colcon_meta']
[1.208s] Level 1:colcon.colcon_core.package_identification:_identify(src/my_package) by extension 'colcon_meta'
[1.209s] Level 1:colcon.colcon_core.package_identification:_identify(src/my_package) by extensions ['ros']
[1.209s] Level 1:colcon.colcon_core.package_identification:_identify(src/my_package) by extension 'ros'
[1.217s] DEBUG:colcon.colcon_core.package_identification:Package 'src/my_package' with type 'ros.ament_python' and name 'my_package'
[1.218s] Level 1:colcon.colcon_core.package_identification:_identify(src/velocity_controller) by extensions ['ignore', 'ignore_ament_install']
[1.218s] Level 1:colcon.colcon_core.package_identification:_identify(src/velocity_controller) by extension 'ignore'
[1.219s] Level 1:colcon.colcon_core.package_identification:_identify(src/velocity_controller) by extension 'ignore_ament_install'
[1.219s] Level 1:colcon.colcon_core.package_identification:_identify(src/velocity_controller) by extensions ['colcon_pkg']
[1.219s] Level 1:colcon.colcon_core.package_identification:_identify(src/velocity_controller) by extension 'colcon_pkg'
[1.219s] Level 1:colcon.colcon_core.package_identification:_identify(src/velocity_controller) by extensions ['colcon_meta']
[1.219s] Level 1:colcon.colcon_core.package_identification:_identify(src/velocity_controller) by extension 'colcon_meta'
[1.220s] Level 1:colcon.colcon_core.package_identification:_identify(src/velocity_controller) by extensions ['ros']
[1.220s] Level 1:colcon.colcon_core.package_identification:_identify(src/velocity_controller) by extension 'ros'
[1.222s] DEBUG:colcon.colcon_core.package_identification:Package 'src/velocity_controller' with type 'ros.ament_python' and name 'velocity_controller'
[1.222s] Level 1:colcon.colcon_core.package_discovery:discover_packages(recursive) using defaults
[1.222s] Level 1:colcon.colcon_core.package_discovery:discover_packages(ignore) discover
[1.223s] Level 1:colcon.colcon_core.package_discovery:discover_packages(ignore) using defaults
[1.223s] Level 1:colcon.colcon_core.package_discovery:discover_packages(path) discover
[1.223s] Level 1:colcon.colcon_core.package_discovery:discover_packages(path) using defaults
[1.302s] Level 1:colcon.colcon_core.package_discovery:discover_packages(prefix_path) check parameters
[1.302s] Level 1:colcon.colcon_core.package_discovery:discover_packages(prefix_path) discover
[1.310s] DEBUG:colcon.colcon_installed_package_information.package_discovery:Found 2 installed packages in /home/dora/robot_ws/install
[1.317s] DEBUG:colcon.colcon_installed_package_information.package_discovery:Found 183 installed packages in /opt/ros/humble
[1.325s] Level 1:colcon.colcon_core.package_discovery:discover_packages(prefix_path) using defaults
[1.434s] Level 5:colcon.colcon_core.verb:set package 'my_package' build argument 'cmake_args' from command line to 'None'
[1.435s] Level 5:colcon.colcon_core.verb:set package 'my_package' build argument 'cmake_target' from command line to 'None'
[1.435s] Level 5:colcon.colcon_core.verb:set package 'my_package' build argument 'cmake_target_skip_unavailable' from command line to 'False'
[1.435s] Level 5:colcon.colcon_core.verb:set package 'my_package' build argument 'cmake_clean_cache' from command line to 'False'
[1.435s] Level 5:colcon.colcon_core.verb:set package 'my_package' build argument 'cmake_clean_first' from command line to 'False'
[1.435s] Level 5:colcon.colcon_core.verb:set package 'my_package' build argument 'cmake_force_configure' from command line to 'False'
[1.435s] Level 5:colcon.colcon_core.verb:set package 'my_package' build argument 'ament_cmake_args' from command line to 'None'
[1.435s] Level 5:colcon.colcon_core.verb:set package 'my_package' build argument 'catkin_cmake_args' from command line to 'None'
[1.435s] Level 5:colcon.colcon_core.verb:set package 'my_package' build argument 'catkin_skip_building_tests' from command line to 'False'
[1.436s] DEBUG:colcon.colcon_core.verb:Building package 'my_package' with the following arguments: {'ament_cmake_args': None, 'build_base': '/home/dora/robot_ws/build/my_package', 'catkin_cmake_args': None, 'catkin_skip_building_tests': False, 'cmake_args': None, 'cmake_clean_cache': False, 'cmake_clean_first': False, 'cmake_force_configure': False, 'cmake_target': None, 'cmake_target_skip_unavailable': False, 'install_base': '/home/dora/robot_ws/install/my_package', 'merge_install': False, 'path': '/home/dora/robot_ws/src/my_package', 'symlink_install': True, 'test_result_base': None}
[1.437s] Level 5:colcon.colcon_core.verb:set package 'velocity_controller' build argument 'cmake_args' from command line to 'None'
[1.437s] Level 5:colcon.colcon_core.verb:set package 'velocity_controller' build argument 'cmake_target' from command line to 'None'
[1.437s] Level 5:colcon.colcon_core.verb:set package 'velocity_controller' build argument 'cmake_target_skip_unavailable' from command line to 'False'
[1.438s] Level 5:colcon.colcon_core.verb:set package 'velocity_controller' build argument 'cmake_clean_cache' from command line to 'False'
[1.438s] Level 5:colcon.colcon_core.verb:set package 'velocity_controller' build argument 'cmake_clean_first' from command line to 'False'
[1.438s] Level 5:colcon.colcon_core.verb:set package 'velocity_controller' build argument 'cmake_force_configure' from command line to 'False'
[1.438s] Level 5:colcon.colcon_core.verb:set package 'velocity_controller' build argument 'ament_cmake_args' from command line to 'None'
[1.438s] Level 5:colcon.colcon_core.verb:set package 'velocity_controller' build argument 'catkin_cmake_args' from command line to 'None'
[1.438s] Level 5:colcon.colcon_core.verb:set package 'velocity_controller' build argument 'catkin_skip_building_tests' from command line to 'False'
[1.438s] DEBUG:colcon.colcon_core.verb:Building package 'velocity_controller' with the following arguments: {'ament_cmake_args': None, 'build_base': '/home/dora/robot_ws/build/velocity_controller', 'catkin_cmake_args': None, 'catkin_skip_building_tests': False, 'cmake_args': None, 'cmake_clean_cache': False, 'cmake_clean_first': False, 'cmake_force_configure': False, 'cmake_target': None, 'cmake_target_skip_unavailable': False, 'install_base': '/home/dora/robot_ws/install/velocity_controller', 'merge_install': False, 'path': '/home/dora/robot_ws/src/velocity_controller', 'symlink_install': True, 'test_result_base': None}
[1.439s] INFO:colcon.colcon_core.executor:Executing jobs using 'parallel' executor
[1.442s] DEBUG:colcon.colcon_parallel_executor.executor.parallel:run_until_complete
[1.443s] INFO:colcon.colcon_ros.task.ament_python.build:Building ROS package in '/home/dora/robot_ws/src/my_package' with build type 'ament_python'
[1.444s] Level 1:colcon.colcon_core.shell:create_environment_hook('my_package', 'ament_prefix_path')
[1.455s] INFO:colcon.colcon_core.plugin_system:Skipping extension 'colcon_core.shell.bat': Not used on non-Windows systems
[1.456s] INFO:colcon.colcon_core.shell:Creating environment hook '/home/dora/robot_ws/install/my_package/share/my_package/hook/ament_prefix_path.ps1'
[1.462s] INFO:colcon.colcon_core.shell:Creating environment descriptor '/home/dora/robot_ws/install/my_package/share/my_package/hook/ament_prefix_path.dsv'
[1.464s] INFO:colcon.colcon_core.shell:Creating environment hook '/home/dora/robot_ws/install/my_package/share/my_package/hook/ament_prefix_path.sh'
[1.468s] INFO:colcon.colcon_core.shell:Skip shell extension 'powershell' for command environment: Not usable outside of PowerShell
[1.469s] DEBUG:colcon.colcon_core.shell:Skip shell extension 'dsv' for command environment
[1.483s] INFO:colcon.colcon_ros.task.ament_python.build:Building ROS package in '/home/dora/robot_ws/src/velocity_controller' with build type 'ament_python'
[1.484s] Level 1:colcon.colcon_core.shell:create_environment_hook('velocity_controller', 'ament_prefix_path')
[1.485s] INFO:colcon.colcon_core.shell:Creating environment hook '/home/dora/robot_ws/install/velocity_controller/share/velocity_controller/hook/ament_prefix_path.ps1'
[1.488s] INFO:colcon.colcon_core.shell:Creating environment descriptor '/home/dora/robot_ws/install/velocity_controller/share/velocity_controller/hook/ament_prefix_path.dsv'
[1.490s] INFO:colcon.colcon_core.shell:Creating environment hook '/home/dora/robot_ws/install/velocity_controller/share/velocity_controller/hook/ament_prefix_path.sh'
[1.494s] INFO:colcon.colcon_core.shell:Skip shell extension 'powershell' for command environment: Not usable outside of PowerShell
[1.494s] DEBUG:colcon.colcon_core.shell:Skip shell extension 'dsv' for command environment
[2.670s] INFO:colcon.colcon_core.task.python.build:Building Python package in '/home/dora/robot_ws/src/my_package'
[2.671s] INFO:colcon.colcon_core.shell:Skip shell extension 'powershell' for command environment: Not usable outside of PowerShell
[2.671s] DEBUG:colcon.colcon_core.shell:Skip shell extension 'dsv' for command environment
[3.892s] INFO:colcon.colcon_core.task.python.build:Building Python package in '/home/dora/robot_ws/src/velocity_controller'
[3.893s] INFO:colcon.colcon_core.shell:Skip shell extension 'powershell' for command environment: Not usable outside of PowerShell
[3.894s] DEBUG:colcon.colcon_core.shell:Skip shell extension 'dsv' for command environment
[5.860s] DEBUG:colcon.colcon_core.event_handler.log_command:Invoking command in '/home/dora/robot_ws/build/my_package': PYTHONPATH=/home/dora/robot_ws/build/my_package/prefix_override:/usr/lib/python3/dist-packages/colcon_core/task/python/colcon_distutils_commands:/home/dora/robot_ws/install/my_package/lib/python3.10/site-packages:${PYTHONPATH} /usr/bin/python3 -W ignore:setup.py install is deprecated setup.py develop --editable --build-directory /home/dora/robot_ws/build/my_package/build --no-deps symlink_data
[5.884s] DEBUG:colcon.colcon_core.event_handler.log_command:Invoking command in '/home/dora/robot_ws/build/velocity_controller': PYTHONPATH=/home/dora/robot_ws/build/velocity_controller/prefix_override:/usr/lib/python3/dist-packages/colcon_core/task/python/colcon_distutils_commands:/home/dora/robot_ws/install/velocity_controller/lib/python3.10/site-packages:${PYTHONPATH} /usr/bin/python3 -W ignore:setup.py install is deprecated setup.py develop --editable --build-directory /home/dora/robot_ws/build/velocity_controller/build --no-deps symlink_data
[8.230s] Level 1:colcon.colcon_core.shell:create_environment_hook('my_package', 'pythonpath_develop')
[8.231s] INFO:colcon.colcon_core.shell:Creating environment hook '/home/dora/robot_ws/build/my_package/share/my_package/hook/pythonpath_develop.ps1'
[8.236s] INFO:colcon.colcon_core.shell:Creating environment descriptor '/home/dora/robot_ws/build/my_package/share/my_package/hook/pythonpath_develop.dsv'
[8.237s] DEBUG:colcon.colcon_core.event_handler.log_command:Invoked command in '/home/dora/robot_ws/build/my_package' returned '0': PYTHONPATH=/home/dora/robot_ws/build/my_package/prefix_override:/usr/lib/python3/dist-packages/colcon_core/task/python/colcon_distutils_commands:/home/dora/robot_ws/install/my_package/lib/python3.10/site-packages:${PYTHONPATH} /usr/bin/python3 -W ignore:setup.py install is deprecated setup.py develop --editable --build-directory /home/dora/robot_ws/build/my_package/build --no-deps symlink_data
[8.241s] INFO:colcon.colcon_core.shell:Creating environment hook '/home/dora/robot_ws/build/my_package/share/my_package/hook/pythonpath_develop.sh'
[8.263s] Level 1:colcon.colcon_core.environment:checking '/home/dora/robot_ws/install/my_package' for CMake module files
[8.266s] Level 1:colcon.colcon_core.environment:checking '/home/dora/robot_ws/install/my_package' for CMake config files
[8.270s] Level 1:colcon.colcon_core.environment:checking '/home/dora/robot_ws/install/my_package/lib'
[8.271s] Level 1:colcon.colcon_core.environment:checking '/home/dora/robot_ws/install/my_package/bin'
[8.272s] Level 1:colcon.colcon_core.environment:checking '/home/dora/robot_ws/install/my_package/lib/pkgconfig/my_package.pc'
[8.273s] Level 1:colcon.colcon_core.environment:checking '/home/dora/robot_ws/install/my_package/lib/python3.10/site-packages'
[8.273s] Level 1:colcon.colcon_core.shell:create_environment_hook('my_package', 'pythonpath')
[8.274s] INFO:colcon.colcon_core.shell:Creating environment hook '/home/dora/robot_ws/install/my_package/share/my_package/hook/pythonpath.ps1'
[8.276s] INFO:colcon.colcon_core.shell:Creating environment descriptor '/home/dora/robot_ws/install/my_package/share/my_package/hook/pythonpath.dsv'
[8.278s] INFO:colcon.colcon_core.shell:Creating environment hook '/home/dora/robot_ws/install/my_package/share/my_package/hook/pythonpath.sh'
[8.280s] Level 1:colcon.colcon_core.environment:checking '/home/dora/robot_ws/install/my_package/bin'
[8.281s] Level 1:colcon.colcon_core.environment:create_environment_scripts_only(my_package)
[8.283s] INFO:colcon.colcon_core.shell:Creating package script '/home/dora/robot_ws/install/my_package/share/my_package/package.ps1'
[8.286s] INFO:colcon.colcon_core.shell:Creating package descriptor '/home/dora/robot_ws/install/my_package/share/my_package/package.dsv'
[8.289s] INFO:colcon.colcon_core.shell:Creating package script '/home/dora/robot_ws/install/my_package/share/my_package/package.sh'
[8.293s] INFO:colcon.colcon_core.shell:Creating package script '/home/dora/robot_ws/install/my_package/share/my_package/package.bash'
[8.296s] INFO:colcon.colcon_core.shell:Creating package script '/home/dora/robot_ws/install/my_package/share/my_package/package.zsh'
[8.299s] Level 1:colcon.colcon_core.environment:create_file_with_runtime_dependencies(/home/dora/robot_ws/install/my_package/share/colcon-core/packages/my_package)
[8.303s] Level 1:colcon.colcon_core.shell:create_environment_hook('velocity_controller', 'pythonpath_develop')
[8.304s] INFO:colcon.colcon_core.shell:Creating environment hook '/home/dora/robot_ws/build/velocity_controller/share/velocity_controller/hook/pythonpath_develop.ps1'
[8.306s] DEBUG:colcon.colcon_core.event_handler.log_command:Invoked command in '/home/dora/robot_ws/build/velocity_controller' returned '0': PYTHONPATH=/home/dora/robot_ws/build/velocity_controller/prefix_override:/usr/lib/python3/dist-packages/colcon_core/task/python/colcon_distutils_commands:/home/dora/robot_ws/install/velocity_controller/lib/python3.10/site-packages:${PYTHONPATH} /usr/bin/python3 -W ignore:setup.py install is deprecated setup.py develop --editable --build-directory /home/dora/robot_ws/build/velocity_controller/build --no-deps symlink_data
[8.309s] INFO:colcon.colcon_core.shell:Creating environment descriptor '/home/dora/robot_ws/build/velocity_controller/share/velocity_controller/hook/pythonpath_develop.dsv'
[8.311s] INFO:colcon.colcon_core.shell:Creating environment hook '/home/dora/robot_ws/build/velocity_controller/share/velocity_controller/hook/pythonpath_develop.sh'
[8.314s] Level 1:colcon.colcon_core.environment:checking '/home/dora/robot_ws/install/velocity_controller' for CMake module files
[8.318s] Level 1:colcon.colcon_core.environment:checking '/home/dora/robot_ws/install/velocity_controller' for CMake config files
[8.322s] Level 1:colcon.colcon_core.environment:checking '/home/dora/robot_ws/install/velocity_controller/lib'
[8.323s] Level 1:colcon.colcon_core.environment:checking '/home/dora/robot_ws/install/velocity_controller/bin'
[8.323s] Level 1:colcon.colcon_core.environment:checking '/home/dora/robot_ws/install/velocity_controller/lib/pkgconfig/velocity_controller.pc'
[8.324s] Level 1:colcon.colcon_core.environment:checking '/home/dora/robot_ws/install/velocity_controller/lib/python3.10/site-packages'
[8.325s] Level 1:colcon.colcon_core.shell:create_environment_hook('velocity_controller', 'pythonpath')
[8.326s] INFO:colcon.colcon_core.shell:Creating environment hook '/home/dora/robot_ws/install/velocity_controller/share/velocity_controller/hook/pythonpath.ps1'
[8.327s] INFO:colcon.colcon_core.shell:Creating environment descriptor '/home/dora/robot_ws/install/velocity_controller/share/velocity_controller/hook/pythonpath.dsv'
[8.329s] INFO:colcon.colcon_core.shell:Creating environment hook '/home/dora/robot_ws/install/velocity_controller/share/velocity_controller/hook/pythonpath.sh'
[8.332s] Level 1:colcon.colcon_core.environment:checking '/home/dora/robot_ws/install/velocity_controller/bin'
[8.332s] Level 1:colcon.colcon_core.environment:create_environment_scripts_only(velocity_controller)
[8.333s] INFO:colcon.colcon_core.shell:Creating package script '/home/dora/robot_ws/install/velocity_controller/share/velocity_controller/package.ps1'
[8.336s] INFO:colcon.colcon_core.shell:Creating package descriptor '/home/dora/robot_ws/install/velocity_controller/share/velocity_controller/package.dsv'
[8.338s] INFO:colcon.colcon_core.shell:Creating package script '/home/dora/robot_ws/install/velocity_controller/share/velocity_controller/package.sh'
[8.340s] INFO:colcon.colcon_core.shell:Creating package script '/home/dora/robot_ws/install/velocity_controller/share/velocity_controller/package.bash'
[8.342s] INFO:colcon.colcon_core.shell:Creating package script '/home/dora/robot_ws/install/velocity_controller/share/velocity_controller/package.zsh'
[8.344s] Level 1:colcon.colcon_core.environment:create_file_with_runtime_dependencies(/home/dora/robot_ws/install/velocity_controller/share/colcon-core/packages/velocity_controller)
[8.345s] DEBUG:colcon.colcon_parallel_executor.executor.parallel:closing loop
[8.346s] DEBUG:colcon.colcon_parallel_executor.executor.parallel:loop closed
[8.346s] DEBUG:colcon.colcon_parallel_executor.executor.parallel:run_until_complete finished with '0'
[8.347s] DEBUG:colcon.colcon_core.event_reactor:joining thread
[8.373s] INFO:colcon.colcon_core.plugin_system:Skipping extension 'colcon_notification.desktop_notification.terminal_notifier': Not used on non-Darwin systems
[8.374s] INFO:colcon.colcon_core.plugin_system:Skipping extension 'colcon_notification.desktop_notification.win32': Not used on non-Windows systems
[8.374s] INFO:colcon.colcon_notification.desktop_notification:Sending desktop notification using 'notify2'
[8.394s] DEBUG:colcon.colcon_core.event_reactor:joined thread
[8.395s] INFO:colcon.colcon_core.shell:Creating prefix script '/home/dora/robot_ws/install/local_setup.ps1'
[8.400s] INFO:colcon.colcon_core.shell:Creating prefix util module '/home/dora/robot_ws/install/_local_setup_util_ps1.py'
[8.406s] INFO:colcon.colcon_core.shell:Creating prefix chain script '/home/dora/robot_ws/install/setup.ps1'
[8.412s] INFO:colcon.colcon_core.shell:Creating prefix script '/home/dora/robot_ws/install/local_setup.sh'
[8.416s] INFO:colcon.colcon_core.shell:Creating prefix util module '/home/dora/robot_ws/install/_local_setup_util_sh.py'
[8.419s] INFO:colcon.colcon_core.shell:Creating prefix chain script '/home/dora/robot_ws/install/setup.sh'
[8.425s] INFO:colcon.colcon_core.shell:Creating prefix script '/home/dora/robot_ws/install/local_setup.bash'
[8.429s] INFO:colcon.colcon_core.shell:Creating prefix chain script '/home/dora/robot_ws/install/setup.bash'
[8.435s] INFO:colcon.colcon_core.shell:Creating prefix script '/home/dora/robot_ws/install/local_setup.zsh'
[8.438s] INFO:colcon.colcon_core.shell:Creating prefix chain script '/home/dora/robot_ws/install/setup.zsh'
