[2.980s] Invoking command in '/home/dora/dora_ros2_ws/robot_ws/src/mecanum_controller': PYTHONPATH=/home/dora/dora_ros2_ws/robot_ws/build/mecanum_controller/prefix_override:/usr/lib/python3/dist-packages/colcon_core/task/python/colcon_distutils_commands:/home/dora/dora_ros2_ws/robot_ws/install/mecanum_controller/lib/python3.10/site-packages:${PYTHONPATH} /usr/bin/python3 -W ignore:setup.py install is deprecated setup.py egg_info --egg-base ../../build/mecanum_controller build --build-base /home/dora/dora_ros2_ws/robot_ws/build/mecanum_controller/build install --record /home/dora/dora_ros2_ws/robot_ws/build/mecanum_controller/install.log --single-version-externally-managed install_data
[4.120s] running egg_info
[4.122s] writing ../../build/mecanum_controller/mecanum_controller.egg-info/PKG-INFO
[4.123s] writing dependency_links to ../../build/mecanum_controller/mecanum_controller.egg-info/dependency_links.txt
[4.124s] writing entry points to ../../build/mecanum_controller/mecanum_controller.egg-info/entry_points.txt
[4.125s] writing requirements to ../../build/mecanum_controller/mecanum_controller.egg-info/requires.txt
[4.126s] writing top-level names to ../../build/mecanum_controller/mecanum_controller.egg-info/top_level.txt
[4.134s] reading manifest file '../../build/mecanum_controller/mecanum_controller.egg-info/SOURCES.txt'
[4.138s] writing manifest file '../../build/mecanum_controller/mecanum_controller.egg-info/SOURCES.txt'
[4.139s] running build
[4.139s] running build_py
[4.141s] running install
[4.142s] running install_lib
[4.148s] running install_data
[4.149s] running install_egg_info
[4.157s] removing '/home/dora/dora_ros2_ws/robot_ws/install/mecanum_controller/lib/python3.10/site-packages/mecanum_controller-0.0.0-py3.10.egg-info' (and everything under it)
[4.159s] Copying ../../build/mecanum_controller/mecanum_controller.egg-info to /home/dora/dora_ros2_ws/robot_ws/install/mecanum_controller/lib/python3.10/site-packages/mecanum_controller-0.0.0-py3.10.egg-info
[4.164s] running install_scripts
[4.243s] writing list of installed files to '/home/dora/dora_ros2_ws/robot_ws/build/mecanum_controller/install.log'
[4.369s] Invoked command in '/home/dora/dora_ros2_ws/robot_ws/src/mecanum_controller' returned '0': PYTHONPATH=/home/dora/dora_ros2_ws/robot_ws/build/mecanum_controller/prefix_override:/usr/lib/python3/dist-packages/colcon_core/task/python/colcon_distutils_commands:/home/dora/dora_ros2_ws/robot_ws/install/mecanum_controller/lib/python3.10/site-packages:${PYTHONPATH} /usr/bin/python3 -W ignore:setup.py install is deprecated setup.py egg_info --egg-base ../../build/mecanum_controller build --build-base /home/dora/dora_ros2_ws/robot_ws/build/mecanum_controller/build install --record /home/dora/dora_ros2_ws/robot_ws/build/mecanum_controller/install.log --single-version-externally-managed install_data
