running develop
running egg_info
creating wheel_controller.egg-info
writing wheel_controller.egg-info/PKG-INFO
writing dependency_links to wheel_controller.egg-info/dependency_links.txt
writing entry points to wheel_controller.egg-info/entry_points.txt
writing requirements to wheel_controller.egg-info/requires.txt
writing top-level names to wheel_controller.egg-info/top_level.txt
writing manifest file 'wheel_controller.egg-info/SOURCES.txt'
reading manifest file 'wheel_controller.egg-info/SOURCES.txt'
writing manifest file 'wheel_controller.egg-info/SOURCES.txt'
running build_ext
Creating /home/dora/robot_ws/install/wheel_controller/lib/python3.10/site-packages/wheel-controller.egg-link (link to .)
Installing wheel_controller script to /home/dora/robot_ws/install/wheel_controller/lib/wheel_controller

Installed /home/dora/robot_ws/build/wheel_controller
running symlink_data
creating /home/dora/robot_ws/install/wheel_controller/share/ament_index
creating /home/dora/robot_ws/install/wheel_controller/share/ament_index/resource_index
creating /home/dora/robot_ws/install/wheel_controller/share/ament_index/resource_index/packages
symbolically linking /home/dora/robot_ws/build/wheel_controller/resource/wheel_controller -> /home/dora/robot_ws/install/wheel_controller/share/ament_index/resource_index/packages
symbolically linking /home/dora/robot_ws/build/wheel_controller/package.xml -> /home/dora/robot_ws/install/wheel_controller/share/wheel_controller
