[2.875s] Invoking command in '/home/dora/robot_ws/build/wheel_controller': PYTHONPATH=/home/dora/robot_ws/build/wheel_controller/prefix_override:/usr/lib/python3/dist-packages/colcon_core/task/python/colcon_distutils_commands:/home/dora/robot_ws/install/wheel_controller/lib/python3.10/site-packages:${PYTHONPATH} /usr/bin/python3 -W ignore:setup.py install is deprecated setup.py develop --editable --build-directory /home/dora/robot_ws/build/wheel_controller/build --no-deps symlink_data
[4.035s] running develop
[4.675s] running egg_info
[4.675s] creating wheel_controller.egg-info
[4.676s] writing wheel_controller.egg-info/PKG-INFO
[4.677s] writing dependency_links to wheel_controller.egg-info/dependency_links.txt
[4.677s] writing entry points to wheel_controller.egg-info/entry_points.txt
[4.678s] writing requirements to wheel_controller.egg-info/requires.txt
[4.678s] writing top-level names to wheel_controller.egg-info/top_level.txt
[4.679s] writing manifest file 'wheel_controller.egg-info/SOURCES.txt'
[4.686s] reading manifest file 'wheel_controller.egg-info/SOURCES.txt'
[4.688s] writing manifest file 'wheel_controller.egg-info/SOURCES.txt'
[4.695s] running build_ext
[4.695s] Creating /home/dora/robot_ws/install/wheel_controller/lib/python3.10/site-packages/wheel-controller.egg-link (link to .)
[4.699s] Installing wheel_controller script to /home/dora/robot_ws/install/wheel_controller/lib/wheel_controller
[4.700s] 
[4.701s] Installed /home/dora/robot_ws/build/wheel_controller
[4.702s] running symlink_data
[4.702s] creating /home/dora/robot_ws/install/wheel_controller/share/ament_index
[4.703s] creating /home/dora/robot_ws/install/wheel_controller/share/ament_index/resource_index
[4.704s] creating /home/dora/robot_ws/install/wheel_controller/share/ament_index/resource_index/packages
[4.705s] symbolically linking /home/dora/robot_ws/build/wheel_controller/resource/wheel_controller -> /home/dora/robot_ws/install/wheel_controller/share/ament_index/resource_index/packages
[4.706s] symbolically linking /home/dora/robot_ws/build/wheel_controller/package.xml -> /home/dora/robot_ws/install/wheel_controller/share/wheel_controller
[4.847s] Invoked command in '/home/dora/robot_ws/build/wheel_controller' returned '0': PYTHONPATH=/home/dora/robot_ws/build/wheel_controller/prefix_override:/usr/lib/python3/dist-packages/colcon_core/task/python/colcon_distutils_commands:/home/dora/robot_ws/install/wheel_controller/lib/python3.10/site-packages:${PYTHONPATH} /usr/bin/python3 -W ignore:setup.py install is deprecated setup.py develop --editable --build-directory /home/dora/robot_ws/build/wheel_controller/build --no-deps symlink_data
