[2.498s] Invoking command in '/home/dora/robot_ws/build/rplidar_ros': /usr/bin/cmake /home/dora/robot_ws/src/rplidar_ros -DCATKIN_INSTALL_INTO_PREFIX_ROOT=0 -DCMAKE_INSTALL_PREFIX=/home/dora/robot_ws/install/rplidar_ros
[2.727s] [0mCMake Deprecation Warning at CMakeLists.txt:1 (cmake_minimum_required):
[2.728s]   Compatibility with CMake < 2.8.12 will be removed from a future version of
[2.728s]   CMake.
[2.729s] 
[2.729s]   Update the VERSION argument <min> value or use a ...<max> suffix to tell
[2.729s]   CMake that the project does not need compatibility with older versions.
[2.730s] 
[2.730s] [0m
[3.544s] -- The C compiler identification is GNU 11.4.0
[4.393s] -- The CXX compiler identification is GNU 11.4.0
[4.465s] -- Detecting C compiler ABI info
[5.029s] -- Detecting C compiler ABI info - done
[5.067s] -- Check for working C compiler: /usr/bin/cc - skipped
[5.073s] -- Detecting C compile features
[5.078s] -- Detecting C compile features - done
[5.108s] -- Detecting CXX compiler ABI info
[5.648s] -- Detecting CXX compiler ABI info - done
[5.693s] -- Check for working CXX compiler: /usr/bin/c++ - skipped
[5.697s] -- Detecting CXX compile features
[5.704s] -- Detecting CXX compile features - done
[5.866s] [31mCMake Error at CMakeLists.txt:16 (find_package):
[5.866s]   By not providing "Findcatkin.cmake" in CMAKE_MODULE_PATH this project has
[5.867s]   asked CMake to find a package configuration file provided by "catkin", but
[5.867s]   CMake did not find one.
[5.868s] 
[5.869s]   Could not find a package configuration file provided by "catkin" with any
[5.869s]   of the following names:
[5.870s] 
[5.870s]     catkinConfig.cmake
[5.871s]     catkin-config.cmake
[5.871s] 
[5.872s]   Add the installation prefix of "catkin" to CMAKE_PREFIX_PATH or set
[5.881s]   "catkin_DIR" to a directory containing one of the above files.  If "catkin"
[5.882s]   provides a separate development package or SDK, be sure it has been
[5.882s]   installed.
[5.883s] 
[5.883s] [0m
[5.897s] -- Configuring incomplete, errors occurred!
[5.897s] See also "/home/dora/robot_ws/build/rplidar_ros/CMakeFiles/CMakeOutput.log".
[5.914s] Invoked command in '/home/dora/robot_ws/build/rplidar_ros' returned '1': /usr/bin/cmake /home/dora/robot_ws/src/rplidar_ros -DCATKIN_INSTALL_INTO_PREFIX_ROOT=0 -DCMAKE_INSTALL_PREFIX=/home/dora/robot_ws/install/rplidar_ros
