[6.873s] Invoking command in '/home/dora/robot_ws/src/my_package': PYTHONPATH=/home/dora/robot_ws/build/my_package/prefix_override:/usr/lib/python3/dist-packages/colcon_core/task/python/colcon_distutils_commands:/home/dora/robot_ws/install/my_package/lib/python3.10/site-packages:${PYTHONPATH} /usr/bin/python3 -W ignore:setup.py install is deprecated setup.py egg_info --egg-base ../../build/my_package build --build-base /home/dora/robot_ws/build/my_package/build install --record /home/dora/robot_ws/build/my_package/install.log --single-version-externally-managed install_data
[8.668s] running egg_info
[8.675s] writing ../../build/my_package/my_package.egg-info/PKG-INFO
[8.679s] writing dependency_links to ../../build/my_package/my_package.egg-info/dependency_links.txt
[8.684s] writing entry points to ../../build/my_package/my_package.egg-info/entry_points.txt
[8.706s] writing requirements to ../../build/my_package/my_package.egg-info/requires.txt
[8.713s] writing top-level names to ../../build/my_package/my_package.egg-info/top_level.txt
[8.736s] reading manifest file '../../build/my_package/my_package.egg-info/SOURCES.txt'
[8.747s] writing manifest file '../../build/my_package/my_package.egg-info/SOURCES.txt'
[8.754s] running build
[8.756s] running build_py
[8.761s] running install
[8.765s] running install_lib
[8.777s] running install_data
[8.783s] running install_egg_info
[8.807s] removing '/home/dora/robot_ws/install/my_package/lib/python3.10/site-packages/my_package-0.0.0-py3.10.egg-info' (and everything under it)
[8.827s] Copying ../../build/my_package/my_package.egg-info to /home/dora/robot_ws/install/my_package/lib/python3.10/site-packages/my_package-0.0.0-py3.10.egg-info
[8.888s] running install_scripts
[9.073s] Installing python_executable_name script to /home/dora/robot_ws/install/my_package/lib/my_package
[9.074s] writing list of installed files to '/home/dora/robot_ws/build/my_package/install.log'
[11.117s] Invoked command in '/home/dora/robot_ws/src/my_package' returned '0': PYTHONPATH=/home/dora/robot_ws/build/my_package/prefix_override:/usr/lib/python3/dist-packages/colcon_core/task/python/colcon_distutils_commands:/home/dora/robot_ws/install/my_package/lib/python3.10/site-packages:${PYTHONPATH} /usr/bin/python3 -W ignore:setup.py install is deprecated setup.py egg_info --egg-base ../../build/my_package build --build-base /home/dora/robot_ws/build/my_package/build install --record /home/dora/robot_ws/build/my_package/install.log --single-version-externally-managed install_data
