[7.685s] Invoking command in '/home/dora/dora_ros2_ws/robot_ws/src/serial_coms': PYTHONPATH=/home/dora/dora_ros2_ws/robot_ws/build/serial_coms/prefix_override:/usr/lib/python3/dist-packages/colcon_core/task/python/colcon_distutils_commands:/home/dora/dora_ros2_ws/robot_ws/install/serial_coms/lib/python3.10/site-packages:${PYTHONPATH} /usr/bin/python3 -W ignore:setup.py install is deprecated setup.py egg_info --egg-base ../../build/serial_coms build --build-base /home/dora/dora_ros2_ws/robot_ws/build/serial_coms/build install --record /home/dora/dora_ros2_ws/robot_ws/build/serial_coms/install.log --single-version-externally-managed install_data
[9.776s] running egg_info
[9.780s] writing ../../build/serial_coms/serial_coms.egg-info/PKG-INFO
[9.783s] writing dependency_links to ../../build/serial_coms/serial_coms.egg-info/dependency_links.txt
[9.793s] writing entry points to ../../build/serial_coms/serial_coms.egg-info/entry_points.txt
[9.795s] writing requirements to ../../build/serial_coms/serial_coms.egg-info/requires.txt
[9.796s] writing top-level names to ../../build/serial_coms/serial_coms.egg-info/top_level.txt
[9.807s] reading manifest file '../../build/serial_coms/serial_coms.egg-info/SOURCES.txt'
[9.809s] adding license file 'LICENSE'
[9.814s] writing manifest file '../../build/serial_coms/serial_coms.egg-info/SOURCES.txt'
[9.822s] running build
[9.834s] running build_py
[9.840s] running install
[9.849s] running install_lib
[9.850s] running install_data
[9.851s] running install_egg_info
[9.861s] removing '/home/dora/dora_ros2_ws/robot_ws/install/serial_coms/lib/python3.10/site-packages/serial_coms-0.0.0-py3.10.egg-info' (and everything under it)
[9.873s] Copying ../../build/serial_coms/serial_coms.egg-info to /home/dora/dora_ros2_ws/robot_ws/install/serial_coms/lib/python3.10/site-packages/serial_coms-0.0.0-py3.10.egg-info
[9.875s] running install_scripts
[10.036s] writing list of installed files to '/home/dora/dora_ros2_ws/robot_ws/build/serial_coms/install.log'
[10.328s] Invoked command in '/home/dora/dora_ros2_ws/robot_ws/src/serial_coms' returned '0': PYTHONPATH=/home/dora/dora_ros2_ws/robot_ws/build/serial_coms/prefix_override:/usr/lib/python3/dist-packages/colcon_core/task/python/colcon_distutils_commands:/home/dora/dora_ros2_ws/robot_ws/install/serial_coms/lib/python3.10/site-packages:${PYTHONPATH} /usr/bin/python3 -W ignore:setup.py install is deprecated setup.py egg_info --egg-base ../../build/serial_coms build --build-base /home/dora/dora_ros2_ws/robot_ws/build/serial_coms/build install --record /home/dora/dora_ros2_ws/robot_ws/build/serial_coms/install.log --single-version-externally-managed install_data
