[3.406s] Invoking command in '/home/dora/robot_ws/src/wheel_controller': PYTHONPATH=/home/dora/robot_ws/build/wheel_controller/prefix_override:/usr/lib/python3/dist-packages/colcon_core/task/python/colcon_distutils_commands:/home/dora/robot_ws/install/wheel_controller/lib/python3.10/site-packages:${PYTHONPATH} /usr/bin/python3 -W ignore:setup.py install is deprecated setup.py egg_info --egg-base ../../build/wheel_controller build --build-base /home/dora/robot_ws/build/wheel_controller/build install --record /home/dora/robot_ws/build/wheel_controller/install.log --single-version-externally-managed install_data
[4.542s] running egg_info
[4.544s] writing ../../build/wheel_controller/wheel_controller.egg-info/PKG-INFO
[4.546s] writing dependency_links to ../../build/wheel_controller/wheel_controller.egg-info/dependency_links.txt
[4.547s] writing entry points to ../../build/wheel_controller/wheel_controller.egg-info/entry_points.txt
[4.548s] writing requirements to ../../build/wheel_controller/wheel_controller.egg-info/requires.txt
[4.549s] writing top-level names to ../../build/wheel_controller/wheel_controller.egg-info/top_level.txt
[4.558s] reading manifest file '../../build/wheel_controller/wheel_controller.egg-info/SOURCES.txt'
[4.563s] writing manifest file '../../build/wheel_controller/wheel_controller.egg-info/SOURCES.txt'
[4.564s] running build
[4.564s] running build_py
[4.565s] running install
[4.567s] running install_lib
[4.572s] running install_data
[4.573s] running install_egg_info
[4.581s] removing '/home/dora/robot_ws/install/wheel_controller/lib/python3.10/site-packages/wheel_controller-0.0.0-py3.10.egg-info' (and everything under it)
[4.583s] Copying ../../build/wheel_controller/wheel_controller.egg-info to /home/dora/robot_ws/install/wheel_controller/lib/python3.10/site-packages/wheel_controller-0.0.0-py3.10.egg-info
[4.590s] running install_scripts
[4.668s] Installing wheel_controller script to /home/dora/robot_ws/install/wheel_controller/lib/wheel_controller
[4.669s] writing list of installed files to '/home/dora/robot_ws/build/wheel_controller/install.log'
[4.793s] Invoked command in '/home/dora/robot_ws/src/wheel_controller' returned '0': PYTHONPATH=/home/dora/robot_ws/build/wheel_controller/prefix_override:/usr/lib/python3/dist-packages/colcon_core/task/python/colcon_distutils_commands:/home/dora/robot_ws/install/wheel_controller/lib/python3.10/site-packages:${PYTHONPATH} /usr/bin/python3 -W ignore:setup.py install is deprecated setup.py egg_info --egg-base ../../build/wheel_controller build --build-base /home/dora/robot_ws/build/wheel_controller/build install --record /home/dora/robot_ws/build/wheel_controller/install.log --single-version-externally-managed install_data
