[2.785s] Invoking command in '/home/dora/robot_ws/src/encoder_odometry': PYTHONPATH=/home/dora/robot_ws/src/build/encoder_odometry/prefix_override:/usr/lib/python3/dist-packages/colcon_core/task/python/colcon_distutils_commands:/home/dora/robot_ws/src/install/encoder_odometry/lib/python3.10/site-packages:${PYTHONPATH} /usr/bin/python3 -W ignore:setup.py install is deprecated setup.py egg_info --egg-base ../build/encoder_odometry build --build-base /home/dora/robot_ws/src/build/encoder_odometry/build install --record /home/dora/robot_ws/src/build/encoder_odometry/install.log --single-version-externally-managed install_data
[3.847s] running egg_info
[3.849s] writing ../build/encoder_odometry/encoder_odometry.egg-info/PKG-INFO
[3.851s] writing dependency_links to ../build/encoder_odometry/encoder_odometry.egg-info/dependency_links.txt
[3.855s] writing entry points to ../build/encoder_odometry/encoder_odometry.egg-info/entry_points.txt
[3.856s] writing requirements to ../build/encoder_odometry/encoder_odometry.egg-info/requires.txt
[3.856s] writing top-level names to ../build/encoder_odometry/encoder_odometry.egg-info/top_level.txt
[3.864s] reading manifest file '../build/encoder_odometry/encoder_odometry.egg-info/SOURCES.txt'
[3.869s] writing manifest file '../build/encoder_odometry/encoder_odometry.egg-info/SOURCES.txt'
[3.869s] running build
[3.870s] running build_py
[3.871s] running install
[3.872s] running install_lib
[3.878s] running install_data
[3.879s] running install_egg_info
[3.887s] removing '/home/dora/robot_ws/src/install/encoder_odometry/lib/python3.10/site-packages/encoder_odometry-0.0.0-py3.10.egg-info' (and everything under it)
[3.889s] Copying ../build/encoder_odometry/encoder_odometry.egg-info to /home/dora/robot_ws/src/install/encoder_odometry/lib/python3.10/site-packages/encoder_odometry-0.0.0-py3.10.egg-info
[3.895s] running install_scripts
[3.969s] Installing encoder_to_odom script to /home/dora/robot_ws/src/install/encoder_odometry/lib/encoder_odometry
[3.974s] writing list of installed files to '/home/dora/robot_ws/src/build/encoder_odometry/install.log'
[4.094s] Invoked command in '/home/dora/robot_ws/src/encoder_odometry' returned '0': PYTHONPATH=/home/dora/robot_ws/src/build/encoder_odometry/prefix_override:/usr/lib/python3/dist-packages/colcon_core/task/python/colcon_distutils_commands:/home/dora/robot_ws/src/install/encoder_odometry/lib/python3.10/site-packages:${PYTHONPATH} /usr/bin/python3 -W ignore:setup.py install is deprecated setup.py egg_info --egg-base ../build/encoder_odometry build --build-base /home/dora/robot_ws/src/build/encoder_odometry/build install --record /home/dora/robot_ws/src/build/encoder_odometry/install.log --single-version-externally-managed install_data
