[0.598s] DEBUG:colcon:Command line arguments: ['/usr/bin/colcon', 'build', '--packages-select', 'wheel_controller']
[0.598s] DEBUG:colcon:Parsed command line arguments: Namespace(log_base=None, log_level=None, verb_name='build', build_base='build', install_base='install', merge_install=False, symlink_install=False, test_result_base=None, continue_on_error=False, executor='parallel', parallel_workers=4, event_handlers=None, ignore_user_meta=False, metas=['./colcon.meta'], base_paths=['.'], packages_ignore=None, packages_ignore_regex=None, paths=None, packages_up_to=None, packages_up_to_regex=None, packages_above=None, packages_above_and_dependencies=None, packages_above_depth=None, packages_select_by_dep=None, packages_skip_by_dep=None, packages_skip_up_to=None, packages_select_build_failed=False, packages_skip_build_finished=False, packages_select_test_failures=False, packages_skip_test_passed=False, packages_select=['wheel_controller'], packages_skip=None, packages_select_regex=None, packages_skip_regex=None, packages_start=None, packages_end=None, allow_overriding=[], cmake_args=None, cmake_target=None, cmake_target_skip_unavailable=False, cmake_clean_cache=False, cmake_clean_first=False, cmake_force_configure=False, ament_cmake_args=None, catkin_cmake_args=None, catkin_skip_building_tests=False, verb_parser=<colcon_defaults.argument_parser.defaults.DefaultArgumentsDecorator object at 0xffffb932f2b0>, verb_extension=<colcon_core.verb.build.BuildVerb object at 0xffffb94c3ee0>, main=<bound method BuildVerb.main of <colcon_core.verb.build.BuildVerb object at 0xffffb94c3ee0>>)
[1.608s] Level 1:colcon.colcon_core.package_discovery:discover_packages(colcon_meta) check parameters
[1.608s] Level 1:colcon.colcon_core.package_discovery:discover_packages(recursive) check parameters
[1.609s] Level 1:colcon.colcon_core.package_discovery:discover_packages(ignore) check parameters
[1.609s] Level 1:colcon.colcon_core.package_discovery:discover_packages(path) check parameters
[1.609s] Level 1:colcon.colcon_core.package_discovery:discover_packages(colcon_meta) discover
[1.609s] Level 1:colcon.colcon_core.package_discovery:discover_packages(recursive) discover
[1.609s] INFO:colcon.colcon_core.package_discovery:Crawling recursively for packages in '/home/dora/robot_ws/src'
[1.610s] Level 1:colcon.colcon_core.package_identification:_identify(.) by extensions ['ignore', 'ignore_ament_install']
[1.611s] Level 1:colcon.colcon_core.package_identification:_identify(.) by extension 'ignore'
[1.611s] Level 1:colcon.colcon_core.package_identification:_identify(.) by extension 'ignore_ament_install'
[1.611s] Level 1:colcon.colcon_core.package_identification:_identify(.) by extensions ['colcon_pkg']
[1.611s] Level 1:colcon.colcon_core.package_identification:_identify(.) by extension 'colcon_pkg'
[1.612s] Level 1:colcon.colcon_core.package_identification:_identify(.) by extensions ['colcon_meta']
[1.612s] Level 1:colcon.colcon_core.package_identification:_identify(.) by extension 'colcon_meta'
[1.612s] Level 1:colcon.colcon_core.package_identification:_identify(.) by extensions ['ros']
[1.612s] Level 1:colcon.colcon_core.package_identification:_identify(.) by extension 'ros'
[1.685s] Level 1:colcon.colcon_core.package_identification:_identify(.) by extensions ['cmake', 'python']
[1.686s] Level 1:colcon.colcon_core.package_identification:_identify(.) by extension 'cmake'
[1.686s] Level 1:colcon.colcon_core.package_identification:_identify(.) by extension 'python'
[1.686s] Level 1:colcon.colcon_core.package_identification:_identify(.) by extensions ['python_setup_py']
[1.687s] Level 1:colcon.colcon_core.package_identification:_identify(.) by extension 'python_setup_py'
[1.687s] Level 1:colcon.colcon_core.package_identification:_identify(build) by extensions ['ignore', 'ignore_ament_install']
[1.688s] Level 1:colcon.colcon_core.package_identification:_identify(build) by extension 'ignore'
[1.688s] Level 1:colcon.colcon_core.package_identification:_identify(build) ignored
[1.689s] Level 1:colcon.colcon_core.package_identification:_identify(encoder_odometry) by extensions ['ignore', 'ignore_ament_install']
[1.689s] Level 1:colcon.colcon_core.package_identification:_identify(encoder_odometry) by extension 'ignore'
[1.690s] Level 1:colcon.colcon_core.package_identification:_identify(encoder_odometry) by extension 'ignore_ament_install'
[1.690s] Level 1:colcon.colcon_core.package_identification:_identify(encoder_odometry) by extensions ['colcon_pkg']
[1.690s] Level 1:colcon.colcon_core.package_identification:_identify(encoder_odometry) by extension 'colcon_pkg'
[1.690s] Level 1:colcon.colcon_core.package_identification:_identify(encoder_odometry) by extensions ['colcon_meta']
[1.690s] Level 1:colcon.colcon_core.package_identification:_identify(encoder_odometry) by extension 'colcon_meta'
[1.691s] Level 1:colcon.colcon_core.package_identification:_identify(encoder_odometry) by extensions ['ros']
[1.691s] Level 1:colcon.colcon_core.package_identification:_identify(encoder_odometry) by extension 'ros'
[1.706s] DEBUG:colcon.colcon_core.package_identification:Package 'encoder_odometry' with type 'ros.ament_python' and name 'encoder_odometry'
[1.707s] Level 1:colcon.colcon_core.package_identification:_identify(install) by extensions ['ignore', 'ignore_ament_install']
[1.707s] Level 1:colcon.colcon_core.package_identification:_identify(install) by extension 'ignore'
[1.708s] Level 1:colcon.colcon_core.package_identification:_identify(install) ignored
[1.708s] Level 1:colcon.colcon_core.package_identification:_identify(log) by extensions ['ignore', 'ignore_ament_install']
[1.709s] Level 1:colcon.colcon_core.package_identification:_identify(log) by extension 'ignore'
[1.709s] Level 1:colcon.colcon_core.package_identification:_identify(log) ignored
[1.710s] Level 1:colcon.colcon_core.package_identification:_identify(my_package) by extensions ['ignore', 'ignore_ament_install']
[1.710s] Level 1:colcon.colcon_core.package_identification:_identify(my_package) by extension 'ignore'
[1.710s] Level 1:colcon.colcon_core.package_identification:_identify(my_package) by extension 'ignore_ament_install'
[1.711s] Level 1:colcon.colcon_core.package_identification:_identify(my_package) by extensions ['colcon_pkg']
[1.711s] Level 1:colcon.colcon_core.package_identification:_identify(my_package) by extension 'colcon_pkg'
[1.711s] Level 1:colcon.colcon_core.package_identification:_identify(my_package) by extensions ['colcon_meta']
[1.711s] Level 1:colcon.colcon_core.package_identification:_identify(my_package) by extension 'colcon_meta'
[1.711s] Level 1:colcon.colcon_core.package_identification:_identify(my_package) by extensions ['ros']
[1.711s] Level 1:colcon.colcon_core.package_identification:_identify(my_package) by extension 'ros'
[1.715s] DEBUG:colcon.colcon_core.package_identification:Package 'my_package' with type 'ros.ament_python' and name 'my_package'
[1.716s] Level 1:colcon.colcon_core.package_identification:_identify(rplidar_ros) by extensions ['ignore', 'ignore_ament_install']
[1.716s] Level 1:colcon.colcon_core.package_identification:_identify(rplidar_ros) by extension 'ignore'
[1.717s] Level 1:colcon.colcon_core.package_identification:_identify(rplidar_ros) by extension 'ignore_ament_install'
[1.717s] Level 1:colcon.colcon_core.package_identification:_identify(rplidar_ros) by extensions ['colcon_pkg']
[1.717s] Level 1:colcon.colcon_core.package_identification:_identify(rplidar_ros) by extension 'colcon_pkg'
[1.717s] Level 1:colcon.colcon_core.package_identification:_identify(rplidar_ros) by extensions ['colcon_meta']
[1.718s] Level 1:colcon.colcon_core.package_identification:_identify(rplidar_ros) by extension 'colcon_meta'
[1.718s] Level 1:colcon.colcon_core.package_identification:_identify(rplidar_ros) by extensions ['ros']
[1.718s] Level 1:colcon.colcon_core.package_identification:_identify(rplidar_ros) by extension 'ros'
[1.722s] DEBUG:colcon.colcon_core.package_identification:Package 'rplidar_ros' with type 'ros.ament_cmake' and name 'rplidar_ros'
[1.723s] Level 1:colcon.colcon_core.package_identification:_identify(serial_coms) by extensions ['ignore', 'ignore_ament_install']
[1.723s] Level 1:colcon.colcon_core.package_identification:_identify(serial_coms) by extension 'ignore'
[1.724s] Level 1:colcon.colcon_core.package_identification:_identify(serial_coms) by extension 'ignore_ament_install'
[1.724s] Level 1:colcon.colcon_core.package_identification:_identify(serial_coms) by extensions ['colcon_pkg']
[1.724s] Level 1:colcon.colcon_core.package_identification:_identify(serial_coms) by extension 'colcon_pkg'
[1.725s] Level 1:colcon.colcon_core.package_identification:_identify(serial_coms) by extensions ['colcon_meta']
[1.725s] Level 1:colcon.colcon_core.package_identification:_identify(serial_coms) by extension 'colcon_meta'
[1.725s] Level 1:colcon.colcon_core.package_identification:_identify(serial_coms) by extensions ['ros']
[1.725s] Level 1:colcon.colcon_core.package_identification:_identify(serial_coms) by extension 'ros'
[1.729s] DEBUG:colcon.colcon_core.package_identification:Package 'serial_coms' with type 'ros.ament_python' and name 'serial_coms'
[1.729s] Level 1:colcon.colcon_core.package_identification:_identify(velocity_controller) by extensions ['ignore', 'ignore_ament_install']
[1.730s] Level 1:colcon.colcon_core.package_identification:_identify(velocity_controller) by extension 'ignore'
[1.730s] Level 1:colcon.colcon_core.package_identification:_identify(velocity_controller) by extension 'ignore_ament_install'
[1.731s] Level 1:colcon.colcon_core.package_identification:_identify(velocity_controller) by extensions ['colcon_pkg']
[1.731s] Level 1:colcon.colcon_core.package_identification:_identify(velocity_controller) by extension 'colcon_pkg'
[1.731s] Level 1:colcon.colcon_core.package_identification:_identify(velocity_controller) by extensions ['colcon_meta']
[1.732s] Level 1:colcon.colcon_core.package_identification:_identify(velocity_controller) by extension 'colcon_meta'
[1.732s] Level 1:colcon.colcon_core.package_identification:_identify(velocity_controller) by extensions ['ros']
[1.732s] Level 1:colcon.colcon_core.package_identification:_identify(velocity_controller) by extension 'ros'
[1.736s] DEBUG:colcon.colcon_core.package_identification:Package 'velocity_controller' with type 'ros.ament_python' and name 'velocity_controller'
[1.737s] Level 1:colcon.colcon_core.package_identification:_identify(wheel_controller) by extensions ['ignore', 'ignore_ament_install']
[1.737s] Level 1:colcon.colcon_core.package_identification:_identify(wheel_controller) by extension 'ignore'
[1.738s] Level 1:colcon.colcon_core.package_identification:_identify(wheel_controller) by extension 'ignore_ament_install'
[1.738s] Level 1:colcon.colcon_core.package_identification:_identify(wheel_controller) by extensions ['colcon_pkg']
[1.738s] Level 1:colcon.colcon_core.package_identification:_identify(wheel_controller) by extension 'colcon_pkg'
[1.738s] Level 1:colcon.colcon_core.package_identification:_identify(wheel_controller) by extensions ['colcon_meta']
[1.738s] Level 1:colcon.colcon_core.package_identification:_identify(wheel_controller) by extension 'colcon_meta'
[1.739s] Level 1:colcon.colcon_core.package_identification:_identify(wheel_controller) by extensions ['ros']
[1.739s] Level 1:colcon.colcon_core.package_identification:_identify(wheel_controller) by extension 'ros'
[1.742s] DEBUG:colcon.colcon_core.package_identification:Package 'wheel_controller' with type 'ros.ament_python' and name 'wheel_controller'
[1.743s] Level 1:colcon.colcon_core.package_discovery:discover_packages(recursive) using defaults
[1.743s] Level 1:colcon.colcon_core.package_discovery:discover_packages(ignore) discover
[1.743s] Level 1:colcon.colcon_core.package_discovery:discover_packages(ignore) using defaults
[1.743s] Level 1:colcon.colcon_core.package_discovery:discover_packages(path) discover
[1.743s] Level 1:colcon.colcon_core.package_discovery:discover_packages(path) using defaults
[1.851s] INFO:colcon.colcon_core.package_selection:Skipping not selected package 'encoder_odometry' in 'encoder_odometry'
[1.851s] INFO:colcon.colcon_core.package_selection:Skipping not selected package 'my_package' in 'my_package'
[1.851s] INFO:colcon.colcon_core.package_selection:Skipping not selected package 'rplidar_ros' in 'rplidar_ros'
[1.852s] INFO:colcon.colcon_core.package_selection:Skipping not selected package 'serial_coms' in 'serial_coms'
[1.852s] INFO:colcon.colcon_core.package_selection:Skipping not selected package 'velocity_controller' in 'velocity_controller'
[1.855s] Level 1:colcon.colcon_core.package_discovery:discover_packages(prefix_path) check parameters
[1.855s] Level 1:colcon.colcon_core.package_discovery:discover_packages(prefix_path) discover
[1.869s] DEBUG:colcon.colcon_installed_package_information.package_discovery:Found 6 installed packages in /home/dora/robot_ws/install
[1.877s] DEBUG:colcon.colcon_installed_package_information.package_discovery:Found 204 installed packages in /opt/ros/humble
[1.883s] Level 1:colcon.colcon_core.package_discovery:discover_packages(prefix_path) using defaults
[2.014s] Level 5:colcon.colcon_core.verb:set package 'wheel_controller' build argument 'cmake_args' from command line to 'None'
[2.015s] Level 5:colcon.colcon_core.verb:set package 'wheel_controller' build argument 'cmake_target' from command line to 'None'
[2.015s] Level 5:colcon.colcon_core.verb:set package 'wheel_controller' build argument 'cmake_target_skip_unavailable' from command line to 'False'
[2.015s] Level 5:colcon.colcon_core.verb:set package 'wheel_controller' build argument 'cmake_clean_cache' from command line to 'False'
[2.015s] Level 5:colcon.colcon_core.verb:set package 'wheel_controller' build argument 'cmake_clean_first' from command line to 'False'
[2.015s] Level 5:colcon.colcon_core.verb:set package 'wheel_controller' build argument 'cmake_force_configure' from command line to 'False'
[2.015s] Level 5:colcon.colcon_core.verb:set package 'wheel_controller' build argument 'ament_cmake_args' from command line to 'None'
[2.015s] Level 5:colcon.colcon_core.verb:set package 'wheel_controller' build argument 'catkin_cmake_args' from command line to 'None'
[2.015s] Level 5:colcon.colcon_core.verb:set package 'wheel_controller' build argument 'catkin_skip_building_tests' from command line to 'False'
[2.015s] DEBUG:colcon.colcon_core.verb:Building package 'wheel_controller' with the following arguments: {'ament_cmake_args': None, 'build_base': '/home/dora/robot_ws/src/build/wheel_controller', 'catkin_cmake_args': None, 'catkin_skip_building_tests': False, 'cmake_args': None, 'cmake_clean_cache': False, 'cmake_clean_first': False, 'cmake_force_configure': False, 'cmake_target': None, 'cmake_target_skip_unavailable': False, 'install_base': '/home/dora/robot_ws/src/install/wheel_controller', 'merge_install': False, 'path': '/home/dora/robot_ws/src/wheel_controller', 'symlink_install': False, 'test_result_base': None}
[2.016s] INFO:colcon.colcon_core.executor:Executing jobs using 'parallel' executor
[2.019s] DEBUG:colcon.colcon_parallel_executor.executor.parallel:run_until_complete
[2.021s] INFO:colcon.colcon_ros.task.ament_python.build:Building ROS package in '/home/dora/robot_ws/src/wheel_controller' with build type 'ament_python'
[2.021s] Level 1:colcon.colcon_core.shell:create_environment_hook('wheel_controller', 'ament_prefix_path')
[2.037s] INFO:colcon.colcon_core.plugin_system:Skipping extension 'colcon_core.shell.bat': Not used on non-Windows systems
[2.039s] INFO:colcon.colcon_core.shell:Creating environment hook '/home/dora/robot_ws/src/install/wheel_controller/share/wheel_controller/hook/ament_prefix_path.ps1'
[2.042s] INFO:colcon.colcon_core.shell:Creating environment descriptor '/home/dora/robot_ws/src/install/wheel_controller/share/wheel_controller/hook/ament_prefix_path.dsv'
[2.045s] INFO:colcon.colcon_core.shell:Creating environment hook '/home/dora/robot_ws/src/install/wheel_controller/share/wheel_controller/hook/ament_prefix_path.sh'
[2.049s] INFO:colcon.colcon_core.shell:Skip shell extension 'powershell' for command environment: Not usable outside of PowerShell
[2.049s] DEBUG:colcon.colcon_core.shell:Skip shell extension 'dsv' for command environment
[3.263s] INFO:colcon.colcon_core.task.python.build:Building Python package in '/home/dora/robot_ws/src/wheel_controller'
[3.264s] INFO:colcon.colcon_core.shell:Skip shell extension 'powershell' for command environment: Not usable outside of PowerShell
[3.264s] DEBUG:colcon.colcon_core.shell:Skip shell extension 'dsv' for command environment
[5.314s] DEBUG:colcon.colcon_core.event_handler.log_command:Invoking command in '/home/dora/robot_ws/src/wheel_controller': PYTHONPATH=/home/dora/robot_ws/src/build/wheel_controller/prefix_override:/usr/lib/python3/dist-packages/colcon_core/task/python/colcon_distutils_commands:/home/dora/robot_ws/src/install/wheel_controller/lib/python3.10/site-packages:${PYTHONPATH} /usr/bin/python3 -W ignore:setup.py install is deprecated setup.py egg_info --egg-base ../build/wheel_controller build --build-base /home/dora/robot_ws/src/build/wheel_controller/build install --record /home/dora/robot_ws/src/build/wheel_controller/install.log --single-version-externally-managed install_data
[6.688s] DEBUG:colcon.colcon_core.event_handler.log_command:Invoked command in '/home/dora/robot_ws/src/wheel_controller' returned '0': PYTHONPATH=/home/dora/robot_ws/src/build/wheel_controller/prefix_override:/usr/lib/python3/dist-packages/colcon_core/task/python/colcon_distutils_commands:/home/dora/robot_ws/src/install/wheel_controller/lib/python3.10/site-packages:${PYTHONPATH} /usr/bin/python3 -W ignore:setup.py install is deprecated setup.py egg_info --egg-base ../build/wheel_controller build --build-base /home/dora/robot_ws/src/build/wheel_controller/build install --record /home/dora/robot_ws/src/build/wheel_controller/install.log --single-version-externally-managed install_data
[6.708s] Level 1:colcon.colcon_core.environment:checking '/home/dora/robot_ws/src/install/wheel_controller' for CMake module files
[6.710s] Level 1:colcon.colcon_core.environment:checking '/home/dora/robot_ws/src/install/wheel_controller' for CMake config files
[6.714s] Level 1:colcon.colcon_core.environment:checking '/home/dora/robot_ws/src/install/wheel_controller/lib'
[6.715s] Level 1:colcon.colcon_core.environment:checking '/home/dora/robot_ws/src/install/wheel_controller/bin'
[6.716s] Level 1:colcon.colcon_core.environment:checking '/home/dora/robot_ws/src/install/wheel_controller/lib/pkgconfig/wheel_controller.pc'
[6.718s] Level 1:colcon.colcon_core.environment:checking '/home/dora/robot_ws/src/install/wheel_controller/lib/python3.10/site-packages'
[6.718s] Level 1:colcon.colcon_core.shell:create_environment_hook('wheel_controller', 'pythonpath')
[6.719s] INFO:colcon.colcon_core.shell:Creating environment hook '/home/dora/robot_ws/src/install/wheel_controller/share/wheel_controller/hook/pythonpath.ps1'
[6.721s] INFO:colcon.colcon_core.shell:Creating environment descriptor '/home/dora/robot_ws/src/install/wheel_controller/share/wheel_controller/hook/pythonpath.dsv'
[6.722s] INFO:colcon.colcon_core.shell:Creating environment hook '/home/dora/robot_ws/src/install/wheel_controller/share/wheel_controller/hook/pythonpath.sh'
[6.724s] Level 1:colcon.colcon_core.environment:checking '/home/dora/robot_ws/src/install/wheel_controller/bin'
[6.725s] Level 1:colcon.colcon_core.environment:create_environment_scripts_only(wheel_controller)
[6.726s] INFO:colcon.colcon_core.shell:Creating package script '/home/dora/robot_ws/src/install/wheel_controller/share/wheel_controller/package.ps1'
[6.731s] INFO:colcon.colcon_core.shell:Creating package descriptor '/home/dora/robot_ws/src/install/wheel_controller/share/wheel_controller/package.dsv'
[6.733s] INFO:colcon.colcon_core.shell:Creating package script '/home/dora/robot_ws/src/install/wheel_controller/share/wheel_controller/package.sh'
[6.737s] INFO:colcon.colcon_core.shell:Creating package script '/home/dora/robot_ws/src/install/wheel_controller/share/wheel_controller/package.bash'
[6.741s] INFO:colcon.colcon_core.shell:Creating package script '/home/dora/robot_ws/src/install/wheel_controller/share/wheel_controller/package.zsh'
[6.744s] Level 1:colcon.colcon_core.environment:create_file_with_runtime_dependencies(/home/dora/robot_ws/src/install/wheel_controller/share/colcon-core/packages/wheel_controller)
[6.746s] DEBUG:colcon.colcon_parallel_executor.executor.parallel:closing loop
[6.747s] DEBUG:colcon.colcon_parallel_executor.executor.parallel:loop closed
[6.747s] DEBUG:colcon.colcon_parallel_executor.executor.parallel:run_until_complete finished with '0'
[6.748s] DEBUG:colcon.colcon_core.event_reactor:joining thread
[6.775s] INFO:colcon.colcon_core.plugin_system:Skipping extension 'colcon_notification.desktop_notification.terminal_notifier': Not used on non-Darwin systems
[6.775s] INFO:colcon.colcon_core.plugin_system:Skipping extension 'colcon_notification.desktop_notification.win32': Not used on non-Windows systems
[6.775s] INFO:colcon.colcon_notification.desktop_notification:Sending desktop notification using 'notify2'
