[7.828s] Invoking command in '/home/dora/dora_ros2_ws/robot_ws/src/encoder_odometry': PYTHONPATH=/home/dora/dora_ros2_ws/robot_ws/build/encoder_odometry/prefix_override:/usr/lib/python3/dist-packages/colcon_core/task/python/colcon_distutils_commands:/home/dora/dora_ros2_ws/robot_ws/install/encoder_odometry/lib/python3.10/site-packages:${PYTHONPATH} /usr/bin/python3 -W ignore:setup.py install is deprecated setup.py egg_info --egg-base ../../build/encoder_odometry build --build-base /home/dora/dora_ros2_ws/robot_ws/build/encoder_odometry/build install --record /home/dora/dora_ros2_ws/robot_ws/build/encoder_odometry/install.log --single-version-externally-managed install_data
[9.593s] running egg_info
[9.600s] writing ../../build/encoder_odometry/encoder_odometry.egg-info/PKG-INFO
[9.602s] writing dependency_links to ../../build/encoder_odometry/encoder_odometry.egg-info/dependency_links.txt
[9.602s] writing entry points to ../../build/encoder_odometry/encoder_odometry.egg-info/entry_points.txt
[9.603s] writing requirements to ../../build/encoder_odometry/encoder_odometry.egg-info/requires.txt
[9.604s] writing top-level names to ../../build/encoder_odometry/encoder_odometry.egg-info/top_level.txt
[9.612s] reading manifest file '../../build/encoder_odometry/encoder_odometry.egg-info/SOURCES.txt'
[9.616s] writing manifest file '../../build/encoder_odometry/encoder_odometry.egg-info/SOURCES.txt'
[9.617s] running build
[9.619s] running build_py
[9.620s] running install
[9.625s] running install_lib
[9.628s] running install_data
[9.629s] running install_egg_info
[9.640s] removing '/home/dora/dora_ros2_ws/robot_ws/install/encoder_odometry/lib/python3.10/site-packages/encoder_odometry-0.0.0-py3.10.egg-info' (and everything under it)
[9.642s] Copying ../../build/encoder_odometry/encoder_odometry.egg-info to /home/dora/dora_ros2_ws/robot_ws/install/encoder_odometry/lib/python3.10/site-packages/encoder_odometry-0.0.0-py3.10.egg-info
[9.653s] running install_scripts
[9.759s] Installing encoder_to_odom script to /home/dora/dora_ros2_ws/robot_ws/install/encoder_odometry/lib/encoder_odometry
[9.761s] writing list of installed files to '/home/dora/dora_ros2_ws/robot_ws/build/encoder_odometry/install.log'
[9.990s] Invoked command in '/home/dora/dora_ros2_ws/robot_ws/src/encoder_odometry' returned '0': PYTHONPATH=/home/dora/dora_ros2_ws/robot_ws/build/encoder_odometry/prefix_override:/usr/lib/python3/dist-packages/colcon_core/task/python/colcon_distutils_commands:/home/dora/dora_ros2_ws/robot_ws/install/encoder_odometry/lib/python3.10/site-packages:${PYTHONPATH} /usr/bin/python3 -W ignore:setup.py install is deprecated setup.py egg_info --egg-base ../../build/encoder_odometry build --build-base /home/dora/dora_ros2_ws/robot_ws/build/encoder_odometry/build install --record /home/dora/dora_ros2_ws/robot_ws/build/encoder_odometry/install.log --single-version-externally-managed install_data
