[5.987s] Invoking command in '/home/dora/robot_ws/src/wheel_controller': PYTHONPATH=/home/dora/robot_ws/build/wheel_controller/prefix_override:/usr/lib/python3/dist-packages/colcon_core/task/python/colcon_distutils_commands:/home/dora/robot_ws/install/wheel_controller/lib/python3.10/site-packages:${PYTHONPATH} /usr/bin/python3 -W ignore:setup.py install is deprecated setup.py egg_info --egg-base ../../build/wheel_controller build --build-base /home/dora/robot_ws/build/wheel_controller/build install --record /home/dora/robot_ws/build/wheel_controller/install.log --single-version-externally-managed install_data
[9.153s] running egg_info
[9.155s] writing ../../build/wheel_controller/wheel_controller.egg-info/PKG-INFO
[9.172s] writing dependency_links to ../../build/wheel_controller/wheel_controller.egg-info/dependency_links.txt
[9.177s] writing entry points to ../../build/wheel_controller/wheel_controller.egg-info/entry_points.txt
[9.181s] writing requirements to ../../build/wheel_controller/wheel_controller.egg-info/requires.txt
[9.185s] writing top-level names to ../../build/wheel_controller/wheel_controller.egg-info/top_level.txt
[9.200s] reading manifest file '../../build/wheel_controller/wheel_controller.egg-info/SOURCES.txt'
[9.229s] writing manifest file '../../build/wheel_controller/wheel_controller.egg-info/SOURCES.txt'
[9.231s] running build
[9.232s] running build_py
[9.237s] running install
[9.238s] running install_lib
[9.274s] running install_data
[9.275s] running install_egg_info
[9.284s] removing '/home/dora/robot_ws/install/wheel_controller/lib/python3.10/site-packages/wheel_controller-0.0.0-py3.10.egg-info' (and everything under it)
[9.291s] Copying ../../build/wheel_controller/wheel_controller.egg-info to /home/dora/robot_ws/install/wheel_controller/lib/python3.10/site-packages/wheel_controller-0.0.0-py3.10.egg-info
[9.312s] running install_scripts
[9.532s] Installing wheel_controller script to /home/dora/robot_ws/install/wheel_controller/lib/wheel_controller
[9.533s] writing list of installed files to '/home/dora/robot_ws/build/wheel_controller/install.log'
[9.710s] Invoked command in '/home/dora/robot_ws/src/wheel_controller' returned '0': PYTHONPATH=/home/dora/robot_ws/build/wheel_controller/prefix_override:/usr/lib/python3/dist-packages/colcon_core/task/python/colcon_distutils_commands:/home/dora/robot_ws/install/wheel_controller/lib/python3.10/site-packages:${PYTHONPATH} /usr/bin/python3 -W ignore:setup.py install is deprecated setup.py egg_info --egg-base ../../build/wheel_controller build --build-base /home/dora/robot_ws/build/wheel_controller/build install --record /home/dora/robot_ws/build/wheel_controller/install.log --single-version-externally-managed install_data
