[2.710s] Invoking command in '/home/dora/robot_ws/build/my_package': PYTHONPATH=/home/dora/robot_ws/build/my_package/prefix_override:/usr/lib/python3/dist-packages/colcon_core/task/python/colcon_distutils_commands:/home/dora/robot_ws/install/my_package/lib/python3.10/site-packages:${PYTHONPATH} /usr/bin/python3 -W ignore:setup.py install is deprecated setup.py develop --uninstall --editable --build-directory /home/dora/robot_ws/build/my_package/build
[3.809s] running develop
[4.412s] Removing /home/dora/robot_ws/install/my_package/lib/python3.10/site-packages/my-package.egg-link (link to .)
[4.556s] Invoked command in '/home/dora/robot_ws/build/my_package' returned '0': PYTHONPATH=/home/dora/robot_ws/build/my_package/prefix_override:/usr/lib/python3/dist-packages/colcon_core/task/python/colcon_distutils_commands:/home/dora/robot_ws/install/my_package/lib/python3.10/site-packages:${PYTHONPATH} /usr/bin/python3 -W ignore:setup.py install is deprecated setup.py develop --uninstall --editable --build-directory /home/dora/robot_ws/build/my_package/build
[4.566s] Invoking command in '/home/dora/robot_ws/src/my_package': PYTHONPATH=/home/dora/robot_ws/build/my_package/prefix_override:/usr/lib/python3/dist-packages/colcon_core/task/python/colcon_distutils_commands:/home/dora/robot_ws/install/my_package/lib/python3.10/site-packages:${PYTHONPATH} /usr/bin/python3 -W ignore:setup.py install is deprecated setup.py egg_info --egg-base ../../build/my_package build --build-base /home/dora/robot_ws/build/my_package/build install --record /home/dora/robot_ws/build/my_package/install.log --single-version-externally-managed install_data --force
[5.586s] running egg_info
[5.589s] writing ../../build/my_package/my_package.egg-info/PKG-INFO
[5.590s] writing dependency_links to ../../build/my_package/my_package.egg-info/dependency_links.txt
[5.591s] writing entry points to ../../build/my_package/my_package.egg-info/entry_points.txt
[5.591s] writing requirements to ../../build/my_package/my_package.egg-info/requires.txt
[5.592s] writing top-level names to ../../build/my_package/my_package.egg-info/top_level.txt
[5.600s] reading manifest file '../../build/my_package/my_package.egg-info/SOURCES.txt'
[5.604s] writing manifest file '../../build/my_package/my_package.egg-info/SOURCES.txt'
[5.604s] running build
[5.605s] running build_py
[5.605s] creating /home/dora/robot_ws/build/my_package/build
[5.606s] creating /home/dora/robot_ws/build/my_package/build/lib
[5.606s] creating /home/dora/robot_ws/build/my_package/build/lib/my_package
[5.607s] copying my_package/__init__.py -> /home/dora/robot_ws/build/my_package/build/lib/my_package
[5.607s] running install
[5.608s] running install_lib
[5.611s] creating /home/dora/robot_ws/install/my_package/lib/python3.10/site-packages/my_package
[5.611s] copying /home/dora/robot_ws/build/my_package/build/lib/my_package/__init__.py -> /home/dora/robot_ws/install/my_package/lib/python3.10/site-packages/my_package
[5.614s] byte-compiling /home/dora/robot_ws/install/my_package/lib/python3.10/site-packages/my_package/__init__.py to __init__.cpython-310.pyc
[5.615s] running install_data
[5.616s] copying resource/my_package -> /home/dora/robot_ws/install/my_package/share/ament_index/resource_index/packages
[5.616s] copying package.xml -> /home/dora/robot_ws/install/my_package/share/my_package
[5.617s] creating /home/dora/robot_ws/install/my_package/share/my_package/launch
[5.618s] copying launch/listener.launch.py -> /home/dora/robot_ws/install/my_package/share/my_package/launch
[5.618s] copying launch/talker.launch.py -> /home/dora/robot_ws/install/my_package/share/my_package/launch
[5.619s] running install_egg_info
[5.626s] Copying ../../build/my_package/my_package.egg-info to /home/dora/robot_ws/install/my_package/lib/python3.10/site-packages/my_package-0.0.0-py3.10.egg-info
[5.631s] running install_scripts
[5.706s] Installing python_executable_name script to /home/dora/robot_ws/install/my_package/lib/my_package
[5.707s] writing list of installed files to '/home/dora/robot_ws/build/my_package/install.log'
[5.834s] Invoked command in '/home/dora/robot_ws/src/my_package' returned '0': PYTHONPATH=/home/dora/robot_ws/build/my_package/prefix_override:/usr/lib/python3/dist-packages/colcon_core/task/python/colcon_distutils_commands:/home/dora/robot_ws/install/my_package/lib/python3.10/site-packages:${PYTHONPATH} /usr/bin/python3 -W ignore:setup.py install is deprecated setup.py egg_info --egg-base ../../build/my_package build --build-base /home/dora/robot_ws/build/my_package/build install --record /home/dora/robot_ws/build/my_package/install.log --single-version-externally-managed install_data --force
