[2.794s] Invoking command in '/home/dora/robot_ws/src/encoder_odometry': PYTHONPATH=/home/dora/robot_ws/src/build/encoder_odometry/prefix_override:/usr/lib/python3/dist-packages/colcon_core/task/python/colcon_distutils_commands:/home/dora/robot_ws/src/install/encoder_odometry/lib/python3.10/site-packages:${PYTHONPATH} /usr/bin/python3 -W ignore:setup.py install is deprecated setup.py egg_info --egg-base ../build/encoder_odometry build --build-base /home/dora/robot_ws/src/build/encoder_odometry/build install --record /home/dora/robot_ws/src/build/encoder_odometry/install.log --single-version-externally-managed install_data
[3.855s] running egg_info
[3.857s] writing ../build/encoder_odometry/encoder_odometry.egg-info/PKG-INFO
[3.858s] writing dependency_links to ../build/encoder_odometry/encoder_odometry.egg-info/dependency_links.txt
[3.859s] writing entry points to ../build/encoder_odometry/encoder_odometry.egg-info/entry_points.txt
[3.860s] writing requirements to ../build/encoder_odometry/encoder_odometry.egg-info/requires.txt
[3.860s] writing top-level names to ../build/encoder_odometry/encoder_odometry.egg-info/top_level.txt
[3.868s] reading manifest file '../build/encoder_odometry/encoder_odometry.egg-info/SOURCES.txt'
[3.872s] writing manifest file '../build/encoder_odometry/encoder_odometry.egg-info/SOURCES.txt'
[3.873s] running build
[3.873s] running build_py
[3.874s] copying encoder_odometry/encoder_to_odom.py -> /home/dora/robot_ws/src/build/encoder_odometry/build/lib/encoder_odometry
[3.875s] running install
[3.877s] running install_lib
[3.880s] copying /home/dora/robot_ws/src/build/encoder_odometry/build/lib/encoder_odometry/encoder_to_odom.py -> /home/dora/robot_ws/src/install/encoder_odometry/lib/python3.10/site-packages/encoder_odometry
[3.883s] byte-compiling /home/dora/robot_ws/src/install/encoder_odometry/lib/python3.10/site-packages/encoder_odometry/encoder_to_odom.py to encoder_to_odom.cpython-310.pyc
[3.888s] running install_data
[3.889s] running install_egg_info
[3.896s] removing '/home/dora/robot_ws/src/install/encoder_odometry/lib/python3.10/site-packages/encoder_odometry-0.0.0-py3.10.egg-info' (and everything under it)
[3.897s] Copying ../build/encoder_odometry/encoder_odometry.egg-info to /home/dora/robot_ws/src/install/encoder_odometry/lib/python3.10/site-packages/encoder_odometry-0.0.0-py3.10.egg-info
[3.903s] running install_scripts
[3.977s] Installing encoder_to_odom script to /home/dora/robot_ws/src/install/encoder_odometry/lib/encoder_odometry
[3.979s] writing list of installed files to '/home/dora/robot_ws/src/build/encoder_odometry/install.log'
[4.104s] Invoked command in '/home/dora/robot_ws/src/encoder_odometry' returned '0': PYTHONPATH=/home/dora/robot_ws/src/build/encoder_odometry/prefix_override:/usr/lib/python3/dist-packages/colcon_core/task/python/colcon_distutils_commands:/home/dora/robot_ws/src/install/encoder_odometry/lib/python3.10/site-packages:${PYTHONPATH} /usr/bin/python3 -W ignore:setup.py install is deprecated setup.py egg_info --egg-base ../build/encoder_odometry build --build-base /home/dora/robot_ws/src/build/encoder_odometry/build install --record /home/dora/robot_ws/src/build/encoder_odometry/install.log --single-version-externally-managed install_data
