running develop
running egg_info
creating velocity_controller.egg-info
writing velocity_controller.egg-info/PKG-INFO
writing dependency_links to velocity_controller.egg-info/dependency_links.txt
writing entry points to velocity_controller.egg-info/entry_points.txt
writing requirements to velocity_controller.egg-info/requires.txt
writing top-level names to velocity_controller.egg-info/top_level.txt
writing manifest file 'velocity_controller.egg-info/SOURCES.txt'
reading manifest file 'velocity_controller.egg-info/SOURCES.txt'
writing manifest file 'velocity_controller.egg-info/SOURCES.txt'
running build_ext
Creating /home/dora/robot_ws/install/velocity_controller/lib/python3.10/site-packages/velocity-controller.egg-link (link to .)
Installing python_executable_name script to /home/dora/robot_ws/install/velocity_controller/lib/velocity_controller

Installed /home/dora/robot_ws/build/velocity_controller
running symlink_data
creating /home/dora/robot_ws/install/velocity_controller/share/ament_index
creating /home/dora/robot_ws/install/velocity_controller/share/ament_index/resource_index
creating /home/dora/robot_ws/install/velocity_controller/share/ament_index/resource_index/packages
symbolically linking /home/dora/robot_ws/build/velocity_controller/resource/velocity_controller -> /home/dora/robot_ws/install/velocity_controller/share/ament_index/resource_index/packages
symbolically linking /home/dora/robot_ws/build/velocity_controller/package.xml -> /home/dora/robot_ws/install/velocity_controller/share/velocity_controller
creating /home/dora/robot_ws/install/velocity_controller/share/velocity_controller/launch
symbolically linking /home/dora/robot_ws/build/velocity_controller/launch/velocity_controller.launch.py -> /home/dora/robot_ws/install/velocity_controller/share/velocity_controller/launch
creating /home/dora/robot_ws/install/velocity_controller/share/velocity_controller/description
