[4.736s] Invoking command in '/home/dora/robot_ws/build/velocity_controller': PYTHONPATH=/home/dora/robot_ws/build/velocity_controller/prefix_override:/usr/lib/python3/dist-packages/colcon_core/task/python/colcon_distutils_commands:/home/dora/robot_ws/install/velocity_controller/lib/python3.10/site-packages:${PYTHONPATH} /usr/bin/python3 -W ignore:setup.py install is deprecated setup.py develop --editable --build-directory /home/dora/robot_ws/build/velocity_controller/build --no-deps symlink_data
[6.061s] running develop
[6.803s] running egg_info
[6.804s] creating velocity_controller.egg-info
[6.809s] writing velocity_controller.egg-info/PKG-INFO
[6.809s] writing dependency_links to velocity_controller.egg-info/dependency_links.txt
[6.810s] writing entry points to velocity_controller.egg-info/entry_points.txt
[6.810s] writing requirements to velocity_controller.egg-info/requires.txt
[6.811s] writing top-level names to velocity_controller.egg-info/top_level.txt
[6.811s] writing manifest file 'velocity_controller.egg-info/SOURCES.txt'
[6.816s] reading manifest file 'velocity_controller.egg-info/SOURCES.txt'
[6.824s] writing manifest file 'velocity_controller.egg-info/SOURCES.txt'
[6.827s] running build_ext
[6.827s] Creating /home/dora/robot_ws/install/velocity_controller/lib/python3.10/site-packages/velocity-controller.egg-link (link to .)
[6.831s] Installing python_executable_name script to /home/dora/robot_ws/install/velocity_controller/lib/velocity_controller
[6.833s] 
[6.835s] Installed /home/dora/robot_ws/build/velocity_controller
[6.836s] running symlink_data
[6.836s] creating /home/dora/robot_ws/install/velocity_controller/share/ament_index
[6.837s] creating /home/dora/robot_ws/install/velocity_controller/share/ament_index/resource_index
[6.838s] creating /home/dora/robot_ws/install/velocity_controller/share/ament_index/resource_index/packages
[6.839s] symbolically linking /home/dora/robot_ws/build/velocity_controller/resource/velocity_controller -> /home/dora/robot_ws/install/velocity_controller/share/ament_index/resource_index/packages
[6.840s] symbolically linking /home/dora/robot_ws/build/velocity_controller/package.xml -> /home/dora/robot_ws/install/velocity_controller/share/velocity_controller
[6.841s] creating /home/dora/robot_ws/install/velocity_controller/share/velocity_controller/launch
[6.841s] symbolically linking /home/dora/robot_ws/build/velocity_controller/launch/velocity_controller.launch.py -> /home/dora/robot_ws/install/velocity_controller/share/velocity_controller/launch
[6.842s] creating /home/dora/robot_ws/install/velocity_controller/share/velocity_controller/description
[7.088s] Invoked command in '/home/dora/robot_ws/build/velocity_controller' returned '0': PYTHONPATH=/home/dora/robot_ws/build/velocity_controller/prefix_override:/usr/lib/python3/dist-packages/colcon_core/task/python/colcon_distutils_commands:/home/dora/robot_ws/install/velocity_controller/lib/python3.10/site-packages:${PYTHONPATH} /usr/bin/python3 -W ignore:setup.py install is deprecated setup.py develop --editable --build-directory /home/dora/robot_ws/build/velocity_controller/build --no-deps symlink_data
