[4.981s] Invoking command in '/home/dora/dora_ros2_ws/robot_ws/src/wheel_controller': PYTHONPATH=/home/dora/dora_ros2_ws/robot_ws/build/wheel_controller/prefix_override:/usr/lib/python3/dist-packages/colcon_core/task/python/colcon_distutils_commands:/home/dora/dora_ros2_ws/robot_ws/install/wheel_controller/lib/python3.10/site-packages:${PYTHONPATH} /usr/bin/python3 -W ignore:setup.py install is deprecated setup.py egg_info --egg-base ../../build/wheel_controller build --build-base /home/dora/dora_ros2_ws/robot_ws/build/wheel_controller/build install --record /home/dora/dora_ros2_ws/robot_ws/build/wheel_controller/install.log --single-version-externally-managed install_data
[6.115s] running egg_info
[6.117s] writing ../../build/wheel_controller/wheel_controller.egg-info/PKG-INFO
[6.118s] writing dependency_links to ../../build/wheel_controller/wheel_controller.egg-info/dependency_links.txt
[6.119s] writing entry points to ../../build/wheel_controller/wheel_controller.egg-info/entry_points.txt
[6.120s] writing requirements to ../../build/wheel_controller/wheel_controller.egg-info/requires.txt
[6.121s] writing top-level names to ../../build/wheel_controller/wheel_controller.egg-info/top_level.txt
[6.130s] reading manifest file '../../build/wheel_controller/wheel_controller.egg-info/SOURCES.txt'
[6.135s] writing manifest file '../../build/wheel_controller/wheel_controller.egg-info/SOURCES.txt'
[6.136s] running build
[6.136s] running build_py
[6.138s] running install
[6.139s] running install_lib
[6.146s] running install_data
[6.147s] running install_egg_info
[6.154s] removing '/home/dora/dora_ros2_ws/robot_ws/install/wheel_controller/lib/python3.10/site-packages/wheel_controller-0.0.0-py3.10.egg-info' (and everything under it)
[6.156s] Copying ../../build/wheel_controller/wheel_controller.egg-info to /home/dora/dora_ros2_ws/robot_ws/install/wheel_controller/lib/python3.10/site-packages/wheel_controller-0.0.0-py3.10.egg-info
[6.164s] running install_scripts
[6.242s] Installing wheel_controller script to /home/dora/dora_ros2_ws/robot_ws/install/wheel_controller/lib/wheel_controller
[6.244s] writing list of installed files to '/home/dora/dora_ros2_ws/robot_ws/build/wheel_controller/install.log'
[6.372s] Invoked command in '/home/dora/dora_ros2_ws/robot_ws/src/wheel_controller' returned '0': PYTHONPATH=/home/dora/dora_ros2_ws/robot_ws/build/wheel_controller/prefix_override:/usr/lib/python3/dist-packages/colcon_core/task/python/colcon_distutils_commands:/home/dora/dora_ros2_ws/robot_ws/install/wheel_controller/lib/python3.10/site-packages:${PYTHONPATH} /usr/bin/python3 -W ignore:setup.py install is deprecated setup.py egg_info --egg-base ../../build/wheel_controller build --build-base /home/dora/dora_ros2_ws/robot_ws/build/wheel_controller/build install --record /home/dora/dora_ros2_ws/robot_ws/build/wheel_controller/install.log --single-version-externally-managed install_data
