running egg_info
creating ../../build/mecanum_controller/mecanum_controller.egg-info
writing ../../build/mecanum_controller/mecanum_controller.egg-info/PKG-INFO
writing dependency_links to ../../build/mecanum_controller/mecanum_controller.egg-info/dependency_links.txt
writing entry points to ../../build/mecanum_controller/mecanum_controller.egg-info/entry_points.txt
writing requirements to ../../build/mecanum_controller/mecanum_controller.egg-info/requires.txt
writing top-level names to ../../build/mecanum_controller/mecanum_controller.egg-info/top_level.txt
writing manifest file '../../build/mecanum_controller/mecanum_controller.egg-info/SOURCES.txt'
reading manifest file '../../build/mecanum_controller/mecanum_controller.egg-info/SOURCES.txt'
writing manifest file '../../build/mecanum_controller/mecanum_controller.egg-info/SOURCES.txt'
running build
running build_py
creating /home/dora/dora_ros2_ws/robot_ws/build/mecanum_controller/build
creating /home/dora/dora_ros2_ws/robot_ws/build/mecanum_controller/build/lib
creating /home/dora/dora_ros2_ws/robot_ws/build/mecanum_controller/build/lib/mecanum_controller
copying mecanum_controller/__init__.py -> /home/dora/dora_ros2_ws/robot_ws/build/mecanum_controller/build/lib/mecanum_controller
copying mecanum_controller/mecanum_controller.py -> /home/dora/dora_ros2_ws/robot_ws/build/mecanum_controller/build/lib/mecanum_controller
running install
running install_lib
creating /home/dora/dora_ros2_ws/robot_ws/install/mecanum_controller/lib/python3.10/site-packages/mecanum_controller
copying /home/dora/dora_ros2_ws/robot_ws/build/mecanum_controller/build/lib/mecanum_controller/__init__.py -> /home/dora/dora_ros2_ws/robot_ws/install/mecanum_controller/lib/python3.10/site-packages/mecanum_controller
copying /home/dora/dora_ros2_ws/robot_ws/build/mecanum_controller/build/lib/mecanum_controller/mecanum_controller.py -> /home/dora/dora_ros2_ws/robot_ws/install/mecanum_controller/lib/python3.10/site-packages/mecanum_controller
byte-compiling /home/dora/dora_ros2_ws/robot_ws/install/mecanum_controller/lib/python3.10/site-packages/mecanum_controller/__init__.py to __init__.cpython-310.pyc
byte-compiling /home/dora/dora_ros2_ws/robot_ws/install/mecanum_controller/lib/python3.10/site-packages/mecanum_controller/mecanum_controller.py to mecanum_controller.cpython-310.pyc
running install_data
creating /home/dora/dora_ros2_ws/robot_ws/install/mecanum_controller/share/ament_index
creating /home/dora/dora_ros2_ws/robot_ws/install/mecanum_controller/share/ament_index/resource_index
creating /home/dora/dora_ros2_ws/robot_ws/install/mecanum_controller/share/ament_index/resource_index/packages
copying resource/mecanum_controller -> /home/dora/dora_ros2_ws/robot_ws/install/mecanum_controller/share/ament_index/resource_index/packages
copying package.xml -> /home/dora/dora_ros2_ws/robot_ws/install/mecanum_controller/share/mecanum_controller
running install_egg_info
Copying ../../build/mecanum_controller/mecanum_controller.egg-info to /home/dora/dora_ros2_ws/robot_ws/install/mecanum_controller/lib/python3.10/site-packages/mecanum_controller-0.0.0-py3.10.egg-info
running install_scripts
writing list of installed files to '/home/dora/dora_ros2_ws/robot_ws/build/mecanum_controller/install.log'
