[2.991s] Invoking command in '/home/dora/dora_ros2_ws/robot_ws/src/mecanum_controller': PYTHONPATH=/home/dora/dora_ros2_ws/robot_ws/build/mecanum_controller/prefix_override:/usr/lib/python3/dist-packages/colcon_core/task/python/colcon_distutils_commands:/home/dora/dora_ros2_ws/robot_ws/install/mecanum_controller/lib/python3.10/site-packages:${PYTHONPATH} /usr/bin/python3 -W ignore:setup.py install is deprecated setup.py egg_info --egg-base ../../build/mecanum_controller build --build-base /home/dora/dora_ros2_ws/robot_ws/build/mecanum_controller/build install --record /home/dora/dora_ros2_ws/robot_ws/build/mecanum_controller/install.log --single-version-externally-managed install_data
[4.125s] running egg_info
[4.127s] creating ../../build/mecanum_controller/mecanum_controller.egg-info
[4.128s] writing ../../build/mecanum_controller/mecanum_controller.egg-info/PKG-INFO
[4.129s] writing dependency_links to ../../build/mecanum_controller/mecanum_controller.egg-info/dependency_links.txt
[4.129s] writing entry points to ../../build/mecanum_controller/mecanum_controller.egg-info/entry_points.txt
[4.130s] writing requirements to ../../build/mecanum_controller/mecanum_controller.egg-info/requires.txt
[4.130s] writing top-level names to ../../build/mecanum_controller/mecanum_controller.egg-info/top_level.txt
[4.132s] writing manifest file '../../build/mecanum_controller/mecanum_controller.egg-info/SOURCES.txt'
[4.139s] reading manifest file '../../build/mecanum_controller/mecanum_controller.egg-info/SOURCES.txt'
[4.143s] writing manifest file '../../build/mecanum_controller/mecanum_controller.egg-info/SOURCES.txt'
[4.143s] running build
[4.144s] running build_py
[4.144s] creating /home/dora/dora_ros2_ws/robot_ws/build/mecanum_controller/build
[4.145s] creating /home/dora/dora_ros2_ws/robot_ws/build/mecanum_controller/build/lib
[4.145s] creating /home/dora/dora_ros2_ws/robot_ws/build/mecanum_controller/build/lib/mecanum_controller
[4.146s] copying mecanum_controller/__init__.py -> /home/dora/dora_ros2_ws/robot_ws/build/mecanum_controller/build/lib/mecanum_controller
[4.146s] copying mecanum_controller/mecanum_controller.py -> /home/dora/dora_ros2_ws/robot_ws/build/mecanum_controller/build/lib/mecanum_controller
[4.147s] running install
[4.148s] running install_lib
[4.152s] creating /home/dora/dora_ros2_ws/robot_ws/install/mecanum_controller/lib/python3.10/site-packages/mecanum_controller
[4.152s] copying /home/dora/dora_ros2_ws/robot_ws/build/mecanum_controller/build/lib/mecanum_controller/__init__.py -> /home/dora/dora_ros2_ws/robot_ws/install/mecanum_controller/lib/python3.10/site-packages/mecanum_controller
[4.153s] copying /home/dora/dora_ros2_ws/robot_ws/build/mecanum_controller/build/lib/mecanum_controller/mecanum_controller.py -> /home/dora/dora_ros2_ws/robot_ws/install/mecanum_controller/lib/python3.10/site-packages/mecanum_controller
[4.155s] byte-compiling /home/dora/dora_ros2_ws/robot_ws/install/mecanum_controller/lib/python3.10/site-packages/mecanum_controller/__init__.py to __init__.cpython-310.pyc
[4.157s] byte-compiling /home/dora/dora_ros2_ws/robot_ws/install/mecanum_controller/lib/python3.10/site-packages/mecanum_controller/mecanum_controller.py to mecanum_controller.cpython-310.pyc
[4.158s] running install_data
[4.159s] creating /home/dora/dora_ros2_ws/robot_ws/install/mecanum_controller/share/ament_index
[4.159s] creating /home/dora/dora_ros2_ws/robot_ws/install/mecanum_controller/share/ament_index/resource_index
[4.160s] creating /home/dora/dora_ros2_ws/robot_ws/install/mecanum_controller/share/ament_index/resource_index/packages
[4.160s] copying resource/mecanum_controller -> /home/dora/dora_ros2_ws/robot_ws/install/mecanum_controller/share/ament_index/resource_index/packages
[4.161s] copying package.xml -> /home/dora/dora_ros2_ws/robot_ws/install/mecanum_controller/share/mecanum_controller
[4.161s] running install_egg_info
[4.168s] Copying ../../build/mecanum_controller/mecanum_controller.egg-info to /home/dora/dora_ros2_ws/robot_ws/install/mecanum_controller/lib/python3.10/site-packages/mecanum_controller-0.0.0-py3.10.egg-info
[4.174s] running install_scripts
[4.253s] writing list of installed files to '/home/dora/dora_ros2_ws/robot_ws/build/mecanum_controller/install.log'
[4.378s] Invoked command in '/home/dora/dora_ros2_ws/robot_ws/src/mecanum_controller' returned '0': PYTHONPATH=/home/dora/dora_ros2_ws/robot_ws/build/mecanum_controller/prefix_override:/usr/lib/python3/dist-packages/colcon_core/task/python/colcon_distutils_commands:/home/dora/dora_ros2_ws/robot_ws/install/mecanum_controller/lib/python3.10/site-packages:${PYTHONPATH} /usr/bin/python3 -W ignore:setup.py install is deprecated setup.py egg_info --egg-base ../../build/mecanum_controller build --build-base /home/dora/dora_ros2_ws/robot_ws/build/mecanum_controller/build install --record /home/dora/dora_ros2_ws/robot_ws/build/mecanum_controller/install.log --single-version-externally-managed install_data
