[17.074s] Invoking command in '/home/dora/dora_ros2_ws/robot_ws/src/serial_coms': PYTHONPATH=/home/dora/dora_ros2_ws/robot_ws/build/serial_coms/prefix_override:/usr/lib/python3/dist-packages/colcon_core/task/python/colcon_distutils_commands:/home/dora/dora_ros2_ws/robot_ws/install/serial_coms/lib/python3.10/site-packages:${PYTHONPATH} /usr/bin/python3 -W ignore:setup.py install is deprecated setup.py egg_info --egg-base ../../build/serial_coms build --build-base /home/dora/dora_ros2_ws/robot_ws/build/serial_coms/build install --record /home/dora/dora_ros2_ws/robot_ws/build/serial_coms/install.log --single-version-externally-managed install_data
[19.576s] running egg_info
[19.579s] writing ../../build/serial_coms/serial_coms.egg-info/PKG-INFO
[19.586s] writing dependency_links to ../../build/serial_coms/serial_coms.egg-info/dependency_links.txt
[19.587s] writing entry points to ../../build/serial_coms/serial_coms.egg-info/entry_points.txt
[19.588s] writing requirements to ../../build/serial_coms/serial_coms.egg-info/requires.txt
[19.588s] writing top-level names to ../../build/serial_coms/serial_coms.egg-info/top_level.txt
[19.597s] reading manifest file '../../build/serial_coms/serial_coms.egg-info/SOURCES.txt'
[19.600s] adding license file 'LICENSE'
[19.608s] writing manifest file '../../build/serial_coms/serial_coms.egg-info/SOURCES.txt'
[19.609s] running build
[19.610s] running build_py
[19.623s] running install
[19.628s] running install_lib
[19.640s] running install_data
[19.643s] running install_egg_info
[19.687s] removing '/home/dora/dora_ros2_ws/robot_ws/install/serial_coms/lib/python3.10/site-packages/serial_coms-0.0.0-py3.10.egg-info' (and everything under it)
[19.689s] Copying ../../build/serial_coms/serial_coms.egg-info to /home/dora/dora_ros2_ws/robot_ws/install/serial_coms/lib/python3.10/site-packages/serial_coms-0.0.0-py3.10.egg-info
[19.707s] running install_scripts
[19.953s] writing list of installed files to '/home/dora/dora_ros2_ws/robot_ws/build/serial_coms/install.log'
[20.267s] Invoked command in '/home/dora/dora_ros2_ws/robot_ws/src/serial_coms' returned '0': PYTHONPATH=/home/dora/dora_ros2_ws/robot_ws/build/serial_coms/prefix_override:/usr/lib/python3/dist-packages/colcon_core/task/python/colcon_distutils_commands:/home/dora/dora_ros2_ws/robot_ws/install/serial_coms/lib/python3.10/site-packages:${PYTHONPATH} /usr/bin/python3 -W ignore:setup.py install is deprecated setup.py egg_info --egg-base ../../build/serial_coms build --build-base /home/dora/dora_ros2_ws/robot_ws/build/serial_coms/build install --record /home/dora/dora_ros2_ws/robot_ws/build/serial_coms/install.log --single-version-externally-managed install_data
