[5.446s] Invoking command in '/home/dora/robot_ws/src/wheel_controller': PYTHONPATH=/home/dora/robot_ws/build/wheel_controller/prefix_override:/usr/lib/python3/dist-packages/colcon_core/task/python/colcon_distutils_commands:/home/dora/robot_ws/install/wheel_controller/lib/python3.10/site-packages:${PYTHONPATH} /usr/bin/python3 -W ignore:setup.py install is deprecated setup.py egg_info --egg-base ../../build/wheel_controller build --build-base /home/dora/robot_ws/build/wheel_controller/build install --record /home/dora/robot_ws/build/wheel_controller/install.log --single-version-externally-managed install_data
[7.168s] running egg_info
[7.170s] writing ../../build/wheel_controller/wheel_controller.egg-info/PKG-INFO
[7.172s] writing dependency_links to ../../build/wheel_controller/wheel_controller.egg-info/dependency_links.txt
[7.174s] writing entry points to ../../build/wheel_controller/wheel_controller.egg-info/entry_points.txt
[7.175s] writing requirements to ../../build/wheel_controller/wheel_controller.egg-info/requires.txt
[7.176s] writing top-level names to ../../build/wheel_controller/wheel_controller.egg-info/top_level.txt
[7.194s] reading manifest file '../../build/wheel_controller/wheel_controller.egg-info/SOURCES.txt'
[7.202s] writing manifest file '../../build/wheel_controller/wheel_controller.egg-info/SOURCES.txt'
[7.204s] running build
[7.205s] running build_py
[7.207s] running install
[7.210s] running install_lib
[7.217s] running install_data
[7.219s] running install_egg_info
[7.230s] removing '/home/dora/robot_ws/install/wheel_controller/lib/python3.10/site-packages/wheel_controller-0.0.0-py3.10.egg-info' (and everything under it)
[7.237s] Copying ../../build/wheel_controller/wheel_controller.egg-info to /home/dora/robot_ws/install/wheel_controller/lib/python3.10/site-packages/wheel_controller-0.0.0-py3.10.egg-info
[7.245s] running install_scripts
[7.343s] Installing wheel_controller script to /home/dora/robot_ws/install/wheel_controller/lib/wheel_controller
[7.345s] writing list of installed files to '/home/dora/robot_ws/build/wheel_controller/install.log'
[7.517s] Invoked command in '/home/dora/robot_ws/src/wheel_controller' returned '0': PYTHONPATH=/home/dora/robot_ws/build/wheel_controller/prefix_override:/usr/lib/python3/dist-packages/colcon_core/task/python/colcon_distutils_commands:/home/dora/robot_ws/install/wheel_controller/lib/python3.10/site-packages:${PYTHONPATH} /usr/bin/python3 -W ignore:setup.py install is deprecated setup.py egg_info --egg-base ../../build/wheel_controller build --build-base /home/dora/robot_ws/build/wheel_controller/build install --record /home/dora/robot_ws/build/wheel_controller/install.log --single-version-externally-managed install_data
