[2.737s] Invoking command in '/home/dora/robot_ws/build/my_package': PYTHONPATH=/home/dora/robot_ws/build/my_package/prefix_override:/usr/lib/python3/dist-packages/colcon_core/task/python/colcon_distutils_commands:/home/dora/robot_ws/install/my_package/lib/python3.10/site-packages:${PYTHONPATH} /usr/bin/python3 -W ignore:setup.py install is deprecated setup.py develop --editable --build-directory /home/dora/robot_ws/build/my_package/build --no-deps symlink_data --force
[3.839s] running develop
[4.426s] running egg_info
[4.426s] writing my_package.egg-info/PKG-INFO
[4.427s] writing dependency_links to my_package.egg-info/dependency_links.txt
[4.428s] writing entry points to my_package.egg-info/entry_points.txt
[4.429s] writing requirements to my_package.egg-info/requires.txt
[4.430s] writing top-level names to my_package.egg-info/top_level.txt
[4.437s] reading manifest file 'my_package.egg-info/SOURCES.txt'
[4.440s] writing manifest file 'my_package.egg-info/SOURCES.txt'
[4.446s] running build_ext
[4.447s] Creating /home/dora/robot_ws/install/my_package/lib/python3.10/site-packages/my-package.egg-link (link to .)
[4.450s] Installing python_executable_name script to /home/dora/robot_ws/install/my_package/lib/my_package
[4.451s] 
[4.452s] Installed /home/dora/robot_ws/build/my_package
[4.452s] running symlink_data
[4.452s] symbolically linking /home/dora/robot_ws/build/my_package/resource/my_package -> /home/dora/robot_ws/install/my_package/share/ament_index/resource_index/packages
[4.453s] symbolically linking /home/dora/robot_ws/build/my_package/package.xml -> /home/dora/robot_ws/install/my_package/share/my_package
[4.454s] symbolically linking /home/dora/robot_ws/build/my_package/launch/listener.launch.py -> /home/dora/robot_ws/install/my_package/share/my_package/launch
[4.454s] symbolically linking /home/dora/robot_ws/build/my_package/launch/talker.launch.py -> /home/dora/robot_ws/install/my_package/share/my_package/launch
[4.600s] Invoked command in '/home/dora/robot_ws/build/my_package' returned '0': PYTHONPATH=/home/dora/robot_ws/build/my_package/prefix_override:/usr/lib/python3/dist-packages/colcon_core/task/python/colcon_distutils_commands:/home/dora/robot_ws/install/my_package/lib/python3.10/site-packages:${PYTHONPATH} /usr/bin/python3 -W ignore:setup.py install is deprecated setup.py develop --editable --build-directory /home/dora/robot_ws/build/my_package/build --no-deps symlink_data --force
