running egg_info
writing ../../build/wheel_controller/wheel_controller.egg-info/PKG-INFO
writing dependency_links to ../../build/wheel_controller/wheel_controller.egg-info/dependency_links.txt
writing entry points to ../../build/wheel_controller/wheel_controller.egg-info/entry_points.txt
writing requirements to ../../build/wheel_controller/wheel_controller.egg-info/requires.txt
writing top-level names to ../../build/wheel_controller/wheel_controller.egg-info/top_level.txt
reading manifest file '../../build/wheel_controller/wheel_controller.egg-info/SOURCES.txt'
writing manifest file '../../build/wheel_controller/wheel_controller.egg-info/SOURCES.txt'
running build
running build_py
copying wheel_controller/wheel_controller.py -> /home/dora/dora_ros2_ws/robot_ws/build/wheel_controller/build/lib/wheel_controller
running install
running install_lib
copying /home/dora/dora_ros2_ws/robot_ws/build/wheel_controller/build/lib/wheel_controller/wheel_controller.py -> /home/dora/dora_ros2_ws/robot_ws/install/wheel_controller/lib/python3.10/site-packages/wheel_controller
byte-compiling /home/dora/dora_ros2_ws/robot_ws/install/wheel_controller/lib/python3.10/site-packages/wheel_controller/wheel_controller.py to wheel_controller.cpython-310.pyc
running install_data
running install_egg_info
removing '/home/dora/dora_ros2_ws/robot_ws/install/wheel_controller/lib/python3.10/site-packages/wheel_controller-0.0.0-py3.10.egg-info' (and everything under it)
Copying ../../build/wheel_controller/wheel_controller.egg-info to /home/dora/dora_ros2_ws/robot_ws/install/wheel_controller/lib/python3.10/site-packages/wheel_controller-0.0.0-py3.10.egg-info
running install_scripts
Installing wheel_controller script to /home/dora/dora_ros2_ws/robot_ws/install/wheel_controller/lib/wheel_controller
writing list of installed files to '/home/dora/dora_ros2_ws/robot_ws/build/wheel_controller/install.log'
