running develop
Removing /home/dora/robot_ws/install/velocity_controller/lib/python3.10/site-packages/velocity-controller.egg-link (link to .)
running egg_info
writing ../../build/velocity_controller/velocity_controller.egg-info/PKG-INFO
writing dependency_links to ../../build/velocity_controller/velocity_controller.egg-info/dependency_links.txt
writing entry points to ../../build/velocity_controller/velocity_controller.egg-info/entry_points.txt
writing requirements to ../../build/velocity_controller/velocity_controller.egg-info/requires.txt
writing top-level names to ../../build/velocity_controller/velocity_controller.egg-info/top_level.txt
reading manifest file '../../build/velocity_controller/velocity_controller.egg-info/SOURCES.txt'
writing manifest file '../../build/velocity_controller/velocity_controller.egg-info/SOURCES.txt'
running build
running build_py
creating /home/dora/robot_ws/build/velocity_controller/build
creating /home/dora/robot_ws/build/velocity_controller/build/lib
creating /home/dora/robot_ws/build/velocity_controller/build/lib/velocity_controller
copying velocity_controller/velocity_controller.py -> /home/dora/robot_ws/build/velocity_controller/build/lib/velocity_controller
copying velocity_controller/__init__.py -> /home/dora/robot_ws/build/velocity_controller/build/lib/velocity_controller
running install
running install_lib
creating /home/dora/robot_ws/install/velocity_controller/lib/python3.10/site-packages/velocity_controller
copying /home/dora/robot_ws/build/velocity_controller/build/lib/velocity_controller/velocity_controller.py -> /home/dora/robot_ws/install/velocity_controller/lib/python3.10/site-packages/velocity_controller
copying /home/dora/robot_ws/build/velocity_controller/build/lib/velocity_controller/__init__.py -> /home/dora/robot_ws/install/velocity_controller/lib/python3.10/site-packages/velocity_controller
byte-compiling /home/dora/robot_ws/install/velocity_controller/lib/python3.10/site-packages/velocity_controller/velocity_controller.py to velocity_controller.cpython-310.pyc
byte-compiling /home/dora/robot_ws/install/velocity_controller/lib/python3.10/site-packages/velocity_controller/__init__.py to __init__.cpython-310.pyc
running install_data
copying resource/velocity_controller -> /home/dora/robot_ws/install/velocity_controller/share/ament_index/resource_index/packages
copying package.xml -> /home/dora/robot_ws/install/velocity_controller/share/velocity_controller
copying launch/velocity_controller.launch.py -> /home/dora/robot_ws/install/velocity_controller/share/velocity_controller/launch
running install_egg_info
Copying ../../build/velocity_controller/velocity_controller.egg-info to /home/dora/robot_ws/install/velocity_controller/lib/python3.10/site-packages/velocity_controller-0.0.0-py3.10.egg-info
running install_scripts
Installing velocity_controller script to /home/dora/robot_ws/install/velocity_controller/lib/velocity_controller
writing list of installed files to '/home/dora/robot_ws/build/velocity_controller/install.log'
