[7.336s] Invoking command in '/home/dora/robot_ws/build/velocity_controller': PYTHONPATH=/home/dora/robot_ws/build/velocity_controller/prefix_override:/usr/lib/python3/dist-packages/colcon_core/task/python/colcon_distutils_commands:/home/dora/robot_ws/install/velocity_controller/lib/python3.10/site-packages:${PYTHONPATH} /usr/bin/python3 -W ignore:setup.py install is deprecated setup.py develop --uninstall --editable --build-directory /home/dora/robot_ws/build/velocity_controller/build
[9.123s] running develop
[10.376s] Removing /home/dora/robot_ws/install/velocity_controller/lib/python3.10/site-packages/velocity-controller.egg-link (link to .)
[11.583s] Invoked command in '/home/dora/robot_ws/build/velocity_controller' returned '0': PYTHONPATH=/home/dora/robot_ws/build/velocity_controller/prefix_override:/usr/lib/python3/dist-packages/colcon_core/task/python/colcon_distutils_commands:/home/dora/robot_ws/install/velocity_controller/lib/python3.10/site-packages:${PYTHONPATH} /usr/bin/python3 -W ignore:setup.py install is deprecated setup.py develop --uninstall --editable --build-directory /home/dora/robot_ws/build/velocity_controller/build
[11.591s] Invoking command in '/home/dora/robot_ws/src/velocity_controller': PYTHONPATH=/home/dora/robot_ws/build/velocity_controller/prefix_override:/usr/lib/python3/dist-packages/colcon_core/task/python/colcon_distutils_commands:/home/dora/robot_ws/install/velocity_controller/lib/python3.10/site-packages:${PYTHONPATH} /usr/bin/python3 -W ignore:setup.py install is deprecated setup.py egg_info --egg-base ../../build/velocity_controller build --build-base /home/dora/robot_ws/build/velocity_controller/build install --record /home/dora/robot_ws/build/velocity_controller/install.log --single-version-externally-managed install_data --force
[13.751s] running egg_info
[13.755s] writing ../../build/velocity_controller/velocity_controller.egg-info/PKG-INFO
[13.759s] writing dependency_links to ../../build/velocity_controller/velocity_controller.egg-info/dependency_links.txt
[13.763s] writing entry points to ../../build/velocity_controller/velocity_controller.egg-info/entry_points.txt
[13.764s] writing requirements to ../../build/velocity_controller/velocity_controller.egg-info/requires.txt
[13.765s] writing top-level names to ../../build/velocity_controller/velocity_controller.egg-info/top_level.txt
[13.774s] reading manifest file '../../build/velocity_controller/velocity_controller.egg-info/SOURCES.txt'
[13.784s] writing manifest file '../../build/velocity_controller/velocity_controller.egg-info/SOURCES.txt'
[13.789s] running build
[13.791s] running build_py
[13.794s] creating /home/dora/robot_ws/build/velocity_controller/build
[13.796s] creating /home/dora/robot_ws/build/velocity_controller/build/lib
[13.800s] creating /home/dora/robot_ws/build/velocity_controller/build/lib/velocity_controller
[13.804s] copying velocity_controller/velocity_controller.py -> /home/dora/robot_ws/build/velocity_controller/build/lib/velocity_controller
[13.810s] copying velocity_controller/__init__.py -> /home/dora/robot_ws/build/velocity_controller/build/lib/velocity_controller
[13.815s] running install
[13.819s] running install_lib
[13.829s] creating /home/dora/robot_ws/install/velocity_controller/lib/python3.10/site-packages/velocity_controller
[13.833s] copying /home/dora/robot_ws/build/velocity_controller/build/lib/velocity_controller/velocity_controller.py -> /home/dora/robot_ws/install/velocity_controller/lib/python3.10/site-packages/velocity_controller
[13.840s] copying /home/dora/robot_ws/build/velocity_controller/build/lib/velocity_controller/__init__.py -> /home/dora/robot_ws/install/velocity_controller/lib/python3.10/site-packages/velocity_controller
[13.850s] byte-compiling /home/dora/robot_ws/install/velocity_controller/lib/python3.10/site-packages/velocity_controller/velocity_controller.py to velocity_controller.cpython-310.pyc
[13.862s] byte-compiling /home/dora/robot_ws/install/velocity_controller/lib/python3.10/site-packages/velocity_controller/__init__.py to __init__.cpython-310.pyc
[13.873s] running install_data
[13.876s] copying resource/velocity_controller -> /home/dora/robot_ws/install/velocity_controller/share/ament_index/resource_index/packages
[13.881s] copying package.xml -> /home/dora/robot_ws/install/velocity_controller/share/velocity_controller
[13.883s] copying launch/velocity_controller.launch.py -> /home/dora/robot_ws/install/velocity_controller/share/velocity_controller/launch
[13.887s] running install_egg_info
[13.907s] Copying ../../build/velocity_controller/velocity_controller.egg-info to /home/dora/robot_ws/install/velocity_controller/lib/python3.10/site-packages/velocity_controller-0.0.0-py3.10.egg-info
[13.943s] running install_scripts
[14.035s] Installing velocity_controller script to /home/dora/robot_ws/install/velocity_controller/lib/velocity_controller
[14.040s] writing list of installed files to '/home/dora/robot_ws/build/velocity_controller/install.log'
[14.259s] Invoked command in '/home/dora/robot_ws/src/velocity_controller' returned '0': PYTHONPATH=/home/dora/robot_ws/build/velocity_controller/prefix_override:/usr/lib/python3/dist-packages/colcon_core/task/python/colcon_distutils_commands:/home/dora/robot_ws/install/velocity_controller/lib/python3.10/site-packages:${PYTHONPATH} /usr/bin/python3 -W ignore:setup.py install is deprecated setup.py egg_info --egg-base ../../build/velocity_controller build --build-base /home/dora/robot_ws/build/velocity_controller/build install --record /home/dora/robot_ws/build/velocity_controller/install.log --single-version-externally-managed install_data --force
