[2.346s] Invoking command in '/home/dora/robot_ws/build/rplidar_ros': CMAKE_PREFIX_PATH=/opt/ros/humble /usr/bin/cmake --build /home/dora/robot_ws/build/rplidar_ros -- -j4 -l4
[2.613s] [  5%] Built target rplidar_client
[2.646s] [ 52%] Built target rplidar_composition
[2.658s] [100%] Built target rplidar_node
[3.619s] Invoked command in '/home/dora/robot_ws/build/rplidar_ros' returned '0': CMAKE_PREFIX_PATH=/opt/ros/humble /usr/bin/cmake --build /home/dora/robot_ws/build/rplidar_ros -- -j4 -l4
[4.149s] Invoking command in '/home/dora/robot_ws/build/rplidar_ros': CMAKE_PREFIX_PATH=/opt/ros/humble /usr/bin/cmake --install /home/dora/robot_ws/build/rplidar_ros
[4.187s] -- Install configuration: ""
[4.187s] -- Up-to-date: /home/dora/robot_ws/install/rplidar_ros/share/rplidar_ros/launch
[4.188s] -- Up-to-date: /home/dora/robot_ws/install/rplidar_ros/share/rplidar_ros/launch/rplidar_a2m12.launch
[4.188s] -- Up-to-date: /home/dora/robot_ws/install/rplidar_ros/share/rplidar_ros/launch/rplidar_a1.launch
[4.189s] -- Up-to-date: /home/dora/robot_ws/install/rplidar_ros/share/rplidar_ros/launch/rplidar_c1.launch
[4.189s] -- Up-to-date: /home/dora/robot_ws/install/rplidar_ros/share/rplidar_ros/launch/view_rplidar_s2e_launch.py
[4.190s] -- Up-to-date: /home/dora/robot_ws/install/rplidar_ros/share/rplidar_ros/launch/view_rplidar_s1_launch.py
[4.191s] -- Up-to-date: /home/dora/robot_ws/install/rplidar_ros/share/rplidar_ros/launch/rplidar_a1_launch.py
[4.192s] -- Up-to-date: /home/dora/robot_ws/install/rplidar_ros/share/rplidar_ros/launch/view_rplidar_s2.launch
[4.193s] -- Up-to-date: /home/dora/robot_ws/install/rplidar_ros/share/rplidar_ros/launch/rplidar_a2m8_launch.py
[4.194s] -- Up-to-date: /home/dora/robot_ws/install/rplidar_ros/share/rplidar_ros/launch/rplidar_c1_launch.py
[4.195s] -- Up-to-date: /home/dora/robot_ws/install/rplidar_ros/share/rplidar_ros/launch/view_rplidar_s3.launch
[4.196s] -- Up-to-date: /home/dora/robot_ws/install/rplidar_ros/share/rplidar_ros/launch/view_rplidar_a1_launch.py
[4.197s] -- Up-to-date: /home/dora/robot_ws/install/rplidar_ros/share/rplidar_ros/launch/rplidar_s1_launch.py
[4.198s] -- Up-to-date: /home/dora/robot_ws/install/rplidar_ros/share/rplidar_ros/launch/view_rplidar_s2_launch.py
[4.206s] -- Up-to-date: /home/dora/robot_ws/install/rplidar_ros/share/rplidar_ros/launch/view_rplidar_a3_launch.py
[4.207s] -- Up-to-date: /home/dora/robot_ws/install/rplidar_ros/share/rplidar_ros/launch/test_rplidar.launch
[4.209s] -- Up-to-date: /home/dora/robot_ws/install/rplidar_ros/share/rplidar_ros/launch/view_rplidar_a2m12.launch
[4.210s] -- Up-to-date: /home/dora/robot_ws/install/rplidar_ros/share/rplidar_ros/launch/view_rplidar_s3_launch.py
[4.213s] -- Up-to-date: /home/dora/robot_ws/install/rplidar_ros/share/rplidar_ros/launch/view_rplidar_c1_launch.py
[4.218s] -- Up-to-date: /home/dora/robot_ws/install/rplidar_ros/share/rplidar_ros/launch/rplidar_s1_tcp.launch
[4.219s] -- Up-to-date: /home/dora/robot_ws/install/rplidar_ros/share/rplidar_ros/launch/view_rplidar_a3.launch
[4.219s] -- Up-to-date: /home/dora/robot_ws/install/rplidar_ros/share/rplidar_ros/launch/rplidar_s3_launch.py
[4.220s] -- Up-to-date: /home/dora/robot_ws/install/rplidar_ros/share/rplidar_ros/launch/rplidar_s1_tcp_launch.py
[4.221s] -- Up-to-date: /home/dora/robot_ws/install/rplidar_ros/share/rplidar_ros/launch/rplidar_s2e.launch
[4.223s] -- Up-to-date: /home/dora/robot_ws/install/rplidar_ros/share/rplidar_ros/launch/rplidar_s2e_launch.py
[4.224s] -- Up-to-date: /home/dora/robot_ws/install/rplidar_ros/share/rplidar_ros/launch/rplidar_s3.launch
[4.229s] -- Up-to-date: /home/dora/robot_ws/install/rplidar_ros/share/rplidar_ros/launch/view_rplidar_a2m7.launch
[4.230s] -- Up-to-date: /home/dora/robot_ws/install/rplidar_ros/share/rplidar_ros/launch/rplidar_a2m7.launch
[4.233s] -- Up-to-date: /home/dora/robot_ws/install/rplidar_ros/share/rplidar_ros/launch/rplidar_s2_launch.py
[4.235s] -- Up-to-date: /home/dora/robot_ws/install/rplidar_ros/share/rplidar_ros/launch/view_rplidar_a2m12_launch.py
[4.237s] -- Up-to-date: /home/dora/robot_ws/install/rplidar_ros/share/rplidar_ros/launch/test_rplidar_a3.launch
[4.238s] -- Up-to-date: /home/dora/robot_ws/install/rplidar_ros/share/rplidar_ros/launch/rplidar_a2m7_launch.py
[4.238s] -- Up-to-date: /home/dora/robot_ws/install/rplidar_ros/share/rplidar_ros/launch/view_rplidar_s1.launch
[4.239s] -- Up-to-date: /home/dora/robot_ws/install/rplidar_ros/share/rplidar_ros/launch/view_rplidar_a1.launch
[4.245s] -- Up-to-date: /home/dora/robot_ws/install/rplidar_ros/share/rplidar_ros/launch/view_rplidar_s2e.launch
[4.246s] -- Up-to-date: /home/dora/robot_ws/install/rplidar_ros/share/rplidar_ros/launch/view_rplidar_s1_tcp.launch
[4.246s] -- Up-to-date: /home/dora/robot_ws/install/rplidar_ros/share/rplidar_ros/launch/view_rplidar_a2m7_launch.py
[4.247s] -- Up-to-date: /home/dora/robot_ws/install/rplidar_ros/share/rplidar_ros/launch/view_rplidar_t1_launch.py
[4.247s] -- Up-to-date: /home/dora/robot_ws/install/rplidar_ros/share/rplidar_ros/launch/rplidar_a2m8.launch
[4.248s] -- Up-to-date: /home/dora/robot_ws/install/rplidar_ros/share/rplidar_ros/launch/rplidar_a2m12_launch.py
[4.248s] -- Up-to-date: /home/dora/robot_ws/install/rplidar_ros/share/rplidar_ros/launch/rplidar_s2.launch
[4.249s] -- Up-to-date: /home/dora/robot_ws/install/rplidar_ros/share/rplidar_ros/launch/rplidar_s1.launch
[4.249s] -- Up-to-date: /home/dora/robot_ws/install/rplidar_ros/share/rplidar_ros/launch/view_rplidar_a2m8_launch.py
[4.250s] -- Up-to-date: /home/dora/robot_ws/install/rplidar_ros/share/rplidar_ros/launch/rplidar_t1.launch
[4.250s] -- Up-to-date: /home/dora/robot_ws/install/rplidar_ros/share/rplidar_ros/launch/rplidar_a3_launch.py
[4.251s] -- Up-to-date: /home/dora/robot_ws/install/rplidar_ros/share/rplidar_ros/launch/rplidar_a3.launch
[4.251s] -- Up-to-date: /home/dora/robot_ws/install/rplidar_ros/share/rplidar_ros/launch/view_rplidar_t1.launch
[4.251s] -- Up-to-date: /home/dora/robot_ws/install/rplidar_ros/share/rplidar_ros/launch/view_rplidar_s1_tcp_launch.py
[4.252s] -- Up-to-date: /home/dora/robot_ws/install/rplidar_ros/share/rplidar_ros/launch/view_rplidar_a2m8.launch
[4.258s] -- Up-to-date: /home/dora/robot_ws/install/rplidar_ros/share/rplidar_ros/launch/rplidar_t1_launch.py
[4.265s] -- Up-to-date: /home/dora/robot_ws/install/rplidar_ros/share/rplidar_ros/launch/view_rplidar_c1.launch
[4.266s] -- Up-to-date: /home/dora/robot_ws/install/rplidar_ros/share/rplidar_ros/rviz
[4.266s] -- Up-to-date: /home/dora/robot_ws/install/rplidar_ros/share/rplidar_ros/rviz/rplidar_ros.rviz
[4.266s] -- Up-to-date: /home/dora/robot_ws/install/rplidar_ros/share/rplidar_ros/rviz/rplidar.rviz
[4.267s] -- Up-to-date: /home/dora/robot_ws/install/rplidar_ros/lib/rplidar_ros/rplidar_node
[4.267s] -- Up-to-date: /home/dora/robot_ws/install/rplidar_ros/lib/rplidar_ros/rplidar_composition
[4.268s] -- Up-to-date: /home/dora/robot_ws/install/rplidar_ros/lib/rplidar_ros/rplidar_client
[4.269s] -- Up-to-date: /home/dora/robot_ws/install/rplidar_ros/share/ament_index/resource_index/package_run_dependencies/rplidar_ros
[4.269s] -- Up-to-date: /home/dora/robot_ws/install/rplidar_ros/share/ament_index/resource_index/parent_prefix_path/rplidar_ros
[4.270s] -- Up-to-date: /home/dora/robot_ws/install/rplidar_ros/share/rplidar_ros/environment/ament_prefix_path.sh
[4.270s] -- Up-to-date: /home/dora/robot_ws/install/rplidar_ros/share/rplidar_ros/environment/ament_prefix_path.dsv
[4.271s] -- Up-to-date: /home/dora/robot_ws/install/rplidar_ros/share/rplidar_ros/environment/path.sh
[4.278s] -- Up-to-date: /home/dora/robot_ws/install/rplidar_ros/share/rplidar_ros/environment/path.dsv
[4.280s] -- Up-to-date: /home/dora/robot_ws/install/rplidar_ros/share/rplidar_ros/local_setup.bash
[4.280s] -- Up-to-date: /home/dora/robot_ws/install/rplidar_ros/share/rplidar_ros/local_setup.sh
[4.281s] -- Up-to-date: /home/dora/robot_ws/install/rplidar_ros/share/rplidar_ros/local_setup.zsh
[4.281s] -- Up-to-date: /home/dora/robot_ws/install/rplidar_ros/share/rplidar_ros/local_setup.dsv
[4.282s] -- Installing: /home/dora/robot_ws/install/rplidar_ros/share/rplidar_ros/package.dsv
[4.282s] -- Up-to-date: /home/dora/robot_ws/install/rplidar_ros/share/ament_index/resource_index/packages/rplidar_ros
[4.283s] -- Up-to-date: /home/dora/robot_ws/install/rplidar_ros/share/rplidar_ros/cmake/ament_cmake_export_dependencies-extras.cmake
[4.283s] -- Up-to-date: /home/dora/robot_ws/install/rplidar_ros/share/rplidar_ros/cmake/ament_cmake_export_include_directories-extras.cmake
[4.283s] -- Up-to-date: /home/dora/robot_ws/install/rplidar_ros/share/rplidar_ros/cmake/rplidar_rosConfig.cmake
[4.284s] -- Up-to-date: /home/dora/robot_ws/install/rplidar_ros/share/rplidar_ros/cmake/rplidar_rosConfig-version.cmake
[4.284s] -- Up-to-date: /home/dora/robot_ws/install/rplidar_ros/share/rplidar_ros/package.xml
[4.285s] Invoked command in '/home/dora/robot_ws/build/rplidar_ros' returned '0': CMAKE_PREFIX_PATH=/opt/ros/humble /usr/bin/cmake --install /home/dora/robot_ws/build/rplidar_ros
