[3.267s] Invoking command in '/home/dora/dora_ros2_ws/robot_ws/src/wheel_controller': PYTHONPATH=/home/dora/dora_ros2_ws/robot_ws/build/wheel_controller/prefix_override:/usr/lib/python3/dist-packages/colcon_core/task/python/colcon_distutils_commands:/home/dora/dora_ros2_ws/robot_ws/install/wheel_controller/lib/python3.10/site-packages:${PYTHONPATH} /usr/bin/python3 -W ignore:setup.py install is deprecated setup.py egg_info --egg-base ../../build/wheel_controller build --build-base /home/dora/dora_ros2_ws/robot_ws/build/wheel_controller/build install --record /home/dora/dora_ros2_ws/robot_ws/build/wheel_controller/install.log --single-version-externally-managed install_data
[4.399s] running egg_info
[4.402s] writing ../../build/wheel_controller/wheel_controller.egg-info/PKG-INFO
[4.403s] writing dependency_links to ../../build/wheel_controller/wheel_controller.egg-info/dependency_links.txt
[4.404s] writing entry points to ../../build/wheel_controller/wheel_controller.egg-info/entry_points.txt
[4.405s] writing requirements to ../../build/wheel_controller/wheel_controller.egg-info/requires.txt
[4.405s] writing top-level names to ../../build/wheel_controller/wheel_controller.egg-info/top_level.txt
[4.414s] reading manifest file '../../build/wheel_controller/wheel_controller.egg-info/SOURCES.txt'
[4.418s] writing manifest file '../../build/wheel_controller/wheel_controller.egg-info/SOURCES.txt'
[4.419s] running build
[4.419s] running build_py
[4.421s] running install
[4.422s] running install_lib
[4.428s] running install_data
[4.428s] running install_egg_info
[4.436s] removing '/home/dora/dora_ros2_ws/robot_ws/install/wheel_controller/lib/python3.10/site-packages/wheel_controller-0.0.0-py3.10.egg-info' (and everything under it)
[4.437s] Copying ../../build/wheel_controller/wheel_controller.egg-info to /home/dora/dora_ros2_ws/robot_ws/install/wheel_controller/lib/python3.10/site-packages/wheel_controller-0.0.0-py3.10.egg-info
[4.444s] running install_scripts
[4.524s] Installing wheel_controller script to /home/dora/dora_ros2_ws/robot_ws/install/wheel_controller/lib/wheel_controller
[4.526s] writing list of installed files to '/home/dora/dora_ros2_ws/robot_ws/build/wheel_controller/install.log'
[4.654s] Invoked command in '/home/dora/dora_ros2_ws/robot_ws/src/wheel_controller' returned '0': PYTHONPATH=/home/dora/dora_ros2_ws/robot_ws/build/wheel_controller/prefix_override:/usr/lib/python3/dist-packages/colcon_core/task/python/colcon_distutils_commands:/home/dora/dora_ros2_ws/robot_ws/install/wheel_controller/lib/python3.10/site-packages:${PYTHONPATH} /usr/bin/python3 -W ignore:setup.py install is deprecated setup.py egg_info --egg-base ../../build/wheel_controller build --build-base /home/dora/dora_ros2_ws/robot_ws/build/wheel_controller/build install --record /home/dora/dora_ros2_ws/robot_ws/build/wheel_controller/install.log --single-version-externally-managed install_data
