[2.961s] Invoking command in '/home/dora/dora_ros2_ws/robot_ws/src/mecanum_controller': PYTHONPATH=/home/dora/dora_ros2_ws/robot_ws/build/mecanum_controller/prefix_override:/usr/lib/python3/dist-packages/colcon_core/task/python/colcon_distutils_commands:/home/dora/dora_ros2_ws/robot_ws/install/mecanum_controller/lib/python3.10/site-packages:${PYTHONPATH} /usr/bin/python3 -W ignore:setup.py install is deprecated setup.py egg_info --egg-base ../../build/mecanum_controller build --build-base /home/dora/dora_ros2_ws/robot_ws/build/mecanum_controller/build install --record /home/dora/dora_ros2_ws/robot_ws/build/mecanum_controller/install.log --single-version-externally-managed install_data
[4.111s] running egg_info
[4.113s] writing ../../build/mecanum_controller/mecanum_controller.egg-info/PKG-INFO
[4.114s] writing dependency_links to ../../build/mecanum_controller/mecanum_controller.egg-info/dependency_links.txt
[4.115s] writing entry points to ../../build/mecanum_controller/mecanum_controller.egg-info/entry_points.txt
[4.116s] writing requirements to ../../build/mecanum_controller/mecanum_controller.egg-info/requires.txt
[4.116s] writing top-level names to ../../build/mecanum_controller/mecanum_controller.egg-info/top_level.txt
[4.124s] reading manifest file '../../build/mecanum_controller/mecanum_controller.egg-info/SOURCES.txt'
[4.128s] writing manifest file '../../build/mecanum_controller/mecanum_controller.egg-info/SOURCES.txt'
[4.129s] running build
[4.130s] running build_py
[4.131s] running install
[4.132s] running install_lib
[4.138s] running install_data
[4.139s] copying launch/mecanum_controller.launch.py -> /home/dora/dora_ros2_ws/robot_ws/install/mecanum_controller/share/mecanum_controller
[4.139s] running install_egg_info
[4.147s] Copying ../../build/mecanum_controller/mecanum_controller.egg-info to /home/dora/dora_ros2_ws/robot_ws/install/mecanum_controller/lib/python3.10/site-packages/mecanum_controller-0.0.1-py3.10.egg-info
[4.153s] running install_scripts
[4.232s] Installing mecanum_controller script to /home/dora/dora_ros2_ws/robot_ws/install/mecanum_controller/lib/mecanum_controller
[4.233s] writing list of installed files to '/home/dora/dora_ros2_ws/robot_ws/build/mecanum_controller/install.log'
[4.358s] Invoked command in '/home/dora/dora_ros2_ws/robot_ws/src/mecanum_controller' returned '0': PYTHONPATH=/home/dora/dora_ros2_ws/robot_ws/build/mecanum_controller/prefix_override:/usr/lib/python3/dist-packages/colcon_core/task/python/colcon_distutils_commands:/home/dora/dora_ros2_ws/robot_ws/install/mecanum_controller/lib/python3.10/site-packages:${PYTHONPATH} /usr/bin/python3 -W ignore:setup.py install is deprecated setup.py egg_info --egg-base ../../build/mecanum_controller build --build-base /home/dora/dora_ros2_ws/robot_ws/build/mecanum_controller/build install --record /home/dora/dora_ros2_ws/robot_ws/build/mecanum_controller/install.log --single-version-externally-managed install_data
