[0.442s] DEBUG:colcon:Command line arguments: ['/usr/bin/colcon', 'build', '--packages-select', 'encoder_odometry']
[0.443s] DEBUG:colcon:Parsed command line arguments: Namespace(log_base=None, log_level=None, verb_name='build', build_base='build', install_base='install', merge_install=False, symlink_install=False, test_result_base=None, continue_on_error=False, executor='parallel', parallel_workers=4, event_handlers=None, ignore_user_meta=False, metas=['./colcon.meta'], base_paths=['.'], packages_ignore=None, packages_ignore_regex=None, paths=None, packages_up_to=None, packages_up_to_regex=None, packages_above=None, packages_above_and_dependencies=None, packages_above_depth=None, packages_select_by_dep=None, packages_skip_by_dep=None, packages_skip_up_to=None, packages_select_build_failed=False, packages_skip_build_finished=False, packages_select_test_failures=False, packages_skip_test_passed=False, packages_select=['encoder_odometry'], packages_skip=None, packages_select_regex=None, packages_skip_regex=None, packages_start=None, packages_end=None, allow_overriding=[], cmake_args=None, cmake_target=None, cmake_target_skip_unavailable=False, cmake_clean_cache=False, cmake_clean_first=False, cmake_force_configure=False, ament_cmake_args=None, catkin_cmake_args=None, catkin_skip_building_tests=False, verb_parser=<colcon_defaults.argument_parser.defaults.DefaultArgumentsDecorator object at 0xffff88576bc0>, verb_extension=<colcon_core.verb.build.BuildVerb object at 0xffff88947760>, main=<bound method BuildVerb.main of <colcon_core.verb.build.BuildVerb object at 0xffff88947760>>)
[1.156s] Level 1:colcon.colcon_core.package_discovery:discover_packages(colcon_meta) check parameters
[1.156s] Level 1:colcon.colcon_core.package_discovery:discover_packages(recursive) check parameters
[1.156s] Level 1:colcon.colcon_core.package_discovery:discover_packages(ignore) check parameters
[1.156s] Level 1:colcon.colcon_core.package_discovery:discover_packages(path) check parameters
[1.157s] Level 1:colcon.colcon_core.package_discovery:discover_packages(colcon_meta) discover
[1.157s] Level 1:colcon.colcon_core.package_discovery:discover_packages(recursive) discover
[1.157s] INFO:colcon.colcon_core.package_discovery:Crawling recursively for packages in '/home/dora/robot_ws/src'
[1.158s] Level 1:colcon.colcon_core.package_identification:_identify(.) by extensions ['ignore', 'ignore_ament_install']
[1.158s] Level 1:colcon.colcon_core.package_identification:_identify(.) by extension 'ignore'
[1.158s] Level 1:colcon.colcon_core.package_identification:_identify(.) by extension 'ignore_ament_install'
[1.159s] Level 1:colcon.colcon_core.package_identification:_identify(.) by extensions ['colcon_pkg']
[1.159s] Level 1:colcon.colcon_core.package_identification:_identify(.) by extension 'colcon_pkg'
[1.159s] Level 1:colcon.colcon_core.package_identification:_identify(.) by extensions ['colcon_meta']
[1.159s] Level 1:colcon.colcon_core.package_identification:_identify(.) by extension 'colcon_meta'
[1.159s] Level 1:colcon.colcon_core.package_identification:_identify(.) by extensions ['ros']
[1.159s] Level 1:colcon.colcon_core.package_identification:_identify(.) by extension 'ros'
[1.206s] Level 1:colcon.colcon_core.package_identification:_identify(.) by extensions ['cmake', 'python']
[1.207s] Level 1:colcon.colcon_core.package_identification:_identify(.) by extension 'cmake'
[1.207s] Level 1:colcon.colcon_core.package_identification:_identify(.) by extension 'python'
[1.207s] Level 1:colcon.colcon_core.package_identification:_identify(.) by extensions ['python_setup_py']
[1.207s] Level 1:colcon.colcon_core.package_identification:_identify(.) by extension 'python_setup_py'
[1.208s] Level 1:colcon.colcon_core.package_identification:_identify(build) by extensions ['ignore', 'ignore_ament_install']
[1.208s] Level 1:colcon.colcon_core.package_identification:_identify(build) by extension 'ignore'
[1.208s] Level 1:colcon.colcon_core.package_identification:_identify(build) ignored
[1.209s] Level 1:colcon.colcon_core.package_identification:_identify(encoder_odometry) by extensions ['ignore', 'ignore_ament_install']
[1.209s] Level 1:colcon.colcon_core.package_identification:_identify(encoder_odometry) by extension 'ignore'
[1.210s] Level 1:colcon.colcon_core.package_identification:_identify(encoder_odometry) by extension 'ignore_ament_install'
[1.210s] Level 1:colcon.colcon_core.package_identification:_identify(encoder_odometry) by extensions ['colcon_pkg']
[1.210s] Level 1:colcon.colcon_core.package_identification:_identify(encoder_odometry) by extension 'colcon_pkg'
[1.210s] Level 1:colcon.colcon_core.package_identification:_identify(encoder_odometry) by extensions ['colcon_meta']
[1.210s] Level 1:colcon.colcon_core.package_identification:_identify(encoder_odometry) by extension 'colcon_meta'
[1.211s] Level 1:colcon.colcon_core.package_identification:_identify(encoder_odometry) by extensions ['ros']
[1.211s] Level 1:colcon.colcon_core.package_identification:_identify(encoder_odometry) by extension 'ros'
[1.220s] DEBUG:colcon.colcon_core.package_identification:Package 'encoder_odometry' with type 'ros.ament_python' and name 'encoder_odometry'
[1.221s] Level 1:colcon.colcon_core.package_identification:_identify(install) by extensions ['ignore', 'ignore_ament_install']
[1.221s] Level 1:colcon.colcon_core.package_identification:_identify(install) by extension 'ignore'
[1.222s] Level 1:colcon.colcon_core.package_identification:_identify(install) ignored
[1.222s] Level 1:colcon.colcon_core.package_identification:_identify(log) by extensions ['ignore', 'ignore_ament_install']
[1.223s] Level 1:colcon.colcon_core.package_identification:_identify(log) by extension 'ignore'
[1.223s] Level 1:colcon.colcon_core.package_identification:_identify(log) ignored
[1.223s] Level 1:colcon.colcon_core.package_identification:_identify(my_package) by extensions ['ignore', 'ignore_ament_install']
[1.224s] Level 1:colcon.colcon_core.package_identification:_identify(my_package) by extension 'ignore'
[1.224s] Level 1:colcon.colcon_core.package_identification:_identify(my_package) by extension 'ignore_ament_install'
[1.224s] Level 1:colcon.colcon_core.package_identification:_identify(my_package) by extensions ['colcon_pkg']
[1.224s] Level 1:colcon.colcon_core.package_identification:_identify(my_package) by extension 'colcon_pkg'
[1.224s] Level 1:colcon.colcon_core.package_identification:_identify(my_package) by extensions ['colcon_meta']
[1.224s] Level 1:colcon.colcon_core.package_identification:_identify(my_package) by extension 'colcon_meta'
[1.225s] Level 1:colcon.colcon_core.package_identification:_identify(my_package) by extensions ['ros']
[1.225s] Level 1:colcon.colcon_core.package_identification:_identify(my_package) by extension 'ros'
[1.227s] DEBUG:colcon.colcon_core.package_identification:Package 'my_package' with type 'ros.ament_python' and name 'my_package'
[1.228s] Level 1:colcon.colcon_core.package_identification:_identify(rplidar_ros) by extensions ['ignore', 'ignore_ament_install']
[1.228s] Level 1:colcon.colcon_core.package_identification:_identify(rplidar_ros) by extension 'ignore'
[1.229s] Level 1:colcon.colcon_core.package_identification:_identify(rplidar_ros) by extension 'ignore_ament_install'
[1.229s] Level 1:colcon.colcon_core.package_identification:_identify(rplidar_ros) by extensions ['colcon_pkg']
[1.229s] Level 1:colcon.colcon_core.package_identification:_identify(rplidar_ros) by extension 'colcon_pkg'
[1.229s] Level 1:colcon.colcon_core.package_identification:_identify(rplidar_ros) by extensions ['colcon_meta']
[1.229s] Level 1:colcon.colcon_core.package_identification:_identify(rplidar_ros) by extension 'colcon_meta'
[1.230s] Level 1:colcon.colcon_core.package_identification:_identify(rplidar_ros) by extensions ['ros']
[1.230s] Level 1:colcon.colcon_core.package_identification:_identify(rplidar_ros) by extension 'ros'
[1.232s] DEBUG:colcon.colcon_core.package_identification:Package 'rplidar_ros' with type 'ros.ament_cmake' and name 'rplidar_ros'
[1.233s] Level 1:colcon.colcon_core.package_identification:_identify(serial_coms) by extensions ['ignore', 'ignore_ament_install']
[1.234s] Level 1:colcon.colcon_core.package_identification:_identify(serial_coms) by extension 'ignore'
[1.234s] Level 1:colcon.colcon_core.package_identification:_identify(serial_coms) by extension 'ignore_ament_install'
[1.234s] Level 1:colcon.colcon_core.package_identification:_identify(serial_coms) by extensions ['colcon_pkg']
[1.234s] Level 1:colcon.colcon_core.package_identification:_identify(serial_coms) by extension 'colcon_pkg'
[1.235s] Level 1:colcon.colcon_core.package_identification:_identify(serial_coms) by extensions ['colcon_meta']
[1.235s] Level 1:colcon.colcon_core.package_identification:_identify(serial_coms) by extension 'colcon_meta'
[1.235s] Level 1:colcon.colcon_core.package_identification:_identify(serial_coms) by extensions ['ros']
[1.235s] Level 1:colcon.colcon_core.package_identification:_identify(serial_coms) by extension 'ros'
[1.237s] DEBUG:colcon.colcon_core.package_identification:Package 'serial_coms' with type 'ros.ament_python' and name 'serial_coms'
[1.238s] Level 1:colcon.colcon_core.package_identification:_identify(velocity_controller) by extensions ['ignore', 'ignore_ament_install']
[1.238s] Level 1:colcon.colcon_core.package_identification:_identify(velocity_controller) by extension 'ignore'
[1.239s] Level 1:colcon.colcon_core.package_identification:_identify(velocity_controller) by extension 'ignore_ament_install'
[1.239s] Level 1:colcon.colcon_core.package_identification:_identify(velocity_controller) by extensions ['colcon_pkg']
[1.239s] Level 1:colcon.colcon_core.package_identification:_identify(velocity_controller) by extension 'colcon_pkg'
[1.239s] Level 1:colcon.colcon_core.package_identification:_identify(velocity_controller) by extensions ['colcon_meta']
[1.239s] Level 1:colcon.colcon_core.package_identification:_identify(velocity_controller) by extension 'colcon_meta'
[1.240s] Level 1:colcon.colcon_core.package_identification:_identify(velocity_controller) by extensions ['ros']
[1.240s] Level 1:colcon.colcon_core.package_identification:_identify(velocity_controller) by extension 'ros'
[1.242s] DEBUG:colcon.colcon_core.package_identification:Package 'velocity_controller' with type 'ros.ament_python' and name 'velocity_controller'
[1.242s] Level 1:colcon.colcon_core.package_identification:_identify(wheel_controller) by extensions ['ignore', 'ignore_ament_install']
[1.243s] Level 1:colcon.colcon_core.package_identification:_identify(wheel_controller) by extension 'ignore'
[1.243s] Level 1:colcon.colcon_core.package_identification:_identify(wheel_controller) by extension 'ignore_ament_install'
[1.243s] Level 1:colcon.colcon_core.package_identification:_identify(wheel_controller) by extensions ['colcon_pkg']
[1.243s] Level 1:colcon.colcon_core.package_identification:_identify(wheel_controller) by extension 'colcon_pkg'
[1.243s] Level 1:colcon.colcon_core.package_identification:_identify(wheel_controller) by extensions ['colcon_meta']
[1.244s] Level 1:colcon.colcon_core.package_identification:_identify(wheel_controller) by extension 'colcon_meta'
[1.244s] Level 1:colcon.colcon_core.package_identification:_identify(wheel_controller) by extensions ['ros']
[1.244s] Level 1:colcon.colcon_core.package_identification:_identify(wheel_controller) by extension 'ros'
[1.246s] DEBUG:colcon.colcon_core.package_identification:Package 'wheel_controller' with type 'ros.ament_python' and name 'wheel_controller'
[1.247s] Level 1:colcon.colcon_core.package_discovery:discover_packages(recursive) using defaults
[1.247s] Level 1:colcon.colcon_core.package_discovery:discover_packages(ignore) discover
[1.247s] Level 1:colcon.colcon_core.package_discovery:discover_packages(ignore) using defaults
[1.247s] Level 1:colcon.colcon_core.package_discovery:discover_packages(path) discover
[1.247s] Level 1:colcon.colcon_core.package_discovery:discover_packages(path) using defaults
[1.334s] INFO:colcon.colcon_core.package_selection:Skipping not selected package 'my_package' in 'my_package'
[1.335s] INFO:colcon.colcon_core.package_selection:Skipping not selected package 'rplidar_ros' in 'rplidar_ros'
[1.335s] INFO:colcon.colcon_core.package_selection:Skipping not selected package 'serial_coms' in 'serial_coms'
[1.335s] INFO:colcon.colcon_core.package_selection:Skipping not selected package 'velocity_controller' in 'velocity_controller'
[1.335s] INFO:colcon.colcon_core.package_selection:Skipping not selected package 'wheel_controller' in 'wheel_controller'
[1.337s] Level 1:colcon.colcon_core.package_discovery:discover_packages(prefix_path) check parameters
[1.337s] Level 1:colcon.colcon_core.package_discovery:discover_packages(prefix_path) discover
[1.349s] DEBUG:colcon.colcon_installed_package_information.package_discovery:Found 204 installed packages in /opt/ros/humble
[1.354s] Level 1:colcon.colcon_core.package_discovery:discover_packages(prefix_path) using defaults
[1.477s] Level 5:colcon.colcon_core.verb:set package 'encoder_odometry' build argument 'cmake_args' from command line to 'None'
[1.477s] Level 5:colcon.colcon_core.verb:set package 'encoder_odometry' build argument 'cmake_target' from command line to 'None'
[1.477s] Level 5:colcon.colcon_core.verb:set package 'encoder_odometry' build argument 'cmake_target_skip_unavailable' from command line to 'False'
[1.478s] Level 5:colcon.colcon_core.verb:set package 'encoder_odometry' build argument 'cmake_clean_cache' from command line to 'False'
[1.478s] Level 5:colcon.colcon_core.verb:set package 'encoder_odometry' build argument 'cmake_clean_first' from command line to 'False'
[1.478s] Level 5:colcon.colcon_core.verb:set package 'encoder_odometry' build argument 'cmake_force_configure' from command line to 'False'
[1.478s] Level 5:colcon.colcon_core.verb:set package 'encoder_odometry' build argument 'ament_cmake_args' from command line to 'None'
[1.478s] Level 5:colcon.colcon_core.verb:set package 'encoder_odometry' build argument 'catkin_cmake_args' from command line to 'None'
[1.478s] Level 5:colcon.colcon_core.verb:set package 'encoder_odometry' build argument 'catkin_skip_building_tests' from command line to 'False'
[1.478s] DEBUG:colcon.colcon_core.verb:Building package 'encoder_odometry' with the following arguments: {'ament_cmake_args': None, 'build_base': '/home/dora/robot_ws/src/build/encoder_odometry', 'catkin_cmake_args': None, 'catkin_skip_building_tests': False, 'cmake_args': None, 'cmake_clean_cache': False, 'cmake_clean_first': False, 'cmake_force_configure': False, 'cmake_target': None, 'cmake_target_skip_unavailable': False, 'install_base': '/home/dora/robot_ws/src/install/encoder_odometry', 'merge_install': False, 'path': '/home/dora/robot_ws/src/encoder_odometry', 'symlink_install': False, 'test_result_base': None}
[1.479s] INFO:colcon.colcon_core.executor:Executing jobs using 'parallel' executor
[1.483s] DEBUG:colcon.colcon_parallel_executor.executor.parallel:run_until_complete
[1.484s] INFO:colcon.colcon_ros.task.ament_python.build:Building ROS package in '/home/dora/robot_ws/src/encoder_odometry' with build type 'ament_python'
[1.485s] Level 1:colcon.colcon_core.shell:create_environment_hook('encoder_odometry', 'ament_prefix_path')
[1.495s] INFO:colcon.colcon_core.plugin_system:Skipping extension 'colcon_core.shell.bat': Not used on non-Windows systems
[1.496s] INFO:colcon.colcon_core.shell:Creating environment hook '/home/dora/robot_ws/src/install/encoder_odometry/share/encoder_odometry/hook/ament_prefix_path.ps1'
[1.499s] INFO:colcon.colcon_core.shell:Creating environment descriptor '/home/dora/robot_ws/src/install/encoder_odometry/share/encoder_odometry/hook/ament_prefix_path.dsv'
[1.502s] INFO:colcon.colcon_core.shell:Creating environment hook '/home/dora/robot_ws/src/install/encoder_odometry/share/encoder_odometry/hook/ament_prefix_path.sh'
[1.505s] INFO:colcon.colcon_core.shell:Skip shell extension 'powershell' for command environment: Not usable outside of PowerShell
[1.506s] DEBUG:colcon.colcon_core.shell:Skip shell extension 'dsv' for command environment
[2.697s] INFO:colcon.colcon_core.task.python.build:Building Python package in '/home/dora/robot_ws/src/encoder_odometry'
[2.698s] INFO:colcon.colcon_core.shell:Skip shell extension 'powershell' for command environment: Not usable outside of PowerShell
[2.699s] DEBUG:colcon.colcon_core.shell:Skip shell extension 'dsv' for command environment
[4.350s] DEBUG:colcon.colcon_core.event_handler.log_command:Invoking command in '/home/dora/robot_ws/src/encoder_odometry': PYTHONPATH=/home/dora/robot_ws/src/build/encoder_odometry/prefix_override:/usr/lib/python3/dist-packages/colcon_core/task/python/colcon_distutils_commands:/home/dora/robot_ws/src/install/encoder_odometry/lib/python3.10/site-packages:${PYTHONPATH} /usr/bin/python3 -W ignore:setup.py install is deprecated setup.py egg_info --egg-base ../build/encoder_odometry build --build-base /home/dora/robot_ws/src/build/encoder_odometry/build install --record /home/dora/robot_ws/src/build/encoder_odometry/install.log --single-version-externally-managed install_data
[5.701s] DEBUG:colcon.colcon_core.event_handler.log_command:Invoked command in '/home/dora/robot_ws/src/encoder_odometry' returned '0': PYTHONPATH=/home/dora/robot_ws/src/build/encoder_odometry/prefix_override:/usr/lib/python3/dist-packages/colcon_core/task/python/colcon_distutils_commands:/home/dora/robot_ws/src/install/encoder_odometry/lib/python3.10/site-packages:${PYTHONPATH} /usr/bin/python3 -W ignore:setup.py install is deprecated setup.py egg_info --egg-base ../build/encoder_odometry build --build-base /home/dora/robot_ws/src/build/encoder_odometry/build install --record /home/dora/robot_ws/src/build/encoder_odometry/install.log --single-version-externally-managed install_data
[5.710s] Level 1:colcon.colcon_core.environment:checking '/home/dora/robot_ws/src/install/encoder_odometry' for CMake module files
[5.713s] Level 1:colcon.colcon_core.environment:checking '/home/dora/robot_ws/src/install/encoder_odometry' for CMake config files
[5.718s] Level 1:colcon.colcon_core.environment:checking '/home/dora/robot_ws/src/install/encoder_odometry/lib'
[5.719s] Level 1:colcon.colcon_core.environment:checking '/home/dora/robot_ws/src/install/encoder_odometry/bin'
[5.719s] Level 1:colcon.colcon_core.environment:checking '/home/dora/robot_ws/src/install/encoder_odometry/lib/pkgconfig/encoder_odometry.pc'
[5.720s] Level 1:colcon.colcon_core.environment:checking '/home/dora/robot_ws/src/install/encoder_odometry/lib/python3.10/site-packages'
[5.721s] Level 1:colcon.colcon_core.shell:create_environment_hook('encoder_odometry', 'pythonpath')
[5.722s] INFO:colcon.colcon_core.shell:Creating environment hook '/home/dora/robot_ws/src/install/encoder_odometry/share/encoder_odometry/hook/pythonpath.ps1'
[5.724s] INFO:colcon.colcon_core.shell:Creating environment descriptor '/home/dora/robot_ws/src/install/encoder_odometry/share/encoder_odometry/hook/pythonpath.dsv'
[5.726s] INFO:colcon.colcon_core.shell:Creating environment hook '/home/dora/robot_ws/src/install/encoder_odometry/share/encoder_odometry/hook/pythonpath.sh'
[5.728s] Level 1:colcon.colcon_core.environment:checking '/home/dora/robot_ws/src/install/encoder_odometry/bin'
[5.729s] Level 1:colcon.colcon_core.environment:create_environment_scripts_only(encoder_odometry)
[5.730s] INFO:colcon.colcon_core.shell:Creating package script '/home/dora/robot_ws/src/install/encoder_odometry/share/encoder_odometry/package.ps1'
[5.733s] INFO:colcon.colcon_core.shell:Creating package descriptor '/home/dora/robot_ws/src/install/encoder_odometry/share/encoder_odometry/package.dsv'
[5.736s] INFO:colcon.colcon_core.shell:Creating package script '/home/dora/robot_ws/src/install/encoder_odometry/share/encoder_odometry/package.sh'
[5.740s] INFO:colcon.colcon_core.shell:Creating package script '/home/dora/robot_ws/src/install/encoder_odometry/share/encoder_odometry/package.bash'
[5.743s] INFO:colcon.colcon_core.shell:Creating package script '/home/dora/robot_ws/src/install/encoder_odometry/share/encoder_odometry/package.zsh'
[5.746s] Level 1:colcon.colcon_core.environment:create_file_with_runtime_dependencies(/home/dora/robot_ws/src/install/encoder_odometry/share/colcon-core/packages/encoder_odometry)
[5.748s] DEBUG:colcon.colcon_parallel_executor.executor.parallel:closing loop
[5.749s] DEBUG:colcon.colcon_parallel_executor.executor.parallel:loop closed
[5.749s] DEBUG:colcon.colcon_parallel_executor.executor.parallel:run_until_complete finished with '0'
[5.750s] DEBUG:colcon.colcon_core.event_reactor:joining thread
[5.779s] INFO:colcon.colcon_core.plugin_system:Skipping extension 'colcon_notification.desktop_notification.terminal_notifier': Not used on non-Darwin systems
[5.780s] INFO:colcon.colcon_core.plugin_system:Skipping extension 'colcon_notification.desktop_notification.win32': Not used on non-Windows systems
[5.780s] INFO:colcon.colcon_notification.desktop_notification:Sending desktop notification using 'notify2'
