[6.333s] Invoking command in '/home/dora/robot_ws/src/encoder_odometry': PYTHONPATH=/home/dora/robot_ws/build/encoder_odometry/prefix_override:/usr/lib/python3/dist-packages/colcon_core/task/python/colcon_distutils_commands:/home/dora/robot_ws/install/encoder_odometry/lib/python3.10/site-packages:${PYTHONPATH} /usr/bin/python3 -W ignore:setup.py install is deprecated setup.py egg_info --egg-base ../../build/encoder_odometry build --build-base /home/dora/robot_ws/build/encoder_odometry/build install --record /home/dora/robot_ws/build/encoder_odometry/install.log --single-version-externally-managed install_data
[8.052s] running egg_info
[8.068s] writing ../../build/encoder_odometry/encoder_odometry.egg-info/PKG-INFO
[8.071s] writing dependency_links to ../../build/encoder_odometry/encoder_odometry.egg-info/dependency_links.txt
[8.075s] writing entry points to ../../build/encoder_odometry/encoder_odometry.egg-info/entry_points.txt
[8.083s] writing requirements to ../../build/encoder_odometry/encoder_odometry.egg-info/requires.txt
[8.108s] writing top-level names to ../../build/encoder_odometry/encoder_odometry.egg-info/top_level.txt
[8.125s] reading manifest file '../../build/encoder_odometry/encoder_odometry.egg-info/SOURCES.txt'
[8.139s] writing manifest file '../../build/encoder_odometry/encoder_odometry.egg-info/SOURCES.txt'
[8.144s] running build
[8.146s] running build_py
[8.152s] running install
[8.157s] running install_lib
[8.172s] running install_data
[8.176s] running install_egg_info
[8.195s] removing '/home/dora/robot_ws/install/encoder_odometry/lib/python3.10/site-packages/encoder_odometry-0.0.0-py3.10.egg-info' (and everything under it)
[8.203s] Copying ../../build/encoder_odometry/encoder_odometry.egg-info to /home/dora/robot_ws/install/encoder_odometry/lib/python3.10/site-packages/encoder_odometry-0.0.0-py3.10.egg-info
[8.221s] running install_scripts
[8.375s] Installing encoder_to_odom script to /home/dora/robot_ws/install/encoder_odometry/lib/encoder_odometry
[8.389s] writing list of installed files to '/home/dora/robot_ws/build/encoder_odometry/install.log'
[9.931s] Invoked command in '/home/dora/robot_ws/src/encoder_odometry' returned '0': PYTHONPATH=/home/dora/robot_ws/build/encoder_odometry/prefix_override:/usr/lib/python3/dist-packages/colcon_core/task/python/colcon_distutils_commands:/home/dora/robot_ws/install/encoder_odometry/lib/python3.10/site-packages:${PYTHONPATH} /usr/bin/python3 -W ignore:setup.py install is deprecated setup.py egg_info --egg-base ../../build/encoder_odometry build --build-base /home/dora/robot_ws/build/encoder_odometry/build install --record /home/dora/robot_ws/build/encoder_odometry/install.log --single-version-externally-managed install_data
