[0.429s] DEBUG:colcon:Command line arguments: ['/usr/bin/colcon', 'build', '--packages-select', 'rplidar_ros']
[0.429s] DEBUG:colcon:Parsed command line arguments: Namespace(log_base=None, log_level=None, verb_name='build', build_base='build', install_base='install', merge_install=False, symlink_install=False, test_result_base=None, continue_on_error=False, executor='parallel', parallel_workers=4, event_handlers=None, ignore_user_meta=False, metas=['./colcon.meta'], base_paths=['.'], packages_ignore=None, packages_ignore_regex=None, paths=None, packages_up_to=None, packages_up_to_regex=None, packages_above=None, packages_above_and_dependencies=None, packages_above_depth=None, packages_select_by_dep=None, packages_skip_by_dep=None, packages_skip_up_to=None, packages_select_build_failed=False, packages_skip_build_finished=False, packages_select_test_failures=False, packages_skip_test_passed=False, packages_select=['rplidar_ros'], packages_skip=None, packages_select_regex=None, packages_skip_regex=None, packages_start=None, packages_end=None, allow_overriding=[], cmake_args=None, cmake_target=None, cmake_target_skip_unavailable=False, cmake_clean_cache=False, cmake_clean_first=False, cmake_force_configure=False, ament_cmake_args=None, catkin_cmake_args=None, catkin_skip_building_tests=False, verb_parser=<colcon_defaults.argument_parser.defaults.DefaultArgumentsDecorator object at 0xffffaf9e6bf0>, verb_extension=<colcon_core.verb.build.BuildVerb object at 0xffffafdb7790>, main=<bound method BuildVerb.main of <colcon_core.verb.build.BuildVerb object at 0xffffafdb7790>>)
[1.119s] Level 1:colcon.colcon_core.package_discovery:discover_packages(colcon_meta) check parameters
[1.119s] Level 1:colcon.colcon_core.package_discovery:discover_packages(recursive) check parameters
[1.119s] Level 1:colcon.colcon_core.package_discovery:discover_packages(ignore) check parameters
[1.119s] Level 1:colcon.colcon_core.package_discovery:discover_packages(path) check parameters
[1.120s] Level 1:colcon.colcon_core.package_discovery:discover_packages(colcon_meta) discover
[1.120s] Level 1:colcon.colcon_core.package_discovery:discover_packages(recursive) discover
[1.120s] INFO:colcon.colcon_core.package_discovery:Crawling recursively for packages in '/home/dora/robot_ws'
[1.120s] Level 1:colcon.colcon_core.package_identification:_identify(.) by extensions ['ignore', 'ignore_ament_install']
[1.121s] Level 1:colcon.colcon_core.package_identification:_identify(.) by extension 'ignore'
[1.121s] Level 1:colcon.colcon_core.package_identification:_identify(.) by extension 'ignore_ament_install'
[1.121s] Level 1:colcon.colcon_core.package_identification:_identify(.) by extensions ['colcon_pkg']
[1.121s] Level 1:colcon.colcon_core.package_identification:_identify(.) by extension 'colcon_pkg'
[1.122s] Level 1:colcon.colcon_core.package_identification:_identify(.) by extensions ['colcon_meta']
[1.122s] Level 1:colcon.colcon_core.package_identification:_identify(.) by extension 'colcon_meta'
[1.122s] Level 1:colcon.colcon_core.package_identification:_identify(.) by extensions ['ros']
[1.122s] Level 1:colcon.colcon_core.package_identification:_identify(.) by extension 'ros'
[1.169s] Level 1:colcon.colcon_core.package_identification:_identify(.) by extensions ['cmake', 'python']
[1.169s] Level 1:colcon.colcon_core.package_identification:_identify(.) by extension 'cmake'
[1.170s] Level 1:colcon.colcon_core.package_identification:_identify(.) by extension 'python'
[1.170s] Level 1:colcon.colcon_core.package_identification:_identify(.) by extensions ['python_setup_py']
[1.170s] Level 1:colcon.colcon_core.package_identification:_identify(.) by extension 'python_setup_py'
[1.170s] Level 1:colcon.colcon_core.package_identification:_identify(build) by extensions ['ignore', 'ignore_ament_install']
[1.171s] Level 1:colcon.colcon_core.package_identification:_identify(build) by extension 'ignore'
[1.171s] Level 1:colcon.colcon_core.package_identification:_identify(build) ignored
[1.172s] Level 1:colcon.colcon_core.package_identification:_identify(install) by extensions ['ignore', 'ignore_ament_install']
[1.172s] Level 1:colcon.colcon_core.package_identification:_identify(install) by extension 'ignore'
[1.172s] Level 1:colcon.colcon_core.package_identification:_identify(install) ignored
[1.174s] Level 1:colcon.colcon_core.package_identification:_identify(log) by extensions ['ignore', 'ignore_ament_install']
[1.174s] Level 1:colcon.colcon_core.package_identification:_identify(log) by extension 'ignore'
[1.174s] Level 1:colcon.colcon_core.package_identification:_identify(log) ignored
[1.175s] Level 1:colcon.colcon_core.package_identification:_identify(src) by extensions ['ignore', 'ignore_ament_install']
[1.175s] Level 1:colcon.colcon_core.package_identification:_identify(src) by extension 'ignore'
[1.175s] Level 1:colcon.colcon_core.package_identification:_identify(src) by extension 'ignore_ament_install'
[1.176s] Level 1:colcon.colcon_core.package_identification:_identify(src) by extensions ['colcon_pkg']
[1.176s] Level 1:colcon.colcon_core.package_identification:_identify(src) by extension 'colcon_pkg'
[1.176s] Level 1:colcon.colcon_core.package_identification:_identify(src) by extensions ['colcon_meta']
[1.176s] Level 1:colcon.colcon_core.package_identification:_identify(src) by extension 'colcon_meta'
[1.176s] Level 1:colcon.colcon_core.package_identification:_identify(src) by extensions ['ros']
[1.176s] Level 1:colcon.colcon_core.package_identification:_identify(src) by extension 'ros'
[1.177s] Level 1:colcon.colcon_core.package_identification:_identify(src) by extensions ['cmake', 'python']
[1.177s] Level 1:colcon.colcon_core.package_identification:_identify(src) by extension 'cmake'
[1.177s] Level 1:colcon.colcon_core.package_identification:_identify(src) by extension 'python'
[1.177s] Level 1:colcon.colcon_core.package_identification:_identify(src) by extensions ['python_setup_py']
[1.177s] Level 1:colcon.colcon_core.package_identification:_identify(src) by extension 'python_setup_py'
[1.178s] Level 1:colcon.colcon_core.package_identification:_identify(src/encoder_odometry) by extensions ['ignore', 'ignore_ament_install']
[1.178s] Level 1:colcon.colcon_core.package_identification:_identify(src/encoder_odometry) by extension 'ignore'
[1.178s] Level 1:colcon.colcon_core.package_identification:_identify(src/encoder_odometry) by extension 'ignore_ament_install'
[1.179s] Level 1:colcon.colcon_core.package_identification:_identify(src/encoder_odometry) by extensions ['colcon_pkg']
[1.179s] Level 1:colcon.colcon_core.package_identification:_identify(src/encoder_odometry) by extension 'colcon_pkg'
[1.179s] Level 1:colcon.colcon_core.package_identification:_identify(src/encoder_odometry) by extensions ['colcon_meta']
[1.179s] Level 1:colcon.colcon_core.package_identification:_identify(src/encoder_odometry) by extension 'colcon_meta'
[1.179s] Level 1:colcon.colcon_core.package_identification:_identify(src/encoder_odometry) by extensions ['ros']
[1.179s] Level 1:colcon.colcon_core.package_identification:_identify(src/encoder_odometry) by extension 'ros'
[1.189s] DEBUG:colcon.colcon_core.package_identification:Package 'src/encoder_odometry' with type 'ros.ament_python' and name 'encoder_odometry'
[1.190s] Level 1:colcon.colcon_core.package_identification:_identify(src/my_package) by extensions ['ignore', 'ignore_ament_install']
[1.191s] Level 1:colcon.colcon_core.package_identification:_identify(src/my_package) by extension 'ignore'
[1.191s] Level 1:colcon.colcon_core.package_identification:_identify(src/my_package) by extension 'ignore_ament_install'
[1.191s] Level 1:colcon.colcon_core.package_identification:_identify(src/my_package) by extensions ['colcon_pkg']
[1.191s] Level 1:colcon.colcon_core.package_identification:_identify(src/my_package) by extension 'colcon_pkg'
[1.191s] Level 1:colcon.colcon_core.package_identification:_identify(src/my_package) by extensions ['colcon_meta']
[1.192s] Level 1:colcon.colcon_core.package_identification:_identify(src/my_package) by extension 'colcon_meta'
[1.192s] Level 1:colcon.colcon_core.package_identification:_identify(src/my_package) by extensions ['ros']
[1.192s] Level 1:colcon.colcon_core.package_identification:_identify(src/my_package) by extension 'ros'
[1.194s] DEBUG:colcon.colcon_core.package_identification:Package 'src/my_package' with type 'ros.ament_python' and name 'my_package'
[1.195s] Level 1:colcon.colcon_core.package_identification:_identify(src/rplidar_ros) by extensions ['ignore', 'ignore_ament_install']
[1.196s] Level 1:colcon.colcon_core.package_identification:_identify(src/rplidar_ros) by extension 'ignore'
[1.196s] Level 1:colcon.colcon_core.package_identification:_identify(src/rplidar_ros) by extension 'ignore_ament_install'
[1.196s] Level 1:colcon.colcon_core.package_identification:_identify(src/rplidar_ros) by extensions ['colcon_pkg']
[1.196s] Level 1:colcon.colcon_core.package_identification:_identify(src/rplidar_ros) by extension 'colcon_pkg'
[1.197s] Level 1:colcon.colcon_core.package_identification:_identify(src/rplidar_ros) by extensions ['colcon_meta']
[1.197s] Level 1:colcon.colcon_core.package_identification:_identify(src/rplidar_ros) by extension 'colcon_meta'
[1.197s] Level 1:colcon.colcon_core.package_identification:_identify(src/rplidar_ros) by extensions ['ros']
[1.197s] Level 1:colcon.colcon_core.package_identification:_identify(src/rplidar_ros) by extension 'ros'
[1.200s] DEBUG:colcon.colcon_core.package_identification:Package 'src/rplidar_ros' with type 'ros.ament_cmake' and name 'rplidar_ros'
[1.201s] Level 1:colcon.colcon_core.package_identification:_identify(src/serial_coms) by extensions ['ignore', 'ignore_ament_install']
[1.201s] Level 1:colcon.colcon_core.package_identification:_identify(src/serial_coms) by extension 'ignore'
[1.202s] Level 1:colcon.colcon_core.package_identification:_identify(src/serial_coms) by extension 'ignore_ament_install'
[1.202s] Level 1:colcon.colcon_core.package_identification:_identify(src/serial_coms) by extensions ['colcon_pkg']
[1.202s] Level 1:colcon.colcon_core.package_identification:_identify(src/serial_coms) by extension 'colcon_pkg'
[1.202s] Level 1:colcon.colcon_core.package_identification:_identify(src/serial_coms) by extensions ['colcon_meta']
[1.202s] Level 1:colcon.colcon_core.package_identification:_identify(src/serial_coms) by extension 'colcon_meta'
[1.203s] Level 1:colcon.colcon_core.package_identification:_identify(src/serial_coms) by extensions ['ros']
[1.203s] Level 1:colcon.colcon_core.package_identification:_identify(src/serial_coms) by extension 'ros'
[1.205s] DEBUG:colcon.colcon_core.package_identification:Package 'src/serial_coms' with type 'ros.ament_python' and name 'serial_coms'
[1.205s] Level 1:colcon.colcon_core.package_identification:_identify(src/velocity_controller) by extensions ['ignore', 'ignore_ament_install']
[1.206s] Level 1:colcon.colcon_core.package_identification:_identify(src/velocity_controller) by extension 'ignore'
[1.206s] Level 1:colcon.colcon_core.package_identification:_identify(src/velocity_controller) by extension 'ignore_ament_install'
[1.206s] Level 1:colcon.colcon_core.package_identification:_identify(src/velocity_controller) by extensions ['colcon_pkg']
[1.207s] Level 1:colcon.colcon_core.package_identification:_identify(src/velocity_controller) by extension 'colcon_pkg'
[1.207s] Level 1:colcon.colcon_core.package_identification:_identify(src/velocity_controller) by extensions ['colcon_meta']
[1.207s] Level 1:colcon.colcon_core.package_identification:_identify(src/velocity_controller) by extension 'colcon_meta'
[1.207s] Level 1:colcon.colcon_core.package_identification:_identify(src/velocity_controller) by extensions ['ros']
[1.207s] Level 1:colcon.colcon_core.package_identification:_identify(src/velocity_controller) by extension 'ros'
[1.209s] DEBUG:colcon.colcon_core.package_identification:Package 'src/velocity_controller' with type 'ros.ament_python' and name 'velocity_controller'
[1.210s] Level 1:colcon.colcon_core.package_identification:_identify(src/wheel_controller) by extensions ['ignore', 'ignore_ament_install']
[1.210s] Level 1:colcon.colcon_core.package_identification:_identify(src/wheel_controller) by extension 'ignore'
[1.211s] Level 1:colcon.colcon_core.package_identification:_identify(src/wheel_controller) by extension 'ignore_ament_install'
[1.211s] Level 1:colcon.colcon_core.package_identification:_identify(src/wheel_controller) by extensions ['colcon_pkg']
[1.211s] Level 1:colcon.colcon_core.package_identification:_identify(src/wheel_controller) by extension 'colcon_pkg'
[1.211s] Level 1:colcon.colcon_core.package_identification:_identify(src/wheel_controller) by extensions ['colcon_meta']
[1.211s] Level 1:colcon.colcon_core.package_identification:_identify(src/wheel_controller) by extension 'colcon_meta'
[1.212s] Level 1:colcon.colcon_core.package_identification:_identify(src/wheel_controller) by extensions ['ros']
[1.212s] Level 1:colcon.colcon_core.package_identification:_identify(src/wheel_controller) by extension 'ros'
[1.214s] DEBUG:colcon.colcon_core.package_identification:Package 'src/wheel_controller' with type 'ros.ament_python' and name 'wheel_controller'
[1.214s] Level 1:colcon.colcon_core.package_discovery:discover_packages(recursive) using defaults
[1.214s] Level 1:colcon.colcon_core.package_discovery:discover_packages(ignore) discover
[1.214s] Level 1:colcon.colcon_core.package_discovery:discover_packages(ignore) using defaults
[1.215s] Level 1:colcon.colcon_core.package_discovery:discover_packages(path) discover
[1.215s] Level 1:colcon.colcon_core.package_discovery:discover_packages(path) using defaults
[1.291s] INFO:colcon.colcon_core.package_selection:Skipping not selected package 'encoder_odometry' in 'src/encoder_odometry'
[1.291s] INFO:colcon.colcon_core.package_selection:Skipping not selected package 'my_package' in 'src/my_package'
[1.291s] INFO:colcon.colcon_core.package_selection:Skipping not selected package 'serial_coms' in 'src/serial_coms'
[1.292s] INFO:colcon.colcon_core.package_selection:Skipping not selected package 'velocity_controller' in 'src/velocity_controller'
[1.292s] INFO:colcon.colcon_core.package_selection:Skipping not selected package 'wheel_controller' in 'src/wheel_controller'
[1.293s] Level 1:colcon.colcon_core.package_discovery:discover_packages(prefix_path) check parameters
[1.294s] Level 1:colcon.colcon_core.package_discovery:discover_packages(prefix_path) discover
[1.306s] DEBUG:colcon.colcon_installed_package_information.package_discovery:Found 203 installed packages in /opt/ros/humble
[1.314s] Level 1:colcon.colcon_core.package_discovery:discover_packages(prefix_path) using defaults
[1.432s] Level 5:colcon.colcon_core.verb:set package 'rplidar_ros' build argument 'cmake_args' from command line to 'None'
[1.433s] Level 5:colcon.colcon_core.verb:set package 'rplidar_ros' build argument 'cmake_target' from command line to 'None'
[1.433s] Level 5:colcon.colcon_core.verb:set package 'rplidar_ros' build argument 'cmake_target_skip_unavailable' from command line to 'False'
[1.433s] Level 5:colcon.colcon_core.verb:set package 'rplidar_ros' build argument 'cmake_clean_cache' from command line to 'False'
[1.433s] Level 5:colcon.colcon_core.verb:set package 'rplidar_ros' build argument 'cmake_clean_first' from command line to 'False'
[1.433s] Level 5:colcon.colcon_core.verb:set package 'rplidar_ros' build argument 'cmake_force_configure' from command line to 'False'
[1.433s] Level 5:colcon.colcon_core.verb:set package 'rplidar_ros' build argument 'ament_cmake_args' from command line to 'None'
[1.433s] Level 5:colcon.colcon_core.verb:set package 'rplidar_ros' build argument 'catkin_cmake_args' from command line to 'None'
[1.433s] Level 5:colcon.colcon_core.verb:set package 'rplidar_ros' build argument 'catkin_skip_building_tests' from command line to 'False'
[1.433s] DEBUG:colcon.colcon_core.verb:Building package 'rplidar_ros' with the following arguments: {'ament_cmake_args': None, 'build_base': '/home/dora/robot_ws/build/rplidar_ros', 'catkin_cmake_args': None, 'catkin_skip_building_tests': False, 'cmake_args': None, 'cmake_clean_cache': False, 'cmake_clean_first': False, 'cmake_force_configure': False, 'cmake_target': None, 'cmake_target_skip_unavailable': False, 'install_base': '/home/dora/robot_ws/install/rplidar_ros', 'merge_install': False, 'path': '/home/dora/robot_ws/src/rplidar_ros', 'symlink_install': False, 'test_result_base': None}
[1.434s] INFO:colcon.colcon_core.executor:Executing jobs using 'parallel' executor
[1.438s] DEBUG:colcon.colcon_parallel_executor.executor.parallel:run_until_complete
[1.439s] INFO:colcon.colcon_ros.task.ament_cmake.build:Building ROS package in '/home/dora/robot_ws/src/rplidar_ros' with build type 'ament_cmake'
[1.439s] INFO:colcon.colcon_cmake.task.cmake.build:Building CMake package in '/home/dora/robot_ws/src/rplidar_ros'
[1.450s] INFO:colcon.colcon_core.plugin_system:Skipping extension 'colcon_core.shell.bat': Not used on non-Windows systems
[1.451s] INFO:colcon.colcon_core.shell:Skip shell extension 'powershell' for command environment: Not usable outside of PowerShell
[1.451s] DEBUG:colcon.colcon_core.shell:Skip shell extension 'dsv' for command environment
[1.491s] DEBUG:colcon.colcon_core.event_handler.log_command:Invoking command in '/home/dora/robot_ws/build/rplidar_ros': CMAKE_PREFIX_PATH=/opt/ros/humble /usr/bin/cmake --build /home/dora/robot_ws/build/rplidar_ros -- -j4 -l4
[1.888s] DEBUG:colcon.colcon_core.event_handler.log_command:Invoked command in '/home/dora/robot_ws/build/rplidar_ros' returned '0': CMAKE_PREFIX_PATH=/opt/ros/humble /usr/bin/cmake --build /home/dora/robot_ws/build/rplidar_ros -- -j4 -l4
[2.234s] DEBUG:colcon.colcon_core.event_handler.log_command:Invoking command in '/home/dora/robot_ws/build/rplidar_ros': CMAKE_PREFIX_PATH=/opt/ros/humble /usr/bin/cmake --install /home/dora/robot_ws/build/rplidar_ros
[2.290s] Level 1:colcon.colcon_core.environment:create_environment_scripts_only(rplidar_ros)
[2.291s] DEBUG:colcon.colcon_core.event_handler.log_command:Invoked command in '/home/dora/robot_ws/build/rplidar_ros' returned '0': CMAKE_PREFIX_PATH=/opt/ros/humble /usr/bin/cmake --install /home/dora/robot_ws/build/rplidar_ros
[2.301s] Level 1:colcon.colcon_core.environment:checking '/home/dora/robot_ws/install/rplidar_ros' for CMake module files
[2.304s] Level 1:colcon.colcon_core.environment:checking '/home/dora/robot_ws/install/rplidar_ros' for CMake config files
[2.306s] Level 1:colcon.colcon_core.shell:create_environment_hook('rplidar_ros', 'cmake_prefix_path')
[2.307s] INFO:colcon.colcon_core.shell:Creating environment hook '/home/dora/robot_ws/install/rplidar_ros/share/rplidar_ros/hook/cmake_prefix_path.ps1'
[2.310s] INFO:colcon.colcon_core.shell:Creating environment descriptor '/home/dora/robot_ws/install/rplidar_ros/share/rplidar_ros/hook/cmake_prefix_path.dsv'
[2.312s] INFO:colcon.colcon_core.shell:Creating environment hook '/home/dora/robot_ws/install/rplidar_ros/share/rplidar_ros/hook/cmake_prefix_path.sh'
[2.316s] Level 1:colcon.colcon_core.environment:checking '/home/dora/robot_ws/install/rplidar_ros/lib'
[2.317s] Level 1:colcon.colcon_core.environment:checking '/home/dora/robot_ws/install/rplidar_ros/bin'
[2.317s] Level 1:colcon.colcon_core.environment:checking '/home/dora/robot_ws/install/rplidar_ros/lib/pkgconfig/rplidar_ros.pc'
[2.319s] Level 1:colcon.colcon_core.environment:checking '/home/dora/robot_ws/install/rplidar_ros/lib/python3.10/site-packages'
[2.320s] Level 1:colcon.colcon_core.environment:checking '/home/dora/robot_ws/install/rplidar_ros/bin'
[2.322s] INFO:colcon.colcon_core.shell:Creating package script '/home/dora/robot_ws/install/rplidar_ros/share/rplidar_ros/package.ps1'
[2.326s] INFO:colcon.colcon_core.shell:Creating package descriptor '/home/dora/robot_ws/install/rplidar_ros/share/rplidar_ros/package.dsv'
[2.329s] INFO:colcon.colcon_core.shell:Creating package script '/home/dora/robot_ws/install/rplidar_ros/share/rplidar_ros/package.sh'
[2.332s] INFO:colcon.colcon_core.shell:Creating package script '/home/dora/robot_ws/install/rplidar_ros/share/rplidar_ros/package.bash'
[2.336s] INFO:colcon.colcon_core.shell:Creating package script '/home/dora/robot_ws/install/rplidar_ros/share/rplidar_ros/package.zsh'
[2.339s] Level 1:colcon.colcon_core.environment:create_file_with_runtime_dependencies(/home/dora/robot_ws/install/rplidar_ros/share/colcon-core/packages/rplidar_ros)
[2.643s] Level 1:colcon.colcon_core.environment:create_environment_scripts_only(rplidar_ros)
[2.644s] Level 1:colcon.colcon_core.environment:checking '/home/dora/robot_ws/install/rplidar_ros' for CMake module files
[2.648s] Level 1:colcon.colcon_core.environment:checking '/home/dora/robot_ws/install/rplidar_ros' for CMake config files
[2.649s] Level 1:colcon.colcon_core.shell:create_environment_hook('rplidar_ros', 'cmake_prefix_path')
[2.650s] INFO:colcon.colcon_core.shell:Creating environment hook '/home/dora/robot_ws/install/rplidar_ros/share/rplidar_ros/hook/cmake_prefix_path.ps1'
[2.652s] INFO:colcon.colcon_core.shell:Creating environment descriptor '/home/dora/robot_ws/install/rplidar_ros/share/rplidar_ros/hook/cmake_prefix_path.dsv'
[2.654s] INFO:colcon.colcon_core.shell:Creating environment hook '/home/dora/robot_ws/install/rplidar_ros/share/rplidar_ros/hook/cmake_prefix_path.sh'
[2.657s] Level 1:colcon.colcon_core.environment:checking '/home/dora/robot_ws/install/rplidar_ros/lib'
[2.657s] Level 1:colcon.colcon_core.environment:checking '/home/dora/robot_ws/install/rplidar_ros/bin'
[2.657s] Level 1:colcon.colcon_core.environment:checking '/home/dora/robot_ws/install/rplidar_ros/lib/pkgconfig/rplidar_ros.pc'
[2.658s] Level 1:colcon.colcon_core.environment:checking '/home/dora/robot_ws/install/rplidar_ros/lib/python3.10/site-packages'
[2.659s] Level 1:colcon.colcon_core.environment:checking '/home/dora/robot_ws/install/rplidar_ros/bin'
[2.660s] INFO:colcon.colcon_core.shell:Creating package script '/home/dora/robot_ws/install/rplidar_ros/share/rplidar_ros/package.ps1'
[2.663s] INFO:colcon.colcon_core.shell:Creating package descriptor '/home/dora/robot_ws/install/rplidar_ros/share/rplidar_ros/package.dsv'
[2.665s] INFO:colcon.colcon_core.shell:Creating package script '/home/dora/robot_ws/install/rplidar_ros/share/rplidar_ros/package.sh'
[2.667s] INFO:colcon.colcon_core.shell:Creating package script '/home/dora/robot_ws/install/rplidar_ros/share/rplidar_ros/package.bash'
[2.669s] INFO:colcon.colcon_core.shell:Creating package script '/home/dora/robot_ws/install/rplidar_ros/share/rplidar_ros/package.zsh'
[2.671s] Level 1:colcon.colcon_core.environment:create_file_with_runtime_dependencies(/home/dora/robot_ws/install/rplidar_ros/share/colcon-core/packages/rplidar_ros)
[2.673s] DEBUG:colcon.colcon_parallel_executor.executor.parallel:closing loop
[2.674s] DEBUG:colcon.colcon_parallel_executor.executor.parallel:loop closed
[2.674s] DEBUG:colcon.colcon_parallel_executor.executor.parallel:run_until_complete finished with '0'
[2.675s] DEBUG:colcon.colcon_core.event_reactor:joining thread
[2.695s] INFO:colcon.colcon_core.plugin_system:Skipping extension 'colcon_notification.desktop_notification.terminal_notifier': Not used on non-Darwin systems
[2.695s] INFO:colcon.colcon_core.plugin_system:Skipping extension 'colcon_notification.desktop_notification.win32': Not used on non-Windows systems
[2.695s] INFO:colcon.colcon_notification.desktop_notification:Sending desktop notification using 'notify2'
