[6.281s] Invoking command in '/home/dora/robot_ws/src/serial_coms': PYTHONPATH=/home/dora/robot_ws/build/serial_coms/prefix_override:/usr/lib/python3/dist-packages/colcon_core/task/python/colcon_distutils_commands:/home/dora/robot_ws/install/serial_coms/lib/python3.10/site-packages:${PYTHONPATH} /usr/bin/python3 -W ignore:setup.py install is deprecated setup.py egg_info --egg-base ../../build/serial_coms build --build-base /home/dora/robot_ws/build/serial_coms/build install --record /home/dora/robot_ws/build/serial_coms/install.log --single-version-externally-managed install_data
[7.986s] running egg_info
[7.989s] writing ../../build/serial_coms/serial_coms.egg-info/PKG-INFO
[7.991s] writing dependency_links to ../../build/serial_coms/serial_coms.egg-info/dependency_links.txt
[7.993s] writing entry points to ../../build/serial_coms/serial_coms.egg-info/entry_points.txt
[7.994s] writing requirements to ../../build/serial_coms/serial_coms.egg-info/requires.txt
[7.995s] writing top-level names to ../../build/serial_coms/serial_coms.egg-info/top_level.txt
[8.004s] reading manifest file '../../build/serial_coms/serial_coms.egg-info/SOURCES.txt'
[8.006s] adding license file 'LICENSE'
[8.018s] writing manifest file '../../build/serial_coms/serial_coms.egg-info/SOURCES.txt'
[8.019s] running build
[8.020s] running build_py
[8.020s] running install
[8.021s] running install_lib
[8.025s] running install_data
[8.028s] running install_egg_info
[8.040s] removing '/home/dora/robot_ws/install/serial_coms/lib/python3.10/site-packages/serial_coms-0.0.0-py3.10.egg-info' (and everything under it)
[8.044s] Copying ../../build/serial_coms/serial_coms.egg-info to /home/dora/robot_ws/install/serial_coms/lib/python3.10/site-packages/serial_coms-0.0.0-py3.10.egg-info
[8.058s] running install_scripts
[8.206s] writing list of installed files to '/home/dora/robot_ws/build/serial_coms/install.log'
[8.460s] Invoked command in '/home/dora/robot_ws/src/serial_coms' returned '0': PYTHONPATH=/home/dora/robot_ws/build/serial_coms/prefix_override:/usr/lib/python3/dist-packages/colcon_core/task/python/colcon_distutils_commands:/home/dora/robot_ws/install/serial_coms/lib/python3.10/site-packages:${PYTHONPATH} /usr/bin/python3 -W ignore:setup.py install is deprecated setup.py egg_info --egg-base ../../build/serial_coms build --build-base /home/dora/robot_ws/build/serial_coms/build install --record /home/dora/robot_ws/build/serial_coms/install.log --single-version-externally-managed install_data
