[2.557s] Invoking command in '/home/dora/robot_ws/build/my_package': PYTHONPATH=/home/dora/robot_ws/build/my_package/prefix_override:/usr/lib/python3/dist-packages/colcon_core/task/python/colcon_distutils_commands:/home/dora/robot_ws/install/my_package/lib/python3.10/site-packages:${PYTHONPATH} /usr/bin/python3 -W ignore:setup.py install is deprecated setup.py develop --editable --build-directory /home/dora/robot_ws/build/my_package/build --no-deps symlink_data
[3.588s] running develop
[3.589s] /usr/lib/python3/dist-packages/setuptools/command/easy_install.py:158: EasyInstallDeprecationWarning: easy_install command is deprecated. Use build and pip and other standards-based tools.
[3.589s]   warnings.warn(
[4.183s] running egg_info
[4.184s] writing my_package.egg-info/PKG-INFO
[4.185s] writing dependency_links to my_package.egg-info/dependency_links.txt
[4.186s] writing entry points to my_package.egg-info/entry_points.txt
[4.187s] writing requirements to my_package.egg-info/requires.txt
[4.187s] writing top-level names to my_package.egg-info/top_level.txt
[4.194s] reading manifest file 'my_package.egg-info/SOURCES.txt'
[4.197s] writing manifest file 'my_package.egg-info/SOURCES.txt'
[4.203s] running build_ext
[4.204s] Creating /home/dora/robot_ws/install/my_package/lib/python3.10/site-packages/my-package.egg-link (link to .)
[4.208s] Installing listener script to /home/dora/robot_ws/install/my_package/lib/my_package
[4.209s] Installing talker script to /home/dora/robot_ws/install/my_package/lib/my_package
[4.210s] 
[4.210s] Installed /home/dora/robot_ws/build/my_package
[4.211s] running symlink_data
[4.343s] Invoked command in '/home/dora/robot_ws/build/my_package' returned '0': PYTHONPATH=/home/dora/robot_ws/build/my_package/prefix_override:/usr/lib/python3/dist-packages/colcon_core/task/python/colcon_distutils_commands:/home/dora/robot_ws/install/my_package/lib/python3.10/site-packages:${PYTHONPATH} /usr/bin/python3 -W ignore:setup.py install is deprecated setup.py develop --editable --build-directory /home/dora/robot_ws/build/my_package/build --no-deps symlink_data
