[7.529s] Invoking command in '/home/dora/dora_ros2_ws/robot_ws/src/encoder_odometry': PYTHONPATH=/home/dora/dora_ros2_ws/robot_ws/build/encoder_odometry/prefix_override:/usr/lib/python3/dist-packages/colcon_core/task/python/colcon_distutils_commands:/home/dora/dora_ros2_ws/robot_ws/install/encoder_odometry/lib/python3.10/site-packages:${PYTHONPATH} /usr/bin/python3 -W ignore:setup.py install is deprecated setup.py egg_info --egg-base ../../build/encoder_odometry build --build-base /home/dora/dora_ros2_ws/robot_ws/build/encoder_odometry/build install --record /home/dora/dora_ros2_ws/robot_ws/build/encoder_odometry/install.log --single-version-externally-managed install_data
[9.426s] running egg_info
[9.429s] writing ../../build/encoder_odometry/encoder_odometry.egg-info/PKG-INFO
[9.431s] writing dependency_links to ../../build/encoder_odometry/encoder_odometry.egg-info/dependency_links.txt
[9.431s] writing entry points to ../../build/encoder_odometry/encoder_odometry.egg-info/entry_points.txt
[9.437s] writing requirements to ../../build/encoder_odometry/encoder_odometry.egg-info/requires.txt
[9.441s] writing top-level names to ../../build/encoder_odometry/encoder_odometry.egg-info/top_level.txt
[9.465s] reading manifest file '../../build/encoder_odometry/encoder_odometry.egg-info/SOURCES.txt'
[9.467s] writing manifest file '../../build/encoder_odometry/encoder_odometry.egg-info/SOURCES.txt'
[9.479s] running build
[9.480s] running build_py
[9.480s] copying encoder_odometry/__init__.py -> /home/dora/dora_ros2_ws/robot_ws/build/encoder_odometry/build/lib/encoder_odometry
[9.481s] copying encoder_odometry/encoder_to_odom.py -> /home/dora/dora_ros2_ws/robot_ws/build/encoder_odometry/build/lib/encoder_odometry
[9.482s] running install
[9.483s] running install_lib
[9.495s] copying /home/dora/dora_ros2_ws/robot_ws/build/encoder_odometry/build/lib/encoder_odometry/__init__.py -> /home/dora/dora_ros2_ws/robot_ws/install/encoder_odometry/lib/python3.10/site-packages/encoder_odometry
[9.495s] copying /home/dora/dora_ros2_ws/robot_ws/build/encoder_odometry/build/lib/encoder_odometry/encoder_to_odom.py -> /home/dora/dora_ros2_ws/robot_ws/install/encoder_odometry/lib/python3.10/site-packages/encoder_odometry
[9.496s] byte-compiling /home/dora/dora_ros2_ws/robot_ws/install/encoder_odometry/lib/python3.10/site-packages/encoder_odometry/__init__.py to __init__.cpython-310.pyc
[9.497s] byte-compiling /home/dora/dora_ros2_ws/robot_ws/install/encoder_odometry/lib/python3.10/site-packages/encoder_odometry/encoder_to_odom.py to encoder_to_odom.cpython-310.pyc
[9.507s] running install_data
[9.507s] copying resource/encoder_odometry -> /home/dora/dora_ros2_ws/robot_ws/install/encoder_odometry/share/ament_index/resource_index/packages
[9.508s] copying package.xml -> /home/dora/dora_ros2_ws/robot_ws/install/encoder_odometry/share/encoder_odometry
[9.509s] copying launch/robot_launch.py -> /home/dora/dora_ros2_ws/robot_ws/install/encoder_odometry/share/encoder_odometry/launch
[9.510s] running install_egg_info
[9.523s] removing '/home/dora/dora_ros2_ws/robot_ws/install/encoder_odometry/lib/python3.10/site-packages/encoder_odometry-0.0.0-py3.10.egg-info' (and everything under it)
[9.524s] Copying ../../build/encoder_odometry/encoder_odometry.egg-info to /home/dora/dora_ros2_ws/robot_ws/install/encoder_odometry/lib/python3.10/site-packages/encoder_odometry-0.0.0-py3.10.egg-info
[9.524s] running install_scripts
[9.728s] Installing encoder_to_odom script to /home/dora/dora_ros2_ws/robot_ws/install/encoder_odometry/lib/encoder_odometry
[9.747s] writing list of installed files to '/home/dora/dora_ros2_ws/robot_ws/build/encoder_odometry/install.log'
[10.109s] Invoked command in '/home/dora/dora_ros2_ws/robot_ws/src/encoder_odometry' returned '0': PYTHONPATH=/home/dora/dora_ros2_ws/robot_ws/build/encoder_odometry/prefix_override:/usr/lib/python3/dist-packages/colcon_core/task/python/colcon_distutils_commands:/home/dora/dora_ros2_ws/robot_ws/install/encoder_odometry/lib/python3.10/site-packages:${PYTHONPATH} /usr/bin/python3 -W ignore:setup.py install is deprecated setup.py egg_info --egg-base ../../build/encoder_odometry build --build-base /home/dora/dora_ros2_ws/robot_ws/build/encoder_odometry/build install --record /home/dora/dora_ros2_ws/robot_ws/build/encoder_odometry/install.log --single-version-externally-managed install_data
