[7.607s] Invoking command in '/home/dora/dora_ros2_ws/robot_ws/src/serial_coms': PYTHONPATH=/home/dora/dora_ros2_ws/robot_ws/build/serial_coms/prefix_override:/usr/lib/python3/dist-packages/colcon_core/task/python/colcon_distutils_commands:/home/dora/dora_ros2_ws/robot_ws/install/serial_coms/lib/python3.10/site-packages:${PYTHONPATH} /usr/bin/python3 -W ignore:setup.py install is deprecated setup.py egg_info --egg-base ../../build/serial_coms build --build-base /home/dora/dora_ros2_ws/robot_ws/build/serial_coms/build install --record /home/dora/dora_ros2_ws/robot_ws/build/serial_coms/install.log --single-version-externally-managed install_data
[9.492s] running egg_info
[9.496s] writing ../../build/serial_coms/serial_coms.egg-info/PKG-INFO
[9.499s] writing dependency_links to ../../build/serial_coms/serial_coms.egg-info/dependency_links.txt
[9.503s] writing entry points to ../../build/serial_coms/serial_coms.egg-info/entry_points.txt
[9.506s] writing requirements to ../../build/serial_coms/serial_coms.egg-info/requires.txt
[9.507s] writing top-level names to ../../build/serial_coms/serial_coms.egg-info/top_level.txt
[9.518s] reading manifest file '../../build/serial_coms/serial_coms.egg-info/SOURCES.txt'
[9.520s] adding license file 'LICENSE'
[9.524s] writing manifest file '../../build/serial_coms/serial_coms.egg-info/SOURCES.txt'
[9.526s] running build
[9.526s] running build_py
[9.530s] running install
[9.531s] running install_lib
[9.537s] running install_data
[9.539s] running install_egg_info
[9.549s] removing '/home/dora/dora_ros2_ws/robot_ws/install/serial_coms/lib/python3.10/site-packages/serial_coms-0.0.0-py3.10.egg-info' (and everything under it)
[9.554s] Copying ../../build/serial_coms/serial_coms.egg-info to /home/dora/dora_ros2_ws/robot_ws/install/serial_coms/lib/python3.10/site-packages/serial_coms-0.0.0-py3.10.egg-info
[9.565s] running install_scripts
[9.688s] writing list of installed files to '/home/dora/dora_ros2_ws/robot_ws/build/serial_coms/install.log'
[10.210s] Invoked command in '/home/dora/dora_ros2_ws/robot_ws/src/serial_coms' returned '0': PYTHONPATH=/home/dora/dora_ros2_ws/robot_ws/build/serial_coms/prefix_override:/usr/lib/python3/dist-packages/colcon_core/task/python/colcon_distutils_commands:/home/dora/dora_ros2_ws/robot_ws/install/serial_coms/lib/python3.10/site-packages:${PYTHONPATH} /usr/bin/python3 -W ignore:setup.py install is deprecated setup.py egg_info --egg-base ../../build/serial_coms build --build-base /home/dora/dora_ros2_ws/robot_ws/build/serial_coms/build install --record /home/dora/dora_ros2_ws/robot_ws/build/serial_coms/install.log --single-version-externally-managed install_data
