[8.112s] Invoking command in '/home/dora/dora_ros2_ws/robot_ws/src/serial_coms': PYTHONPATH=/home/dora/dora_ros2_ws/robot_ws/build/serial_coms/prefix_override:/usr/lib/python3/dist-packages/colcon_core/task/python/colcon_distutils_commands:/home/dora/dora_ros2_ws/robot_ws/install/serial_coms/lib/python3.10/site-packages:${PYTHONPATH} /usr/bin/python3 -W ignore:setup.py install is deprecated setup.py egg_info --egg-base ../../build/serial_coms build --build-base /home/dora/dora_ros2_ws/robot_ws/build/serial_coms/build install --record /home/dora/dora_ros2_ws/robot_ws/build/serial_coms/install.log --single-version-externally-managed install_data
[10.254s] running egg_info
[10.257s] writing ../../build/serial_coms/serial_coms.egg-info/PKG-INFO
[10.268s] writing dependency_links to ../../build/serial_coms/serial_coms.egg-info/dependency_links.txt
[10.268s] writing entry points to ../../build/serial_coms/serial_coms.egg-info/entry_points.txt
[10.271s] writing requirements to ../../build/serial_coms/serial_coms.egg-info/requires.txt
[10.272s] writing top-level names to ../../build/serial_coms/serial_coms.egg-info/top_level.txt
[10.272s] reading manifest file '../../build/serial_coms/serial_coms.egg-info/SOURCES.txt'
[10.273s] adding license file 'LICENSE'
[10.277s] writing manifest file '../../build/serial_coms/serial_coms.egg-info/SOURCES.txt'
[10.278s] running build
[10.281s] running build_py
[10.281s] running install
[10.282s] running install_lib
[10.285s] running install_data
[10.286s] running install_egg_info
[10.294s] removing '/home/dora/dora_ros2_ws/robot_ws/install/serial_coms/lib/python3.10/site-packages/serial_coms-0.0.0-py3.10.egg-info' (and everything under it)
[10.296s] Copying ../../build/serial_coms/serial_coms.egg-info to /home/dora/dora_ros2_ws/robot_ws/install/serial_coms/lib/python3.10/site-packages/serial_coms-0.0.0-py3.10.egg-info
[10.303s] running install_scripts
[10.390s] writing list of installed files to '/home/dora/dora_ros2_ws/robot_ws/build/serial_coms/install.log'
[11.640s] Invoked command in '/home/dora/dora_ros2_ws/robot_ws/src/serial_coms' returned '0': PYTHONPATH=/home/dora/dora_ros2_ws/robot_ws/build/serial_coms/prefix_override:/usr/lib/python3/dist-packages/colcon_core/task/python/colcon_distutils_commands:/home/dora/dora_ros2_ws/robot_ws/install/serial_coms/lib/python3.10/site-packages:${PYTHONPATH} /usr/bin/python3 -W ignore:setup.py install is deprecated setup.py egg_info --egg-base ../../build/serial_coms build --build-base /home/dora/dora_ros2_ws/robot_ws/build/serial_coms/build install --record /home/dora/dora_ros2_ws/robot_ws/build/serial_coms/install.log --single-version-externally-managed install_data
