[0.428s] DEBUG:colcon:Command line arguments: ['/usr/bin/colcon', 'build']
[0.428s] DEBUG:colcon:Parsed command line arguments: Namespace(log_base=None, log_level=None, verb_name='build', build_base='build', install_base='install', merge_install=False, symlink_install=False, test_result_base=None, continue_on_error=False, executor='parallel', parallel_workers=4, event_handlers=None, ignore_user_meta=False, metas=['./colcon.meta'], base_paths=['.'], packages_ignore=None, packages_ignore_regex=None, paths=None, packages_up_to=None, packages_up_to_regex=None, packages_above=None, packages_above_and_dependencies=None, packages_above_depth=None, packages_select_by_dep=None, packages_skip_by_dep=None, packages_skip_up_to=None, packages_select_build_failed=False, packages_skip_build_finished=False, packages_select_test_failures=False, packages_skip_test_passed=False, packages_select=None, packages_skip=None, packages_select_regex=None, packages_skip_regex=None, packages_start=None, packages_end=None, allow_overriding=[], cmake_args=None, cmake_target=None, cmake_target_skip_unavailable=False, cmake_clean_cache=False, cmake_clean_first=False, cmake_force_configure=False, ament_cmake_args=None, catkin_cmake_args=None, catkin_skip_building_tests=False, verb_parser=<colcon_defaults.argument_parser.defaults.DefaultArgumentsDecorator object at 0xffffb55f6bc0>, verb_extension=<colcon_core.verb.build.BuildVerb object at 0xffffb59c7760>, main=<bound method BuildVerb.main of <colcon_core.verb.build.BuildVerb object at 0xffffb59c7760>>)
[1.122s] Level 1:colcon.colcon_core.package_discovery:discover_packages(colcon_meta) check parameters
[1.122s] Level 1:colcon.colcon_core.package_discovery:discover_packages(recursive) check parameters
[1.122s] Level 1:colcon.colcon_core.package_discovery:discover_packages(ignore) check parameters
[1.123s] Level 1:colcon.colcon_core.package_discovery:discover_packages(path) check parameters
[1.123s] Level 1:colcon.colcon_core.package_discovery:discover_packages(colcon_meta) discover
[1.123s] Level 1:colcon.colcon_core.package_discovery:discover_packages(recursive) discover
[1.123s] INFO:colcon.colcon_core.package_discovery:Crawling recursively for packages in '/home/dora/robot_ws'
[1.124s] Level 1:colcon.colcon_core.package_identification:_identify(.) by extensions ['ignore', 'ignore_ament_install']
[1.124s] Level 1:colcon.colcon_core.package_identification:_identify(.) by extension 'ignore'
[1.125s] Level 1:colcon.colcon_core.package_identification:_identify(.) by extension 'ignore_ament_install'
[1.125s] Level 1:colcon.colcon_core.package_identification:_identify(.) by extensions ['colcon_pkg']
[1.126s] Level 1:colcon.colcon_core.package_identification:_identify(.) by extension 'colcon_pkg'
[1.126s] Level 1:colcon.colcon_core.package_identification:_identify(.) by extensions ['colcon_meta']
[1.126s] Level 1:colcon.colcon_core.package_identification:_identify(.) by extension 'colcon_meta'
[1.126s] Level 1:colcon.colcon_core.package_identification:_identify(.) by extensions ['ros']
[1.126s] Level 1:colcon.colcon_core.package_identification:_identify(.) by extension 'ros'
[1.175s] Level 1:colcon.colcon_core.package_identification:_identify(.) by extensions ['cmake', 'python']
[1.176s] Level 1:colcon.colcon_core.package_identification:_identify(.) by extension 'cmake'
[1.176s] Level 1:colcon.colcon_core.package_identification:_identify(.) by extension 'python'
[1.176s] Level 1:colcon.colcon_core.package_identification:_identify(.) by extensions ['python_setup_py']
[1.176s] Level 1:colcon.colcon_core.package_identification:_identify(.) by extension 'python_setup_py'
[1.177s] Level 1:colcon.colcon_core.package_identification:_identify(build) by extensions ['ignore', 'ignore_ament_install']
[1.177s] Level 1:colcon.colcon_core.package_identification:_identify(build) by extension 'ignore'
[1.177s] Level 1:colcon.colcon_core.package_identification:_identify(build) ignored
[1.178s] Level 1:colcon.colcon_core.package_identification:_identify(install) by extensions ['ignore', 'ignore_ament_install']
[1.178s] Level 1:colcon.colcon_core.package_identification:_identify(install) by extension 'ignore'
[1.179s] Level 1:colcon.colcon_core.package_identification:_identify(install) ignored
[1.180s] Level 1:colcon.colcon_core.package_identification:_identify(log) by extensions ['ignore', 'ignore_ament_install']
[1.180s] Level 1:colcon.colcon_core.package_identification:_identify(log) by extension 'ignore'
[1.180s] Level 1:colcon.colcon_core.package_identification:_identify(log) ignored
[1.181s] Level 1:colcon.colcon_core.package_identification:_identify(src) by extensions ['ignore', 'ignore_ament_install']
[1.181s] Level 1:colcon.colcon_core.package_identification:_identify(src) by extension 'ignore'
[1.182s] Level 1:colcon.colcon_core.package_identification:_identify(src) by extension 'ignore_ament_install'
[1.182s] Level 1:colcon.colcon_core.package_identification:_identify(src) by extensions ['colcon_pkg']
[1.182s] Level 1:colcon.colcon_core.package_identification:_identify(src) by extension 'colcon_pkg'
[1.182s] Level 1:colcon.colcon_core.package_identification:_identify(src) by extensions ['colcon_meta']
[1.182s] Level 1:colcon.colcon_core.package_identification:_identify(src) by extension 'colcon_meta'
[1.182s] Level 1:colcon.colcon_core.package_identification:_identify(src) by extensions ['ros']
[1.183s] Level 1:colcon.colcon_core.package_identification:_identify(src) by extension 'ros'
[1.183s] Level 1:colcon.colcon_core.package_identification:_identify(src) by extensions ['cmake', 'python']
[1.183s] Level 1:colcon.colcon_core.package_identification:_identify(src) by extension 'cmake'
[1.183s] Level 1:colcon.colcon_core.package_identification:_identify(src) by extension 'python'
[1.183s] Level 1:colcon.colcon_core.package_identification:_identify(src) by extensions ['python_setup_py']
[1.184s] Level 1:colcon.colcon_core.package_identification:_identify(src) by extension 'python_setup_py'
[1.184s] Level 1:colcon.colcon_core.package_identification:_identify(src/encoder_odometry) by extensions ['ignore', 'ignore_ament_install']
[1.184s] Level 1:colcon.colcon_core.package_identification:_identify(src/encoder_odometry) by extension 'ignore'
[1.185s] Level 1:colcon.colcon_core.package_identification:_identify(src/encoder_odometry) by extension 'ignore_ament_install'
[1.185s] Level 1:colcon.colcon_core.package_identification:_identify(src/encoder_odometry) by extensions ['colcon_pkg']
[1.185s] Level 1:colcon.colcon_core.package_identification:_identify(src/encoder_odometry) by extension 'colcon_pkg'
[1.185s] Level 1:colcon.colcon_core.package_identification:_identify(src/encoder_odometry) by extensions ['colcon_meta']
[1.185s] Level 1:colcon.colcon_core.package_identification:_identify(src/encoder_odometry) by extension 'colcon_meta'
[1.186s] Level 1:colcon.colcon_core.package_identification:_identify(src/encoder_odometry) by extensions ['ros']
[1.186s] Level 1:colcon.colcon_core.package_identification:_identify(src/encoder_odometry) by extension 'ros'
[1.196s] DEBUG:colcon.colcon_core.package_identification:Package 'src/encoder_odometry' with type 'ros.ament_python' and name 'encoder_odometry'
[1.197s] Level 1:colcon.colcon_core.package_identification:_identify(src/my_package) by extensions ['ignore', 'ignore_ament_install']
[1.197s] Level 1:colcon.colcon_core.package_identification:_identify(src/my_package) by extension 'ignore'
[1.198s] Level 1:colcon.colcon_core.package_identification:_identify(src/my_package) by extension 'ignore_ament_install'
[1.198s] Level 1:colcon.colcon_core.package_identification:_identify(src/my_package) by extensions ['colcon_pkg']
[1.198s] Level 1:colcon.colcon_core.package_identification:_identify(src/my_package) by extension 'colcon_pkg'
[1.199s] Level 1:colcon.colcon_core.package_identification:_identify(src/my_package) by extensions ['colcon_meta']
[1.199s] Level 1:colcon.colcon_core.package_identification:_identify(src/my_package) by extension 'colcon_meta'
[1.199s] Level 1:colcon.colcon_core.package_identification:_identify(src/my_package) by extensions ['ros']
[1.199s] Level 1:colcon.colcon_core.package_identification:_identify(src/my_package) by extension 'ros'
[1.202s] DEBUG:colcon.colcon_core.package_identification:Package 'src/my_package' with type 'ros.ament_python' and name 'my_package'
[1.202s] Level 1:colcon.colcon_core.package_identification:_identify(src/rplidar_ros) by extensions ['ignore', 'ignore_ament_install']
[1.203s] Level 1:colcon.colcon_core.package_identification:_identify(src/rplidar_ros) by extension 'ignore'
[1.203s] Level 1:colcon.colcon_core.package_identification:_identify(src/rplidar_ros) by extension 'ignore_ament_install'
[1.203s] Level 1:colcon.colcon_core.package_identification:_identify(src/rplidar_ros) by extensions ['colcon_pkg']
[1.204s] Level 1:colcon.colcon_core.package_identification:_identify(src/rplidar_ros) by extension 'colcon_pkg'
[1.204s] Level 1:colcon.colcon_core.package_identification:_identify(src/rplidar_ros) by extensions ['colcon_meta']
[1.204s] Level 1:colcon.colcon_core.package_identification:_identify(src/rplidar_ros) by extension 'colcon_meta'
[1.204s] Level 1:colcon.colcon_core.package_identification:_identify(src/rplidar_ros) by extensions ['ros']
[1.204s] Level 1:colcon.colcon_core.package_identification:_identify(src/rplidar_ros) by extension 'ros'
[1.207s] DEBUG:colcon.colcon_core.package_identification:Package 'src/rplidar_ros' with type 'ros.ament_cmake' and name 'rplidar_ros'
[1.208s] Level 1:colcon.colcon_core.package_identification:_identify(src/serial_coms) by extensions ['ignore', 'ignore_ament_install']
[1.208s] Level 1:colcon.colcon_core.package_identification:_identify(src/serial_coms) by extension 'ignore'
[1.209s] Level 1:colcon.colcon_core.package_identification:_identify(src/serial_coms) by extension 'ignore_ament_install'
[1.209s] Level 1:colcon.colcon_core.package_identification:_identify(src/serial_coms) by extensions ['colcon_pkg']
[1.209s] Level 1:colcon.colcon_core.package_identification:_identify(src/serial_coms) by extension 'colcon_pkg'
[1.209s] Level 1:colcon.colcon_core.package_identification:_identify(src/serial_coms) by extensions ['colcon_meta']
[1.209s] Level 1:colcon.colcon_core.package_identification:_identify(src/serial_coms) by extension 'colcon_meta'
[1.209s] Level 1:colcon.colcon_core.package_identification:_identify(src/serial_coms) by extensions ['ros']
[1.210s] Level 1:colcon.colcon_core.package_identification:_identify(src/serial_coms) by extension 'ros'
[1.212s] DEBUG:colcon.colcon_core.package_identification:Package 'src/serial_coms' with type 'ros.ament_python' and name 'serial_coms'
[1.212s] Level 1:colcon.colcon_core.package_identification:_identify(src/velocity_controller) by extensions ['ignore', 'ignore_ament_install']
[1.213s] Level 1:colcon.colcon_core.package_identification:_identify(src/velocity_controller) by extension 'ignore'
[1.213s] Level 1:colcon.colcon_core.package_identification:_identify(src/velocity_controller) by extension 'ignore_ament_install'
[1.213s] Level 1:colcon.colcon_core.package_identification:_identify(src/velocity_controller) by extensions ['colcon_pkg']
[1.213s] Level 1:colcon.colcon_core.package_identification:_identify(src/velocity_controller) by extension 'colcon_pkg'
[1.214s] Level 1:colcon.colcon_core.package_identification:_identify(src/velocity_controller) by extensions ['colcon_meta']
[1.214s] Level 1:colcon.colcon_core.package_identification:_identify(src/velocity_controller) by extension 'colcon_meta'
[1.214s] Level 1:colcon.colcon_core.package_identification:_identify(src/velocity_controller) by extensions ['ros']
[1.214s] Level 1:colcon.colcon_core.package_identification:_identify(src/velocity_controller) by extension 'ros'
[1.216s] DEBUG:colcon.colcon_core.package_identification:Package 'src/velocity_controller' with type 'ros.ament_python' and name 'velocity_controller'
[1.217s] Level 1:colcon.colcon_core.package_identification:_identify(src/wheel_controller) by extensions ['ignore', 'ignore_ament_install']
[1.217s] Level 1:colcon.colcon_core.package_identification:_identify(src/wheel_controller) by extension 'ignore'
[1.217s] Level 1:colcon.colcon_core.package_identification:_identify(src/wheel_controller) by extension 'ignore_ament_install'
[1.218s] Level 1:colcon.colcon_core.package_identification:_identify(src/wheel_controller) by extensions ['colcon_pkg']
[1.218s] Level 1:colcon.colcon_core.package_identification:_identify(src/wheel_controller) by extension 'colcon_pkg'
[1.218s] Level 1:colcon.colcon_core.package_identification:_identify(src/wheel_controller) by extensions ['colcon_meta']
[1.218s] Level 1:colcon.colcon_core.package_identification:_identify(src/wheel_controller) by extension 'colcon_meta'
[1.219s] Level 1:colcon.colcon_core.package_identification:_identify(src/wheel_controller) by extensions ['ros']
[1.219s] Level 1:colcon.colcon_core.package_identification:_identify(src/wheel_controller) by extension 'ros'
[1.221s] DEBUG:colcon.colcon_core.package_identification:Package 'src/wheel_controller' with type 'ros.ament_python' and name 'wheel_controller'
[1.221s] Level 1:colcon.colcon_core.package_discovery:discover_packages(recursive) using defaults
[1.221s] Level 1:colcon.colcon_core.package_discovery:discover_packages(ignore) discover
[1.221s] Level 1:colcon.colcon_core.package_discovery:discover_packages(ignore) using defaults
[1.222s] Level 1:colcon.colcon_core.package_discovery:discover_packages(path) discover
[1.222s] Level 1:colcon.colcon_core.package_discovery:discover_packages(path) using defaults
[1.300s] Level 1:colcon.colcon_core.package_discovery:discover_packages(prefix_path) check parameters
[1.300s] Level 1:colcon.colcon_core.package_discovery:discover_packages(prefix_path) discover
[1.312s] DEBUG:colcon.colcon_installed_package_information.package_discovery:Found 203 installed packages in /opt/ros/humble
[1.321s] Level 1:colcon.colcon_core.package_discovery:discover_packages(prefix_path) using defaults
[1.441s] Level 5:colcon.colcon_core.verb:set package 'encoder_odometry' build argument 'cmake_args' from command line to 'None'
[1.442s] Level 5:colcon.colcon_core.verb:set package 'encoder_odometry' build argument 'cmake_target' from command line to 'None'
[1.442s] Level 5:colcon.colcon_core.verb:set package 'encoder_odometry' build argument 'cmake_target_skip_unavailable' from command line to 'False'
[1.442s] Level 5:colcon.colcon_core.verb:set package 'encoder_odometry' build argument 'cmake_clean_cache' from command line to 'False'
[1.442s] Level 5:colcon.colcon_core.verb:set package 'encoder_odometry' build argument 'cmake_clean_first' from command line to 'False'
[1.442s] Level 5:colcon.colcon_core.verb:set package 'encoder_odometry' build argument 'cmake_force_configure' from command line to 'False'
[1.442s] Level 5:colcon.colcon_core.verb:set package 'encoder_odometry' build argument 'ament_cmake_args' from command line to 'None'
[1.442s] Level 5:colcon.colcon_core.verb:set package 'encoder_odometry' build argument 'catkin_cmake_args' from command line to 'None'
[1.442s] Level 5:colcon.colcon_core.verb:set package 'encoder_odometry' build argument 'catkin_skip_building_tests' from command line to 'False'
[1.443s] DEBUG:colcon.colcon_core.verb:Building package 'encoder_odometry' with the following arguments: {'ament_cmake_args': None, 'build_base': '/home/dora/robot_ws/build/encoder_odometry', 'catkin_cmake_args': None, 'catkin_skip_building_tests': False, 'cmake_args': None, 'cmake_clean_cache': False, 'cmake_clean_first': False, 'cmake_force_configure': False, 'cmake_target': None, 'cmake_target_skip_unavailable': False, 'install_base': '/home/dora/robot_ws/install/encoder_odometry', 'merge_install': False, 'path': '/home/dora/robot_ws/src/encoder_odometry', 'symlink_install': False, 'test_result_base': None}
[1.444s] Level 5:colcon.colcon_core.verb:set package 'my_package' build argument 'cmake_args' from command line to 'None'
[1.444s] Level 5:colcon.colcon_core.verb:set package 'my_package' build argument 'cmake_target' from command line to 'None'
[1.444s] Level 5:colcon.colcon_core.verb:set package 'my_package' build argument 'cmake_target_skip_unavailable' from command line to 'False'
[1.445s] Level 5:colcon.colcon_core.verb:set package 'my_package' build argument 'cmake_clean_cache' from command line to 'False'
[1.445s] Level 5:colcon.colcon_core.verb:set package 'my_package' build argument 'cmake_clean_first' from command line to 'False'
[1.445s] Level 5:colcon.colcon_core.verb:set package 'my_package' build argument 'cmake_force_configure' from command line to 'False'
[1.445s] Level 5:colcon.colcon_core.verb:set package 'my_package' build argument 'ament_cmake_args' from command line to 'None'
[1.445s] Level 5:colcon.colcon_core.verb:set package 'my_package' build argument 'catkin_cmake_args' from command line to 'None'
[1.445s] Level 5:colcon.colcon_core.verb:set package 'my_package' build argument 'catkin_skip_building_tests' from command line to 'False'
[1.445s] DEBUG:colcon.colcon_core.verb:Building package 'my_package' with the following arguments: {'ament_cmake_args': None, 'build_base': '/home/dora/robot_ws/build/my_package', 'catkin_cmake_args': None, 'catkin_skip_building_tests': False, 'cmake_args': None, 'cmake_clean_cache': False, 'cmake_clean_first': False, 'cmake_force_configure': False, 'cmake_target': None, 'cmake_target_skip_unavailable': False, 'install_base': '/home/dora/robot_ws/install/my_package', 'merge_install': False, 'path': '/home/dora/robot_ws/src/my_package', 'symlink_install': False, 'test_result_base': None}
[1.447s] Level 5:colcon.colcon_core.verb:set package 'rplidar_ros' build argument 'cmake_args' from command line to 'None'
[1.447s] Level 5:colcon.colcon_core.verb:set package 'rplidar_ros' build argument 'cmake_target' from command line to 'None'
[1.447s] Level 5:colcon.colcon_core.verb:set package 'rplidar_ros' build argument 'cmake_target_skip_unavailable' from command line to 'False'
[1.447s] Level 5:colcon.colcon_core.verb:set package 'rplidar_ros' build argument 'cmake_clean_cache' from command line to 'False'
[1.448s] Level 5:colcon.colcon_core.verb:set package 'rplidar_ros' build argument 'cmake_clean_first' from command line to 'False'
[1.448s] Level 5:colcon.colcon_core.verb:set package 'rplidar_ros' build argument 'cmake_force_configure' from command line to 'False'
[1.448s] Level 5:colcon.colcon_core.verb:set package 'rplidar_ros' build argument 'ament_cmake_args' from command line to 'None'
[1.448s] Level 5:colcon.colcon_core.verb:set package 'rplidar_ros' build argument 'catkin_cmake_args' from command line to 'None'
[1.448s] Level 5:colcon.colcon_core.verb:set package 'rplidar_ros' build argument 'catkin_skip_building_tests' from command line to 'False'
[1.448s] DEBUG:colcon.colcon_core.verb:Building package 'rplidar_ros' with the following arguments: {'ament_cmake_args': None, 'build_base': '/home/dora/robot_ws/build/rplidar_ros', 'catkin_cmake_args': None, 'catkin_skip_building_tests': False, 'cmake_args': None, 'cmake_clean_cache': False, 'cmake_clean_first': False, 'cmake_force_configure': False, 'cmake_target': None, 'cmake_target_skip_unavailable': False, 'install_base': '/home/dora/robot_ws/install/rplidar_ros', 'merge_install': False, 'path': '/home/dora/robot_ws/src/rplidar_ros', 'symlink_install': False, 'test_result_base': None}
[1.450s] Level 5:colcon.colcon_core.verb:set package 'serial_coms' build argument 'cmake_args' from command line to 'None'
[1.450s] Level 5:colcon.colcon_core.verb:set package 'serial_coms' build argument 'cmake_target' from command line to 'None'
[1.450s] Level 5:colcon.colcon_core.verb:set package 'serial_coms' build argument 'cmake_target_skip_unavailable' from command line to 'False'
[1.450s] Level 5:colcon.colcon_core.verb:set package 'serial_coms' build argument 'cmake_clean_cache' from command line to 'False'
[1.450s] Level 5:colcon.colcon_core.verb:set package 'serial_coms' build argument 'cmake_clean_first' from command line to 'False'
[1.451s] Level 5:colcon.colcon_core.verb:set package 'serial_coms' build argument 'cmake_force_configure' from command line to 'False'
[1.451s] Level 5:colcon.colcon_core.verb:set package 'serial_coms' build argument 'ament_cmake_args' from command line to 'None'
[1.451s] Level 5:colcon.colcon_core.verb:set package 'serial_coms' build argument 'catkin_cmake_args' from command line to 'None'
[1.451s] Level 5:colcon.colcon_core.verb:set package 'serial_coms' build argument 'catkin_skip_building_tests' from command line to 'False'
[1.451s] DEBUG:colcon.colcon_core.verb:Building package 'serial_coms' with the following arguments: {'ament_cmake_args': None, 'build_base': '/home/dora/robot_ws/build/serial_coms', 'catkin_cmake_args': None, 'catkin_skip_building_tests': False, 'cmake_args': None, 'cmake_clean_cache': False, 'cmake_clean_first': False, 'cmake_force_configure': False, 'cmake_target': None, 'cmake_target_skip_unavailable': False, 'install_base': '/home/dora/robot_ws/install/serial_coms', 'merge_install': False, 'path': '/home/dora/robot_ws/src/serial_coms', 'symlink_install': False, 'test_result_base': None}
[1.453s] Level 5:colcon.colcon_core.verb:set package 'velocity_controller' build argument 'cmake_args' from command line to 'None'
[1.453s] Level 5:colcon.colcon_core.verb:set package 'velocity_controller' build argument 'cmake_target' from command line to 'None'
[1.453s] Level 5:colcon.colcon_core.verb:set package 'velocity_controller' build argument 'cmake_target_skip_unavailable' from command line to 'False'
[1.453s] Level 5:colcon.colcon_core.verb:set package 'velocity_controller' build argument 'cmake_clean_cache' from command line to 'False'
[1.453s] Level 5:colcon.colcon_core.verb:set package 'velocity_controller' build argument 'cmake_clean_first' from command line to 'False'
[1.453s] Level 5:colcon.colcon_core.verb:set package 'velocity_controller' build argument 'cmake_force_configure' from command line to 'False'
[1.453s] Level 5:colcon.colcon_core.verb:set package 'velocity_controller' build argument 'ament_cmake_args' from command line to 'None'
[1.453s] Level 5:colcon.colcon_core.verb:set package 'velocity_controller' build argument 'catkin_cmake_args' from command line to 'None'
[1.453s] Level 5:colcon.colcon_core.verb:set package 'velocity_controller' build argument 'catkin_skip_building_tests' from command line to 'False'
[1.454s] DEBUG:colcon.colcon_core.verb:Building package 'velocity_controller' with the following arguments: {'ament_cmake_args': None, 'build_base': '/home/dora/robot_ws/build/velocity_controller', 'catkin_cmake_args': None, 'catkin_skip_building_tests': False, 'cmake_args': None, 'cmake_clean_cache': False, 'cmake_clean_first': False, 'cmake_force_configure': False, 'cmake_target': None, 'cmake_target_skip_unavailable': False, 'install_base': '/home/dora/robot_ws/install/velocity_controller', 'merge_install': False, 'path': '/home/dora/robot_ws/src/velocity_controller', 'symlink_install': False, 'test_result_base': None}
[1.455s] Level 5:colcon.colcon_core.verb:set package 'wheel_controller' build argument 'cmake_args' from command line to 'None'
[1.455s] Level 5:colcon.colcon_core.verb:set package 'wheel_controller' build argument 'cmake_target' from command line to 'None'
[1.455s] Level 5:colcon.colcon_core.verb:set package 'wheel_controller' build argument 'cmake_target_skip_unavailable' from command line to 'False'
[1.456s] Level 5:colcon.colcon_core.verb:set package 'wheel_controller' build argument 'cmake_clean_cache' from command line to 'False'
[1.456s] Level 5:colcon.colcon_core.verb:set package 'wheel_controller' build argument 'cmake_clean_first' from command line to 'False'
[1.456s] Level 5:colcon.colcon_core.verb:set package 'wheel_controller' build argument 'cmake_force_configure' from command line to 'False'
[1.456s] Level 5:colcon.colcon_core.verb:set package 'wheel_controller' build argument 'ament_cmake_args' from command line to 'None'
[1.456s] Level 5:colcon.colcon_core.verb:set package 'wheel_controller' build argument 'catkin_cmake_args' from command line to 'None'
[1.456s] Level 5:colcon.colcon_core.verb:set package 'wheel_controller' build argument 'catkin_skip_building_tests' from command line to 'False'
[1.456s] DEBUG:colcon.colcon_core.verb:Building package 'wheel_controller' with the following arguments: {'ament_cmake_args': None, 'build_base': '/home/dora/robot_ws/build/wheel_controller', 'catkin_cmake_args': None, 'catkin_skip_building_tests': False, 'cmake_args': None, 'cmake_clean_cache': False, 'cmake_clean_first': False, 'cmake_force_configure': False, 'cmake_target': None, 'cmake_target_skip_unavailable': False, 'install_base': '/home/dora/robot_ws/install/wheel_controller', 'merge_install': False, 'path': '/home/dora/robot_ws/src/wheel_controller', 'symlink_install': False, 'test_result_base': None}
[1.457s] INFO:colcon.colcon_core.executor:Executing jobs using 'parallel' executor
[1.460s] DEBUG:colcon.colcon_parallel_executor.executor.parallel:run_until_complete
[1.461s] INFO:colcon.colcon_ros.task.ament_python.build:Building ROS package in '/home/dora/robot_ws/src/encoder_odometry' with build type 'ament_python'
[1.462s] Level 1:colcon.colcon_core.shell:create_environment_hook('encoder_odometry', 'ament_prefix_path')
[1.472s] INFO:colcon.colcon_core.plugin_system:Skipping extension 'colcon_core.shell.bat': Not used on non-Windows systems
[1.473s] INFO:colcon.colcon_core.shell:Creating environment hook '/home/dora/robot_ws/install/encoder_odometry/share/encoder_odometry/hook/ament_prefix_path.ps1'
[1.476s] INFO:colcon.colcon_core.shell:Creating environment descriptor '/home/dora/robot_ws/install/encoder_odometry/share/encoder_odometry/hook/ament_prefix_path.dsv'
[1.478s] INFO:colcon.colcon_core.shell:Creating environment hook '/home/dora/robot_ws/install/encoder_odometry/share/encoder_odometry/hook/ament_prefix_path.sh'
[1.481s] INFO:colcon.colcon_core.shell:Skip shell extension 'powershell' for command environment: Not usable outside of PowerShell
[1.482s] DEBUG:colcon.colcon_core.shell:Skip shell extension 'dsv' for command environment
[1.494s] INFO:colcon.colcon_ros.task.ament_python.build:Building ROS package in '/home/dora/robot_ws/src/my_package' with build type 'ament_python'
[1.495s] Level 1:colcon.colcon_core.shell:create_environment_hook('my_package', 'ament_prefix_path')
[1.496s] INFO:colcon.colcon_core.shell:Creating environment hook '/home/dora/robot_ws/install/my_package/share/my_package/hook/ament_prefix_path.ps1'
[1.499s] INFO:colcon.colcon_core.shell:Creating environment descriptor '/home/dora/robot_ws/install/my_package/share/my_package/hook/ament_prefix_path.dsv'
[1.501s] INFO:colcon.colcon_core.shell:Creating environment hook '/home/dora/robot_ws/install/my_package/share/my_package/hook/ament_prefix_path.sh'
[1.504s] INFO:colcon.colcon_core.shell:Skip shell extension 'powershell' for command environment: Not usable outside of PowerShell
[1.504s] DEBUG:colcon.colcon_core.shell:Skip shell extension 'dsv' for command environment
[1.517s] INFO:colcon.colcon_ros.task.ament_cmake.build:Building ROS package in '/home/dora/robot_ws/src/rplidar_ros' with build type 'ament_cmake'
[1.517s] INFO:colcon.colcon_cmake.task.cmake.build:Building CMake package in '/home/dora/robot_ws/src/rplidar_ros'
[1.519s] INFO:colcon.colcon_core.shell:Skip shell extension 'powershell' for command environment: Not usable outside of PowerShell
[1.519s] DEBUG:colcon.colcon_core.shell:Skip shell extension 'dsv' for command environment
[1.532s] INFO:colcon.colcon_ros.task.ament_python.build:Building ROS package in '/home/dora/robot_ws/src/serial_coms' with build type 'ament_python'
[1.533s] Level 1:colcon.colcon_core.shell:create_environment_hook('serial_coms', 'ament_prefix_path')
[1.534s] INFO:colcon.colcon_core.shell:Creating environment hook '/home/dora/robot_ws/install/serial_coms/share/serial_coms/hook/ament_prefix_path.ps1'
[1.536s] INFO:colcon.colcon_core.shell:Creating environment descriptor '/home/dora/robot_ws/install/serial_coms/share/serial_coms/hook/ament_prefix_path.dsv'
[1.538s] INFO:colcon.colcon_core.shell:Creating environment hook '/home/dora/robot_ws/install/serial_coms/share/serial_coms/hook/ament_prefix_path.sh'
[1.541s] INFO:colcon.colcon_core.shell:Skip shell extension 'powershell' for command environment: Not usable outside of PowerShell
[1.542s] DEBUG:colcon.colcon_core.shell:Skip shell extension 'dsv' for command environment
[2.686s] INFO:colcon.colcon_core.task.python.build:Building Python package in '/home/dora/robot_ws/src/encoder_odometry'
[2.687s] INFO:colcon.colcon_core.shell:Skip shell extension 'powershell' for command environment: Not usable outside of PowerShell
[2.687s] DEBUG:colcon.colcon_core.shell:Skip shell extension 'dsv' for command environment
[3.826s] INFO:colcon.colcon_core.task.python.build:Building Python package in '/home/dora/robot_ws/src/my_package'
[3.827s] INFO:colcon.colcon_core.shell:Skip shell extension 'powershell' for command environment: Not usable outside of PowerShell
[3.827s] DEBUG:colcon.colcon_core.shell:Skip shell extension 'dsv' for command environment
[3.855s] DEBUG:colcon.colcon_core.event_handler.log_command:Invoking command in '/home/dora/robot_ws/build/rplidar_ros': CMAKE_PREFIX_PATH=/opt/ros/humble /usr/bin/cmake /home/dora/robot_ws/src/rplidar_ros -DCMAKE_INSTALL_PREFIX=/home/dora/robot_ws/install/rplidar_ros
[5.284s] INFO:colcon.colcon_core.task.python.build:Building Python package in '/home/dora/robot_ws/src/serial_coms'
[5.285s] INFO:colcon.colcon_core.shell:Skip shell extension 'powershell' for command environment: Not usable outside of PowerShell
[5.286s] DEBUG:colcon.colcon_core.shell:Skip shell extension 'dsv' for command environment
[7.636s] DEBUG:colcon.colcon_core.event_handler.log_command:Invoking command in '/home/dora/robot_ws/src/my_package': PYTHONPATH=/home/dora/robot_ws/build/my_package/prefix_override:/usr/lib/python3/dist-packages/colcon_core/task/python/colcon_distutils_commands:/home/dora/robot_ws/install/my_package/lib/python3.10/site-packages:${PYTHONPATH} /usr/bin/python3 -W ignore:setup.py install is deprecated setup.py egg_info --egg-base ../../build/my_package build --build-base /home/dora/robot_ws/build/my_package/build install --record /home/dora/robot_ws/build/my_package/install.log --single-version-externally-managed install_data
[7.797s] DEBUG:colcon.colcon_core.event_handler.log_command:Invoking command in '/home/dora/robot_ws/src/encoder_odometry': PYTHONPATH=/home/dora/robot_ws/build/encoder_odometry/prefix_override:/usr/lib/python3/dist-packages/colcon_core/task/python/colcon_distutils_commands:/home/dora/robot_ws/install/encoder_odometry/lib/python3.10/site-packages:${PYTHONPATH} /usr/bin/python3 -W ignore:setup.py install is deprecated setup.py egg_info --egg-base ../../build/encoder_odometry build --build-base /home/dora/robot_ws/build/encoder_odometry/build install --record /home/dora/robot_ws/build/encoder_odometry/install.log --single-version-externally-managed install_data
[7.814s] DEBUG:colcon.colcon_core.event_handler.log_command:Invoking command in '/home/dora/robot_ws/src/serial_coms': PYTHONPATH=/home/dora/robot_ws/build/serial_coms/prefix_override:/usr/lib/python3/dist-packages/colcon_core/task/python/colcon_distutils_commands:/home/dora/robot_ws/install/serial_coms/lib/python3.10/site-packages:${PYTHONPATH} /usr/bin/python3 -W ignore:setup.py install is deprecated setup.py egg_info --egg-base ../../build/serial_coms build --build-base /home/dora/robot_ws/build/serial_coms/build install --record /home/dora/robot_ws/build/serial_coms/install.log --single-version-externally-managed install_data
[9.765s] DEBUG:colcon.colcon_core.event_handler.log_command:Invoked command in '/home/dora/robot_ws/src/my_package' returned '0': PYTHONPATH=/home/dora/robot_ws/build/my_package/prefix_override:/usr/lib/python3/dist-packages/colcon_core/task/python/colcon_distutils_commands:/home/dora/robot_ws/install/my_package/lib/python3.10/site-packages:${PYTHONPATH} /usr/bin/python3 -W ignore:setup.py install is deprecated setup.py egg_info --egg-base ../../build/my_package build --build-base /home/dora/robot_ws/build/my_package/build install --record /home/dora/robot_ws/build/my_package/install.log --single-version-externally-managed install_data
[9.785s] Level 1:colcon.colcon_core.environment:checking '/home/dora/robot_ws/install/my_package' for CMake module files
[9.791s] Level 1:colcon.colcon_core.environment:checking '/home/dora/robot_ws/install/my_package' for CMake config files
[9.802s] Level 1:colcon.colcon_core.environment:checking '/home/dora/robot_ws/install/my_package/lib'
[9.805s] Level 1:colcon.colcon_core.environment:checking '/home/dora/robot_ws/install/my_package/bin'
[9.807s] Level 1:colcon.colcon_core.environment:checking '/home/dora/robot_ws/install/my_package/lib/pkgconfig/my_package.pc'
[9.810s] Level 1:colcon.colcon_core.environment:checking '/home/dora/robot_ws/install/my_package/lib/python3.10/site-packages'
[9.811s] Level 1:colcon.colcon_core.shell:create_environment_hook('my_package', 'pythonpath')
[9.815s] INFO:colcon.colcon_core.shell:Creating environment hook '/home/dora/robot_ws/install/my_package/share/my_package/hook/pythonpath.ps1'
[9.821s] INFO:colcon.colcon_core.shell:Creating environment descriptor '/home/dora/robot_ws/install/my_package/share/my_package/hook/pythonpath.dsv'
[9.826s] INFO:colcon.colcon_core.shell:Creating environment hook '/home/dora/robot_ws/install/my_package/share/my_package/hook/pythonpath.sh'
[9.834s] Level 1:colcon.colcon_core.environment:checking '/home/dora/robot_ws/install/my_package/bin'
[9.840s] Level 1:colcon.colcon_core.environment:create_environment_scripts_only(my_package)
[9.845s] INFO:colcon.colcon_core.shell:Creating package script '/home/dora/robot_ws/install/my_package/share/my_package/package.ps1'
[9.863s] INFO:colcon.colcon_core.shell:Creating package descriptor '/home/dora/robot_ws/install/my_package/share/my_package/package.dsv'
[9.872s] INFO:colcon.colcon_core.shell:Creating package script '/home/dora/robot_ws/install/my_package/share/my_package/package.sh'
[9.884s] INFO:colcon.colcon_core.shell:Creating package script '/home/dora/robot_ws/install/my_package/share/my_package/package.bash'
[9.895s] INFO:colcon.colcon_core.shell:Creating package script '/home/dora/robot_ws/install/my_package/share/my_package/package.zsh'
[9.905s] Level 1:colcon.colcon_core.environment:create_file_with_runtime_dependencies(/home/dora/robot_ws/install/my_package/share/colcon-core/packages/my_package)
[9.919s] INFO:colcon.colcon_ros.task.ament_python.build:Building ROS package in '/home/dora/robot_ws/src/velocity_controller' with build type 'ament_python'
[9.923s] Level 1:colcon.colcon_core.shell:create_environment_hook('velocity_controller', 'ament_prefix_path')
[9.926s] INFO:colcon.colcon_core.shell:Creating environment hook '/home/dora/robot_ws/install/velocity_controller/share/velocity_controller/hook/ament_prefix_path.ps1'
[9.935s] INFO:colcon.colcon_core.shell:Creating environment descriptor '/home/dora/robot_ws/install/velocity_controller/share/velocity_controller/hook/ament_prefix_path.dsv'
[9.944s] INFO:colcon.colcon_core.shell:Creating environment hook '/home/dora/robot_ws/install/velocity_controller/share/velocity_controller/hook/ament_prefix_path.sh'
[9.960s] INFO:colcon.colcon_core.shell:Skip shell extension 'powershell' for command environment: Not usable outside of PowerShell
[9.962s] DEBUG:colcon.colcon_core.shell:Skip shell extension 'dsv' for command environment
[9.990s] Level 1:colcon.colcon_core.environment:checking '/home/dora/robot_ws/install/serial_coms' for CMake module files
[9.995s] DEBUG:colcon.colcon_core.event_handler.log_command:Invoked command in '/home/dora/robot_ws/src/serial_coms' returned '0': PYTHONPATH=/home/dora/robot_ws/build/serial_coms/prefix_override:/usr/lib/python3/dist-packages/colcon_core/task/python/colcon_distutils_commands:/home/dora/robot_ws/install/serial_coms/lib/python3.10/site-packages:${PYTHONPATH} /usr/bin/python3 -W ignore:setup.py install is deprecated setup.py egg_info --egg-base ../../build/serial_coms build --build-base /home/dora/robot_ws/build/serial_coms/build install --record /home/dora/robot_ws/build/serial_coms/install.log --single-version-externally-managed install_data
[9.997s] Level 1:colcon.colcon_core.environment:checking '/home/dora/robot_ws/install/serial_coms' for CMake config files
[10.004s] Level 1:colcon.colcon_core.environment:checking '/home/dora/robot_ws/install/serial_coms/lib'
[10.006s] Level 1:colcon.colcon_core.environment:checking '/home/dora/robot_ws/install/serial_coms/bin'
[10.008s] Level 1:colcon.colcon_core.environment:checking '/home/dora/robot_ws/install/serial_coms/lib/pkgconfig/serial_coms.pc'
[10.011s] Level 1:colcon.colcon_core.environment:checking '/home/dora/robot_ws/install/serial_coms/lib/python3.10/site-packages'
[10.014s] Level 1:colcon.colcon_core.shell:create_environment_hook('serial_coms', 'pythonpath')
[10.016s] INFO:colcon.colcon_core.shell:Creating environment hook '/home/dora/robot_ws/install/serial_coms/share/serial_coms/hook/pythonpath.ps1'
[10.021s] INFO:colcon.colcon_core.shell:Creating environment descriptor '/home/dora/robot_ws/install/serial_coms/share/serial_coms/hook/pythonpath.dsv'
[10.025s] INFO:colcon.colcon_core.shell:Creating environment hook '/home/dora/robot_ws/install/serial_coms/share/serial_coms/hook/pythonpath.sh'
[10.031s] Level 1:colcon.colcon_core.environment:checking '/home/dora/robot_ws/install/serial_coms/bin'
[10.032s] Level 1:colcon.colcon_core.environment:create_environment_scripts_only(serial_coms)
[10.035s] INFO:colcon.colcon_core.shell:Creating package script '/home/dora/robot_ws/install/serial_coms/share/serial_coms/package.ps1'
[10.039s] INFO:colcon.colcon_core.shell:Creating package descriptor '/home/dora/robot_ws/install/serial_coms/share/serial_coms/package.dsv'
[10.044s] INFO:colcon.colcon_core.shell:Creating package script '/home/dora/robot_ws/install/serial_coms/share/serial_coms/package.sh'
[10.049s] INFO:colcon.colcon_core.shell:Creating package script '/home/dora/robot_ws/install/serial_coms/share/serial_coms/package.bash'
[10.053s] INFO:colcon.colcon_core.shell:Creating package script '/home/dora/robot_ws/install/serial_coms/share/serial_coms/package.zsh'
[10.056s] Level 1:colcon.colcon_core.environment:create_file_with_runtime_dependencies(/home/dora/robot_ws/install/serial_coms/share/colcon-core/packages/serial_coms)
[10.061s] INFO:colcon.colcon_ros.task.ament_python.build:Building ROS package in '/home/dora/robot_ws/src/wheel_controller' with build type 'ament_python'
[10.061s] Level 1:colcon.colcon_core.shell:create_environment_hook('wheel_controller', 'ament_prefix_path')
[10.063s] INFO:colcon.colcon_core.shell:Creating environment hook '/home/dora/robot_ws/install/wheel_controller/share/wheel_controller/hook/ament_prefix_path.ps1'
[10.066s] INFO:colcon.colcon_core.shell:Creating environment descriptor '/home/dora/robot_ws/install/wheel_controller/share/wheel_controller/hook/ament_prefix_path.dsv'
[10.070s] INFO:colcon.colcon_core.shell:Creating environment hook '/home/dora/robot_ws/install/wheel_controller/share/wheel_controller/hook/ament_prefix_path.sh'
[10.073s] INFO:colcon.colcon_core.shell:Skip shell extension 'powershell' for command environment: Not usable outside of PowerShell
[10.073s] DEBUG:colcon.colcon_core.shell:Skip shell extension 'dsv' for command environment
[11.376s] INFO:colcon.colcon_core.task.python.build:Building Python package in '/home/dora/robot_ws/src/velocity_controller'
[11.377s] INFO:colcon.colcon_core.shell:Skip shell extension 'powershell' for command environment: Not usable outside of PowerShell
[11.377s] DEBUG:colcon.colcon_core.shell:Skip shell extension 'dsv' for command environment
[11.392s] Level 1:colcon.colcon_core.environment:checking '/home/dora/robot_ws/install/encoder_odometry' for CMake module files
[11.395s] DEBUG:colcon.colcon_core.event_handler.log_command:Invoked command in '/home/dora/robot_ws/src/encoder_odometry' returned '0': PYTHONPATH=/home/dora/robot_ws/build/encoder_odometry/prefix_override:/usr/lib/python3/dist-packages/colcon_core/task/python/colcon_distutils_commands:/home/dora/robot_ws/install/encoder_odometry/lib/python3.10/site-packages:${PYTHONPATH} /usr/bin/python3 -W ignore:setup.py install is deprecated setup.py egg_info --egg-base ../../build/encoder_odometry build --build-base /home/dora/robot_ws/build/encoder_odometry/build install --record /home/dora/robot_ws/build/encoder_odometry/install.log --single-version-externally-managed install_data
[11.396s] Level 1:colcon.colcon_core.environment:checking '/home/dora/robot_ws/install/encoder_odometry' for CMake config files
[11.401s] Level 1:colcon.colcon_core.environment:checking '/home/dora/robot_ws/install/encoder_odometry/lib'
[11.401s] Level 1:colcon.colcon_core.environment:checking '/home/dora/robot_ws/install/encoder_odometry/bin'
[11.401s] Level 1:colcon.colcon_core.environment:checking '/home/dora/robot_ws/install/encoder_odometry/lib/pkgconfig/encoder_odometry.pc'
[11.402s] Level 1:colcon.colcon_core.environment:checking '/home/dora/robot_ws/install/encoder_odometry/lib/python3.10/site-packages'
[11.403s] Level 1:colcon.colcon_core.shell:create_environment_hook('encoder_odometry', 'pythonpath')
[11.404s] INFO:colcon.colcon_core.shell:Creating environment hook '/home/dora/robot_ws/install/encoder_odometry/share/encoder_odometry/hook/pythonpath.ps1'
[11.406s] INFO:colcon.colcon_core.shell:Creating environment descriptor '/home/dora/robot_ws/install/encoder_odometry/share/encoder_odometry/hook/pythonpath.dsv'
[11.408s] INFO:colcon.colcon_core.shell:Creating environment hook '/home/dora/robot_ws/install/encoder_odometry/share/encoder_odometry/hook/pythonpath.sh'
[11.411s] Level 1:colcon.colcon_core.environment:checking '/home/dora/robot_ws/install/encoder_odometry/bin'
[11.411s] Level 1:colcon.colcon_core.environment:create_environment_scripts_only(encoder_odometry)
[11.413s] INFO:colcon.colcon_core.shell:Creating package script '/home/dora/robot_ws/install/encoder_odometry/share/encoder_odometry/package.ps1'
[11.415s] INFO:colcon.colcon_core.shell:Creating package descriptor '/home/dora/robot_ws/install/encoder_odometry/share/encoder_odometry/package.dsv'
[11.417s] INFO:colcon.colcon_core.shell:Creating package script '/home/dora/robot_ws/install/encoder_odometry/share/encoder_odometry/package.sh'
[11.419s] INFO:colcon.colcon_core.shell:Creating package script '/home/dora/robot_ws/install/encoder_odometry/share/encoder_odometry/package.bash'
[11.421s] INFO:colcon.colcon_core.shell:Creating package script '/home/dora/robot_ws/install/encoder_odometry/share/encoder_odometry/package.zsh'
[11.423s] Level 1:colcon.colcon_core.environment:create_file_with_runtime_dependencies(/home/dora/robot_ws/install/encoder_odometry/share/colcon-core/packages/encoder_odometry)
[11.431s] DEBUG:colcon.colcon_core.event_handler.log_command:Invoked command in '/home/dora/robot_ws/build/rplidar_ros' returned '0': CMAKE_PREFIX_PATH=/opt/ros/humble /usr/bin/cmake /home/dora/robot_ws/src/rplidar_ros -DCMAKE_INSTALL_PREFIX=/home/dora/robot_ws/install/rplidar_ros
[11.442s] DEBUG:colcon.colcon_core.event_handler.log_command:Invoking command in '/home/dora/robot_ws/build/rplidar_ros': CMAKE_PREFIX_PATH=/opt/ros/humble /usr/bin/cmake --build /home/dora/robot_ws/build/rplidar_ros -- -j4 -l4
[12.886s] INFO:colcon.colcon_core.task.python.build:Building Python package in '/home/dora/robot_ws/src/wheel_controller'
[12.889s] INFO:colcon.colcon_core.shell:Skip shell extension 'powershell' for command environment: Not usable outside of PowerShell
[12.889s] DEBUG:colcon.colcon_core.shell:Skip shell extension 'dsv' for command environment
[16.055s] DEBUG:colcon.colcon_core.event_handler.log_command:Invoking command in '/home/dora/robot_ws/src/wheel_controller': PYTHONPATH=/home/dora/robot_ws/build/wheel_controller/prefix_override:/usr/lib/python3/dist-packages/colcon_core/task/python/colcon_distutils_commands:/home/dora/robot_ws/install/wheel_controller/lib/python3.10/site-packages:${PYTHONPATH} /usr/bin/python3 -W ignore:setup.py install is deprecated setup.py egg_info --egg-base ../../build/wheel_controller build --build-base /home/dora/robot_ws/build/wheel_controller/build install --record /home/dora/robot_ws/build/wheel_controller/install.log --single-version-externally-managed install_data
[16.273s] DEBUG:colcon.colcon_core.event_handler.log_command:Invoking command in '/home/dora/robot_ws/src/velocity_controller': PYTHONPATH=/home/dora/robot_ws/build/velocity_controller/prefix_override:/usr/lib/python3/dist-packages/colcon_core/task/python/colcon_distutils_commands:/home/dora/robot_ws/install/velocity_controller/lib/python3.10/site-packages:${PYTHONPATH} /usr/bin/python3 -W ignore:setup.py install is deprecated setup.py egg_info --egg-base ../../build/velocity_controller build --build-base /home/dora/robot_ws/build/velocity_controller/build install --record /home/dora/robot_ws/build/velocity_controller/install.log --single-version-externally-managed install_data
[19.775s] Level 1:colcon.colcon_core.environment:checking '/home/dora/robot_ws/install/wheel_controller' for CMake module files
[19.780s] Level 1:colcon.colcon_core.environment:checking '/home/dora/robot_ws/install/wheel_controller' for CMake config files
[19.777s] DEBUG:colcon.colcon_core.event_handler.log_command:Invoked command in '/home/dora/robot_ws/src/wheel_controller' returned '0': PYTHONPATH=/home/dora/robot_ws/build/wheel_controller/prefix_override:/usr/lib/python3/dist-packages/colcon_core/task/python/colcon_distutils_commands:/home/dora/robot_ws/install/wheel_controller/lib/python3.10/site-packages:${PYTHONPATH} /usr/bin/python3 -W ignore:setup.py install is deprecated setup.py egg_info --egg-base ../../build/wheel_controller build --build-base /home/dora/robot_ws/build/wheel_controller/build install --record /home/dora/robot_ws/build/wheel_controller/install.log --single-version-externally-managed install_data
[19.791s] Level 1:colcon.colcon_core.environment:checking '/home/dora/robot_ws/install/wheel_controller/lib'
[19.793s] Level 1:colcon.colcon_core.environment:checking '/home/dora/robot_ws/install/wheel_controller/bin'
[19.798s] Level 1:colcon.colcon_core.environment:checking '/home/dora/robot_ws/install/wheel_controller/lib/pkgconfig/wheel_controller.pc'
[19.800s] Level 1:colcon.colcon_core.environment:checking '/home/dora/robot_ws/install/wheel_controller/lib/python3.10/site-packages'
[19.802s] Level 1:colcon.colcon_core.shell:create_environment_hook('wheel_controller', 'pythonpath')
[19.804s] INFO:colcon.colcon_core.shell:Creating environment hook '/home/dora/robot_ws/install/wheel_controller/share/wheel_controller/hook/pythonpath.ps1'
[19.815s] INFO:colcon.colcon_core.shell:Creating environment descriptor '/home/dora/robot_ws/install/wheel_controller/share/wheel_controller/hook/pythonpath.dsv'
[19.826s] INFO:colcon.colcon_core.shell:Creating environment hook '/home/dora/robot_ws/install/wheel_controller/share/wheel_controller/hook/pythonpath.sh'
[19.832s] Level 1:colcon.colcon_core.environment:checking '/home/dora/robot_ws/install/wheel_controller/bin'
[19.839s] Level 1:colcon.colcon_core.environment:create_environment_scripts_only(wheel_controller)
[19.842s] INFO:colcon.colcon_core.shell:Creating package script '/home/dora/robot_ws/install/wheel_controller/share/wheel_controller/package.ps1'
[19.860s] INFO:colcon.colcon_core.shell:Creating package descriptor '/home/dora/robot_ws/install/wheel_controller/share/wheel_controller/package.dsv'
[19.866s] INFO:colcon.colcon_core.shell:Creating package script '/home/dora/robot_ws/install/wheel_controller/share/wheel_controller/package.sh'
[19.884s] INFO:colcon.colcon_core.shell:Creating package script '/home/dora/robot_ws/install/wheel_controller/share/wheel_controller/package.bash'
[19.888s] INFO:colcon.colcon_core.shell:Creating package script '/home/dora/robot_ws/install/wheel_controller/share/wheel_controller/package.zsh'
[19.963s] Level 1:colcon.colcon_core.environment:create_file_with_runtime_dependencies(/home/dora/robot_ws/install/wheel_controller/share/colcon-core/packages/wheel_controller)
[20.408s] Level 1:colcon.colcon_core.environment:checking '/home/dora/robot_ws/install/velocity_controller' for CMake module files
[20.412s] DEBUG:colcon.colcon_core.event_handler.log_command:Invoked command in '/home/dora/robot_ws/src/velocity_controller' returned '0': PYTHONPATH=/home/dora/robot_ws/build/velocity_controller/prefix_override:/usr/lib/python3/dist-packages/colcon_core/task/python/colcon_distutils_commands:/home/dora/robot_ws/install/velocity_controller/lib/python3.10/site-packages:${PYTHONPATH} /usr/bin/python3 -W ignore:setup.py install is deprecated setup.py egg_info --egg-base ../../build/velocity_controller build --build-base /home/dora/robot_ws/build/velocity_controller/build install --record /home/dora/robot_ws/build/velocity_controller/install.log --single-version-externally-managed install_data
[20.415s] Level 1:colcon.colcon_core.environment:checking '/home/dora/robot_ws/install/velocity_controller' for CMake config files
[20.423s] Level 1:colcon.colcon_core.environment:checking '/home/dora/robot_ws/install/velocity_controller/lib'
[20.435s] Level 1:colcon.colcon_core.environment:checking '/home/dora/robot_ws/install/velocity_controller/bin'
[20.436s] Level 1:colcon.colcon_core.environment:checking '/home/dora/robot_ws/install/velocity_controller/lib/pkgconfig/velocity_controller.pc'
[20.438s] Level 1:colcon.colcon_core.environment:checking '/home/dora/robot_ws/install/velocity_controller/lib/python3.10/site-packages'
[20.446s] Level 1:colcon.colcon_core.shell:create_environment_hook('velocity_controller', 'pythonpath')
[20.448s] INFO:colcon.colcon_core.shell:Creating environment hook '/home/dora/robot_ws/install/velocity_controller/share/velocity_controller/hook/pythonpath.ps1'
[20.454s] INFO:colcon.colcon_core.shell:Creating environment descriptor '/home/dora/robot_ws/install/velocity_controller/share/velocity_controller/hook/pythonpath.dsv'
[20.467s] INFO:colcon.colcon_core.shell:Creating environment hook '/home/dora/robot_ws/install/velocity_controller/share/velocity_controller/hook/pythonpath.sh'
[20.473s] Level 1:colcon.colcon_core.environment:checking '/home/dora/robot_ws/install/velocity_controller/bin'
[20.474s] Level 1:colcon.colcon_core.environment:create_environment_scripts_only(velocity_controller)
[20.489s] INFO:colcon.colcon_core.shell:Creating package script '/home/dora/robot_ws/install/velocity_controller/share/velocity_controller/package.ps1'
[20.495s] INFO:colcon.colcon_core.shell:Creating package descriptor '/home/dora/robot_ws/install/velocity_controller/share/velocity_controller/package.dsv'
[20.510s] INFO:colcon.colcon_core.shell:Creating package script '/home/dora/robot_ws/install/velocity_controller/share/velocity_controller/package.sh'
[20.517s] INFO:colcon.colcon_core.shell:Creating package script '/home/dora/robot_ws/install/velocity_controller/share/velocity_controller/package.bash'
[20.523s] INFO:colcon.colcon_core.shell:Creating package script '/home/dora/robot_ws/install/velocity_controller/share/velocity_controller/package.zsh'
[20.539s] Level 1:colcon.colcon_core.environment:create_file_with_runtime_dependencies(/home/dora/robot_ws/install/velocity_controller/share/colcon-core/packages/velocity_controller)
[77.656s] DEBUG:colcon.colcon_core.event_handler.log_command:Invoked command in '/home/dora/robot_ws/build/rplidar_ros' returned '0': CMAKE_PREFIX_PATH=/opt/ros/humble /usr/bin/cmake --build /home/dora/robot_ws/build/rplidar_ros -- -j4 -l4
[78.097s] DEBUG:colcon.colcon_core.event_handler.log_command:Invoking command in '/home/dora/robot_ws/build/rplidar_ros': CMAKE_PREFIX_PATH=/opt/ros/humble /usr/bin/cmake --install /home/dora/robot_ws/build/rplidar_ros
[78.261s] Level 1:colcon.colcon_core.environment:create_environment_scripts_only(rplidar_ros)
[78.262s] Level 1:colcon.colcon_core.environment:checking '/home/dora/robot_ws/install/rplidar_ros' for CMake module files
[78.264s] DEBUG:colcon.colcon_core.event_handler.log_command:Invoked command in '/home/dora/robot_ws/build/rplidar_ros' returned '0': CMAKE_PREFIX_PATH=/opt/ros/humble /usr/bin/cmake --install /home/dora/robot_ws/build/rplidar_ros
[78.267s] Level 1:colcon.colcon_core.environment:checking '/home/dora/robot_ws/install/rplidar_ros' for CMake config files
[78.268s] Level 1:colcon.colcon_core.shell:create_environment_hook('rplidar_ros', 'cmake_prefix_path')
[78.269s] INFO:colcon.colcon_core.shell:Creating environment hook '/home/dora/robot_ws/install/rplidar_ros/share/rplidar_ros/hook/cmake_prefix_path.ps1'
[78.271s] INFO:colcon.colcon_core.shell:Creating environment descriptor '/home/dora/robot_ws/install/rplidar_ros/share/rplidar_ros/hook/cmake_prefix_path.dsv'
[78.272s] INFO:colcon.colcon_core.shell:Creating environment hook '/home/dora/robot_ws/install/rplidar_ros/share/rplidar_ros/hook/cmake_prefix_path.sh'
[78.275s] Level 1:colcon.colcon_core.environment:checking '/home/dora/robot_ws/install/rplidar_ros/lib'
[78.276s] Level 1:colcon.colcon_core.environment:checking '/home/dora/robot_ws/install/rplidar_ros/bin'
[78.276s] Level 1:colcon.colcon_core.environment:checking '/home/dora/robot_ws/install/rplidar_ros/lib/pkgconfig/rplidar_ros.pc'
[78.277s] Level 1:colcon.colcon_core.environment:checking '/home/dora/robot_ws/install/rplidar_ros/lib/python3.10/site-packages'
[78.278s] Level 1:colcon.colcon_core.environment:checking '/home/dora/robot_ws/install/rplidar_ros/bin'
[78.279s] INFO:colcon.colcon_core.shell:Creating package script '/home/dora/robot_ws/install/rplidar_ros/share/rplidar_ros/package.ps1'
[78.281s] INFO:colcon.colcon_core.shell:Creating package descriptor '/home/dora/robot_ws/install/rplidar_ros/share/rplidar_ros/package.dsv'
[78.284s] INFO:colcon.colcon_core.shell:Creating package script '/home/dora/robot_ws/install/rplidar_ros/share/rplidar_ros/package.sh'
[78.286s] INFO:colcon.colcon_core.shell:Creating package script '/home/dora/robot_ws/install/rplidar_ros/share/rplidar_ros/package.bash'
[78.287s] INFO:colcon.colcon_core.shell:Creating package script '/home/dora/robot_ws/install/rplidar_ros/share/rplidar_ros/package.zsh'
[78.289s] Level 1:colcon.colcon_core.environment:create_file_with_runtime_dependencies(/home/dora/robot_ws/install/rplidar_ros/share/colcon-core/packages/rplidar_ros)
[78.683s] Level 1:colcon.colcon_core.environment:create_environment_scripts_only(rplidar_ros)
[78.684s] Level 1:colcon.colcon_core.environment:checking '/home/dora/robot_ws/install/rplidar_ros' for CMake module files
[78.688s] Level 1:colcon.colcon_core.environment:checking '/home/dora/robot_ws/install/rplidar_ros' for CMake config files
[78.690s] Level 1:colcon.colcon_core.shell:create_environment_hook('rplidar_ros', 'cmake_prefix_path')
[78.692s] INFO:colcon.colcon_core.shell:Creating environment hook '/home/dora/robot_ws/install/rplidar_ros/share/rplidar_ros/hook/cmake_prefix_path.ps1'
[78.694s] INFO:colcon.colcon_core.shell:Creating environment descriptor '/home/dora/robot_ws/install/rplidar_ros/share/rplidar_ros/hook/cmake_prefix_path.dsv'
[78.696s] INFO:colcon.colcon_core.shell:Creating environment hook '/home/dora/robot_ws/install/rplidar_ros/share/rplidar_ros/hook/cmake_prefix_path.sh'
[78.699s] Level 1:colcon.colcon_core.environment:checking '/home/dora/robot_ws/install/rplidar_ros/lib'
[78.699s] Level 1:colcon.colcon_core.environment:checking '/home/dora/robot_ws/install/rplidar_ros/bin'
[78.700s] Level 1:colcon.colcon_core.environment:checking '/home/dora/robot_ws/install/rplidar_ros/lib/pkgconfig/rplidar_ros.pc'
[78.701s] Level 1:colcon.colcon_core.environment:checking '/home/dora/robot_ws/install/rplidar_ros/lib/python3.10/site-packages'
[78.701s] Level 1:colcon.colcon_core.environment:checking '/home/dora/robot_ws/install/rplidar_ros/bin'
[78.703s] INFO:colcon.colcon_core.shell:Creating package script '/home/dora/robot_ws/install/rplidar_ros/share/rplidar_ros/package.ps1'
[78.705s] INFO:colcon.colcon_core.shell:Creating package descriptor '/home/dora/robot_ws/install/rplidar_ros/share/rplidar_ros/package.dsv'
[78.707s] INFO:colcon.colcon_core.shell:Creating package script '/home/dora/robot_ws/install/rplidar_ros/share/rplidar_ros/package.sh'
[78.709s] INFO:colcon.colcon_core.shell:Creating package script '/home/dora/robot_ws/install/rplidar_ros/share/rplidar_ros/package.bash'
[78.711s] INFO:colcon.colcon_core.shell:Creating package script '/home/dora/robot_ws/install/rplidar_ros/share/rplidar_ros/package.zsh'
[78.713s] Level 1:colcon.colcon_core.environment:create_file_with_runtime_dependencies(/home/dora/robot_ws/install/rplidar_ros/share/colcon-core/packages/rplidar_ros)
[78.715s] DEBUG:colcon.colcon_parallel_executor.executor.parallel:closing loop
[78.717s] DEBUG:colcon.colcon_parallel_executor.executor.parallel:loop closed
[78.719s] DEBUG:colcon.colcon_parallel_executor.executor.parallel:run_until_complete finished with '0'
[78.719s] DEBUG:colcon.colcon_core.event_reactor:joining thread
[78.745s] INFO:colcon.colcon_core.plugin_system:Skipping extension 'colcon_notification.desktop_notification.terminal_notifier': Not used on non-Darwin systems
[78.745s] INFO:colcon.colcon_core.plugin_system:Skipping extension 'colcon_notification.desktop_notification.win32': Not used on non-Windows systems
[78.746s] INFO:colcon.colcon_notification.desktop_notification:Sending desktop notification using 'notify2'
