[6.844s] Invoking command in '/home/dora/robot_ws/src/serial_coms': PYTHONPATH=/home/dora/robot_ws/build/serial_coms/prefix_override:/usr/lib/python3/dist-packages/colcon_core/task/python/colcon_distutils_commands:/home/dora/robot_ws/install/serial_coms/lib/python3.10/site-packages:${PYTHONPATH} /usr/bin/python3 -W ignore:setup.py install is deprecated setup.py egg_info --egg-base ../../build/serial_coms build --build-base /home/dora/robot_ws/build/serial_coms/build install --record /home/dora/robot_ws/build/serial_coms/install.log --single-version-externally-managed install_data
[8.521s] running egg_info
[8.523s] writing ../../build/serial_coms/serial_coms.egg-info/PKG-INFO
[8.530s] writing dependency_links to ../../build/serial_coms/serial_coms.egg-info/dependency_links.txt
[8.533s] writing entry points to ../../build/serial_coms/serial_coms.egg-info/entry_points.txt
[8.534s] writing requirements to ../../build/serial_coms/serial_coms.egg-info/requires.txt
[8.535s] writing top-level names to ../../build/serial_coms/serial_coms.egg-info/top_level.txt
[8.562s] reading manifest file '../../build/serial_coms/serial_coms.egg-info/SOURCES.txt'
[8.562s] adding license file 'LICENSE'
[8.564s] writing manifest file '../../build/serial_coms/serial_coms.egg-info/SOURCES.txt'
[8.565s] running build
[8.567s] running build_py
[8.568s] running install
[8.568s] running install_lib
[8.569s] running install_data
[8.569s] running install_egg_info
[8.577s] removing '/home/dora/robot_ws/install/serial_coms/lib/python3.10/site-packages/serial_coms-0.0.0-py3.10.egg-info' (and everything under it)
[8.580s] Copying ../../build/serial_coms/serial_coms.egg-info to /home/dora/robot_ws/install/serial_coms/lib/python3.10/site-packages/serial_coms-0.0.0-py3.10.egg-info
[8.590s] running install_scripts
[8.741s] writing list of installed files to '/home/dora/robot_ws/build/serial_coms/install.log'
[9.107s] Invoked command in '/home/dora/robot_ws/src/serial_coms' returned '0': PYTHONPATH=/home/dora/robot_ws/build/serial_coms/prefix_override:/usr/lib/python3/dist-packages/colcon_core/task/python/colcon_distutils_commands:/home/dora/robot_ws/install/serial_coms/lib/python3.10/site-packages:${PYTHONPATH} /usr/bin/python3 -W ignore:setup.py install is deprecated setup.py egg_info --egg-base ../../build/serial_coms build --build-base /home/dora/robot_ws/build/serial_coms/build install --record /home/dora/robot_ws/build/serial_coms/install.log --single-version-externally-managed install_data
