[7.280s] Invoking command in '/home/dora/robot_ws/build/my_package': PYTHONPATH=/home/dora/robot_ws/build/my_package/prefix_override:/usr/lib/python3/dist-packages/colcon_core/task/python/colcon_distutils_commands:/home/dora/robot_ws/install/my_package/lib/python3.10/site-packages:${PYTHONPATH} /usr/bin/python3 -W ignore:setup.py install is deprecated setup.py develop --uninstall --editable --build-directory /home/dora/robot_ws/build/my_package/build
[8.940s] running develop
[10.382s] Removing /home/dora/robot_ws/install/my_package/lib/python3.10/site-packages/my-package.egg-link (link to .)
[11.645s] Invoked command in '/home/dora/robot_ws/build/my_package' returned '0': PYTHONPATH=/home/dora/robot_ws/build/my_package/prefix_override:/usr/lib/python3/dist-packages/colcon_core/task/python/colcon_distutils_commands:/home/dora/robot_ws/install/my_package/lib/python3.10/site-packages:${PYTHONPATH} /usr/bin/python3 -W ignore:setup.py install is deprecated setup.py develop --uninstall --editable --build-directory /home/dora/robot_ws/build/my_package/build
[11.653s] Invoking command in '/home/dora/robot_ws/src/my_package': PYTHONPATH=/home/dora/robot_ws/build/my_package/prefix_override:/usr/lib/python3/dist-packages/colcon_core/task/python/colcon_distutils_commands:/home/dora/robot_ws/install/my_package/lib/python3.10/site-packages:${PYTHONPATH} /usr/bin/python3 -W ignore:setup.py install is deprecated setup.py egg_info --egg-base ../../build/my_package build --build-base /home/dora/robot_ws/build/my_package/build install --record /home/dora/robot_ws/build/my_package/install.log --single-version-externally-managed install_data --force
[13.499s] running egg_info
[13.507s] writing ../../build/my_package/my_package.egg-info/PKG-INFO
[13.509s] writing dependency_links to ../../build/my_package/my_package.egg-info/dependency_links.txt
[13.509s] writing entry points to ../../build/my_package/my_package.egg-info/entry_points.txt
[13.510s] writing requirements to ../../build/my_package/my_package.egg-info/requires.txt
[13.511s] writing top-level names to ../../build/my_package/my_package.egg-info/top_level.txt
[13.518s] reading manifest file '../../build/my_package/my_package.egg-info/SOURCES.txt'
[13.525s] writing manifest file '../../build/my_package/my_package.egg-info/SOURCES.txt'
[13.528s] running build
[13.530s] running build_py
[13.531s] running install
[13.531s] running install_lib
[13.534s] creating /home/dora/robot_ws/install/my_package/lib/python3.10/site-packages/my_package
[13.535s] copying /home/dora/robot_ws/build/my_package/build/lib/my_package/__init__.py -> /home/dora/robot_ws/install/my_package/lib/python3.10/site-packages/my_package
[13.538s] byte-compiling /home/dora/robot_ws/install/my_package/lib/python3.10/site-packages/my_package/__init__.py to __init__.cpython-310.pyc
[13.541s] running install_data
[13.544s] copying resource/my_package -> /home/dora/robot_ws/install/my_package/share/ament_index/resource_index/packages
[13.544s] copying package.xml -> /home/dora/robot_ws/install/my_package/share/my_package
[13.545s] copying launch/listener.launch.py -> /home/dora/robot_ws/install/my_package/share/my_package/launch
[13.550s] copying launch/talker.launch.py -> /home/dora/robot_ws/install/my_package/share/my_package/launch
[13.551s] running install_egg_info
[13.563s] Copying ../../build/my_package/my_package.egg-info to /home/dora/robot_ws/install/my_package/lib/python3.10/site-packages/my_package-0.0.0-py3.10.egg-info
[13.589s] running install_scripts
[13.724s] Installing python_executable_name script to /home/dora/robot_ws/install/my_package/lib/my_package
[13.732s] writing list of installed files to '/home/dora/robot_ws/build/my_package/install.log'
[13.988s] Invoked command in '/home/dora/robot_ws/src/my_package' returned '0': PYTHONPATH=/home/dora/robot_ws/build/my_package/prefix_override:/usr/lib/python3/dist-packages/colcon_core/task/python/colcon_distutils_commands:/home/dora/robot_ws/install/my_package/lib/python3.10/site-packages:${PYTHONPATH} /usr/bin/python3 -W ignore:setup.py install is deprecated setup.py egg_info --egg-base ../../build/my_package build --build-base /home/dora/robot_ws/build/my_package/build install --record /home/dora/robot_ws/build/my_package/install.log --single-version-externally-managed install_data --force
