[16.872s] Invoking command in '/home/dora/dora_ros2_ws/robot_ws/src/velocity_controller': PYTHONPATH=/home/dora/dora_ros2_ws/robot_ws/build/velocity_controller/prefix_override:/usr/lib/python3/dist-packages/colcon_core/task/python/colcon_distutils_commands:/home/dora/dora_ros2_ws/robot_ws/install/velocity_controller/lib/python3.10/site-packages:${PYTHONPATH} /usr/bin/python3 -W ignore:setup.py install is deprecated setup.py egg_info --egg-base ../../build/velocity_controller build --build-base /home/dora/dora_ros2_ws/robot_ws/build/velocity_controller/build install --record /home/dora/dora_ros2_ws/robot_ws/build/velocity_controller/install.log --single-version-externally-managed install_data
[20.281s] running egg_info
[20.285s] writing ../../build/velocity_controller/velocity_controller.egg-info/PKG-INFO
[20.287s] writing dependency_links to ../../build/velocity_controller/velocity_controller.egg-info/dependency_links.txt
[20.288s] writing entry points to ../../build/velocity_controller/velocity_controller.egg-info/entry_points.txt
[20.300s] writing requirements to ../../build/velocity_controller/velocity_controller.egg-info/requires.txt
[20.301s] writing top-level names to ../../build/velocity_controller/velocity_controller.egg-info/top_level.txt
[20.302s] reading manifest file '../../build/velocity_controller/velocity_controller.egg-info/SOURCES.txt'
[20.309s] writing manifest file '../../build/velocity_controller/velocity_controller.egg-info/SOURCES.txt'
[20.310s] running build
[20.310s] running build_py
[20.318s] running install
[20.321s] running install_lib
[20.323s] running install_data
[20.324s] running install_egg_info
[20.338s] removing '/home/dora/dora_ros2_ws/robot_ws/install/velocity_controller/lib/python3.10/site-packages/velocity_controller-0.0.0-py3.10.egg-info' (and everything under it)
[20.339s] Copying ../../build/velocity_controller/velocity_controller.egg-info to /home/dora/dora_ros2_ws/robot_ws/install/velocity_controller/lib/python3.10/site-packages/velocity_controller-0.0.0-py3.10.egg-info
[20.357s] running install_scripts
[20.507s] Installing velocity_controller script to /home/dora/dora_ros2_ws/robot_ws/install/velocity_controller/lib/velocity_controller
[20.508s] writing list of installed files to '/home/dora/dora_ros2_ws/robot_ws/build/velocity_controller/install.log'
[20.748s] Invoked command in '/home/dora/dora_ros2_ws/robot_ws/src/velocity_controller' returned '0': PYTHONPATH=/home/dora/dora_ros2_ws/robot_ws/build/velocity_controller/prefix_override:/usr/lib/python3/dist-packages/colcon_core/task/python/colcon_distutils_commands:/home/dora/dora_ros2_ws/robot_ws/install/velocity_controller/lib/python3.10/site-packages:${PYTHONPATH} /usr/bin/python3 -W ignore:setup.py install is deprecated setup.py egg_info --egg-base ../../build/velocity_controller build --build-base /home/dora/dora_ros2_ws/robot_ws/build/velocity_controller/build install --record /home/dora/dora_ros2_ws/robot_ws/build/velocity_controller/install.log --single-version-externally-managed install_data
