[6.927s] Invoking command in '/home/dora/robot_ws/src/encoder_odometry': PYTHONPATH=/home/dora/robot_ws/build/encoder_odometry/prefix_override:/usr/lib/python3/dist-packages/colcon_core/task/python/colcon_distutils_commands:/home/dora/robot_ws/install/encoder_odometry/lib/python3.10/site-packages:${PYTHONPATH} /usr/bin/python3 -W ignore:setup.py install is deprecated setup.py egg_info --egg-base ../../build/encoder_odometry build --build-base /home/dora/robot_ws/build/encoder_odometry/build install --record /home/dora/robot_ws/build/encoder_odometry/install.log --single-version-externally-managed install_data
[8.550s] running egg_info
[8.553s] writing ../../build/encoder_odometry/encoder_odometry.egg-info/PKG-INFO
[8.555s] writing dependency_links to ../../build/encoder_odometry/encoder_odometry.egg-info/dependency_links.txt
[8.559s] writing entry points to ../../build/encoder_odometry/encoder_odometry.egg-info/entry_points.txt
[8.559s] writing requirements to ../../build/encoder_odometry/encoder_odometry.egg-info/requires.txt
[8.560s] writing top-level names to ../../build/encoder_odometry/encoder_odometry.egg-info/top_level.txt
[8.569s] reading manifest file '../../build/encoder_odometry/encoder_odometry.egg-info/SOURCES.txt'
[8.574s] writing manifest file '../../build/encoder_odometry/encoder_odometry.egg-info/SOURCES.txt'
[8.577s] running build
[8.578s] running build_py
[8.579s] copying encoder_odometry/encoder_to_odom.py -> /home/dora/robot_ws/build/encoder_odometry/build/lib/encoder_odometry
[8.579s] running install
[8.585s] running install_lib
[8.590s] copying /home/dora/robot_ws/build/encoder_odometry/build/lib/encoder_odometry/encoder_to_odom.py -> /home/dora/robot_ws/install/encoder_odometry/lib/python3.10/site-packages/encoder_odometry
[8.591s] byte-compiling /home/dora/robot_ws/install/encoder_odometry/lib/python3.10/site-packages/encoder_odometry/encoder_to_odom.py to encoder_to_odom.cpython-310.pyc
[8.601s] running install_data
[8.602s] copying launch/robot_launch.py -> /home/dora/robot_ws/install/encoder_odometry/share/encoder_odometry/launch
[8.604s] running install_egg_info
[8.614s] removing '/home/dora/robot_ws/install/encoder_odometry/lib/python3.10/site-packages/encoder_odometry-0.0.0-py3.10.egg-info' (and everything under it)
[8.615s] Copying ../../build/encoder_odometry/encoder_odometry.egg-info to /home/dora/robot_ws/install/encoder_odometry/lib/python3.10/site-packages/encoder_odometry-0.0.0-py3.10.egg-info
[8.634s] running install_scripts
[8.728s] Installing encoder_to_odom script to /home/dora/robot_ws/install/encoder_odometry/lib/encoder_odometry
[8.730s] writing list of installed files to '/home/dora/robot_ws/build/encoder_odometry/install.log'
[8.958s] Invoked command in '/home/dora/robot_ws/src/encoder_odometry' returned '0': PYTHONPATH=/home/dora/robot_ws/build/encoder_odometry/prefix_override:/usr/lib/python3/dist-packages/colcon_core/task/python/colcon_distutils_commands:/home/dora/robot_ws/install/encoder_odometry/lib/python3.10/site-packages:${PYTHONPATH} /usr/bin/python3 -W ignore:setup.py install is deprecated setup.py egg_info --egg-base ../../build/encoder_odometry build --build-base /home/dora/robot_ws/build/encoder_odometry/build install --record /home/dora/robot_ws/build/encoder_odometry/install.log --single-version-externally-managed install_data
