[3.291s] Invoking command in '/home/dora/robot_ws/src/wheel_controller': PYTHONPATH=/home/dora/robot_ws/src/build/wheel_controller/prefix_override:/usr/lib/python3/dist-packages/colcon_core/task/python/colcon_distutils_commands:/home/dora/robot_ws/src/install/wheel_controller/lib/python3.10/site-packages:${PYTHONPATH} /usr/bin/python3 -W ignore:setup.py install is deprecated setup.py egg_info --egg-base ../build/wheel_controller build --build-base /home/dora/robot_ws/src/build/wheel_controller/build install --record /home/dora/robot_ws/src/build/wheel_controller/install.log --single-version-externally-managed install_data
[4.407s] running egg_info
[4.409s] creating ../build/wheel_controller/wheel_controller.egg-info
[4.409s] writing ../build/wheel_controller/wheel_controller.egg-info/PKG-INFO
[4.411s] writing dependency_links to ../build/wheel_controller/wheel_controller.egg-info/dependency_links.txt
[4.411s] writing entry points to ../build/wheel_controller/wheel_controller.egg-info/entry_points.txt
[4.412s] writing requirements to ../build/wheel_controller/wheel_controller.egg-info/requires.txt
[4.412s] writing top-level names to ../build/wheel_controller/wheel_controller.egg-info/top_level.txt
[4.413s] writing manifest file '../build/wheel_controller/wheel_controller.egg-info/SOURCES.txt'
[4.421s] reading manifest file '../build/wheel_controller/wheel_controller.egg-info/SOURCES.txt'
[4.424s] writing manifest file '../build/wheel_controller/wheel_controller.egg-info/SOURCES.txt'
[4.425s] running build
[4.426s] running build_py
[4.426s] creating /home/dora/robot_ws/src/build/wheel_controller/build
[4.427s] creating /home/dora/robot_ws/src/build/wheel_controller/build/lib
[4.428s] creating /home/dora/robot_ws/src/build/wheel_controller/build/lib/wheel_controller
[4.428s] copying wheel_controller/__init__.py -> /home/dora/robot_ws/src/build/wheel_controller/build/lib/wheel_controller
[4.429s] copying wheel_controller/wheel_controller.py -> /home/dora/robot_ws/src/build/wheel_controller/build/lib/wheel_controller
[4.429s] running install
[4.430s] running install_lib
[4.432s] creating /home/dora/robot_ws/src/install/wheel_controller/lib/python3.10/site-packages/wheel_controller
[4.433s] copying /home/dora/robot_ws/src/build/wheel_controller/build/lib/wheel_controller/__init__.py -> /home/dora/robot_ws/src/install/wheel_controller/lib/python3.10/site-packages/wheel_controller
[4.434s] copying /home/dora/robot_ws/src/build/wheel_controller/build/lib/wheel_controller/wheel_controller.py -> /home/dora/robot_ws/src/install/wheel_controller/lib/python3.10/site-packages/wheel_controller
[4.436s] byte-compiling /home/dora/robot_ws/src/install/wheel_controller/lib/python3.10/site-packages/wheel_controller/__init__.py to __init__.cpython-310.pyc
[4.438s] byte-compiling /home/dora/robot_ws/src/install/wheel_controller/lib/python3.10/site-packages/wheel_controller/wheel_controller.py to wheel_controller.cpython-310.pyc
[4.441s] running install_data
[4.441s] creating /home/dora/robot_ws/src/install/wheel_controller/share/ament_index
[4.442s] creating /home/dora/robot_ws/src/install/wheel_controller/share/ament_index/resource_index
[4.442s] creating /home/dora/robot_ws/src/install/wheel_controller/share/ament_index/resource_index/packages
[4.443s] copying resource/wheel_controller -> /home/dora/robot_ws/src/install/wheel_controller/share/ament_index/resource_index/packages
[4.443s] copying package.xml -> /home/dora/robot_ws/src/install/wheel_controller/share/wheel_controller
[4.444s] running install_egg_info
[4.451s] Copying ../build/wheel_controller/wheel_controller.egg-info to /home/dora/robot_ws/src/install/wheel_controller/lib/python3.10/site-packages/wheel_controller-0.0.0-py3.10.egg-info
[4.459s] running install_scripts
[4.539s] Installing wheel_controller script to /home/dora/robot_ws/src/install/wheel_controller/lib/wheel_controller
[4.540s] writing list of installed files to '/home/dora/robot_ws/src/build/wheel_controller/install.log'
[4.664s] Invoked command in '/home/dora/robot_ws/src/wheel_controller' returned '0': PYTHONPATH=/home/dora/robot_ws/src/build/wheel_controller/prefix_override:/usr/lib/python3/dist-packages/colcon_core/task/python/colcon_distutils_commands:/home/dora/robot_ws/src/install/wheel_controller/lib/python3.10/site-packages:${PYTHONPATH} /usr/bin/python3 -W ignore:setup.py install is deprecated setup.py egg_info --egg-base ../build/wheel_controller build --build-base /home/dora/robot_ws/src/build/wheel_controller/build install --record /home/dora/robot_ws/src/build/wheel_controller/install.log --single-version-externally-managed install_data
