[0.587s] DEBUG:colcon:Command line arguments: ['/usr/bin/colcon', 'build', '--packages-select', 'src/encoder_odometry/']
[0.587s] DEBUG:colcon:Parsed command line arguments: Namespace(log_base=None, log_level=None, verb_name='build', build_base='build', install_base='install', merge_install=False, symlink_install=False, test_result_base=None, continue_on_error=False, executor='parallel', parallel_workers=4, event_handlers=None, ignore_user_meta=False, metas=['./colcon.meta'], base_paths=['.'], packages_ignore=None, packages_ignore_regex=None, paths=None, packages_up_to=None, packages_up_to_regex=None, packages_above=None, packages_above_and_dependencies=None, packages_above_depth=None, packages_select_by_dep=None, packages_skip_by_dep=None, packages_skip_up_to=None, packages_select_build_failed=False, packages_skip_build_finished=False, packages_select_test_failures=False, packages_skip_test_passed=False, packages_select=['src/encoder_odometry/'], packages_skip=None, packages_select_regex=None, packages_skip_regex=None, packages_start=None, packages_end=None, allow_overriding=[], cmake_args=None, cmake_target=None, cmake_target_skip_unavailable=False, cmake_clean_cache=False, cmake_clean_first=False, cmake_force_configure=False, ament_cmake_args=None, catkin_cmake_args=None, catkin_skip_building_tests=False, verb_parser=<colcon_defaults.argument_parser.defaults.DefaultArgumentsDecorator object at 0xffffade96bf0>, verb_extension=<colcon_core.verb.build.BuildVerb object at 0xffffae267790>, main=<bound method BuildVerb.main of <colcon_core.verb.build.BuildVerb object at 0xffffae267790>>)
[1.566s] Level 1:colcon.colcon_core.package_discovery:discover_packages(colcon_meta) check parameters
[1.568s] Level 1:colcon.colcon_core.package_discovery:discover_packages(recursive) check parameters
[1.569s] Level 1:colcon.colcon_core.package_discovery:discover_packages(ignore) check parameters
[1.569s] Level 1:colcon.colcon_core.package_discovery:discover_packages(path) check parameters
[1.570s] Level 1:colcon.colcon_core.package_discovery:discover_packages(colcon_meta) discover
[1.570s] Level 1:colcon.colcon_core.package_discovery:discover_packages(recursive) discover
[1.571s] INFO:colcon.colcon_core.package_discovery:Crawling recursively for packages in '/home/dora/robot_ws'
[1.571s] Level 1:colcon.colcon_core.package_identification:_identify(.) by extensions ['ignore', 'ignore_ament_install']
[1.572s] Level 1:colcon.colcon_core.package_identification:_identify(.) by extension 'ignore'
[1.573s] Level 1:colcon.colcon_core.package_identification:_identify(.) by extension 'ignore_ament_install'
[1.573s] Level 1:colcon.colcon_core.package_identification:_identify(.) by extensions ['colcon_pkg']
[1.573s] Level 1:colcon.colcon_core.package_identification:_identify(.) by extension 'colcon_pkg'
[1.574s] Level 1:colcon.colcon_core.package_identification:_identify(.) by extensions ['colcon_meta']
[1.574s] Level 1:colcon.colcon_core.package_identification:_identify(.) by extension 'colcon_meta'
[1.574s] Level 1:colcon.colcon_core.package_identification:_identify(.) by extensions ['ros']
[1.574s] Level 1:colcon.colcon_core.package_identification:_identify(.) by extension 'ros'
[1.633s] Level 1:colcon.colcon_core.package_identification:_identify(.) by extensions ['cmake', 'python']
[1.633s] Level 1:colcon.colcon_core.package_identification:_identify(.) by extension 'cmake'
[1.634s] Level 1:colcon.colcon_core.package_identification:_identify(.) by extension 'python'
[1.635s] Level 1:colcon.colcon_core.package_identification:_identify(.) by extensions ['python_setup_py']
[1.635s] Level 1:colcon.colcon_core.package_identification:_identify(.) by extension 'python_setup_py'
[1.636s] Level 1:colcon.colcon_core.package_identification:_identify(build) by extensions ['ignore', 'ignore_ament_install']
[1.637s] Level 1:colcon.colcon_core.package_identification:_identify(build) by extension 'ignore'
[1.637s] Level 1:colcon.colcon_core.package_identification:_identify(build) ignored
[1.638s] Level 1:colcon.colcon_core.package_identification:_identify(install) by extensions ['ignore', 'ignore_ament_install']
[1.639s] Level 1:colcon.colcon_core.package_identification:_identify(install) by extension 'ignore'
[1.639s] Level 1:colcon.colcon_core.package_identification:_identify(install) ignored
[1.640s] Level 1:colcon.colcon_core.package_identification:_identify(log) by extensions ['ignore', 'ignore_ament_install']
[1.641s] Level 1:colcon.colcon_core.package_identification:_identify(log) by extension 'ignore'
[1.641s] Level 1:colcon.colcon_core.package_identification:_identify(log) ignored
[1.642s] Level 1:colcon.colcon_core.package_identification:_identify(src) by extensions ['ignore', 'ignore_ament_install']
[1.642s] Level 1:colcon.colcon_core.package_identification:_identify(src) by extension 'ignore'
[1.643s] Level 1:colcon.colcon_core.package_identification:_identify(src) by extension 'ignore_ament_install'
[1.643s] Level 1:colcon.colcon_core.package_identification:_identify(src) by extensions ['colcon_pkg']
[1.643s] Level 1:colcon.colcon_core.package_identification:_identify(src) by extension 'colcon_pkg'
[1.644s] Level 1:colcon.colcon_core.package_identification:_identify(src) by extensions ['colcon_meta']
[1.644s] Level 1:colcon.colcon_core.package_identification:_identify(src) by extension 'colcon_meta'
[1.645s] Level 1:colcon.colcon_core.package_identification:_identify(src) by extensions ['ros']
[1.645s] Level 1:colcon.colcon_core.package_identification:_identify(src) by extension 'ros'
[1.646s] Level 1:colcon.colcon_core.package_identification:_identify(src) by extensions ['cmake', 'python']
[1.647s] Level 1:colcon.colcon_core.package_identification:_identify(src) by extension 'cmake'
[1.647s] Level 1:colcon.colcon_core.package_identification:_identify(src) by extension 'python'
[1.648s] Level 1:colcon.colcon_core.package_identification:_identify(src) by extensions ['python_setup_py']
[1.648s] Level 1:colcon.colcon_core.package_identification:_identify(src) by extension 'python_setup_py'
[1.650s] Level 1:colcon.colcon_core.package_identification:_identify(src/encoder_odometry) by extensions ['ignore', 'ignore_ament_install']
[1.650s] Level 1:colcon.colcon_core.package_identification:_identify(src/encoder_odometry) by extension 'ignore'
[1.651s] Level 1:colcon.colcon_core.package_identification:_identify(src/encoder_odometry) by extension 'ignore_ament_install'
[1.652s] Level 1:colcon.colcon_core.package_identification:_identify(src/encoder_odometry) by extensions ['colcon_pkg']
[1.652s] Level 1:colcon.colcon_core.package_identification:_identify(src/encoder_odometry) by extension 'colcon_pkg'
[1.653s] Level 1:colcon.colcon_core.package_identification:_identify(src/encoder_odometry) by extensions ['colcon_meta']
[1.654s] Level 1:colcon.colcon_core.package_identification:_identify(src/encoder_odometry) by extension 'colcon_meta'
[1.655s] Level 1:colcon.colcon_core.package_identification:_identify(src/encoder_odometry) by extensions ['ros']
[1.656s] Level 1:colcon.colcon_core.package_identification:_identify(src/encoder_odometry) by extension 'ros'
[1.669s] DEBUG:colcon.colcon_core.package_identification:Package 'src/encoder_odometry' with type 'ros.ament_python' and name 'encoder_odometry'
[1.669s] Level 1:colcon.colcon_core.package_identification:_identify(src/my_package) by extensions ['ignore', 'ignore_ament_install']
[1.670s] Level 1:colcon.colcon_core.package_identification:_identify(src/my_package) by extension 'ignore'
[1.670s] Level 1:colcon.colcon_core.package_identification:_identify(src/my_package) by extension 'ignore_ament_install'
[1.671s] Level 1:colcon.colcon_core.package_identification:_identify(src/my_package) by extensions ['colcon_pkg']
[1.671s] Level 1:colcon.colcon_core.package_identification:_identify(src/my_package) by extension 'colcon_pkg'
[1.671s] Level 1:colcon.colcon_core.package_identification:_identify(src/my_package) by extensions ['colcon_meta']
[1.671s] Level 1:colcon.colcon_core.package_identification:_identify(src/my_package) by extension 'colcon_meta'
[1.672s] Level 1:colcon.colcon_core.package_identification:_identify(src/my_package) by extensions ['ros']
[1.672s] Level 1:colcon.colcon_core.package_identification:_identify(src/my_package) by extension 'ros'
[1.675s] DEBUG:colcon.colcon_core.package_identification:Package 'src/my_package' with type 'ros.ament_python' and name 'my_package'
[1.676s] Level 1:colcon.colcon_core.package_identification:_identify(src/rplidar_ros) by extensions ['ignore', 'ignore_ament_install']
[1.677s] Level 1:colcon.colcon_core.package_identification:_identify(src/rplidar_ros) by extension 'ignore'
[1.677s] Level 1:colcon.colcon_core.package_identification:_identify(src/rplidar_ros) by extension 'ignore_ament_install'
[1.678s] Level 1:colcon.colcon_core.package_identification:_identify(src/rplidar_ros) by extensions ['colcon_pkg']
[1.678s] Level 1:colcon.colcon_core.package_identification:_identify(src/rplidar_ros) by extension 'colcon_pkg'
[1.678s] Level 1:colcon.colcon_core.package_identification:_identify(src/rplidar_ros) by extensions ['colcon_meta']
[1.679s] Level 1:colcon.colcon_core.package_identification:_identify(src/rplidar_ros) by extension 'colcon_meta'
[1.679s] Level 1:colcon.colcon_core.package_identification:_identify(src/rplidar_ros) by extensions ['ros']
[1.679s] Level 1:colcon.colcon_core.package_identification:_identify(src/rplidar_ros) by extension 'ros'
[1.682s] DEBUG:colcon.colcon_core.package_identification:Package 'src/rplidar_ros' with type 'ros.ament_cmake' and name 'rplidar_ros'
[1.683s] Level 1:colcon.colcon_core.package_identification:_identify(src/serial_coms) by extensions ['ignore', 'ignore_ament_install']
[1.684s] Level 1:colcon.colcon_core.package_identification:_identify(src/serial_coms) by extension 'ignore'
[1.684s] Level 1:colcon.colcon_core.package_identification:_identify(src/serial_coms) by extension 'ignore_ament_install'
[1.684s] Level 1:colcon.colcon_core.package_identification:_identify(src/serial_coms) by extensions ['colcon_pkg']
[1.685s] Level 1:colcon.colcon_core.package_identification:_identify(src/serial_coms) by extension 'colcon_pkg'
[1.685s] Level 1:colcon.colcon_core.package_identification:_identify(src/serial_coms) by extensions ['colcon_meta']
[1.686s] Level 1:colcon.colcon_core.package_identification:_identify(src/serial_coms) by extension 'colcon_meta'
[1.686s] Level 1:colcon.colcon_core.package_identification:_identify(src/serial_coms) by extensions ['ros']
[1.687s] Level 1:colcon.colcon_core.package_identification:_identify(src/serial_coms) by extension 'ros'
[1.691s] DEBUG:colcon.colcon_core.package_identification:Package 'src/serial_coms' with type 'ros.ament_python' and name 'serial_coms'
[1.692s] Level 1:colcon.colcon_core.package_identification:_identify(src/velocity_controller) by extensions ['ignore', 'ignore_ament_install']
[1.692s] Level 1:colcon.colcon_core.package_identification:_identify(src/velocity_controller) by extension 'ignore'
[1.693s] Level 1:colcon.colcon_core.package_identification:_identify(src/velocity_controller) by extension 'ignore_ament_install'
[1.694s] Level 1:colcon.colcon_core.package_identification:_identify(src/velocity_controller) by extensions ['colcon_pkg']
[1.694s] Level 1:colcon.colcon_core.package_identification:_identify(src/velocity_controller) by extension 'colcon_pkg'
[1.694s] Level 1:colcon.colcon_core.package_identification:_identify(src/velocity_controller) by extensions ['colcon_meta']
[1.695s] Level 1:colcon.colcon_core.package_identification:_identify(src/velocity_controller) by extension 'colcon_meta'
[1.696s] Level 1:colcon.colcon_core.package_identification:_identify(src/velocity_controller) by extensions ['ros']
[1.696s] Level 1:colcon.colcon_core.package_identification:_identify(src/velocity_controller) by extension 'ros'
[1.699s] DEBUG:colcon.colcon_core.package_identification:Package 'src/velocity_controller' with type 'ros.ament_python' and name 'velocity_controller'
[1.700s] Level 1:colcon.colcon_core.package_identification:_identify(src/wheel_controller) by extensions ['ignore', 'ignore_ament_install']
[1.701s] Level 1:colcon.colcon_core.package_identification:_identify(src/wheel_controller) by extension 'ignore'
[1.701s] Level 1:colcon.colcon_core.package_identification:_identify(src/wheel_controller) by extension 'ignore_ament_install'
[1.702s] Level 1:colcon.colcon_core.package_identification:_identify(src/wheel_controller) by extensions ['colcon_pkg']
[1.702s] Level 1:colcon.colcon_core.package_identification:_identify(src/wheel_controller) by extension 'colcon_pkg'
[1.702s] Level 1:colcon.colcon_core.package_identification:_identify(src/wheel_controller) by extensions ['colcon_meta']
[1.702s] Level 1:colcon.colcon_core.package_identification:_identify(src/wheel_controller) by extension 'colcon_meta'
[1.702s] Level 1:colcon.colcon_core.package_identification:_identify(src/wheel_controller) by extensions ['ros']
[1.703s] Level 1:colcon.colcon_core.package_identification:_identify(src/wheel_controller) by extension 'ros'
[1.705s] DEBUG:colcon.colcon_core.package_identification:Package 'src/wheel_controller' with type 'ros.ament_python' and name 'wheel_controller'
[1.705s] Level 1:colcon.colcon_core.package_discovery:discover_packages(recursive) using defaults
[1.706s] Level 1:colcon.colcon_core.package_discovery:discover_packages(ignore) discover
[1.706s] Level 1:colcon.colcon_core.package_discovery:discover_packages(ignore) using defaults
[1.706s] Level 1:colcon.colcon_core.package_discovery:discover_packages(path) discover
[1.706s] Level 1:colcon.colcon_core.package_discovery:discover_packages(path) using defaults
[1.707s] WARNING:colcon.colcon_core.package_selection:ignoring unknown package 'src/encoder_odometry/' in --packages-select
[1.810s] INFO:colcon.colcon_core.package_selection:Skipping not selected package 'encoder_odometry' in 'src/encoder_odometry'
[1.810s] INFO:colcon.colcon_core.package_selection:Skipping not selected package 'my_package' in 'src/my_package'
[1.811s] INFO:colcon.colcon_core.package_selection:Skipping not selected package 'rplidar_ros' in 'src/rplidar_ros'
[1.811s] INFO:colcon.colcon_core.package_selection:Skipping not selected package 'serial_coms' in 'src/serial_coms'
[1.811s] INFO:colcon.colcon_core.package_selection:Skipping not selected package 'velocity_controller' in 'src/velocity_controller'
[1.811s] INFO:colcon.colcon_core.package_selection:Skipping not selected package 'wheel_controller' in 'src/wheel_controller'
[1.813s] Level 1:colcon.colcon_core.package_discovery:discover_packages(prefix_path) check parameters
[1.814s] Level 1:colcon.colcon_core.package_discovery:discover_packages(prefix_path) discover
[1.829s] DEBUG:colcon.colcon_installed_package_information.package_discovery:Found 204 installed packages in /opt/ros/humble
[1.836s] Level 1:colcon.colcon_core.package_discovery:discover_packages(prefix_path) using defaults
[2.009s] INFO:colcon.colcon_core.executor:Executing jobs using 'parallel' executor
[2.013s] DEBUG:colcon.colcon_parallel_executor.executor.parallel:run_until_complete
[2.015s] DEBUG:colcon.colcon_parallel_executor.executor.parallel:closing loop
[2.016s] DEBUG:colcon.colcon_parallel_executor.executor.parallel:loop closed
[2.017s] DEBUG:colcon.colcon_parallel_executor.executor.parallel:run_until_complete finished with '0'
[2.018s] DEBUG:colcon.colcon_core.event_reactor:joining thread
[2.047s] INFO:colcon.colcon_core.plugin_system:Skipping extension 'colcon_notification.desktop_notification.terminal_notifier': Not used on non-Darwin systems
[2.048s] INFO:colcon.colcon_core.plugin_system:Skipping extension 'colcon_notification.desktop_notification.win32': Not used on non-Windows systems
[2.049s] INFO:colcon.colcon_notification.desktop_notification:Sending desktop notification using 'notify2'
