[17.517s] Invoking command in '/home/dora/dora_ros2_ws/robot_ws/src/encoder_odometry': PYTHONPATH=/home/dora/dora_ros2_ws/robot_ws/build/encoder_odometry/prefix_override:/usr/lib/python3/dist-packages/colcon_core/task/python/colcon_distutils_commands:/home/dora/dora_ros2_ws/robot_ws/install/encoder_odometry/lib/python3.10/site-packages:${PYTHONPATH} /usr/bin/python3 -W ignore:setup.py install is deprecated setup.py egg_info --egg-base ../../build/encoder_odometry build --build-base /home/dora/dora_ros2_ws/robot_ws/build/encoder_odometry/build install --record /home/dora/dora_ros2_ws/robot_ws/build/encoder_odometry/install.log --single-version-externally-managed install_data
[20.771s] running egg_info
[20.772s] writing ../../build/encoder_odometry/encoder_odometry.egg-info/PKG-INFO
[20.773s] writing dependency_links to ../../build/encoder_odometry/encoder_odometry.egg-info/dependency_links.txt
[20.774s] writing entry points to ../../build/encoder_odometry/encoder_odometry.egg-info/entry_points.txt
[20.774s] writing requirements to ../../build/encoder_odometry/encoder_odometry.egg-info/requires.txt
[20.777s] writing top-level names to ../../build/encoder_odometry/encoder_odometry.egg-info/top_level.txt
[20.796s] reading manifest file '../../build/encoder_odometry/encoder_odometry.egg-info/SOURCES.txt'
[20.805s] writing manifest file '../../build/encoder_odometry/encoder_odometry.egg-info/SOURCES.txt'
[20.808s] running build
[20.814s] running build_py
[20.815s] running install
[20.816s] running install_lib
[20.846s] running install_data
[20.848s] copying launch/robot_launch.py -> /home/dora/dora_ros2_ws/robot_ws/install/encoder_odometry/share/encoder_odometry/launch
[20.873s] running install_egg_info
[20.882s] removing '/home/dora/dora_ros2_ws/robot_ws/install/encoder_odometry/lib/python3.10/site-packages/encoder_odometry-0.0.0-py3.10.egg-info' (and everything under it)
[20.884s] Copying ../../build/encoder_odometry/encoder_odometry.egg-info to /home/dora/dora_ros2_ws/robot_ws/install/encoder_odometry/lib/python3.10/site-packages/encoder_odometry-0.0.0-py3.10.egg-info
[20.907s] running install_scripts
[21.031s] Installing encoder_to_odom script to /home/dora/dora_ros2_ws/robot_ws/install/encoder_odometry/lib/encoder_odometry
[21.053s] writing list of installed files to '/home/dora/dora_ros2_ws/robot_ws/build/encoder_odometry/install.log'
[23.454s] Invoked command in '/home/dora/dora_ros2_ws/robot_ws/src/encoder_odometry' returned '0': PYTHONPATH=/home/dora/dora_ros2_ws/robot_ws/build/encoder_odometry/prefix_override:/usr/lib/python3/dist-packages/colcon_core/task/python/colcon_distutils_commands:/home/dora/dora_ros2_ws/robot_ws/install/encoder_odometry/lib/python3.10/site-packages:${PYTHONPATH} /usr/bin/python3 -W ignore:setup.py install is deprecated setup.py egg_info --egg-base ../../build/encoder_odometry build --build-base /home/dora/dora_ros2_ws/robot_ws/build/encoder_odometry/build install --record /home/dora/dora_ros2_ws/robot_ws/build/encoder_odometry/install.log --single-version-externally-managed install_data
