[7.150s] Invoking command in '/home/dora/robot_ws/src/serial_coms': PYTHONPATH=/home/dora/robot_ws/build/serial_coms/prefix_override:/usr/lib/python3/dist-packages/colcon_core/task/python/colcon_distutils_commands:/home/dora/robot_ws/install/serial_coms/lib/python3.10/site-packages:${PYTHONPATH} /usr/bin/python3 -W ignore:setup.py install is deprecated setup.py egg_info --egg-base ../../build/serial_coms build --build-base /home/dora/robot_ws/build/serial_coms/build install --record /home/dora/robot_ws/build/serial_coms/install.log --single-version-externally-managed install_data
[8.882s] running egg_info
[8.886s] creating ../../build/serial_coms/serial_coms.egg-info
[8.888s] writing ../../build/serial_coms/serial_coms.egg-info/PKG-INFO
[8.891s] writing dependency_links to ../../build/serial_coms/serial_coms.egg-info/dependency_links.txt
[8.893s] writing entry points to ../../build/serial_coms/serial_coms.egg-info/entry_points.txt
[8.895s] writing requirements to ../../build/serial_coms/serial_coms.egg-info/requires.txt
[8.896s] writing top-level names to ../../build/serial_coms/serial_coms.egg-info/top_level.txt
[8.899s] writing manifest file '../../build/serial_coms/serial_coms.egg-info/SOURCES.txt'
[8.910s] reading manifest file '../../build/serial_coms/serial_coms.egg-info/SOURCES.txt'
[8.913s] adding license file 'LICENSE'
[8.917s] writing manifest file '../../build/serial_coms/serial_coms.egg-info/SOURCES.txt'
[8.919s] running build
[8.920s] running build_py
[8.922s] creating /home/dora/robot_ws/build/serial_coms/build
[8.924s] creating /home/dora/robot_ws/build/serial_coms/build/lib
[8.925s] creating /home/dora/robot_ws/build/serial_coms/build/lib/serial_coms
[8.927s] copying serial_coms/__init__.py -> /home/dora/robot_ws/build/serial_coms/build/lib/serial_coms
[8.929s] copying serial_coms/serial_node.py -> /home/dora/robot_ws/build/serial_coms/build/lib/serial_coms
[8.932s] running install
[8.935s] running install_lib
[8.941s] creating /home/dora/robot_ws/install/serial_coms/lib/python3.10/site-packages/serial_coms
[8.942s] copying /home/dora/robot_ws/build/serial_coms/build/lib/serial_coms/__init__.py -> /home/dora/robot_ws/install/serial_coms/lib/python3.10/site-packages/serial_coms
[8.943s] copying /home/dora/robot_ws/build/serial_coms/build/lib/serial_coms/serial_node.py -> /home/dora/robot_ws/install/serial_coms/lib/python3.10/site-packages/serial_coms
[8.946s] byte-compiling /home/dora/robot_ws/install/serial_coms/lib/python3.10/site-packages/serial_coms/__init__.py to __init__.cpython-310.pyc
[8.948s] byte-compiling /home/dora/robot_ws/install/serial_coms/lib/python3.10/site-packages/serial_coms/serial_node.py to serial_node.cpython-310.pyc
[8.951s] running install_data
[8.953s] creating /home/dora/robot_ws/install/serial_coms/share/ament_index
[8.953s] creating /home/dora/robot_ws/install/serial_coms/share/ament_index/resource_index
[8.954s] creating /home/dora/robot_ws/install/serial_coms/share/ament_index/resource_index/packages
[8.955s] copying resource/serial_coms -> /home/dora/robot_ws/install/serial_coms/share/ament_index/resource_index/packages
[8.956s] copying package.xml -> /home/dora/robot_ws/install/serial_coms/share/serial_coms
[8.956s] running install_egg_info
[8.965s] Copying ../../build/serial_coms/serial_coms.egg-info to /home/dora/robot_ws/install/serial_coms/lib/python3.10/site-packages/serial_coms-0.0.0-py3.10.egg-info
[8.973s] running install_scripts
[9.110s] writing list of installed files to '/home/dora/robot_ws/build/serial_coms/install.log'
[9.435s] Invoked command in '/home/dora/robot_ws/src/serial_coms' returned '0': PYTHONPATH=/home/dora/robot_ws/build/serial_coms/prefix_override:/usr/lib/python3/dist-packages/colcon_core/task/python/colcon_distutils_commands:/home/dora/robot_ws/install/serial_coms/lib/python3.10/site-packages:${PYTHONPATH} /usr/bin/python3 -W ignore:setup.py install is deprecated setup.py egg_info --egg-base ../../build/serial_coms build --build-base /home/dora/robot_ws/build/serial_coms/build install --record /home/dora/robot_ws/build/serial_coms/install.log --single-version-externally-managed install_data
