[4.214s] Invoking command in '/home/dora/robot_ws/src/encoder_odometry': PYTHONPATH=/home/dora/robot_ws/src/build/encoder_odometry/prefix_override:/usr/lib/python3/dist-packages/colcon_core/task/python/colcon_distutils_commands:/home/dora/robot_ws/src/install/encoder_odometry/lib/python3.10/site-packages:${PYTHONPATH} /usr/bin/python3 -W ignore:setup.py install is deprecated setup.py egg_info --egg-base ../build/encoder_odometry build --build-base /home/dora/robot_ws/src/build/encoder_odometry/build install --record /home/dora/robot_ws/src/build/encoder_odometry/install.log --single-version-externally-managed install_data
[6.363s] running egg_info
[6.369s] creating ../build/encoder_odometry/encoder_odometry.egg-info
[6.371s] writing ../build/encoder_odometry/encoder_odometry.egg-info/PKG-INFO
[6.372s] writing dependency_links to ../build/encoder_odometry/encoder_odometry.egg-info/dependency_links.txt
[6.377s] writing entry points to ../build/encoder_odometry/encoder_odometry.egg-info/entry_points.txt
[6.378s] writing requirements to ../build/encoder_odometry/encoder_odometry.egg-info/requires.txt
[6.379s] writing top-level names to ../build/encoder_odometry/encoder_odometry.egg-info/top_level.txt
[6.380s] writing manifest file '../build/encoder_odometry/encoder_odometry.egg-info/SOURCES.txt'
[6.387s] reading manifest file '../build/encoder_odometry/encoder_odometry.egg-info/SOURCES.txt'
[6.392s] writing manifest file '../build/encoder_odometry/encoder_odometry.egg-info/SOURCES.txt'
[6.397s] running build
[6.404s] running build_py
[6.410s] creating /home/dora/robot_ws/src/build/encoder_odometry/build
[6.411s] creating /home/dora/robot_ws/src/build/encoder_odometry/build/lib
[6.411s] creating /home/dora/robot_ws/src/build/encoder_odometry/build/lib/encoder_odometry
[6.412s] copying encoder_odometry/__init__.py -> /home/dora/robot_ws/src/build/encoder_odometry/build/lib/encoder_odometry
[6.413s] copying encoder_odometry/encoder_to_odom.py -> /home/dora/robot_ws/src/build/encoder_odometry/build/lib/encoder_odometry
[6.413s] running install
[6.419s] running install_lib
[6.422s] creating /home/dora/robot_ws/src/install/encoder_odometry/lib/python3.10/site-packages/encoder_odometry
[6.423s] copying /home/dora/robot_ws/src/build/encoder_odometry/build/lib/encoder_odometry/__init__.py -> /home/dora/robot_ws/src/install/encoder_odometry/lib/python3.10/site-packages/encoder_odometry
[6.424s] copying /home/dora/robot_ws/src/build/encoder_odometry/build/lib/encoder_odometry/encoder_to_odom.py -> /home/dora/robot_ws/src/install/encoder_odometry/lib/python3.10/site-packages/encoder_odometry
[6.424s] byte-compiling /home/dora/robot_ws/src/install/encoder_odometry/lib/python3.10/site-packages/encoder_odometry/__init__.py to __init__.cpython-310.pyc
[6.425s] byte-compiling /home/dora/robot_ws/src/install/encoder_odometry/lib/python3.10/site-packages/encoder_odometry/encoder_to_odom.py to encoder_to_odom.cpython-310.pyc
[6.426s] running install_data
[6.427s] creating /home/dora/robot_ws/src/install/encoder_odometry/share/ament_index
[6.428s] creating /home/dora/robot_ws/src/install/encoder_odometry/share/ament_index/resource_index
[6.429s] creating /home/dora/robot_ws/src/install/encoder_odometry/share/ament_index/resource_index/packages
[6.437s] copying resource/encoder_odometry -> /home/dora/robot_ws/src/install/encoder_odometry/share/ament_index/resource_index/packages
[6.441s] copying package.xml -> /home/dora/robot_ws/src/install/encoder_odometry/share/encoder_odometry
[6.442s] creating /home/dora/robot_ws/src/install/encoder_odometry/share/encoder_odometry/launch
[6.443s] copying launch/robot_launch.py -> /home/dora/robot_ws/src/install/encoder_odometry/share/encoder_odometry/launch
[6.444s] running install_egg_info
[6.445s] Copying ../build/encoder_odometry/encoder_odometry.egg-info to /home/dora/robot_ws/src/install/encoder_odometry/lib/python3.10/site-packages/encoder_odometry-0.0.0-py3.10.egg-info
[6.456s] running install_scripts
[6.563s] Installing encoder_to_odom script to /home/dora/robot_ws/src/install/encoder_odometry/lib/encoder_odometry
[6.567s] writing list of installed files to '/home/dora/robot_ws/src/build/encoder_odometry/install.log'
[6.767s] Invoked command in '/home/dora/robot_ws/src/encoder_odometry' returned '0': PYTHONPATH=/home/dora/robot_ws/src/build/encoder_odometry/prefix_override:/usr/lib/python3/dist-packages/colcon_core/task/python/colcon_distutils_commands:/home/dora/robot_ws/src/install/encoder_odometry/lib/python3.10/site-packages:${PYTHONPATH} /usr/bin/python3 -W ignore:setup.py install is deprecated setup.py egg_info --egg-base ../build/encoder_odometry build --build-base /home/dora/robot_ws/src/build/encoder_odometry/build install --record /home/dora/robot_ws/src/build/encoder_odometry/install.log --single-version-externally-managed install_data
