[6.140s] Invoking command in '/home/dora/robot_ws/src/my_package': PYTHONPATH=/home/dora/robot_ws/build/my_package/prefix_override:/usr/lib/python3/dist-packages/colcon_core/task/python/colcon_distutils_commands:/home/dora/robot_ws/install/my_package/lib/python3.10/site-packages:${PYTHONPATH} /usr/bin/python3 -W ignore:setup.py install is deprecated setup.py egg_info --egg-base ../../build/my_package build --build-base /home/dora/robot_ws/build/my_package/build install --record /home/dora/robot_ws/build/my_package/install.log --single-version-externally-managed install_data
[7.893s] running egg_info
[7.897s] writing ../../build/my_package/my_package.egg-info/PKG-INFO
[7.898s] writing dependency_links to ../../build/my_package/my_package.egg-info/dependency_links.txt
[7.900s] writing entry points to ../../build/my_package/my_package.egg-info/entry_points.txt
[7.901s] writing requirements to ../../build/my_package/my_package.egg-info/requires.txt
[7.903s] writing top-level names to ../../build/my_package/my_package.egg-info/top_level.txt
[7.915s] reading manifest file '../../build/my_package/my_package.egg-info/SOURCES.txt'
[7.922s] writing manifest file '../../build/my_package/my_package.egg-info/SOURCES.txt'
[7.923s] running build
[7.925s] running build_py
[7.926s] running install
[7.927s] running install_lib
[7.932s] running install_data
[7.933s] running install_egg_info
[7.942s] removing '/home/dora/robot_ws/install/my_package/lib/python3.10/site-packages/my_package-0.0.0-py3.10.egg-info' (and everything under it)
[7.945s] Copying ../../build/my_package/my_package.egg-info to /home/dora/robot_ws/install/my_package/lib/python3.10/site-packages/my_package-0.0.0-py3.10.egg-info
[7.953s] running install_scripts
[8.060s] Installing python_executable_name script to /home/dora/robot_ws/install/my_package/lib/my_package
[8.064s] writing list of installed files to '/home/dora/robot_ws/build/my_package/install.log'
[8.269s] Invoked command in '/home/dora/robot_ws/src/my_package' returned '0': PYTHONPATH=/home/dora/robot_ws/build/my_package/prefix_override:/usr/lib/python3/dist-packages/colcon_core/task/python/colcon_distutils_commands:/home/dora/robot_ws/install/my_package/lib/python3.10/site-packages:${PYTHONPATH} /usr/bin/python3 -W ignore:setup.py install is deprecated setup.py egg_info --egg-base ../../build/my_package build --build-base /home/dora/robot_ws/build/my_package/build install --record /home/dora/robot_ws/build/my_package/install.log --single-version-externally-managed install_data
