[0.422s] DEBUG:colcon:Command line arguments: ['/usr/bin/colcon', 'build', '--packages-select', 'encoder_odometry']
[0.422s] DEBUG:colcon:Parsed command line arguments: Namespace(log_base=None, log_level=None, verb_name='build', build_base='build', install_base='install', merge_install=False, symlink_install=False, test_result_base=None, continue_on_error=False, executor='parallel', parallel_workers=4, event_handlers=None, ignore_user_meta=False, metas=['./colcon.meta'], base_paths=['.'], packages_ignore=None, packages_ignore_regex=None, paths=None, packages_up_to=None, packages_up_to_regex=None, packages_above=None, packages_above_and_dependencies=None, packages_above_depth=None, packages_select_by_dep=None, packages_skip_by_dep=None, packages_skip_up_to=None, packages_select_build_failed=False, packages_skip_build_finished=False, packages_select_test_failures=False, packages_skip_test_passed=False, packages_select=['encoder_odometry'], packages_skip=None, packages_select_regex=None, packages_skip_regex=None, packages_start=None, packages_end=None, allow_overriding=[], cmake_args=None, cmake_target=None, cmake_target_skip_unavailable=False, cmake_clean_cache=False, cmake_clean_first=False, cmake_force_configure=False, ament_cmake_args=None, catkin_cmake_args=None, catkin_skip_building_tests=False, verb_parser=<colcon_defaults.argument_parser.defaults.DefaultArgumentsDecorator object at 0xffffab166b90>, verb_extension=<colcon_core.verb.build.BuildVerb object at 0xffffab537730>, main=<bound method BuildVerb.main of <colcon_core.verb.build.BuildVerb object at 0xffffab537730>>)
[1.422s] Level 1:colcon.colcon_core.package_discovery:discover_packages(colcon_meta) check parameters
[1.422s] Level 1:colcon.colcon_core.package_discovery:discover_packages(recursive) check parameters
[1.423s] Level 1:colcon.colcon_core.package_discovery:discover_packages(ignore) check parameters
[1.423s] Level 1:colcon.colcon_core.package_discovery:discover_packages(path) check parameters
[1.423s] Level 1:colcon.colcon_core.package_discovery:discover_packages(colcon_meta) discover
[1.423s] Level 1:colcon.colcon_core.package_discovery:discover_packages(recursive) discover
[1.423s] INFO:colcon.colcon_core.package_discovery:Crawling recursively for packages in '/home/dora/robot_ws/src'
[1.424s] Level 1:colcon.colcon_core.package_identification:_identify(.) by extensions ['ignore', 'ignore_ament_install']
[1.424s] Level 1:colcon.colcon_core.package_identification:_identify(.) by extension 'ignore'
[1.424s] Level 1:colcon.colcon_core.package_identification:_identify(.) by extension 'ignore_ament_install'
[1.425s] Level 1:colcon.colcon_core.package_identification:_identify(.) by extensions ['colcon_pkg']
[1.425s] Level 1:colcon.colcon_core.package_identification:_identify(.) by extension 'colcon_pkg'
[1.425s] Level 1:colcon.colcon_core.package_identification:_identify(.) by extensions ['colcon_meta']
[1.425s] Level 1:colcon.colcon_core.package_identification:_identify(.) by extension 'colcon_meta'
[1.425s] Level 1:colcon.colcon_core.package_identification:_identify(.) by extensions ['ros']
[1.426s] Level 1:colcon.colcon_core.package_identification:_identify(.) by extension 'ros'
[1.504s] Level 1:colcon.colcon_core.package_identification:_identify(.) by extensions ['cmake', 'python']
[1.505s] Level 1:colcon.colcon_core.package_identification:_identify(.) by extension 'cmake'
[1.505s] Level 1:colcon.colcon_core.package_identification:_identify(.) by extension 'python'
[1.505s] Level 1:colcon.colcon_core.package_identification:_identify(.) by extensions ['python_setup_py']
[1.505s] Level 1:colcon.colcon_core.package_identification:_identify(.) by extension 'python_setup_py'
[1.506s] Level 1:colcon.colcon_core.package_identification:_identify(build) by extensions ['ignore', 'ignore_ament_install']
[1.506s] Level 1:colcon.colcon_core.package_identification:_identify(build) by extension 'ignore'
[1.506s] Level 1:colcon.colcon_core.package_identification:_identify(build) ignored
[1.508s] Level 1:colcon.colcon_core.package_identification:_identify(encoder_odometry) by extensions ['ignore', 'ignore_ament_install']
[1.509s] Level 1:colcon.colcon_core.package_identification:_identify(encoder_odometry) by extension 'ignore'
[1.509s] Level 1:colcon.colcon_core.package_identification:_identify(encoder_odometry) by extension 'ignore_ament_install'
[1.509s] Level 1:colcon.colcon_core.package_identification:_identify(encoder_odometry) by extensions ['colcon_pkg']
[1.509s] Level 1:colcon.colcon_core.package_identification:_identify(encoder_odometry) by extension 'colcon_pkg'
[1.509s] Level 1:colcon.colcon_core.package_identification:_identify(encoder_odometry) by extensions ['colcon_meta']
[1.509s] Level 1:colcon.colcon_core.package_identification:_identify(encoder_odometry) by extension 'colcon_meta'
[1.510s] Level 1:colcon.colcon_core.package_identification:_identify(encoder_odometry) by extensions ['ros']
[1.510s] Level 1:colcon.colcon_core.package_identification:_identify(encoder_odometry) by extension 'ros'
[1.524s] DEBUG:colcon.colcon_core.package_identification:Package 'encoder_odometry' with type 'ros.ament_python' and name 'encoder_odometry'
[1.525s] Level 1:colcon.colcon_core.package_identification:_identify(install) by extensions ['ignore', 'ignore_ament_install']
[1.525s] Level 1:colcon.colcon_core.package_identification:_identify(install) by extension 'ignore'
[1.526s] Level 1:colcon.colcon_core.package_identification:_identify(install) ignored
[1.526s] Level 1:colcon.colcon_core.package_identification:_identify(log) by extensions ['ignore', 'ignore_ament_install']
[1.527s] Level 1:colcon.colcon_core.package_identification:_identify(log) by extension 'ignore'
[1.527s] Level 1:colcon.colcon_core.package_identification:_identify(log) ignored
[1.529s] Level 1:colcon.colcon_core.package_identification:_identify(my_package) by extensions ['ignore', 'ignore_ament_install']
[1.529s] Level 1:colcon.colcon_core.package_identification:_identify(my_package) by extension 'ignore'
[1.529s] Level 1:colcon.colcon_core.package_identification:_identify(my_package) by extension 'ignore_ament_install'
[1.529s] Level 1:colcon.colcon_core.package_identification:_identify(my_package) by extensions ['colcon_pkg']
[1.530s] Level 1:colcon.colcon_core.package_identification:_identify(my_package) by extension 'colcon_pkg'
[1.530s] Level 1:colcon.colcon_core.package_identification:_identify(my_package) by extensions ['colcon_meta']
[1.530s] Level 1:colcon.colcon_core.package_identification:_identify(my_package) by extension 'colcon_meta'
[1.530s] Level 1:colcon.colcon_core.package_identification:_identify(my_package) by extensions ['ros']
[1.530s] Level 1:colcon.colcon_core.package_identification:_identify(my_package) by extension 'ros'
[1.533s] DEBUG:colcon.colcon_core.package_identification:Package 'my_package' with type 'ros.ament_python' and name 'my_package'
[1.535s] Level 1:colcon.colcon_core.package_identification:_identify(rplidar_ros) by extensions ['ignore', 'ignore_ament_install']
[1.535s] Level 1:colcon.colcon_core.package_identification:_identify(rplidar_ros) by extension 'ignore'
[1.535s] Level 1:colcon.colcon_core.package_identification:_identify(rplidar_ros) by extension 'ignore_ament_install'
[1.536s] Level 1:colcon.colcon_core.package_identification:_identify(rplidar_ros) by extensions ['colcon_pkg']
[1.536s] Level 1:colcon.colcon_core.package_identification:_identify(rplidar_ros) by extension 'colcon_pkg'
[1.536s] Level 1:colcon.colcon_core.package_identification:_identify(rplidar_ros) by extensions ['colcon_meta']
[1.536s] Level 1:colcon.colcon_core.package_identification:_identify(rplidar_ros) by extension 'colcon_meta'
[1.536s] Level 1:colcon.colcon_core.package_identification:_identify(rplidar_ros) by extensions ['ros']
[1.536s] Level 1:colcon.colcon_core.package_identification:_identify(rplidar_ros) by extension 'ros'
[1.540s] DEBUG:colcon.colcon_core.package_identification:Package 'rplidar_ros' with type 'ros.ament_cmake' and name 'rplidar_ros'
[1.541s] Level 1:colcon.colcon_core.package_identification:_identify(serial_coms) by extensions ['ignore', 'ignore_ament_install']
[1.541s] Level 1:colcon.colcon_core.package_identification:_identify(serial_coms) by extension 'ignore'
[1.541s] Level 1:colcon.colcon_core.package_identification:_identify(serial_coms) by extension 'ignore_ament_install'
[1.542s] Level 1:colcon.colcon_core.package_identification:_identify(serial_coms) by extensions ['colcon_pkg']
[1.542s] Level 1:colcon.colcon_core.package_identification:_identify(serial_coms) by extension 'colcon_pkg'
[1.542s] Level 1:colcon.colcon_core.package_identification:_identify(serial_coms) by extensions ['colcon_meta']
[1.542s] Level 1:colcon.colcon_core.package_identification:_identify(serial_coms) by extension 'colcon_meta'
[1.542s] Level 1:colcon.colcon_core.package_identification:_identify(serial_coms) by extensions ['ros']
[1.543s] Level 1:colcon.colcon_core.package_identification:_identify(serial_coms) by extension 'ros'
[1.545s] DEBUG:colcon.colcon_core.package_identification:Package 'serial_coms' with type 'ros.ament_python' and name 'serial_coms'
[1.546s] Level 1:colcon.colcon_core.package_identification:_identify(velocity_controller) by extensions ['ignore', 'ignore_ament_install']
[1.547s] Level 1:colcon.colcon_core.package_identification:_identify(velocity_controller) by extension 'ignore'
[1.547s] Level 1:colcon.colcon_core.package_identification:_identify(velocity_controller) by extension 'ignore_ament_install'
[1.547s] Level 1:colcon.colcon_core.package_identification:_identify(velocity_controller) by extensions ['colcon_pkg']
[1.547s] Level 1:colcon.colcon_core.package_identification:_identify(velocity_controller) by extension 'colcon_pkg'
[1.548s] Level 1:colcon.colcon_core.package_identification:_identify(velocity_controller) by extensions ['colcon_meta']
[1.548s] Level 1:colcon.colcon_core.package_identification:_identify(velocity_controller) by extension 'colcon_meta'
[1.548s] Level 1:colcon.colcon_core.package_identification:_identify(velocity_controller) by extensions ['ros']
[1.548s] Level 1:colcon.colcon_core.package_identification:_identify(velocity_controller) by extension 'ros'
[1.551s] DEBUG:colcon.colcon_core.package_identification:Package 'velocity_controller' with type 'ros.ament_python' and name 'velocity_controller'
[1.552s] Level 1:colcon.colcon_core.package_identification:_identify(wheel_controller) by extensions ['ignore', 'ignore_ament_install']
[1.552s] Level 1:colcon.colcon_core.package_identification:_identify(wheel_controller) by extension 'ignore'
[1.553s] Level 1:colcon.colcon_core.package_identification:_identify(wheel_controller) by extension 'ignore_ament_install'
[1.553s] Level 1:colcon.colcon_core.package_identification:_identify(wheel_controller) by extensions ['colcon_pkg']
[1.553s] Level 1:colcon.colcon_core.package_identification:_identify(wheel_controller) by extension 'colcon_pkg'
[1.553s] Level 1:colcon.colcon_core.package_identification:_identify(wheel_controller) by extensions ['colcon_meta']
[1.553s] Level 1:colcon.colcon_core.package_identification:_identify(wheel_controller) by extension 'colcon_meta'
[1.553s] Level 1:colcon.colcon_core.package_identification:_identify(wheel_controller) by extensions ['ros']
[1.554s] Level 1:colcon.colcon_core.package_identification:_identify(wheel_controller) by extension 'ros'
[1.556s] DEBUG:colcon.colcon_core.package_identification:Package 'wheel_controller' with type 'ros.ament_python' and name 'wheel_controller'
[1.556s] Level 1:colcon.colcon_core.package_discovery:discover_packages(recursive) using defaults
[1.557s] Level 1:colcon.colcon_core.package_discovery:discover_packages(ignore) discover
[1.557s] Level 1:colcon.colcon_core.package_discovery:discover_packages(ignore) using defaults
[1.557s] Level 1:colcon.colcon_core.package_discovery:discover_packages(path) discover
[1.557s] Level 1:colcon.colcon_core.package_discovery:discover_packages(path) using defaults
[1.683s] INFO:colcon.colcon_core.package_selection:Skipping not selected package 'my_package' in 'my_package'
[1.683s] INFO:colcon.colcon_core.package_selection:Skipping not selected package 'rplidar_ros' in 'rplidar_ros'
[1.683s] INFO:colcon.colcon_core.package_selection:Skipping not selected package 'serial_coms' in 'serial_coms'
[1.683s] INFO:colcon.colcon_core.package_selection:Skipping not selected package 'velocity_controller' in 'velocity_controller'
[1.684s] INFO:colcon.colcon_core.package_selection:Skipping not selected package 'wheel_controller' in 'wheel_controller'
[1.687s] Level 1:colcon.colcon_core.package_discovery:discover_packages(prefix_path) check parameters
[1.687s] Level 1:colcon.colcon_core.package_discovery:discover_packages(prefix_path) discover
[1.705s] DEBUG:colcon.colcon_installed_package_information.package_discovery:Found 204 installed packages in /opt/ros/humble
[1.711s] Level 1:colcon.colcon_core.package_discovery:discover_packages(prefix_path) using defaults
[1.837s] Level 5:colcon.colcon_core.verb:set package 'encoder_odometry' build argument 'cmake_args' from command line to 'None'
[1.837s] Level 5:colcon.colcon_core.verb:set package 'encoder_odometry' build argument 'cmake_target' from command line to 'None'
[1.837s] Level 5:colcon.colcon_core.verb:set package 'encoder_odometry' build argument 'cmake_target_skip_unavailable' from command line to 'False'
[1.837s] Level 5:colcon.colcon_core.verb:set package 'encoder_odometry' build argument 'cmake_clean_cache' from command line to 'False'
[1.838s] Level 5:colcon.colcon_core.verb:set package 'encoder_odometry' build argument 'cmake_clean_first' from command line to 'False'
[1.838s] Level 5:colcon.colcon_core.verb:set package 'encoder_odometry' build argument 'cmake_force_configure' from command line to 'False'
[1.838s] Level 5:colcon.colcon_core.verb:set package 'encoder_odometry' build argument 'ament_cmake_args' from command line to 'None'
[1.838s] Level 5:colcon.colcon_core.verb:set package 'encoder_odometry' build argument 'catkin_cmake_args' from command line to 'None'
[1.838s] Level 5:colcon.colcon_core.verb:set package 'encoder_odometry' build argument 'catkin_skip_building_tests' from command line to 'False'
[1.838s] DEBUG:colcon.colcon_core.verb:Building package 'encoder_odometry' with the following arguments: {'ament_cmake_args': None, 'build_base': '/home/dora/robot_ws/src/build/encoder_odometry', 'catkin_cmake_args': None, 'catkin_skip_building_tests': False, 'cmake_args': None, 'cmake_clean_cache': False, 'cmake_clean_first': False, 'cmake_force_configure': False, 'cmake_target': None, 'cmake_target_skip_unavailable': False, 'install_base': '/home/dora/robot_ws/src/install/encoder_odometry', 'merge_install': False, 'path': '/home/dora/robot_ws/src/encoder_odometry', 'symlink_install': False, 'test_result_base': None}
[1.839s] INFO:colcon.colcon_core.executor:Executing jobs using 'parallel' executor
[1.842s] DEBUG:colcon.colcon_parallel_executor.executor.parallel:run_until_complete
[1.843s] INFO:colcon.colcon_ros.task.ament_python.build:Building ROS package in '/home/dora/robot_ws/src/encoder_odometry' with build type 'ament_python'
[1.843s] Level 1:colcon.colcon_core.shell:create_environment_hook('encoder_odometry', 'ament_prefix_path')
[1.862s] INFO:colcon.colcon_core.plugin_system:Skipping extension 'colcon_core.shell.bat': Not used on non-Windows systems
[1.863s] INFO:colcon.colcon_core.shell:Creating environment hook '/home/dora/robot_ws/src/install/encoder_odometry/share/encoder_odometry/hook/ament_prefix_path.ps1'
[1.868s] INFO:colcon.colcon_core.shell:Creating environment descriptor '/home/dora/robot_ws/src/install/encoder_odometry/share/encoder_odometry/hook/ament_prefix_path.dsv'
[1.871s] INFO:colcon.colcon_core.shell:Creating environment hook '/home/dora/robot_ws/src/install/encoder_odometry/share/encoder_odometry/hook/ament_prefix_path.sh'
[1.875s] INFO:colcon.colcon_core.shell:Skip shell extension 'powershell' for command environment: Not usable outside of PowerShell
[1.875s] DEBUG:colcon.colcon_core.shell:Skip shell extension 'dsv' for command environment
[2.995s] INFO:colcon.colcon_core.task.python.build:Building Python package in '/home/dora/robot_ws/src/encoder_odometry'
[2.996s] INFO:colcon.colcon_core.shell:Skip shell extension 'powershell' for command environment: Not usable outside of PowerShell
[2.996s] DEBUG:colcon.colcon_core.shell:Skip shell extension 'dsv' for command environment
[4.994s] DEBUG:colcon.colcon_core.event_handler.log_command:Invoking command in '/home/dora/robot_ws/src/encoder_odometry': PYTHONPATH=/home/dora/robot_ws/src/build/encoder_odometry/prefix_override:/usr/lib/python3/dist-packages/colcon_core/task/python/colcon_distutils_commands:/home/dora/robot_ws/src/install/encoder_odometry/lib/python3.10/site-packages:${PYTHONPATH} /usr/bin/python3 -W ignore:setup.py install is deprecated setup.py egg_info --egg-base ../build/encoder_odometry build --build-base /home/dora/robot_ws/src/build/encoder_odometry/build install --record /home/dora/robot_ws/src/build/encoder_odometry/install.log --single-version-externally-managed install_data
[6.270s] DEBUG:colcon.colcon_core.event_handler.log_command:Invoked command in '/home/dora/robot_ws/src/encoder_odometry' returned '0': PYTHONPATH=/home/dora/robot_ws/src/build/encoder_odometry/prefix_override:/usr/lib/python3/dist-packages/colcon_core/task/python/colcon_distutils_commands:/home/dora/robot_ws/src/install/encoder_odometry/lib/python3.10/site-packages:${PYTHONPATH} /usr/bin/python3 -W ignore:setup.py install is deprecated setup.py egg_info --egg-base ../build/encoder_odometry build --build-base /home/dora/robot_ws/src/build/encoder_odometry/build install --record /home/dora/robot_ws/src/build/encoder_odometry/install.log --single-version-externally-managed install_data
[6.292s] Level 1:colcon.colcon_core.environment:checking '/home/dora/robot_ws/src/install/encoder_odometry' for CMake module files
[6.295s] Level 1:colcon.colcon_core.environment:checking '/home/dora/robot_ws/src/install/encoder_odometry' for CMake config files
[6.301s] Level 1:colcon.colcon_core.environment:checking '/home/dora/robot_ws/src/install/encoder_odometry/lib'
[6.302s] Level 1:colcon.colcon_core.environment:checking '/home/dora/robot_ws/src/install/encoder_odometry/bin'
[6.302s] Level 1:colcon.colcon_core.environment:checking '/home/dora/robot_ws/src/install/encoder_odometry/lib/pkgconfig/encoder_odometry.pc'
[6.303s] Level 1:colcon.colcon_core.environment:checking '/home/dora/robot_ws/src/install/encoder_odometry/lib/python3.10/site-packages'
[6.304s] Level 1:colcon.colcon_core.shell:create_environment_hook('encoder_odometry', 'pythonpath')
[6.305s] INFO:colcon.colcon_core.shell:Creating environment hook '/home/dora/robot_ws/src/install/encoder_odometry/share/encoder_odometry/hook/pythonpath.ps1'
[6.306s] INFO:colcon.colcon_core.shell:Creating environment descriptor '/home/dora/robot_ws/src/install/encoder_odometry/share/encoder_odometry/hook/pythonpath.dsv'
[6.308s] INFO:colcon.colcon_core.shell:Creating environment hook '/home/dora/robot_ws/src/install/encoder_odometry/share/encoder_odometry/hook/pythonpath.sh'
[6.311s] Level 1:colcon.colcon_core.environment:checking '/home/dora/robot_ws/src/install/encoder_odometry/bin'
[6.311s] Level 1:colcon.colcon_core.environment:create_environment_scripts_only(encoder_odometry)
[6.312s] INFO:colcon.colcon_core.shell:Creating package script '/home/dora/robot_ws/src/install/encoder_odometry/share/encoder_odometry/package.ps1'
[6.316s] INFO:colcon.colcon_core.shell:Creating package descriptor '/home/dora/robot_ws/src/install/encoder_odometry/share/encoder_odometry/package.dsv'
[6.319s] INFO:colcon.colcon_core.shell:Creating package script '/home/dora/robot_ws/src/install/encoder_odometry/share/encoder_odometry/package.sh'
[6.323s] INFO:colcon.colcon_core.shell:Creating package script '/home/dora/robot_ws/src/install/encoder_odometry/share/encoder_odometry/package.bash'
[6.327s] INFO:colcon.colcon_core.shell:Creating package script '/home/dora/robot_ws/src/install/encoder_odometry/share/encoder_odometry/package.zsh'
[6.331s] Level 1:colcon.colcon_core.environment:create_file_with_runtime_dependencies(/home/dora/robot_ws/src/install/encoder_odometry/share/colcon-core/packages/encoder_odometry)
[6.332s] DEBUG:colcon.colcon_parallel_executor.executor.parallel:closing loop
[6.333s] DEBUG:colcon.colcon_parallel_executor.executor.parallel:loop closed
[6.334s] DEBUG:colcon.colcon_parallel_executor.executor.parallel:run_until_complete finished with '0'
[6.335s] DEBUG:colcon.colcon_core.event_reactor:joining thread
[6.360s] INFO:colcon.colcon_core.plugin_system:Skipping extension 'colcon_notification.desktop_notification.terminal_notifier': Not used on non-Darwin systems
[6.361s] INFO:colcon.colcon_core.plugin_system:Skipping extension 'colcon_notification.desktop_notification.win32': Not used on non-Windows systems
[6.361s] INFO:colcon.colcon_notification.desktop_notification:Sending desktop notification using 'notify2'
