[7.618s] Invoking command in '/home/dora/dora_ros2_ws/robot_ws/src/velocity_controller': PYTHONPATH=/home/dora/dora_ros2_ws/robot_ws/build/velocity_controller/prefix_override:/usr/lib/python3/dist-packages/colcon_core/task/python/colcon_distutils_commands:/home/dora/dora_ros2_ws/robot_ws/install/velocity_controller/lib/python3.10/site-packages:${PYTHONPATH} /usr/bin/python3 -W ignore:setup.py install is deprecated setup.py egg_info --egg-base ../../build/velocity_controller build --build-base /home/dora/dora_ros2_ws/robot_ws/build/velocity_controller/build install --record /home/dora/dora_ros2_ws/robot_ws/build/velocity_controller/install.log --single-version-externally-managed install_data
[9.328s] running egg_info
[9.337s] writing ../../build/velocity_controller/velocity_controller.egg-info/PKG-INFO
[9.346s] writing dependency_links to ../../build/velocity_controller/velocity_controller.egg-info/dependency_links.txt
[9.347s] writing entry points to ../../build/velocity_controller/velocity_controller.egg-info/entry_points.txt
[9.348s] writing requirements to ../../build/velocity_controller/velocity_controller.egg-info/requires.txt
[9.349s] writing top-level names to ../../build/velocity_controller/velocity_controller.egg-info/top_level.txt
[9.366s] reading manifest file '../../build/velocity_controller/velocity_controller.egg-info/SOURCES.txt'
[9.382s] writing manifest file '../../build/velocity_controller/velocity_controller.egg-info/SOURCES.txt'
[9.383s] running build
[9.383s] running build_py
[9.385s] running install
[9.385s] running install_lib
[9.402s] running install_data
[9.403s] creating /home/dora/dora_ros2_ws/robot_ws/install/velocity_controller/share/velocity_controller/description
[9.404s] running install_egg_info
[9.415s] removing '/home/dora/dora_ros2_ws/robot_ws/install/velocity_controller/lib/python3.10/site-packages/velocity_controller-0.0.0-py3.10.egg-info' (and everything under it)
[9.417s] Copying ../../build/velocity_controller/velocity_controller.egg-info to /home/dora/dora_ros2_ws/robot_ws/install/velocity_controller/lib/python3.10/site-packages/velocity_controller-0.0.0-py3.10.egg-info
[9.428s] running install_scripts
[9.505s] Installing velocity_controller script to /home/dora/dora_ros2_ws/robot_ws/install/velocity_controller/lib/velocity_controller
[9.509s] writing list of installed files to '/home/dora/dora_ros2_ws/robot_ws/build/velocity_controller/install.log'
[9.787s] Invoked command in '/home/dora/dora_ros2_ws/robot_ws/src/velocity_controller' returned '0': PYTHONPATH=/home/dora/dora_ros2_ws/robot_ws/build/velocity_controller/prefix_override:/usr/lib/python3/dist-packages/colcon_core/task/python/colcon_distutils_commands:/home/dora/dora_ros2_ws/robot_ws/install/velocity_controller/lib/python3.10/site-packages:${PYTHONPATH} /usr/bin/python3 -W ignore:setup.py install is deprecated setup.py egg_info --egg-base ../../build/velocity_controller build --build-base /home/dora/dora_ros2_ws/robot_ws/build/velocity_controller/build install --record /home/dora/dora_ros2_ws/robot_ws/build/velocity_controller/install.log --single-version-externally-managed install_data
