[7.767s] Invoking command in '/home/dora/dora_ros2_ws/robot_ws/src/velocity_controller': PYTHONPATH=/home/dora/dora_ros2_ws/robot_ws/build/velocity_controller/prefix_override:/usr/lib/python3/dist-packages/colcon_core/task/python/colcon_distutils_commands:/home/dora/dora_ros2_ws/robot_ws/install/velocity_controller/lib/python3.10/site-packages:${PYTHONPATH} /usr/bin/python3 -W ignore:setup.py install is deprecated setup.py egg_info --egg-base ../../build/velocity_controller build --build-base /home/dora/dora_ros2_ws/robot_ws/build/velocity_controller/build install --record /home/dora/dora_ros2_ws/robot_ws/build/velocity_controller/install.log --single-version-externally-managed install_data
[9.628s] running egg_info
[9.638s] writing ../../build/velocity_controller/velocity_controller.egg-info/PKG-INFO
[9.642s] writing dependency_links to ../../build/velocity_controller/velocity_controller.egg-info/dependency_links.txt
[9.648s] writing entry points to ../../build/velocity_controller/velocity_controller.egg-info/entry_points.txt
[9.652s] writing requirements to ../../build/velocity_controller/velocity_controller.egg-info/requires.txt
[9.667s] writing top-level names to ../../build/velocity_controller/velocity_controller.egg-info/top_level.txt
[9.683s] reading manifest file '../../build/velocity_controller/velocity_controller.egg-info/SOURCES.txt'
[9.689s] writing manifest file '../../build/velocity_controller/velocity_controller.egg-info/SOURCES.txt'
[9.699s] running build
[9.700s] running build_py
[9.703s] running install
[9.703s] running install_lib
[9.730s] running install_data
[9.733s] running install_egg_info
[9.756s] removing '/home/dora/dora_ros2_ws/robot_ws/install/velocity_controller/lib/python3.10/site-packages/velocity_controller-0.0.0-py3.10.egg-info' (and everything under it)
[9.764s] Copying ../../build/velocity_controller/velocity_controller.egg-info to /home/dora/dora_ros2_ws/robot_ws/install/velocity_controller/lib/python3.10/site-packages/velocity_controller-0.0.0-py3.10.egg-info
[9.790s] running install_scripts
[9.966s] Installing velocity_controller script to /home/dora/dora_ros2_ws/robot_ws/install/velocity_controller/lib/velocity_controller
[9.971s] writing list of installed files to '/home/dora/dora_ros2_ws/robot_ws/build/velocity_controller/install.log'
[10.421s] Invoked command in '/home/dora/dora_ros2_ws/robot_ws/src/velocity_controller' returned '0': PYTHONPATH=/home/dora/dora_ros2_ws/robot_ws/build/velocity_controller/prefix_override:/usr/lib/python3/dist-packages/colcon_core/task/python/colcon_distutils_commands:/home/dora/dora_ros2_ws/robot_ws/install/velocity_controller/lib/python3.10/site-packages:${PYTHONPATH} /usr/bin/python3 -W ignore:setup.py install is deprecated setup.py egg_info --egg-base ../../build/velocity_controller build --build-base /home/dora/dora_ros2_ws/robot_ws/build/velocity_controller/build install --record /home/dora/dora_ros2_ws/robot_ws/build/velocity_controller/install.log --single-version-externally-managed install_data
