[6.102s] Invoking command in '/home/dora/robot_ws/src/velocity_controller': PYTHONPATH=/home/dora/robot_ws/build/velocity_controller/prefix_override:/usr/lib/python3/dist-packages/colcon_core/task/python/colcon_distutils_commands:/home/dora/robot_ws/install/velocity_controller/lib/python3.10/site-packages:${PYTHONPATH} /usr/bin/python3 -W ignore:setup.py install is deprecated setup.py egg_info --egg-base ../../build/velocity_controller build --build-base /home/dora/robot_ws/build/velocity_controller/build install --record /home/dora/robot_ws/build/velocity_controller/install.log --single-version-externally-managed install_data
[8.126s] running egg_info
[8.130s] writing ../../build/velocity_controller/velocity_controller.egg-info/PKG-INFO
[8.134s] writing dependency_links to ../../build/velocity_controller/velocity_controller.egg-info/dependency_links.txt
[8.137s] writing entry points to ../../build/velocity_controller/velocity_controller.egg-info/entry_points.txt
[8.140s] writing requirements to ../../build/velocity_controller/velocity_controller.egg-info/requires.txt
[8.143s] writing top-level names to ../../build/velocity_controller/velocity_controller.egg-info/top_level.txt
[8.157s] reading manifest file '../../build/velocity_controller/velocity_controller.egg-info/SOURCES.txt'
[8.165s] writing manifest file '../../build/velocity_controller/velocity_controller.egg-info/SOURCES.txt'
[8.166s] running build
[8.168s] running build_py
[8.171s] running install
[8.174s] running install_lib
[8.184s] running install_data
[8.187s] running install_egg_info
[8.199s] removing '/home/dora/robot_ws/install/velocity_controller/lib/python3.10/site-packages/velocity_controller-0.0.0-py3.10.egg-info' (and everything under it)
[8.202s] Copying ../../build/velocity_controller/velocity_controller.egg-info to /home/dora/robot_ws/install/velocity_controller/lib/python3.10/site-packages/velocity_controller-0.0.0-py3.10.egg-info
[8.213s] running install_scripts
[8.353s] Installing velocity_controller script to /home/dora/robot_ws/install/velocity_controller/lib/velocity_controller
[8.355s] writing list of installed files to '/home/dora/robot_ws/build/velocity_controller/install.log'
[8.561s] Invoked command in '/home/dora/robot_ws/src/velocity_controller' returned '0': PYTHONPATH=/home/dora/robot_ws/build/velocity_controller/prefix_override:/usr/lib/python3/dist-packages/colcon_core/task/python/colcon_distutils_commands:/home/dora/robot_ws/install/velocity_controller/lib/python3.10/site-packages:${PYTHONPATH} /usr/bin/python3 -W ignore:setup.py install is deprecated setup.py egg_info --egg-base ../../build/velocity_controller build --build-base /home/dora/robot_ws/build/velocity_controller/build install --record /home/dora/robot_ws/build/velocity_controller/install.log --single-version-externally-managed install_data
