[7.644s] Invoking command in '/home/dora/dora_ros2_ws/robot_ws/src/serial_coms': PYTHONPATH=/home/dora/dora_ros2_ws/robot_ws/build/serial_coms/prefix_override:/usr/lib/python3/dist-packages/colcon_core/task/python/colcon_distutils_commands:/home/dora/dora_ros2_ws/robot_ws/install/serial_coms/lib/python3.10/site-packages:${PYTHONPATH} /usr/bin/python3 -W ignore:setup.py install is deprecated setup.py egg_info --egg-base ../../build/serial_coms build --build-base /home/dora/dora_ros2_ws/robot_ws/build/serial_coms/build install --record /home/dora/dora_ros2_ws/robot_ws/build/serial_coms/install.log --single-version-externally-managed install_data
[9.640s] running egg_info
[9.645s] writing ../../build/serial_coms/serial_coms.egg-info/PKG-INFO
[9.648s] writing dependency_links to ../../build/serial_coms/serial_coms.egg-info/dependency_links.txt
[9.651s] writing entry points to ../../build/serial_coms/serial_coms.egg-info/entry_points.txt
[9.653s] writing requirements to ../../build/serial_coms/serial_coms.egg-info/requires.txt
[9.656s] writing top-level names to ../../build/serial_coms/serial_coms.egg-info/top_level.txt
[9.672s] reading manifest file '../../build/serial_coms/serial_coms.egg-info/SOURCES.txt'
[9.675s] adding license file 'LICENSE'
[9.683s] writing manifest file '../../build/serial_coms/serial_coms.egg-info/SOURCES.txt'
[9.686s] running build
[9.687s] running build_py
[9.692s] running install
[9.694s] running install_lib
[9.705s] running install_data
[9.709s] running install_egg_info
[9.726s] removing '/home/dora/dora_ros2_ws/robot_ws/install/serial_coms/lib/python3.10/site-packages/serial_coms-0.0.0-py3.10.egg-info' (and everything under it)
[9.738s] Copying ../../build/serial_coms/serial_coms.egg-info to /home/dora/dora_ros2_ws/robot_ws/install/serial_coms/lib/python3.10/site-packages/serial_coms-0.0.0-py3.10.egg-info
[9.764s] running install_scripts
[9.932s] writing list of installed files to '/home/dora/dora_ros2_ws/robot_ws/build/serial_coms/install.log'
[10.401s] Invoked command in '/home/dora/dora_ros2_ws/robot_ws/src/serial_coms' returned '0': PYTHONPATH=/home/dora/dora_ros2_ws/robot_ws/build/serial_coms/prefix_override:/usr/lib/python3/dist-packages/colcon_core/task/python/colcon_distutils_commands:/home/dora/dora_ros2_ws/robot_ws/install/serial_coms/lib/python3.10/site-packages:${PYTHONPATH} /usr/bin/python3 -W ignore:setup.py install is deprecated setup.py egg_info --egg-base ../../build/serial_coms build --build-base /home/dora/dora_ros2_ws/robot_ws/build/serial_coms/build install --record /home/dora/dora_ros2_ws/robot_ws/build/serial_coms/install.log --single-version-externally-managed install_data
