[0.737s] DEBUG:colcon:Command line arguments: ['/usr/bin/colcon', 'build', '--packages-select', 'mecanum_controller']
[0.738s] DEBUG:colcon:Parsed command line arguments: Namespace(log_base=None, log_level=None, verb_name='build', build_base='build', install_base='install', merge_install=False, symlink_install=False, test_result_base=None, continue_on_error=False, executor='parallel', parallel_workers=4, event_handlers=None, ignore_user_meta=False, metas=['./colcon.meta'], base_paths=['.'], packages_ignore=None, packages_ignore_regex=None, paths=None, packages_up_to=None, packages_up_to_regex=None, packages_above=None, packages_above_and_dependencies=None, packages_above_depth=None, packages_select_by_dep=None, packages_skip_by_dep=None, packages_skip_up_to=None, packages_select_build_failed=False, packages_skip_build_finished=False, packages_select_test_failures=False, packages_skip_test_passed=False, packages_select=['mecanum_controller'], packages_skip=None, packages_select_regex=None, packages_skip_regex=None, packages_start=None, packages_end=None, allow_overriding=[], cmake_args=None, cmake_target=None, cmake_target_skip_unavailable=False, cmake_clean_cache=False, cmake_clean_first=False, cmake_force_configure=False, ament_cmake_args=None, catkin_cmake_args=None, catkin_skip_building_tests=False, verb_parser=<colcon_defaults.argument_parser.defaults.DefaultArgumentsDecorator object at 0xffffafc7b970>, verb_extension=<colcon_core.verb.build.BuildVerb object at 0xffffafbc85e0>, main=<bound method BuildVerb.main of <colcon_core.verb.build.BuildVerb object at 0xffffafbc85e0>>)
[2.038s] Level 1:colcon.colcon_core.package_discovery:discover_packages(colcon_meta) check parameters
[2.039s] Level 1:colcon.colcon_core.package_discovery:discover_packages(recursive) check parameters
[2.039s] Level 1:colcon.colcon_core.package_discovery:discover_packages(ignore) check parameters
[2.040s] Level 1:colcon.colcon_core.package_discovery:discover_packages(path) check parameters
[2.040s] Level 1:colcon.colcon_core.package_discovery:discover_packages(colcon_meta) discover
[2.041s] Level 1:colcon.colcon_core.package_discovery:discover_packages(recursive) discover
[2.041s] INFO:colcon.colcon_core.package_discovery:Crawling recursively for packages in '/home/dora/dora_ros2_ws/robot_ws'
[2.042s] Level 1:colcon.colcon_core.package_identification:_identify(.) by extensions ['ignore', 'ignore_ament_install']
[2.043s] Level 1:colcon.colcon_core.package_identification:_identify(.) by extension 'ignore'
[2.044s] Level 1:colcon.colcon_core.package_identification:_identify(.) by extension 'ignore_ament_install'
[2.045s] Level 1:colcon.colcon_core.package_identification:_identify(.) by extensions ['colcon_pkg']
[2.046s] Level 1:colcon.colcon_core.package_identification:_identify(.) by extension 'colcon_pkg'
[2.047s] Level 1:colcon.colcon_core.package_identification:_identify(.) by extensions ['colcon_meta']
[2.047s] Level 1:colcon.colcon_core.package_identification:_identify(.) by extension 'colcon_meta'
[2.048s] Level 1:colcon.colcon_core.package_identification:_identify(.) by extensions ['ros']
[2.048s] Level 1:colcon.colcon_core.package_identification:_identify(.) by extension 'ros'
[2.131s] Level 1:colcon.colcon_core.package_identification:_identify(.) by extensions ['cmake', 'python']
[2.131s] Level 1:colcon.colcon_core.package_identification:_identify(.) by extension 'cmake'
[2.132s] Level 1:colcon.colcon_core.package_identification:_identify(.) by extension 'python'
[2.132s] Level 1:colcon.colcon_core.package_identification:_identify(.) by extensions ['python_setup_py']
[2.133s] Level 1:colcon.colcon_core.package_identification:_identify(.) by extension 'python_setup_py'
[2.134s] Level 1:colcon.colcon_core.package_identification:_identify(build) by extensions ['ignore', 'ignore_ament_install']
[2.135s] Level 1:colcon.colcon_core.package_identification:_identify(build) by extension 'ignore'
[2.135s] Level 1:colcon.colcon_core.package_identification:_identify(build) ignored
[2.136s] Level 1:colcon.colcon_core.package_identification:_identify(install) by extensions ['ignore', 'ignore_ament_install']
[2.137s] Level 1:colcon.colcon_core.package_identification:_identify(install) by extension 'ignore'
[2.138s] Level 1:colcon.colcon_core.package_identification:_identify(install) ignored
[2.139s] Level 1:colcon.colcon_core.package_identification:_identify(log) by extensions ['ignore', 'ignore_ament_install']
[2.140s] Level 1:colcon.colcon_core.package_identification:_identify(log) by extension 'ignore'
[2.140s] Level 1:colcon.colcon_core.package_identification:_identify(log) ignored
[2.141s] Level 1:colcon.colcon_core.package_identification:_identify(src) by extensions ['ignore', 'ignore_ament_install']
[2.142s] Level 1:colcon.colcon_core.package_identification:_identify(src) by extension 'ignore'
[2.142s] Level 1:colcon.colcon_core.package_identification:_identify(src) by extension 'ignore_ament_install'
[2.143s] Level 1:colcon.colcon_core.package_identification:_identify(src) by extensions ['colcon_pkg']
[2.143s] Level 1:colcon.colcon_core.package_identification:_identify(src) by extension 'colcon_pkg'
[2.143s] Level 1:colcon.colcon_core.package_identification:_identify(src) by extensions ['colcon_meta']
[2.143s] Level 1:colcon.colcon_core.package_identification:_identify(src) by extension 'colcon_meta'
[2.144s] Level 1:colcon.colcon_core.package_identification:_identify(src) by extensions ['ros']
[2.144s] Level 1:colcon.colcon_core.package_identification:_identify(src) by extension 'ros'
[2.145s] Level 1:colcon.colcon_core.package_identification:_identify(src) by extensions ['cmake', 'python']
[2.145s] Level 1:colcon.colcon_core.package_identification:_identify(src) by extension 'cmake'
[2.145s] Level 1:colcon.colcon_core.package_identification:_identify(src) by extension 'python'
[2.145s] Level 1:colcon.colcon_core.package_identification:_identify(src) by extensions ['python_setup_py']
[2.146s] Level 1:colcon.colcon_core.package_identification:_identify(src) by extension 'python_setup_py'
[2.147s] Level 1:colcon.colcon_core.package_identification:_identify(src/encoder_odometry) by extensions ['ignore', 'ignore_ament_install']
[2.147s] Level 1:colcon.colcon_core.package_identification:_identify(src/encoder_odometry) by extension 'ignore'
[2.148s] Level 1:colcon.colcon_core.package_identification:_identify(src/encoder_odometry) by extension 'ignore_ament_install'
[2.148s] Level 1:colcon.colcon_core.package_identification:_identify(src/encoder_odometry) by extensions ['colcon_pkg']
[2.148s] Level 1:colcon.colcon_core.package_identification:_identify(src/encoder_odometry) by extension 'colcon_pkg'
[2.149s] Level 1:colcon.colcon_core.package_identification:_identify(src/encoder_odometry) by extensions ['colcon_meta']
[2.149s] Level 1:colcon.colcon_core.package_identification:_identify(src/encoder_odometry) by extension 'colcon_meta'
[2.149s] Level 1:colcon.colcon_core.package_identification:_identify(src/encoder_odometry) by extensions ['ros']
[2.149s] Level 1:colcon.colcon_core.package_identification:_identify(src/encoder_odometry) by extension 'ros'
[2.161s] DEBUG:colcon.colcon_core.package_identification:Package 'src/encoder_odometry' with type 'ros.ament_python' and name 'encoder_odometry'
[2.162s] Level 1:colcon.colcon_core.package_identification:_identify(src/encoder_odometrytest) by extensions ['ignore', 'ignore_ament_install']
[2.163s] Level 1:colcon.colcon_core.package_identification:_identify(src/encoder_odometrytest) by extension 'ignore'
[2.163s] Level 1:colcon.colcon_core.package_identification:_identify(src/encoder_odometrytest) by extension 'ignore_ament_install'
[2.164s] Level 1:colcon.colcon_core.package_identification:_identify(src/encoder_odometrytest) by extensions ['colcon_pkg']
[2.164s] Level 1:colcon.colcon_core.package_identification:_identify(src/encoder_odometrytest) by extension 'colcon_pkg'
[2.164s] Level 1:colcon.colcon_core.package_identification:_identify(src/encoder_odometrytest) by extensions ['colcon_meta']
[2.165s] Level 1:colcon.colcon_core.package_identification:_identify(src/encoder_odometrytest) by extension 'colcon_meta'
[2.165s] Level 1:colcon.colcon_core.package_identification:_identify(src/encoder_odometrytest) by extensions ['ros']
[2.166s] Level 1:colcon.colcon_core.package_identification:_identify(src/encoder_odometrytest) by extension 'ros'
[2.170s] DEBUG:colcon.colcon_core.package_identification:Package 'src/encoder_odometrytest' with type 'ros.ament_python' and name 'encoder_odometrytest'
[2.171s] Level 1:colcon.colcon_core.package_identification:_identify(src/mecanum_controller) by extensions ['ignore', 'ignore_ament_install']
[2.172s] Level 1:colcon.colcon_core.package_identification:_identify(src/mecanum_controller) by extension 'ignore'
[2.172s] Level 1:colcon.colcon_core.package_identification:_identify(src/mecanum_controller) by extension 'ignore_ament_install'
[2.173s] Level 1:colcon.colcon_core.package_identification:_identify(src/mecanum_controller) by extensions ['colcon_pkg']
[2.173s] Level 1:colcon.colcon_core.package_identification:_identify(src/mecanum_controller) by extension 'colcon_pkg'
[2.173s] Level 1:colcon.colcon_core.package_identification:_identify(src/mecanum_controller) by extensions ['colcon_meta']
[2.173s] Level 1:colcon.colcon_core.package_identification:_identify(src/mecanum_controller) by extension 'colcon_meta'
[2.174s] Level 1:colcon.colcon_core.package_identification:_identify(src/mecanum_controller) by extensions ['ros']
[2.174s] Level 1:colcon.colcon_core.package_identification:_identify(src/mecanum_controller) by extension 'ros'
[2.176s] DEBUG:colcon.colcon_core.package_identification:Package 'src/mecanum_controller' with type 'ros.ament_python' and name 'mecanum_controller'
[2.177s] Level 1:colcon.colcon_core.package_identification:_identify(src/rplidar_ros) by extensions ['ignore', 'ignore_ament_install']
[2.177s] Level 1:colcon.colcon_core.package_identification:_identify(src/rplidar_ros) by extension 'ignore'
[2.178s] Level 1:colcon.colcon_core.package_identification:_identify(src/rplidar_ros) by extension 'ignore_ament_install'
[2.178s] Level 1:colcon.colcon_core.package_identification:_identify(src/rplidar_ros) by extensions ['colcon_pkg']
[2.178s] Level 1:colcon.colcon_core.package_identification:_identify(src/rplidar_ros) by extension 'colcon_pkg'
[2.179s] Level 1:colcon.colcon_core.package_identification:_identify(src/rplidar_ros) by extensions ['colcon_meta']
[2.179s] Level 1:colcon.colcon_core.package_identification:_identify(src/rplidar_ros) by extension 'colcon_meta'
[2.179s] Level 1:colcon.colcon_core.package_identification:_identify(src/rplidar_ros) by extensions ['ros']
[2.179s] Level 1:colcon.colcon_core.package_identification:_identify(src/rplidar_ros) by extension 'ros'
[2.180s] Level 1:colcon.colcon_core.package_identification:_identify(src/rplidar_ros) by extensions ['cmake', 'python']
[2.180s] Level 1:colcon.colcon_core.package_identification:_identify(src/rplidar_ros) by extension 'cmake'
[2.180s] Level 1:colcon.colcon_core.package_identification:_identify(src/rplidar_ros) by extension 'python'
[2.181s] Level 1:colcon.colcon_core.package_identification:_identify(src/rplidar_ros) by extensions ['python_setup_py']
[2.181s] Level 1:colcon.colcon_core.package_identification:_identify(src/rplidar_ros) by extension 'python_setup_py'
[2.182s] Level 1:colcon.colcon_core.package_identification:_identify(src/serial_coms) by extensions ['ignore', 'ignore_ament_install']
[2.182s] Level 1:colcon.colcon_core.package_identification:_identify(src/serial_coms) by extension 'ignore'
[2.183s] Level 1:colcon.colcon_core.package_identification:_identify(src/serial_coms) by extension 'ignore_ament_install'
[2.183s] Level 1:colcon.colcon_core.package_identification:_identify(src/serial_coms) by extensions ['colcon_pkg']
[2.183s] Level 1:colcon.colcon_core.package_identification:_identify(src/serial_coms) by extension 'colcon_pkg'
[2.184s] Level 1:colcon.colcon_core.package_identification:_identify(src/serial_coms) by extensions ['colcon_meta']
[2.184s] Level 1:colcon.colcon_core.package_identification:_identify(src/serial_coms) by extension 'colcon_meta'
[2.184s] Level 1:colcon.colcon_core.package_identification:_identify(src/serial_coms) by extensions ['ros']
[2.184s] Level 1:colcon.colcon_core.package_identification:_identify(src/serial_coms) by extension 'ros'
[2.187s] DEBUG:colcon.colcon_core.package_identification:Package 'src/serial_coms' with type 'ros.ament_python' and name 'serial_coms'
[2.188s] Level 1:colcon.colcon_core.package_identification:_identify(src/velocity_controller) by extensions ['ignore', 'ignore_ament_install']
[2.188s] Level 1:colcon.colcon_core.package_identification:_identify(src/velocity_controller) by extension 'ignore'
[2.189s] Level 1:colcon.colcon_core.package_identification:_identify(src/velocity_controller) by extension 'ignore_ament_install'
[2.189s] Level 1:colcon.colcon_core.package_identification:_identify(src/velocity_controller) by extensions ['colcon_pkg']
[2.190s] Level 1:colcon.colcon_core.package_identification:_identify(src/velocity_controller) by extension 'colcon_pkg'
[2.190s] Level 1:colcon.colcon_core.package_identification:_identify(src/velocity_controller) by extensions ['colcon_meta']
[2.190s] Level 1:colcon.colcon_core.package_identification:_identify(src/velocity_controller) by extension 'colcon_meta'
[2.191s] Level 1:colcon.colcon_core.package_identification:_identify(src/velocity_controller) by extensions ['ros']
[2.191s] Level 1:colcon.colcon_core.package_identification:_identify(src/velocity_controller) by extension 'ros'
[2.193s] DEBUG:colcon.colcon_core.package_identification:Package 'src/velocity_controller' with type 'ros.ament_python' and name 'velocity_controller'
[2.194s] Level 1:colcon.colcon_core.package_identification:_identify(src/wheel_controller) by extensions ['ignore', 'ignore_ament_install']
[2.195s] Level 1:colcon.colcon_core.package_identification:_identify(src/wheel_controller) by extension 'ignore'
[2.195s] Level 1:colcon.colcon_core.package_identification:_identify(src/wheel_controller) by extension 'ignore_ament_install'
[2.196s] Level 1:colcon.colcon_core.package_identification:_identify(src/wheel_controller) by extensions ['colcon_pkg']
[2.196s] Level 1:colcon.colcon_core.package_identification:_identify(src/wheel_controller) by extension 'colcon_pkg'
[2.197s] Level 1:colcon.colcon_core.package_identification:_identify(src/wheel_controller) by extensions ['colcon_meta']
[2.198s] Level 1:colcon.colcon_core.package_identification:_identify(src/wheel_controller) by extension 'colcon_meta'
[2.199s] Level 1:colcon.colcon_core.package_identification:_identify(src/wheel_controller) by extensions ['ros']
[2.200s] Level 1:colcon.colcon_core.package_identification:_identify(src/wheel_controller) by extension 'ros'
[2.206s] DEBUG:colcon.colcon_core.package_identification:Package 'src/wheel_controller' with type 'ros.ament_python' and name 'wheel_controller'
[2.206s] Level 1:colcon.colcon_core.package_discovery:discover_packages(recursive) using defaults
[2.207s] Level 1:colcon.colcon_core.package_discovery:discover_packages(ignore) discover
[2.208s] Level 1:colcon.colcon_core.package_discovery:discover_packages(ignore) using defaults
[2.208s] Level 1:colcon.colcon_core.package_discovery:discover_packages(path) discover
[2.209s] Level 1:colcon.colcon_core.package_discovery:discover_packages(path) using defaults
[2.327s] INFO:colcon.colcon_core.package_selection:Skipping not selected package 'encoder_odometry' in 'src/encoder_odometry'
[2.328s] INFO:colcon.colcon_core.package_selection:Skipping not selected package 'encoder_odometrytest' in 'src/encoder_odometrytest'
[2.329s] INFO:colcon.colcon_core.package_selection:Skipping not selected package 'serial_coms' in 'src/serial_coms'
[2.330s] INFO:colcon.colcon_core.package_selection:Skipping not selected package 'velocity_controller' in 'src/velocity_controller'
[2.331s] INFO:colcon.colcon_core.package_selection:Skipping not selected package 'wheel_controller' in 'src/wheel_controller'
[2.336s] Level 1:colcon.colcon_core.package_discovery:discover_packages(prefix_path) check parameters
[2.337s] Level 1:colcon.colcon_core.package_discovery:discover_packages(prefix_path) discover
[2.368s] DEBUG:colcon.colcon_installed_package_information.package_discovery:Found 8 installed packages in /home/dora/dora_ros2_ws/robot_ws/install
[2.380s] DEBUG:colcon.colcon_installed_package_information.package_discovery:Found 204 installed packages in /opt/ros/humble
[2.386s] Level 1:colcon.colcon_core.package_discovery:discover_packages(prefix_path) using defaults
[2.609s] Level 5:colcon.colcon_core.verb:set package 'mecanum_controller' build argument 'cmake_args' from command line to 'None'
[2.609s] Level 5:colcon.colcon_core.verb:set package 'mecanum_controller' build argument 'cmake_target' from command line to 'None'
[2.610s] Level 5:colcon.colcon_core.verb:set package 'mecanum_controller' build argument 'cmake_target_skip_unavailable' from command line to 'False'
[2.610s] Level 5:colcon.colcon_core.verb:set package 'mecanum_controller' build argument 'cmake_clean_cache' from command line to 'False'
[2.610s] Level 5:colcon.colcon_core.verb:set package 'mecanum_controller' build argument 'cmake_clean_first' from command line to 'False'
[2.610s] Level 5:colcon.colcon_core.verb:set package 'mecanum_controller' build argument 'cmake_force_configure' from command line to 'False'
[2.610s] Level 5:colcon.colcon_core.verb:set package 'mecanum_controller' build argument 'ament_cmake_args' from command line to 'None'
[2.610s] Level 5:colcon.colcon_core.verb:set package 'mecanum_controller' build argument 'catkin_cmake_args' from command line to 'None'
[2.611s] Level 5:colcon.colcon_core.verb:set package 'mecanum_controller' build argument 'catkin_skip_building_tests' from command line to 'False'
[2.611s] DEBUG:colcon.colcon_core.verb:Building package 'mecanum_controller' with the following arguments: {'ament_cmake_args': None, 'build_base': '/home/dora/dora_ros2_ws/robot_ws/build/mecanum_controller', 'catkin_cmake_args': None, 'catkin_skip_building_tests': False, 'cmake_args': None, 'cmake_clean_cache': False, 'cmake_clean_first': False, 'cmake_force_configure': False, 'cmake_target': None, 'cmake_target_skip_unavailable': False, 'install_base': '/home/dora/dora_ros2_ws/robot_ws/install/mecanum_controller', 'merge_install': False, 'path': '/home/dora/dora_ros2_ws/robot_ws/src/mecanum_controller', 'symlink_install': False, 'test_result_base': None}
[2.612s] INFO:colcon.colcon_core.executor:Executing jobs using 'parallel' executor
[2.616s] DEBUG:colcon.colcon_parallel_executor.executor.parallel:run_until_complete
[2.617s] INFO:colcon.colcon_ros.task.ament_python.build:Building ROS package in '/home/dora/dora_ros2_ws/robot_ws/src/mecanum_controller' with build type 'ament_python'
[2.618s] Level 1:colcon.colcon_core.shell:create_environment_hook('mecanum_controller', 'ament_prefix_path')
[2.632s] INFO:colcon.colcon_core.plugin_system:Skipping extension 'colcon_core.shell.bat': Not used on non-Windows systems
[2.634s] INFO:colcon.colcon_core.shell:Creating environment hook '/home/dora/dora_ros2_ws/robot_ws/install/mecanum_controller/share/mecanum_controller/hook/ament_prefix_path.ps1'
[2.638s] INFO:colcon.colcon_core.shell:Creating environment descriptor '/home/dora/dora_ros2_ws/robot_ws/install/mecanum_controller/share/mecanum_controller/hook/ament_prefix_path.dsv'
[2.641s] INFO:colcon.colcon_core.shell:Creating environment hook '/home/dora/dora_ros2_ws/robot_ws/install/mecanum_controller/share/mecanum_controller/hook/ament_prefix_path.sh'
[2.647s] INFO:colcon.colcon_core.shell:Skip shell extension 'powershell' for command environment: Not usable outside of PowerShell
[2.648s] DEBUG:colcon.colcon_core.shell:Skip shell extension 'dsv' for command environment
[4.440s] INFO:colcon.colcon_core.task.python.build:Building Python package in '/home/dora/dora_ros2_ws/robot_ws/src/mecanum_controller'
[4.442s] INFO:colcon.colcon_core.shell:Skip shell extension 'powershell' for command environment: Not usable outside of PowerShell
[4.442s] DEBUG:colcon.colcon_core.shell:Skip shell extension 'dsv' for command environment
[6.149s] DEBUG:colcon.colcon_core.event_handler.log_command:Invoking command in '/home/dora/dora_ros2_ws/robot_ws/src/mecanum_controller': PYTHONPATH=/home/dora/dora_ros2_ws/robot_ws/build/mecanum_controller/prefix_override:/usr/lib/python3/dist-packages/colcon_core/task/python/colcon_distutils_commands:/home/dora/dora_ros2_ws/robot_ws/install/mecanum_controller/lib/python3.10/site-packages:${PYTHONPATH} /usr/bin/python3 -W ignore:setup.py install is deprecated setup.py egg_info --egg-base ../../build/mecanum_controller build --build-base /home/dora/dora_ros2_ws/robot_ws/build/mecanum_controller/build install --record /home/dora/dora_ros2_ws/robot_ws/build/mecanum_controller/install.log --single-version-externally-managed install_data
[7.540s] DEBUG:colcon.colcon_core.event_handler.log_command:Invoked command in '/home/dora/dora_ros2_ws/robot_ws/src/mecanum_controller' returned '0': PYTHONPATH=/home/dora/dora_ros2_ws/robot_ws/build/mecanum_controller/prefix_override:/usr/lib/python3/dist-packages/colcon_core/task/python/colcon_distutils_commands:/home/dora/dora_ros2_ws/robot_ws/install/mecanum_controller/lib/python3.10/site-packages:${PYTHONPATH} /usr/bin/python3 -W ignore:setup.py install is deprecated setup.py egg_info --egg-base ../../build/mecanum_controller build --build-base /home/dora/dora_ros2_ws/robot_ws/build/mecanum_controller/build install --record /home/dora/dora_ros2_ws/robot_ws/build/mecanum_controller/install.log --single-version-externally-managed install_data
[7.554s] Level 1:colcon.colcon_core.environment:checking '/home/dora/dora_ros2_ws/robot_ws/install/mecanum_controller' for CMake module files
[7.557s] Level 1:colcon.colcon_core.environment:checking '/home/dora/dora_ros2_ws/robot_ws/install/mecanum_controller' for CMake config files
[7.561s] Level 1:colcon.colcon_core.environment:checking '/home/dora/dora_ros2_ws/robot_ws/install/mecanum_controller/lib'
[7.562s] Level 1:colcon.colcon_core.environment:checking '/home/dora/dora_ros2_ws/robot_ws/install/mecanum_controller/bin'
[7.562s] Level 1:colcon.colcon_core.environment:checking '/home/dora/dora_ros2_ws/robot_ws/install/mecanum_controller/lib/pkgconfig/mecanum_controller.pc'
[7.563s] Level 1:colcon.colcon_core.environment:checking '/home/dora/dora_ros2_ws/robot_ws/install/mecanum_controller/lib/python3.10/site-packages'
[7.563s] Level 1:colcon.colcon_core.shell:create_environment_hook('mecanum_controller', 'pythonpath')
[7.564s] INFO:colcon.colcon_core.shell:Creating environment hook '/home/dora/dora_ros2_ws/robot_ws/install/mecanum_controller/share/mecanum_controller/hook/pythonpath.ps1'
[7.567s] INFO:colcon.colcon_core.shell:Creating environment descriptor '/home/dora/dora_ros2_ws/robot_ws/install/mecanum_controller/share/mecanum_controller/hook/pythonpath.dsv'
[7.568s] INFO:colcon.colcon_core.shell:Creating environment hook '/home/dora/dora_ros2_ws/robot_ws/install/mecanum_controller/share/mecanum_controller/hook/pythonpath.sh'
[7.571s] Level 1:colcon.colcon_core.environment:checking '/home/dora/dora_ros2_ws/robot_ws/install/mecanum_controller/bin'
[7.572s] Level 1:colcon.colcon_core.environment:create_environment_scripts_only(mecanum_controller)
[7.573s] INFO:colcon.colcon_core.shell:Creating package script '/home/dora/dora_ros2_ws/robot_ws/install/mecanum_controller/share/mecanum_controller/package.ps1'
[7.576s] INFO:colcon.colcon_core.shell:Creating package descriptor '/home/dora/dora_ros2_ws/robot_ws/install/mecanum_controller/share/mecanum_controller/package.dsv'
[7.579s] INFO:colcon.colcon_core.shell:Creating package script '/home/dora/dora_ros2_ws/robot_ws/install/mecanum_controller/share/mecanum_controller/package.sh'
[7.583s] INFO:colcon.colcon_core.shell:Creating package script '/home/dora/dora_ros2_ws/robot_ws/install/mecanum_controller/share/mecanum_controller/package.bash'
[7.586s] INFO:colcon.colcon_core.shell:Creating package script '/home/dora/dora_ros2_ws/robot_ws/install/mecanum_controller/share/mecanum_controller/package.zsh'
[7.589s] Level 1:colcon.colcon_core.environment:create_file_with_runtime_dependencies(/home/dora/dora_ros2_ws/robot_ws/install/mecanum_controller/share/colcon-core/packages/mecanum_controller)
[7.590s] DEBUG:colcon.colcon_parallel_executor.executor.parallel:closing loop
[7.591s] DEBUG:colcon.colcon_parallel_executor.executor.parallel:loop closed
[7.591s] DEBUG:colcon.colcon_parallel_executor.executor.parallel:run_until_complete finished with '0'
[7.591s] DEBUG:colcon.colcon_core.event_reactor:joining thread
[7.652s] INFO:colcon.colcon_core.plugin_system:Skipping extension 'colcon_notification.desktop_notification.terminal_notifier': Not used on non-Darwin systems
[7.652s] INFO:colcon.colcon_core.plugin_system:Skipping extension 'colcon_notification.desktop_notification.win32': Not used on non-Windows systems
[7.652s] INFO:colcon.colcon_notification.desktop_notification:Sending desktop notification using 'notify2'
[8.251s] DEBUG:colcon.colcon_notification.desktop_notification.notify2:Failed to initialize notify2: org.freedesktop.DBus.Error.TimedOut: Failed to activate service 'org.freedesktop.Notifications': timed out (service_start_timeout=120000ms)
[8.252s] DEBUG:colcon.colcon_core.event_reactor:joined thread
[8.255s] INFO:colcon.colcon_core.shell:Creating prefix script '/home/dora/dora_ros2_ws/robot_ws/install/local_setup.ps1'
[8.262s] INFO:colcon.colcon_core.shell:Creating prefix util module '/home/dora/dora_ros2_ws/robot_ws/install/_local_setup_util_ps1.py'
[8.270s] INFO:colcon.colcon_core.shell:Creating prefix chain script '/home/dora/dora_ros2_ws/robot_ws/install/setup.ps1'
[8.277s] INFO:colcon.colcon_core.shell:Creating prefix script '/home/dora/dora_ros2_ws/robot_ws/install/local_setup.sh'
[8.281s] INFO:colcon.colcon_core.shell:Creating prefix util module '/home/dora/dora_ros2_ws/robot_ws/install/_local_setup_util_sh.py'
[8.283s] INFO:colcon.colcon_core.shell:Creating prefix chain script '/home/dora/dora_ros2_ws/robot_ws/install/setup.sh'
[8.290s] INFO:colcon.colcon_core.shell:Creating prefix script '/home/dora/dora_ros2_ws/robot_ws/install/local_setup.bash'
[8.293s] INFO:colcon.colcon_core.shell:Creating prefix chain script '/home/dora/dora_ros2_ws/robot_ws/install/setup.bash'
[8.300s] INFO:colcon.colcon_core.shell:Creating prefix script '/home/dora/dora_ros2_ws/robot_ws/install/local_setup.zsh'
[8.303s] INFO:colcon.colcon_core.shell:Creating prefix chain script '/home/dora/dora_ros2_ws/robot_ws/install/setup.zsh'
