[0.437s] DEBUG:colcon:Command line arguments: ['/usr/bin/colcon', 'build', '--symlink-install']
[0.437s] DEBUG:colcon:Parsed command line arguments: Namespace(log_base=None, log_level=None, verb_name='build', build_base='build', install_base='install', merge_install=False, symlink_install=True, test_result_base=None, continue_on_error=False, executor='parallel', parallel_workers=4, event_handlers=None, ignore_user_meta=False, metas=['./colcon.meta'], base_paths=['.'], packages_ignore=None, packages_ignore_regex=None, paths=None, packages_up_to=None, packages_up_to_regex=None, packages_above=None, packages_above_and_dependencies=None, packages_above_depth=None, packages_select_by_dep=None, packages_skip_by_dep=None, packages_skip_up_to=None, packages_select_build_failed=False, packages_skip_build_finished=False, packages_select_test_failures=False, packages_skip_test_passed=False, packages_select=None, packages_skip=None, packages_select_regex=None, packages_skip_regex=None, packages_start=None, packages_end=None, allow_overriding=[], cmake_args=None, cmake_target=None, cmake_target_skip_unavailable=False, cmake_clean_cache=False, cmake_clean_first=False, cmake_force_configure=False, ament_cmake_args=None, catkin_cmake_args=None, catkin_skip_building_tests=False, verb_parser=<colcon_defaults.argument_parser.defaults.DefaultArgumentsDecorator object at 0xffff9bc37070>, verb_extension=<colcon_core.verb.build.BuildVerb object at 0xffff9bdcbca0>, main=<bound method BuildVerb.main of <colcon_core.verb.build.BuildVerb object at 0xffff9bdcbca0>>)
[1.142s] Level 1:colcon.colcon_core.package_discovery:discover_packages(colcon_meta) check parameters
[1.143s] Level 1:colcon.colcon_core.package_discovery:discover_packages(recursive) check parameters
[1.143s] Level 1:colcon.colcon_core.package_discovery:discover_packages(ignore) check parameters
[1.143s] Level 1:colcon.colcon_core.package_discovery:discover_packages(path) check parameters
[1.143s] Level 1:colcon.colcon_core.package_discovery:discover_packages(colcon_meta) discover
[1.143s] Level 1:colcon.colcon_core.package_discovery:discover_packages(recursive) discover
[1.144s] INFO:colcon.colcon_core.package_discovery:Crawling recursively for packages in '/home/dora/robot_ws'
[1.144s] Level 1:colcon.colcon_core.package_identification:_identify(.) by extensions ['ignore', 'ignore_ament_install']
[1.144s] Level 1:colcon.colcon_core.package_identification:_identify(.) by extension 'ignore'
[1.145s] Level 1:colcon.colcon_core.package_identification:_identify(.) by extension 'ignore_ament_install'
[1.145s] Level 1:colcon.colcon_core.package_identification:_identify(.) by extensions ['colcon_pkg']
[1.145s] Level 1:colcon.colcon_core.package_identification:_identify(.) by extension 'colcon_pkg'
[1.145s] Level 1:colcon.colcon_core.package_identification:_identify(.) by extensions ['colcon_meta']
[1.145s] Level 1:colcon.colcon_core.package_identification:_identify(.) by extension 'colcon_meta'
[1.146s] Level 1:colcon.colcon_core.package_identification:_identify(.) by extensions ['ros']
[1.146s] Level 1:colcon.colcon_core.package_identification:_identify(.) by extension 'ros'
[1.193s] Level 1:colcon.colcon_core.package_identification:_identify(.) by extensions ['cmake', 'python']
[1.194s] Level 1:colcon.colcon_core.package_identification:_identify(.) by extension 'cmake'
[1.194s] Level 1:colcon.colcon_core.package_identification:_identify(.) by extension 'python'
[1.194s] Level 1:colcon.colcon_core.package_identification:_identify(.) by extensions ['python_setup_py']
[1.194s] Level 1:colcon.colcon_core.package_identification:_identify(.) by extension 'python_setup_py'
[1.195s] Level 1:colcon.colcon_core.package_identification:_identify(build) by extensions ['ignore', 'ignore_ament_install']
[1.195s] Level 1:colcon.colcon_core.package_identification:_identify(build) by extension 'ignore'
[1.195s] Level 1:colcon.colcon_core.package_identification:_identify(build) ignored
[1.196s] Level 1:colcon.colcon_core.package_identification:_identify(install) by extensions ['ignore', 'ignore_ament_install']
[1.196s] Level 1:colcon.colcon_core.package_identification:_identify(install) by extension 'ignore'
[1.197s] Level 1:colcon.colcon_core.package_identification:_identify(install) ignored
[1.198s] Level 1:colcon.colcon_core.package_identification:_identify(log) by extensions ['ignore', 'ignore_ament_install']
[1.198s] Level 1:colcon.colcon_core.package_identification:_identify(log) by extension 'ignore'
[1.198s] Level 1:colcon.colcon_core.package_identification:_identify(log) ignored
[1.199s] Level 1:colcon.colcon_core.package_identification:_identify(src) by extensions ['ignore', 'ignore_ament_install']
[1.199s] Level 1:colcon.colcon_core.package_identification:_identify(src) by extension 'ignore'
[1.199s] Level 1:colcon.colcon_core.package_identification:_identify(src) by extension 'ignore_ament_install'
[1.199s] Level 1:colcon.colcon_core.package_identification:_identify(src) by extensions ['colcon_pkg']
[1.200s] Level 1:colcon.colcon_core.package_identification:_identify(src) by extension 'colcon_pkg'
[1.200s] Level 1:colcon.colcon_core.package_identification:_identify(src) by extensions ['colcon_meta']
[1.200s] Level 1:colcon.colcon_core.package_identification:_identify(src) by extension 'colcon_meta'
[1.200s] Level 1:colcon.colcon_core.package_identification:_identify(src) by extensions ['ros']
[1.200s] Level 1:colcon.colcon_core.package_identification:_identify(src) by extension 'ros'
[1.201s] Level 1:colcon.colcon_core.package_identification:_identify(src) by extensions ['cmake', 'python']
[1.201s] Level 1:colcon.colcon_core.package_identification:_identify(src) by extension 'cmake'
[1.201s] Level 1:colcon.colcon_core.package_identification:_identify(src) by extension 'python'
[1.201s] Level 1:colcon.colcon_core.package_identification:_identify(src) by extensions ['python_setup_py']
[1.201s] Level 1:colcon.colcon_core.package_identification:_identify(src) by extension 'python_setup_py'
[1.202s] Level 1:colcon.colcon_core.package_identification:_identify(src/my_package) by extensions ['ignore', 'ignore_ament_install']
[1.202s] Level 1:colcon.colcon_core.package_identification:_identify(src/my_package) by extension 'ignore'
[1.202s] Level 1:colcon.colcon_core.package_identification:_identify(src/my_package) by extension 'ignore_ament_install'
[1.203s] Level 1:colcon.colcon_core.package_identification:_identify(src/my_package) by extensions ['colcon_pkg']
[1.203s] Level 1:colcon.colcon_core.package_identification:_identify(src/my_package) by extension 'colcon_pkg'
[1.203s] Level 1:colcon.colcon_core.package_identification:_identify(src/my_package) by extensions ['colcon_meta']
[1.203s] Level 1:colcon.colcon_core.package_identification:_identify(src/my_package) by extension 'colcon_meta'
[1.203s] Level 1:colcon.colcon_core.package_identification:_identify(src/my_package) by extensions ['ros']
[1.203s] Level 1:colcon.colcon_core.package_identification:_identify(src/my_package) by extension 'ros'
[1.212s] DEBUG:colcon.colcon_core.package_identification:Package 'src/my_package' with type 'ros.ament_python' and name 'my_package'
[1.213s] Level 1:colcon.colcon_core.package_identification:_identify(src/velocity_controller) by extensions ['ignore', 'ignore_ament_install']
[1.213s] Level 1:colcon.colcon_core.package_identification:_identify(src/velocity_controller) by extension 'ignore'
[1.213s] Level 1:colcon.colcon_core.package_identification:_identify(src/velocity_controller) by extension 'ignore_ament_install'
[1.213s] Level 1:colcon.colcon_core.package_identification:_identify(src/velocity_controller) by extensions ['colcon_pkg']
[1.214s] Level 1:colcon.colcon_core.package_identification:_identify(src/velocity_controller) by extension 'colcon_pkg'
[1.214s] Level 1:colcon.colcon_core.package_identification:_identify(src/velocity_controller) by extensions ['colcon_meta']
[1.214s] Level 1:colcon.colcon_core.package_identification:_identify(src/velocity_controller) by extension 'colcon_meta'
[1.214s] Level 1:colcon.colcon_core.package_identification:_identify(src/velocity_controller) by extensions ['ros']
[1.214s] Level 1:colcon.colcon_core.package_identification:_identify(src/velocity_controller) by extension 'ros'
[1.216s] DEBUG:colcon.colcon_core.package_identification:Package 'src/velocity_controller' with type 'ros.ament_python' and name 'velocity_controller'
[1.217s] Level 1:colcon.colcon_core.package_discovery:discover_packages(recursive) using defaults
[1.217s] Level 1:colcon.colcon_core.package_discovery:discover_packages(ignore) discover
[1.217s] Level 1:colcon.colcon_core.package_discovery:discover_packages(ignore) using defaults
[1.217s] Level 1:colcon.colcon_core.package_discovery:discover_packages(path) discover
[1.217s] Level 1:colcon.colcon_core.package_discovery:discover_packages(path) using defaults
[1.297s] Level 1:colcon.colcon_core.package_discovery:discover_packages(prefix_path) check parameters
[1.297s] Level 1:colcon.colcon_core.package_discovery:discover_packages(prefix_path) discover
[1.305s] DEBUG:colcon.colcon_installed_package_information.package_discovery:Found 2 installed packages in /home/dora/robot_ws/install
[1.311s] DEBUG:colcon.colcon_installed_package_information.package_discovery:Found 183 installed packages in /opt/ros/humble
[1.320s] Level 1:colcon.colcon_core.package_discovery:discover_packages(prefix_path) using defaults
[1.428s] Level 5:colcon.colcon_core.verb:set package 'my_package' build argument 'cmake_args' from command line to 'None'
[1.428s] Level 5:colcon.colcon_core.verb:set package 'my_package' build argument 'cmake_target' from command line to 'None'
[1.428s] Level 5:colcon.colcon_core.verb:set package 'my_package' build argument 'cmake_target_skip_unavailable' from command line to 'False'
[1.428s] Level 5:colcon.colcon_core.verb:set package 'my_package' build argument 'cmake_clean_cache' from command line to 'False'
[1.428s] Level 5:colcon.colcon_core.verb:set package 'my_package' build argument 'cmake_clean_first' from command line to 'False'
[1.429s] Level 5:colcon.colcon_core.verb:set package 'my_package' build argument 'cmake_force_configure' from command line to 'False'
[1.429s] Level 5:colcon.colcon_core.verb:set package 'my_package' build argument 'ament_cmake_args' from command line to 'None'
[1.429s] Level 5:colcon.colcon_core.verb:set package 'my_package' build argument 'catkin_cmake_args' from command line to 'None'
[1.429s] Level 5:colcon.colcon_core.verb:set package 'my_package' build argument 'catkin_skip_building_tests' from command line to 'False'
[1.429s] DEBUG:colcon.colcon_core.verb:Building package 'my_package' with the following arguments: {'ament_cmake_args': None, 'build_base': '/home/dora/robot_ws/build/my_package', 'catkin_cmake_args': None, 'catkin_skip_building_tests': False, 'cmake_args': None, 'cmake_clean_cache': False, 'cmake_clean_first': False, 'cmake_force_configure': False, 'cmake_target': None, 'cmake_target_skip_unavailable': False, 'install_base': '/home/dora/robot_ws/install/my_package', 'merge_install': False, 'path': '/home/dora/robot_ws/src/my_package', 'symlink_install': True, 'test_result_base': None}
[1.431s] Level 5:colcon.colcon_core.verb:set package 'velocity_controller' build argument 'cmake_args' from command line to 'None'
[1.431s] Level 5:colcon.colcon_core.verb:set package 'velocity_controller' build argument 'cmake_target' from command line to 'None'
[1.431s] Level 5:colcon.colcon_core.verb:set package 'velocity_controller' build argument 'cmake_target_skip_unavailable' from command line to 'False'
[1.431s] Level 5:colcon.colcon_core.verb:set package 'velocity_controller' build argument 'cmake_clean_cache' from command line to 'False'
[1.431s] Level 5:colcon.colcon_core.verb:set package 'velocity_controller' build argument 'cmake_clean_first' from command line to 'False'
[1.431s] Level 5:colcon.colcon_core.verb:set package 'velocity_controller' build argument 'cmake_force_configure' from command line to 'False'
[1.432s] Level 5:colcon.colcon_core.verb:set package 'velocity_controller' build argument 'ament_cmake_args' from command line to 'None'
[1.432s] Level 5:colcon.colcon_core.verb:set package 'velocity_controller' build argument 'catkin_cmake_args' from command line to 'None'
[1.432s] Level 5:colcon.colcon_core.verb:set package 'velocity_controller' build argument 'catkin_skip_building_tests' from command line to 'False'
[1.432s] DEBUG:colcon.colcon_core.verb:Building package 'velocity_controller' with the following arguments: {'ament_cmake_args': None, 'build_base': '/home/dora/robot_ws/build/velocity_controller', 'catkin_cmake_args': None, 'catkin_skip_building_tests': False, 'cmake_args': None, 'cmake_clean_cache': False, 'cmake_clean_first': False, 'cmake_force_configure': False, 'cmake_target': None, 'cmake_target_skip_unavailable': False, 'install_base': '/home/dora/robot_ws/install/velocity_controller', 'merge_install': False, 'path': '/home/dora/robot_ws/src/velocity_controller', 'symlink_install': True, 'test_result_base': None}
[1.433s] INFO:colcon.colcon_core.executor:Executing jobs using 'parallel' executor
[1.436s] DEBUG:colcon.colcon_parallel_executor.executor.parallel:run_until_complete
[1.437s] INFO:colcon.colcon_ros.task.ament_python.build:Building ROS package in '/home/dora/robot_ws/src/my_package' with build type 'ament_python'
[1.438s] Level 1:colcon.colcon_core.shell:create_environment_hook('my_package', 'ament_prefix_path')
[1.448s] INFO:colcon.colcon_core.plugin_system:Skipping extension 'colcon_core.shell.bat': Not used on non-Windows systems
[1.449s] INFO:colcon.colcon_core.shell:Creating environment hook '/home/dora/robot_ws/install/my_package/share/my_package/hook/ament_prefix_path.ps1'
[1.456s] INFO:colcon.colcon_core.shell:Creating environment descriptor '/home/dora/robot_ws/install/my_package/share/my_package/hook/ament_prefix_path.dsv'
[1.458s] INFO:colcon.colcon_core.shell:Creating environment hook '/home/dora/robot_ws/install/my_package/share/my_package/hook/ament_prefix_path.sh'
[1.463s] INFO:colcon.colcon_core.shell:Skip shell extension 'powershell' for command environment: Not usable outside of PowerShell
[1.463s] DEBUG:colcon.colcon_core.shell:Skip shell extension 'dsv' for command environment
[1.478s] INFO:colcon.colcon_ros.task.ament_python.build:Building ROS package in '/home/dora/robot_ws/src/velocity_controller' with build type 'ament_python'
[1.479s] Level 1:colcon.colcon_core.shell:create_environment_hook('velocity_controller', 'ament_prefix_path')
[1.480s] INFO:colcon.colcon_core.shell:Creating environment hook '/home/dora/robot_ws/install/velocity_controller/share/velocity_controller/hook/ament_prefix_path.ps1'
[1.482s] INFO:colcon.colcon_core.shell:Creating environment descriptor '/home/dora/robot_ws/install/velocity_controller/share/velocity_controller/hook/ament_prefix_path.dsv'
[1.485s] INFO:colcon.colcon_core.shell:Creating environment hook '/home/dora/robot_ws/install/velocity_controller/share/velocity_controller/hook/ament_prefix_path.sh'
[1.488s] INFO:colcon.colcon_core.shell:Skip shell extension 'powershell' for command environment: Not usable outside of PowerShell
[1.489s] DEBUG:colcon.colcon_core.shell:Skip shell extension 'dsv' for command environment
[2.686s] INFO:colcon.colcon_core.task.python.build:Building Python package in '/home/dora/robot_ws/src/my_package'
[2.687s] INFO:colcon.colcon_core.shell:Skip shell extension 'powershell' for command environment: Not usable outside of PowerShell
[2.688s] DEBUG:colcon.colcon_core.shell:Skip shell extension 'dsv' for command environment
[3.876s] INFO:colcon.colcon_core.task.python.build:Building Python package in '/home/dora/robot_ws/src/velocity_controller'
[3.877s] INFO:colcon.colcon_core.shell:Skip shell extension 'powershell' for command environment: Not usable outside of PowerShell
[3.878s] DEBUG:colcon.colcon_core.shell:Skip shell extension 'dsv' for command environment
[5.822s] DEBUG:colcon.colcon_core.event_handler.log_command:Invoking command in '/home/dora/robot_ws/build/velocity_controller': PYTHONPATH=/home/dora/robot_ws/build/velocity_controller/prefix_override:/usr/lib/python3/dist-packages/colcon_core/task/python/colcon_distutils_commands:/home/dora/robot_ws/install/velocity_controller/lib/python3.10/site-packages:${PYTHONPATH} /usr/bin/python3 -W ignore:setup.py install is deprecated setup.py develop --editable --build-directory /home/dora/robot_ws/build/velocity_controller/build --no-deps symlink_data
[5.848s] DEBUG:colcon.colcon_core.event_handler.log_command:Invoking command in '/home/dora/robot_ws/build/my_package': PYTHONPATH=/home/dora/robot_ws/build/my_package/prefix_override:/usr/lib/python3/dist-packages/colcon_core/task/python/colcon_distutils_commands:/home/dora/robot_ws/install/my_package/lib/python3.10/site-packages:${PYTHONPATH} /usr/bin/python3 -W ignore:setup.py install is deprecated setup.py develop --editable --build-directory /home/dora/robot_ws/build/my_package/build --no-deps symlink_data
[8.153s] Level 1:colcon.colcon_core.shell:create_environment_hook('velocity_controller', 'pythonpath_develop')
[8.155s] INFO:colcon.colcon_core.shell:Creating environment hook '/home/dora/robot_ws/build/velocity_controller/share/velocity_controller/hook/pythonpath_develop.ps1'
[8.157s] DEBUG:colcon.colcon_core.event_handler.log_command:Invoked command in '/home/dora/robot_ws/build/velocity_controller' returned '0': PYTHONPATH=/home/dora/robot_ws/build/velocity_controller/prefix_override:/usr/lib/python3/dist-packages/colcon_core/task/python/colcon_distutils_commands:/home/dora/robot_ws/install/velocity_controller/lib/python3.10/site-packages:${PYTHONPATH} /usr/bin/python3 -W ignore:setup.py install is deprecated setup.py develop --editable --build-directory /home/dora/robot_ws/build/velocity_controller/build --no-deps symlink_data
[8.161s] INFO:colcon.colcon_core.shell:Creating environment descriptor '/home/dora/robot_ws/build/velocity_controller/share/velocity_controller/hook/pythonpath_develop.dsv'
[8.164s] INFO:colcon.colcon_core.shell:Creating environment hook '/home/dora/robot_ws/build/velocity_controller/share/velocity_controller/hook/pythonpath_develop.sh'
[8.192s] Level 1:colcon.colcon_core.environment:checking '/home/dora/robot_ws/install/velocity_controller' for CMake module files
[8.197s] Level 1:colcon.colcon_core.environment:checking '/home/dora/robot_ws/install/velocity_controller' for CMake config files
[8.202s] Level 1:colcon.colcon_core.environment:checking '/home/dora/robot_ws/install/velocity_controller/lib'
[8.204s] Level 1:colcon.colcon_core.environment:checking '/home/dora/robot_ws/install/velocity_controller/bin'
[8.205s] Level 1:colcon.colcon_core.environment:checking '/home/dora/robot_ws/install/velocity_controller/lib/pkgconfig/velocity_controller.pc'
[8.207s] Level 1:colcon.colcon_core.environment:checking '/home/dora/robot_ws/install/velocity_controller/lib/python3.10/site-packages'
[8.208s] Level 1:colcon.colcon_core.shell:create_environment_hook('velocity_controller', 'pythonpath')
[8.210s] INFO:colcon.colcon_core.shell:Creating environment hook '/home/dora/robot_ws/install/velocity_controller/share/velocity_controller/hook/pythonpath.ps1'
[8.214s] INFO:colcon.colcon_core.shell:Creating environment descriptor '/home/dora/robot_ws/install/velocity_controller/share/velocity_controller/hook/pythonpath.dsv'
[8.218s] INFO:colcon.colcon_core.shell:Creating environment hook '/home/dora/robot_ws/install/velocity_controller/share/velocity_controller/hook/pythonpath.sh'
[8.223s] Level 1:colcon.colcon_core.environment:checking '/home/dora/robot_ws/install/velocity_controller/bin'
[8.224s] Level 1:colcon.colcon_core.environment:create_environment_scripts_only(velocity_controller)
[8.226s] INFO:colcon.colcon_core.shell:Creating package script '/home/dora/robot_ws/install/velocity_controller/share/velocity_controller/package.ps1'
[8.232s] INFO:colcon.colcon_core.shell:Creating package descriptor '/home/dora/robot_ws/install/velocity_controller/share/velocity_controller/package.dsv'
[8.237s] INFO:colcon.colcon_core.shell:Creating package script '/home/dora/robot_ws/install/velocity_controller/share/velocity_controller/package.sh'
[8.243s] INFO:colcon.colcon_core.shell:Creating package script '/home/dora/robot_ws/install/velocity_controller/share/velocity_controller/package.bash'
[8.249s] INFO:colcon.colcon_core.shell:Creating package script '/home/dora/robot_ws/install/velocity_controller/share/velocity_controller/package.zsh'
[8.253s] Level 1:colcon.colcon_core.environment:create_file_with_runtime_dependencies(/home/dora/robot_ws/install/velocity_controller/share/colcon-core/packages/velocity_controller)
[8.293s] Level 1:colcon.colcon_core.shell:create_environment_hook('my_package', 'pythonpath_develop')
[8.294s] INFO:colcon.colcon_core.shell:Creating environment hook '/home/dora/robot_ws/build/my_package/share/my_package/hook/pythonpath_develop.ps1'
[8.295s] DEBUG:colcon.colcon_core.event_handler.log_command:Invoked command in '/home/dora/robot_ws/build/my_package' returned '0': PYTHONPATH=/home/dora/robot_ws/build/my_package/prefix_override:/usr/lib/python3/dist-packages/colcon_core/task/python/colcon_distutils_commands:/home/dora/robot_ws/install/my_package/lib/python3.10/site-packages:${PYTHONPATH} /usr/bin/python3 -W ignore:setup.py install is deprecated setup.py develop --editable --build-directory /home/dora/robot_ws/build/my_package/build --no-deps symlink_data
[8.297s] INFO:colcon.colcon_core.shell:Creating environment descriptor '/home/dora/robot_ws/build/my_package/share/my_package/hook/pythonpath_develop.dsv'
[8.299s] INFO:colcon.colcon_core.shell:Creating environment hook '/home/dora/robot_ws/build/my_package/share/my_package/hook/pythonpath_develop.sh'
[8.302s] Level 1:colcon.colcon_core.environment:checking '/home/dora/robot_ws/install/my_package' for CMake module files
[8.305s] Level 1:colcon.colcon_core.environment:checking '/home/dora/robot_ws/install/my_package' for CMake config files
[8.309s] Level 1:colcon.colcon_core.environment:checking '/home/dora/robot_ws/install/my_package/lib'
[8.309s] Level 1:colcon.colcon_core.environment:checking '/home/dora/robot_ws/install/my_package/bin'
[8.309s] Level 1:colcon.colcon_core.environment:checking '/home/dora/robot_ws/install/my_package/lib/pkgconfig/my_package.pc'
[8.311s] Level 1:colcon.colcon_core.environment:checking '/home/dora/robot_ws/install/my_package/lib/python3.10/site-packages'
[8.311s] Level 1:colcon.colcon_core.shell:create_environment_hook('my_package', 'pythonpath')
[8.312s] INFO:colcon.colcon_core.shell:Creating environment hook '/home/dora/robot_ws/install/my_package/share/my_package/hook/pythonpath.ps1'
[8.314s] INFO:colcon.colcon_core.shell:Creating environment descriptor '/home/dora/robot_ws/install/my_package/share/my_package/hook/pythonpath.dsv'
[8.316s] INFO:colcon.colcon_core.shell:Creating environment hook '/home/dora/robot_ws/install/my_package/share/my_package/hook/pythonpath.sh'
[8.318s] Level 1:colcon.colcon_core.environment:checking '/home/dora/robot_ws/install/my_package/bin'
[8.319s] Level 1:colcon.colcon_core.environment:create_environment_scripts_only(my_package)
[8.320s] INFO:colcon.colcon_core.shell:Creating package script '/home/dora/robot_ws/install/my_package/share/my_package/package.ps1'
[8.322s] INFO:colcon.colcon_core.shell:Creating package descriptor '/home/dora/robot_ws/install/my_package/share/my_package/package.dsv'
[8.325s] INFO:colcon.colcon_core.shell:Creating package script '/home/dora/robot_ws/install/my_package/share/my_package/package.sh'
[8.327s] INFO:colcon.colcon_core.shell:Creating package script '/home/dora/robot_ws/install/my_package/share/my_package/package.bash'
[8.329s] INFO:colcon.colcon_core.shell:Creating package script '/home/dora/robot_ws/install/my_package/share/my_package/package.zsh'
[8.330s] Level 1:colcon.colcon_core.environment:create_file_with_runtime_dependencies(/home/dora/robot_ws/install/my_package/share/colcon-core/packages/my_package)
[8.332s] DEBUG:colcon.colcon_parallel_executor.executor.parallel:closing loop
[8.333s] DEBUG:colcon.colcon_parallel_executor.executor.parallel:loop closed
[8.334s] DEBUG:colcon.colcon_parallel_executor.executor.parallel:run_until_complete finished with '0'
[8.335s] DEBUG:colcon.colcon_core.event_reactor:joining thread
[8.357s] INFO:colcon.colcon_core.plugin_system:Skipping extension 'colcon_notification.desktop_notification.terminal_notifier': Not used on non-Darwin systems
[8.357s] INFO:colcon.colcon_core.plugin_system:Skipping extension 'colcon_notification.desktop_notification.win32': Not used on non-Windows systems
[8.357s] INFO:colcon.colcon_notification.desktop_notification:Sending desktop notification using 'notify2'
[8.375s] DEBUG:colcon.colcon_core.event_reactor:joined thread
[8.376s] INFO:colcon.colcon_core.shell:Creating prefix script '/home/dora/robot_ws/install/local_setup.ps1'
[8.381s] INFO:colcon.colcon_core.shell:Creating prefix util module '/home/dora/robot_ws/install/_local_setup_util_ps1.py'
[8.388s] INFO:colcon.colcon_core.shell:Creating prefix chain script '/home/dora/robot_ws/install/setup.ps1'
[8.394s] INFO:colcon.colcon_core.shell:Creating prefix script '/home/dora/robot_ws/install/local_setup.sh'
[8.397s] INFO:colcon.colcon_core.shell:Creating prefix util module '/home/dora/robot_ws/install/_local_setup_util_sh.py'
[8.399s] INFO:colcon.colcon_core.shell:Creating prefix chain script '/home/dora/robot_ws/install/setup.sh'
[8.404s] INFO:colcon.colcon_core.shell:Creating prefix script '/home/dora/robot_ws/install/local_setup.bash'
[8.406s] INFO:colcon.colcon_core.shell:Creating prefix chain script '/home/dora/robot_ws/install/setup.bash'
[8.411s] INFO:colcon.colcon_core.shell:Creating prefix script '/home/dora/robot_ws/install/local_setup.zsh'
[8.414s] INFO:colcon.colcon_core.shell:Creating prefix chain script '/home/dora/robot_ws/install/setup.zsh'
