[3.024s] Invoking command in '/home/dora/dora_ros2_ws/robot_ws/src/encoder_odometry': PYTHONPATH=/home/dora/dora_ros2_ws/robot_ws/build/encoder_odometry/prefix_override:/usr/lib/python3/dist-packages/colcon_core/task/python/colcon_distutils_commands:/home/dora/dora_ros2_ws/robot_ws/install/encoder_odometry/lib/python3.10/site-packages:${PYTHONPATH} /usr/bin/python3 -W ignore:setup.py install is deprecated setup.py egg_info --egg-base ../../build/encoder_odometry build --build-base /home/dora/dora_ros2_ws/robot_ws/build/encoder_odometry/build install --record /home/dora/dora_ros2_ws/robot_ws/build/encoder_odometry/install.log --single-version-externally-managed install_data
[4.177s] running egg_info
[4.179s] writing ../../build/encoder_odometry/encoder_odometry.egg-info/PKG-INFO
[4.180s] writing dependency_links to ../../build/encoder_odometry/encoder_odometry.egg-info/dependency_links.txt
[4.181s] writing entry points to ../../build/encoder_odometry/encoder_odometry.egg-info/entry_points.txt
[4.182s] writing requirements to ../../build/encoder_odometry/encoder_odometry.egg-info/requires.txt
[4.183s] writing top-level names to ../../build/encoder_odometry/encoder_odometry.egg-info/top_level.txt
[4.191s] reading manifest file '../../build/encoder_odometry/encoder_odometry.egg-info/SOURCES.txt'
[4.195s] writing manifest file '../../build/encoder_odometry/encoder_odometry.egg-info/SOURCES.txt'
[4.195s] running build
[4.196s] running build_py
[4.197s] running install
[4.199s] running install_lib
[4.205s] running install_data
[4.206s] running install_egg_info
[4.214s] removing '/home/dora/dora_ros2_ws/robot_ws/install/encoder_odometry/lib/python3.10/site-packages/encoder_odometry-0.0.0-py3.10.egg-info' (and everything under it)
[4.215s] Copying ../../build/encoder_odometry/encoder_odometry.egg-info to /home/dora/dora_ros2_ws/robot_ws/install/encoder_odometry/lib/python3.10/site-packages/encoder_odometry-0.0.0-py3.10.egg-info
[4.224s] running install_scripts
[4.308s] Installing encoder_to_odom script to /home/dora/dora_ros2_ws/robot_ws/install/encoder_odometry/lib/encoder_odometry
[4.310s] writing list of installed files to '/home/dora/dora_ros2_ws/robot_ws/build/encoder_odometry/install.log'
[4.444s] Invoked command in '/home/dora/dora_ros2_ws/robot_ws/src/encoder_odometry' returned '0': PYTHONPATH=/home/dora/dora_ros2_ws/robot_ws/build/encoder_odometry/prefix_override:/usr/lib/python3/dist-packages/colcon_core/task/python/colcon_distutils_commands:/home/dora/dora_ros2_ws/robot_ws/install/encoder_odometry/lib/python3.10/site-packages:${PYTHONPATH} /usr/bin/python3 -W ignore:setup.py install is deprecated setup.py egg_info --egg-base ../../build/encoder_odometry build --build-base /home/dora/dora_ros2_ws/robot_ws/build/encoder_odometry/build install --record /home/dora/dora_ros2_ws/robot_ws/build/encoder_odometry/install.log --single-version-externally-managed install_data
