[3.148s] Invoking command in '/home/dora/robot_ws/build/wheel_controller': PYTHONPATH=/home/dora/robot_ws/build/wheel_controller/prefix_override:/usr/lib/python3/dist-packages/colcon_core/task/python/colcon_distutils_commands:/home/dora/robot_ws/install/wheel_controller/lib/python3.10/site-packages:${PYTHONPATH} /usr/bin/python3 -W ignore:setup.py install is deprecated setup.py develop --uninstall --editable --build-directory /home/dora/robot_ws/build/wheel_controller/build
[4.337s] running develop
[5.009s] Removing /home/dora/robot_ws/install/wheel_controller/lib/python3.10/site-packages/wheel-controller.egg-link (link to .)
[5.176s] Invoked command in '/home/dora/robot_ws/build/wheel_controller' returned '0': PYTHONPATH=/home/dora/robot_ws/build/wheel_controller/prefix_override:/usr/lib/python3/dist-packages/colcon_core/task/python/colcon_distutils_commands:/home/dora/robot_ws/install/wheel_controller/lib/python3.10/site-packages:${PYTHONPATH} /usr/bin/python3 -W ignore:setup.py install is deprecated setup.py develop --uninstall --editable --build-directory /home/dora/robot_ws/build/wheel_controller/build
[5.181s] Invoking command in '/home/dora/robot_ws/src/wheel_controller': PYTHONPATH=/home/dora/robot_ws/build/wheel_controller/prefix_override:/usr/lib/python3/dist-packages/colcon_core/task/python/colcon_distutils_commands:/home/dora/robot_ws/install/wheel_controller/lib/python3.10/site-packages:${PYTHONPATH} /usr/bin/python3 -W ignore:setup.py install is deprecated setup.py egg_info --egg-base ../../build/wheel_controller build --build-base /home/dora/robot_ws/build/wheel_controller/build install --record /home/dora/robot_ws/build/wheel_controller/install.log --single-version-externally-managed install_data --force
[6.283s] running egg_info
[6.285s] writing ../../build/wheel_controller/wheel_controller.egg-info/PKG-INFO
[6.288s] writing dependency_links to ../../build/wheel_controller/wheel_controller.egg-info/dependency_links.txt
[6.288s] writing entry points to ../../build/wheel_controller/wheel_controller.egg-info/entry_points.txt
[6.292s] writing requirements to ../../build/wheel_controller/wheel_controller.egg-info/requires.txt
[6.292s] writing top-level names to ../../build/wheel_controller/wheel_controller.egg-info/top_level.txt
[6.298s] reading manifest file '../../build/wheel_controller/wheel_controller.egg-info/SOURCES.txt'
[6.302s] writing manifest file '../../build/wheel_controller/wheel_controller.egg-info/SOURCES.txt'
[6.303s] running build
[6.304s] running build_py
[6.304s] creating /home/dora/robot_ws/build/wheel_controller/build
[6.305s] creating /home/dora/robot_ws/build/wheel_controller/build/lib
[6.306s] creating /home/dora/robot_ws/build/wheel_controller/build/lib/wheel_controller
[6.306s] copying wheel_controller/__init__.py -> /home/dora/robot_ws/build/wheel_controller/build/lib/wheel_controller
[6.307s] copying wheel_controller/wheel_controller.py -> /home/dora/robot_ws/build/wheel_controller/build/lib/wheel_controller
[6.308s] running install
[6.309s] running install_lib
[6.312s] creating /home/dora/robot_ws/install/wheel_controller/lib/python3.10/site-packages/wheel_controller
[6.312s] copying /home/dora/robot_ws/build/wheel_controller/build/lib/wheel_controller/__init__.py -> /home/dora/robot_ws/install/wheel_controller/lib/python3.10/site-packages/wheel_controller
[6.313s] copying /home/dora/robot_ws/build/wheel_controller/build/lib/wheel_controller/wheel_controller.py -> /home/dora/robot_ws/install/wheel_controller/lib/python3.10/site-packages/wheel_controller
[6.316s] byte-compiling /home/dora/robot_ws/install/wheel_controller/lib/python3.10/site-packages/wheel_controller/__init__.py to __init__.cpython-310.pyc
[6.317s] byte-compiling /home/dora/robot_ws/install/wheel_controller/lib/python3.10/site-packages/wheel_controller/wheel_controller.py to wheel_controller.cpython-310.pyc
[6.320s] running install_data
[6.321s] copying resource/wheel_controller -> /home/dora/robot_ws/install/wheel_controller/share/ament_index/resource_index/packages
[6.322s] copying package.xml -> /home/dora/robot_ws/install/wheel_controller/share/wheel_controller
[6.322s] running install_egg_info
[6.330s] Copying ../../build/wheel_controller/wheel_controller.egg-info to /home/dora/robot_ws/install/wheel_controller/lib/python3.10/site-packages/wheel_controller-0.0.0-py3.10.egg-info
[6.337s] running install_scripts
[6.418s] Installing wheel_controller script to /home/dora/robot_ws/install/wheel_controller/lib/wheel_controller
[6.419s] writing list of installed files to '/home/dora/robot_ws/build/wheel_controller/install.log'
[6.548s] Invoked command in '/home/dora/robot_ws/src/wheel_controller' returned '0': PYTHONPATH=/home/dora/robot_ws/build/wheel_controller/prefix_override:/usr/lib/python3/dist-packages/colcon_core/task/python/colcon_distutils_commands:/home/dora/robot_ws/install/wheel_controller/lib/python3.10/site-packages:${PYTHONPATH} /usr/bin/python3 -W ignore:setup.py install is deprecated setup.py egg_info --egg-base ../../build/wheel_controller build --build-base /home/dora/robot_ws/build/wheel_controller/build install --record /home/dora/robot_ws/build/wheel_controller/install.log --single-version-externally-managed install_data --force
