[3.528s] Invoking command in '/home/dora/dora_ros2_ws/robot_ws/src/mecanum_controller': PYTHONPATH=/home/dora/dora_ros2_ws/robot_ws/build/mecanum_controller/prefix_override:/usr/lib/python3/dist-packages/colcon_core/task/python/colcon_distutils_commands:/home/dora/dora_ros2_ws/robot_ws/install/mecanum_controller/lib/python3.10/site-packages:${PYTHONPATH} /usr/bin/python3 -W ignore:setup.py install is deprecated setup.py egg_info --egg-base ../../build/mecanum_controller build --build-base /home/dora/dora_ros2_ws/robot_ws/build/mecanum_controller/build install --record /home/dora/dora_ros2_ws/robot_ws/build/mecanum_controller/install.log --single-version-externally-managed install_data
[4.671s] running egg_info
[4.674s] writing ../../build/mecanum_controller/mecanum_controller.egg-info/PKG-INFO
[4.675s] writing dependency_links to ../../build/mecanum_controller/mecanum_controller.egg-info/dependency_links.txt
[4.676s] writing entry points to ../../build/mecanum_controller/mecanum_controller.egg-info/entry_points.txt
[4.677s] writing requirements to ../../build/mecanum_controller/mecanum_controller.egg-info/requires.txt
[4.678s] writing top-level names to ../../build/mecanum_controller/mecanum_controller.egg-info/top_level.txt
[4.686s] reading manifest file '../../build/mecanum_controller/mecanum_controller.egg-info/SOURCES.txt'
[4.691s] writing manifest file '../../build/mecanum_controller/mecanum_controller.egg-info/SOURCES.txt'
[4.692s] running build
[4.692s] running build_py
[4.693s] running install
[4.695s] running install_lib
[4.701s] running install_data
[4.702s] running install_egg_info
[4.709s] removing '/home/dora/dora_ros2_ws/robot_ws/install/mecanum_controller/lib/python3.10/site-packages/mecanum_controller-0.0.0-py3.10.egg-info' (and everything under it)
[4.711s] Copying ../../build/mecanum_controller/mecanum_controller.egg-info to /home/dora/dora_ros2_ws/robot_ws/install/mecanum_controller/lib/python3.10/site-packages/mecanum_controller-0.0.0-py3.10.egg-info
[4.716s] running install_scripts
[4.795s] writing list of installed files to '/home/dora/dora_ros2_ws/robot_ws/build/mecanum_controller/install.log'
[4.919s] Invoked command in '/home/dora/dora_ros2_ws/robot_ws/src/mecanum_controller' returned '0': PYTHONPATH=/home/dora/dora_ros2_ws/robot_ws/build/mecanum_controller/prefix_override:/usr/lib/python3/dist-packages/colcon_core/task/python/colcon_distutils_commands:/home/dora/dora_ros2_ws/robot_ws/install/mecanum_controller/lib/python3.10/site-packages:${PYTHONPATH} /usr/bin/python3 -W ignore:setup.py install is deprecated setup.py egg_info --egg-base ../../build/mecanum_controller build --build-base /home/dora/dora_ros2_ws/robot_ws/build/mecanum_controller/build install --record /home/dora/dora_ros2_ws/robot_ws/build/mecanum_controller/install.log --single-version-externally-managed install_data
