[2.903s] Invoking command in '/home/dora/robot_ws/src/encoder_odometry': PYTHONPATH=/home/dora/robot_ws/build/encoder_odometry/prefix_override:/usr/lib/python3/dist-packages/colcon_core/task/python/colcon_distutils_commands:/home/dora/robot_ws/install/encoder_odometry/lib/python3.10/site-packages:${PYTHONPATH} /usr/bin/python3 -W ignore:setup.py install is deprecated setup.py egg_info --egg-base ../../build/encoder_odometry build --build-base /home/dora/robot_ws/build/encoder_odometry/build install --record /home/dora/robot_ws/build/encoder_odometry/install.log --single-version-externally-managed install_data
[4.006s] running egg_info
[4.008s] creating ../../build/encoder_odometry/encoder_odometry.egg-info
[4.010s] writing ../../build/encoder_odometry/encoder_odometry.egg-info/PKG-INFO
[4.011s] writing dependency_links to ../../build/encoder_odometry/encoder_odometry.egg-info/dependency_links.txt
[4.013s] writing entry points to ../../build/encoder_odometry/encoder_odometry.egg-info/entry_points.txt
[4.013s] writing requirements to ../../build/encoder_odometry/encoder_odometry.egg-info/requires.txt
[4.015s] writing top-level names to ../../build/encoder_odometry/encoder_odometry.egg-info/top_level.txt
[4.015s] writing manifest file '../../build/encoder_odometry/encoder_odometry.egg-info/SOURCES.txt'
[4.023s] reading manifest file '../../build/encoder_odometry/encoder_odometry.egg-info/SOURCES.txt'
[4.026s] writing manifest file '../../build/encoder_odometry/encoder_odometry.egg-info/SOURCES.txt'
[4.027s] running build
[4.028s] running build_py
[4.029s] creating /home/dora/robot_ws/build/encoder_odometry/build
[4.029s] creating /home/dora/robot_ws/build/encoder_odometry/build/lib
[4.030s] creating /home/dora/robot_ws/build/encoder_odometry/build/lib/encoder_odometry
[4.030s] copying encoder_odometry/__init__.py -> /home/dora/robot_ws/build/encoder_odometry/build/lib/encoder_odometry
[4.031s] copying encoder_odometry/encoder_to_odom.py -> /home/dora/robot_ws/build/encoder_odometry/build/lib/encoder_odometry
[4.031s] running install
[4.032s] running install_lib
[4.037s] creating /home/dora/robot_ws/install/encoder_odometry/lib/python3.10/site-packages/encoder_odometry
[4.037s] copying /home/dora/robot_ws/build/encoder_odometry/build/lib/encoder_odometry/__init__.py -> /home/dora/robot_ws/install/encoder_odometry/lib/python3.10/site-packages/encoder_odometry
[4.038s] copying /home/dora/robot_ws/build/encoder_odometry/build/lib/encoder_odometry/encoder_to_odom.py -> /home/dora/robot_ws/install/encoder_odometry/lib/python3.10/site-packages/encoder_odometry
[4.040s] byte-compiling /home/dora/robot_ws/install/encoder_odometry/lib/python3.10/site-packages/encoder_odometry/__init__.py to __init__.cpython-310.pyc
[4.042s] byte-compiling /home/dora/robot_ws/install/encoder_odometry/lib/python3.10/site-packages/encoder_odometry/encoder_to_odom.py to encoder_to_odom.cpython-310.pyc
[4.046s] running install_data
[4.047s] creating /home/dora/robot_ws/install/encoder_odometry/share/ament_index
[4.048s] creating /home/dora/robot_ws/install/encoder_odometry/share/ament_index/resource_index
[4.049s] creating /home/dora/robot_ws/install/encoder_odometry/share/ament_index/resource_index/packages
[4.049s] copying resource/encoder_odometry -> /home/dora/robot_ws/install/encoder_odometry/share/ament_index/resource_index/packages
[4.050s] copying package.xml -> /home/dora/robot_ws/install/encoder_odometry/share/encoder_odometry
[4.051s] creating /home/dora/robot_ws/install/encoder_odometry/share/encoder_odometry/launch
[4.051s] copying launch/robot_launch.py -> /home/dora/robot_ws/install/encoder_odometry/share/encoder_odometry/launch
[4.053s] running install_egg_info
[4.061s] Copying ../../build/encoder_odometry/encoder_odometry.egg-info to /home/dora/robot_ws/install/encoder_odometry/lib/python3.10/site-packages/encoder_odometry-0.0.0-py3.10.egg-info
[4.068s] running install_scripts
[4.149s] Installing encoder_to_odom script to /home/dora/robot_ws/install/encoder_odometry/lib/encoder_odometry
[4.151s] writing list of installed files to '/home/dora/robot_ws/build/encoder_odometry/install.log'
[4.276s] Invoked command in '/home/dora/robot_ws/src/encoder_odometry' returned '0': PYTHONPATH=/home/dora/robot_ws/build/encoder_odometry/prefix_override:/usr/lib/python3/dist-packages/colcon_core/task/python/colcon_distutils_commands:/home/dora/robot_ws/install/encoder_odometry/lib/python3.10/site-packages:${PYTHONPATH} /usr/bin/python3 -W ignore:setup.py install is deprecated setup.py egg_info --egg-base ../../build/encoder_odometry build --build-base /home/dora/robot_ws/build/encoder_odometry/build install --record /home/dora/robot_ws/build/encoder_odometry/install.log --single-version-externally-managed install_data
