[5.116s] Invoking command in '/home/dora/robot_ws/src/wheel_controller': PYTHONPATH=/home/dora/robot_ws/build/wheel_controller/prefix_override:/usr/lib/python3/dist-packages/colcon_core/task/python/colcon_distutils_commands:/home/dora/robot_ws/install/wheel_controller/lib/python3.10/site-packages:${PYTHONPATH} /usr/bin/python3 -W ignore:setup.py install is deprecated setup.py egg_info --egg-base ../../build/wheel_controller build --build-base /home/dora/robot_ws/build/wheel_controller/build install --record /home/dora/robot_ws/build/wheel_controller/install.log --single-version-externally-managed install_data
[6.908s] running egg_info
[6.919s] writing ../../build/wheel_controller/wheel_controller.egg-info/PKG-INFO
[6.920s] writing dependency_links to ../../build/wheel_controller/wheel_controller.egg-info/dependency_links.txt
[6.921s] writing entry points to ../../build/wheel_controller/wheel_controller.egg-info/entry_points.txt
[6.923s] writing requirements to ../../build/wheel_controller/wheel_controller.egg-info/requires.txt
[6.925s] writing top-level names to ../../build/wheel_controller/wheel_controller.egg-info/top_level.txt
[6.937s] reading manifest file '../../build/wheel_controller/wheel_controller.egg-info/SOURCES.txt'
[6.943s] writing manifest file '../../build/wheel_controller/wheel_controller.egg-info/SOURCES.txt'
[6.945s] running build
[6.946s] running build_py
[6.947s] running install
[6.948s] running install_lib
[6.956s] running install_data
[6.957s] running install_egg_info
[6.970s] removing '/home/dora/robot_ws/install/wheel_controller/lib/python3.10/site-packages/wheel_controller-0.0.0-py3.10.egg-info' (and everything under it)
[6.973s] Copying ../../build/wheel_controller/wheel_controller.egg-info to /home/dora/robot_ws/install/wheel_controller/lib/python3.10/site-packages/wheel_controller-0.0.0-py3.10.egg-info
[6.983s] running install_scripts
[7.095s] Installing wheel_controller script to /home/dora/robot_ws/install/wheel_controller/lib/wheel_controller
[7.097s] writing list of installed files to '/home/dora/robot_ws/build/wheel_controller/install.log'
[7.308s] Invoked command in '/home/dora/robot_ws/src/wheel_controller' returned '0': PYTHONPATH=/home/dora/robot_ws/build/wheel_controller/prefix_override:/usr/lib/python3/dist-packages/colcon_core/task/python/colcon_distutils_commands:/home/dora/robot_ws/install/wheel_controller/lib/python3.10/site-packages:${PYTHONPATH} /usr/bin/python3 -W ignore:setup.py install is deprecated setup.py egg_info --egg-base ../../build/wheel_controller build --build-base /home/dora/robot_ws/build/wheel_controller/build install --record /home/dora/robot_ws/build/wheel_controller/install.log --single-version-externally-managed install_data
