[7.825s] Invoking command in '/home/dora/dora_ros2_ws/robot_ws/src/velocity_controller': PYTHONPATH=/home/dora/dora_ros2_ws/robot_ws/build/velocity_controller/prefix_override:/usr/lib/python3/dist-packages/colcon_core/task/python/colcon_distutils_commands:/home/dora/dora_ros2_ws/robot_ws/install/velocity_controller/lib/python3.10/site-packages:${PYTHONPATH} /usr/bin/python3 -W ignore:setup.py install is deprecated setup.py egg_info --egg-base ../../build/velocity_controller build --build-base /home/dora/dora_ros2_ws/robot_ws/build/velocity_controller/build install --record /home/dora/dora_ros2_ws/robot_ws/build/velocity_controller/install.log --single-version-externally-managed install_data
[10.234s] running egg_info
[10.239s] writing ../../build/velocity_controller/velocity_controller.egg-info/PKG-INFO
[10.244s] writing dependency_links to ../../build/velocity_controller/velocity_controller.egg-info/dependency_links.txt
[10.245s] writing entry points to ../../build/velocity_controller/velocity_controller.egg-info/entry_points.txt
[10.248s] writing requirements to ../../build/velocity_controller/velocity_controller.egg-info/requires.txt
[10.248s] writing top-level names to ../../build/velocity_controller/velocity_controller.egg-info/top_level.txt
[10.252s] reading manifest file '../../build/velocity_controller/velocity_controller.egg-info/SOURCES.txt'
[10.258s] writing manifest file '../../build/velocity_controller/velocity_controller.egg-info/SOURCES.txt'
[10.260s] running build
[10.261s] running build_py
[10.261s] running install
[10.262s] running install_lib
[10.268s] running install_data
[10.269s] running install_egg_info
[10.280s] removing '/home/dora/dora_ros2_ws/robot_ws/install/velocity_controller/lib/python3.10/site-packages/velocity_controller-0.0.0-py3.10.egg-info' (and everything under it)
[10.282s] Copying ../../build/velocity_controller/velocity_controller.egg-info to /home/dora/dora_ros2_ws/robot_ws/install/velocity_controller/lib/python3.10/site-packages/velocity_controller-0.0.0-py3.10.egg-info
[10.289s] running install_scripts
[10.375s] Installing velocity_controller script to /home/dora/dora_ros2_ws/robot_ws/install/velocity_controller/lib/velocity_controller
[10.377s] writing list of installed files to '/home/dora/dora_ros2_ws/robot_ws/build/velocity_controller/install.log'
[11.646s] Invoked command in '/home/dora/dora_ros2_ws/robot_ws/src/velocity_controller' returned '0': PYTHONPATH=/home/dora/dora_ros2_ws/robot_ws/build/velocity_controller/prefix_override:/usr/lib/python3/dist-packages/colcon_core/task/python/colcon_distutils_commands:/home/dora/dora_ros2_ws/robot_ws/install/velocity_controller/lib/python3.10/site-packages:${PYTHONPATH} /usr/bin/python3 -W ignore:setup.py install is deprecated setup.py egg_info --egg-base ../../build/velocity_controller build --build-base /home/dora/dora_ros2_ws/robot_ws/build/velocity_controller/build install --record /home/dora/dora_ros2_ws/robot_ws/build/velocity_controller/install.log --single-version-externally-managed install_data
