[1.215s] DEBUG:colcon:Command line arguments: ['/usr/bin/colcon', 'build', '--packages-select', 'wheel_controller']
[1.216s] DEBUG:colcon:Parsed command line arguments: Namespace(log_base=None, log_level=None, verb_name='build', build_base='build', install_base='install', merge_install=False, symlink_install=False, test_result_base=None, continue_on_error=False, executor='parallel', parallel_workers=4, event_handlers=None, ignore_user_meta=False, metas=['./colcon.meta'], base_paths=['.'], packages_ignore=None, packages_ignore_regex=None, paths=None, packages_up_to=None, packages_up_to_regex=None, packages_above=None, packages_above_and_dependencies=None, packages_above_depth=None, packages_select_by_dep=None, packages_skip_by_dep=None, packages_skip_up_to=None, packages_select_build_failed=False, packages_skip_build_finished=False, packages_select_test_failures=False, packages_skip_test_passed=False, packages_select=['wheel_controller'], packages_skip=None, packages_select_regex=None, packages_skip_regex=None, packages_start=None, packages_end=None, allow_overriding=[], cmake_args=None, cmake_target=None, cmake_target_skip_unavailable=False, cmake_clean_cache=False, cmake_clean_first=False, cmake_force_configure=False, ament_cmake_args=None, catkin_cmake_args=None, catkin_skip_building_tests=False, verb_parser=<colcon_defaults.argument_parser.defaults.DefaultArgumentsDecorator object at 0xffff82e1b970>, verb_extension=<colcon_core.verb.build.BuildVerb object at 0xffff82d685e0>, main=<bound method BuildVerb.main of <colcon_core.verb.build.BuildVerb object at 0xffff82d685e0>>)
[3.194s] Level 1:colcon.colcon_core.package_discovery:discover_packages(colcon_meta) check parameters
[3.195s] Level 1:colcon.colcon_core.package_discovery:discover_packages(recursive) check parameters
[3.195s] Level 1:colcon.colcon_core.package_discovery:discover_packages(ignore) check parameters
[3.196s] Level 1:colcon.colcon_core.package_discovery:discover_packages(path) check parameters
[3.196s] Level 1:colcon.colcon_core.package_discovery:discover_packages(colcon_meta) discover
[3.196s] Level 1:colcon.colcon_core.package_discovery:discover_packages(recursive) discover
[3.197s] INFO:colcon.colcon_core.package_discovery:Crawling recursively for packages in '/home/dora/dora_ros2_ws/robot_ws'
[3.198s] Level 1:colcon.colcon_core.package_identification:_identify(.) by extensions ['ignore', 'ignore_ament_install']
[3.198s] Level 1:colcon.colcon_core.package_identification:_identify(.) by extension 'ignore'
[3.199s] Level 1:colcon.colcon_core.package_identification:_identify(.) by extension 'ignore_ament_install'
[3.199s] Level 1:colcon.colcon_core.package_identification:_identify(.) by extensions ['colcon_pkg']
[3.199s] Level 1:colcon.colcon_core.package_identification:_identify(.) by extension 'colcon_pkg'
[3.200s] Level 1:colcon.colcon_core.package_identification:_identify(.) by extensions ['colcon_meta']
[3.200s] Level 1:colcon.colcon_core.package_identification:_identify(.) by extension 'colcon_meta'
[3.200s] Level 1:colcon.colcon_core.package_identification:_identify(.) by extensions ['ros']
[3.200s] Level 1:colcon.colcon_core.package_identification:_identify(.) by extension 'ros'
[3.276s] Level 1:colcon.colcon_core.package_identification:_identify(.) by extensions ['cmake', 'python']
[3.276s] Level 1:colcon.colcon_core.package_identification:_identify(.) by extension 'cmake'
[3.277s] Level 1:colcon.colcon_core.package_identification:_identify(.) by extension 'python'
[3.278s] Level 1:colcon.colcon_core.package_identification:_identify(.) by extensions ['python_setup_py']
[3.278s] Level 1:colcon.colcon_core.package_identification:_identify(.) by extension 'python_setup_py'
[3.279s] Level 1:colcon.colcon_core.package_identification:_identify(build) by extensions ['ignore', 'ignore_ament_install']
[3.279s] Level 1:colcon.colcon_core.package_identification:_identify(build) by extension 'ignore'
[3.280s] Level 1:colcon.colcon_core.package_identification:_identify(build) ignored
[3.281s] Level 1:colcon.colcon_core.package_identification:_identify(install) by extensions ['ignore', 'ignore_ament_install']
[3.281s] Level 1:colcon.colcon_core.package_identification:_identify(install) by extension 'ignore'
[3.282s] Level 1:colcon.colcon_core.package_identification:_identify(install) ignored
[3.284s] Level 1:colcon.colcon_core.package_identification:_identify(log) by extensions ['ignore', 'ignore_ament_install']
[3.285s] Level 1:colcon.colcon_core.package_identification:_identify(log) by extension 'ignore'
[3.286s] Level 1:colcon.colcon_core.package_identification:_identify(log) ignored
[3.287s] Level 1:colcon.colcon_core.package_identification:_identify(src) by extensions ['ignore', 'ignore_ament_install']
[3.288s] Level 1:colcon.colcon_core.package_identification:_identify(src) by extension 'ignore'
[3.289s] Level 1:colcon.colcon_core.package_identification:_identify(src) by extension 'ignore_ament_install'
[3.290s] Level 1:colcon.colcon_core.package_identification:_identify(src) by extensions ['colcon_pkg']
[3.290s] Level 1:colcon.colcon_core.package_identification:_identify(src) by extension 'colcon_pkg'
[3.291s] Level 1:colcon.colcon_core.package_identification:_identify(src) by extensions ['colcon_meta']
[3.292s] Level 1:colcon.colcon_core.package_identification:_identify(src) by extension 'colcon_meta'
[3.292s] Level 1:colcon.colcon_core.package_identification:_identify(src) by extensions ['ros']
[3.293s] Level 1:colcon.colcon_core.package_identification:_identify(src) by extension 'ros'
[3.294s] Level 1:colcon.colcon_core.package_identification:_identify(src) by extensions ['cmake', 'python']
[3.295s] Level 1:colcon.colcon_core.package_identification:_identify(src) by extension 'cmake'
[3.295s] Level 1:colcon.colcon_core.package_identification:_identify(src) by extension 'python'
[3.296s] Level 1:colcon.colcon_core.package_identification:_identify(src) by extensions ['python_setup_py']
[3.297s] Level 1:colcon.colcon_core.package_identification:_identify(src) by extension 'python_setup_py'
[3.298s] Level 1:colcon.colcon_core.package_identification:_identify(src/encoder_odometry) by extensions ['ignore', 'ignore_ament_install']
[3.299s] Level 1:colcon.colcon_core.package_identification:_identify(src/encoder_odometry) by extension 'ignore'
[3.300s] Level 1:colcon.colcon_core.package_identification:_identify(src/encoder_odometry) by extension 'ignore_ament_install'
[3.301s] Level 1:colcon.colcon_core.package_identification:_identify(src/encoder_odometry) by extensions ['colcon_pkg']
[3.302s] Level 1:colcon.colcon_core.package_identification:_identify(src/encoder_odometry) by extension 'colcon_pkg'
[3.302s] Level 1:colcon.colcon_core.package_identification:_identify(src/encoder_odometry) by extensions ['colcon_meta']
[3.303s] Level 1:colcon.colcon_core.package_identification:_identify(src/encoder_odometry) by extension 'colcon_meta'
[3.303s] Level 1:colcon.colcon_core.package_identification:_identify(src/encoder_odometry) by extensions ['ros']
[3.304s] Level 1:colcon.colcon_core.package_identification:_identify(src/encoder_odometry) by extension 'ros'
[3.321s] DEBUG:colcon.colcon_core.package_identification:Package 'src/encoder_odometry' with type 'ros.ament_python' and name 'encoder_odometry'
[3.321s] Level 1:colcon.colcon_core.package_identification:_identify(src/encoder_odometrytest) by extensions ['ignore', 'ignore_ament_install']
[3.322s] Level 1:colcon.colcon_core.package_identification:_identify(src/encoder_odometrytest) by extension 'ignore'
[3.322s] Level 1:colcon.colcon_core.package_identification:_identify(src/encoder_odometrytest) by extension 'ignore_ament_install'
[3.322s] Level 1:colcon.colcon_core.package_identification:_identify(src/encoder_odometrytest) by extensions ['colcon_pkg']
[3.323s] Level 1:colcon.colcon_core.package_identification:_identify(src/encoder_odometrytest) by extension 'colcon_pkg'
[3.323s] Level 1:colcon.colcon_core.package_identification:_identify(src/encoder_odometrytest) by extensions ['colcon_meta']
[3.323s] Level 1:colcon.colcon_core.package_identification:_identify(src/encoder_odometrytest) by extension 'colcon_meta'
[3.323s] Level 1:colcon.colcon_core.package_identification:_identify(src/encoder_odometrytest) by extensions ['ros']
[3.323s] Level 1:colcon.colcon_core.package_identification:_identify(src/encoder_odometrytest) by extension 'ros'
[3.332s] DEBUG:colcon.colcon_core.package_identification:Package 'src/encoder_odometrytest' with type 'ros.ament_python' and name 'encoder_odometrytest'
[3.337s] Level 1:colcon.colcon_core.package_identification:_identify(src/rplidar_ros) by extensions ['ignore', 'ignore_ament_install']
[3.339s] Level 1:colcon.colcon_core.package_identification:_identify(src/rplidar_ros) by extension 'ignore'
[3.339s] Level 1:colcon.colcon_core.package_identification:_identify(src/rplidar_ros) by extension 'ignore_ament_install'
[3.340s] Level 1:colcon.colcon_core.package_identification:_identify(src/rplidar_ros) by extensions ['colcon_pkg']
[3.340s] Level 1:colcon.colcon_core.package_identification:_identify(src/rplidar_ros) by extension 'colcon_pkg'
[3.340s] Level 1:colcon.colcon_core.package_identification:_identify(src/rplidar_ros) by extensions ['colcon_meta']
[3.341s] Level 1:colcon.colcon_core.package_identification:_identify(src/rplidar_ros) by extension 'colcon_meta'
[3.341s] Level 1:colcon.colcon_core.package_identification:_identify(src/rplidar_ros) by extensions ['ros']
[3.341s] Level 1:colcon.colcon_core.package_identification:_identify(src/rplidar_ros) by extension 'ros'
[3.342s] Level 1:colcon.colcon_core.package_identification:_identify(src/rplidar_ros) by extensions ['cmake', 'python']
[3.342s] Level 1:colcon.colcon_core.package_identification:_identify(src/rplidar_ros) by extension 'cmake'
[3.343s] Level 1:colcon.colcon_core.package_identification:_identify(src/rplidar_ros) by extension 'python'
[3.343s] Level 1:colcon.colcon_core.package_identification:_identify(src/rplidar_ros) by extensions ['python_setup_py']
[3.343s] Level 1:colcon.colcon_core.package_identification:_identify(src/rplidar_ros) by extension 'python_setup_py'
[3.344s] Level 1:colcon.colcon_core.package_identification:_identify(src/serial_coms) by extensions ['ignore', 'ignore_ament_install']
[3.345s] Level 1:colcon.colcon_core.package_identification:_identify(src/serial_coms) by extension 'ignore'
[3.345s] Level 1:colcon.colcon_core.package_identification:_identify(src/serial_coms) by extension 'ignore_ament_install'
[3.346s] Level 1:colcon.colcon_core.package_identification:_identify(src/serial_coms) by extensions ['colcon_pkg']
[3.346s] Level 1:colcon.colcon_core.package_identification:_identify(src/serial_coms) by extension 'colcon_pkg'
[3.346s] Level 1:colcon.colcon_core.package_identification:_identify(src/serial_coms) by extensions ['colcon_meta']
[3.347s] Level 1:colcon.colcon_core.package_identification:_identify(src/serial_coms) by extension 'colcon_meta'
[3.347s] Level 1:colcon.colcon_core.package_identification:_identify(src/serial_coms) by extensions ['ros']
[3.348s] Level 1:colcon.colcon_core.package_identification:_identify(src/serial_coms) by extension 'ros'
[3.352s] DEBUG:colcon.colcon_core.package_identification:Package 'src/serial_coms' with type 'ros.ament_python' and name 'serial_coms'
[3.353s] Level 1:colcon.colcon_core.package_identification:_identify(src/velocity_controller) by extensions ['ignore', 'ignore_ament_install']
[3.354s] Level 1:colcon.colcon_core.package_identification:_identify(src/velocity_controller) by extension 'ignore'
[3.355s] Level 1:colcon.colcon_core.package_identification:_identify(src/velocity_controller) by extension 'ignore_ament_install'
[3.355s] Level 1:colcon.colcon_core.package_identification:_identify(src/velocity_controller) by extensions ['colcon_pkg']
[3.356s] Level 1:colcon.colcon_core.package_identification:_identify(src/velocity_controller) by extension 'colcon_pkg'
[3.356s] Level 1:colcon.colcon_core.package_identification:_identify(src/velocity_controller) by extensions ['colcon_meta']
[3.356s] Level 1:colcon.colcon_core.package_identification:_identify(src/velocity_controller) by extension 'colcon_meta'
[3.357s] Level 1:colcon.colcon_core.package_identification:_identify(src/velocity_controller) by extensions ['ros']
[3.357s] Level 1:colcon.colcon_core.package_identification:_identify(src/velocity_controller) by extension 'ros'
[3.361s] DEBUG:colcon.colcon_core.package_identification:Package 'src/velocity_controller' with type 'ros.ament_python' and name 'velocity_controller'
[3.362s] Level 1:colcon.colcon_core.package_identification:_identify(src/wheel_controller) by extensions ['ignore', 'ignore_ament_install']
[3.363s] Level 1:colcon.colcon_core.package_identification:_identify(src/wheel_controller) by extension 'ignore'
[3.363s] Level 1:colcon.colcon_core.package_identification:_identify(src/wheel_controller) by extension 'ignore_ament_install'
[3.364s] Level 1:colcon.colcon_core.package_identification:_identify(src/wheel_controller) by extensions ['colcon_pkg']
[3.364s] Level 1:colcon.colcon_core.package_identification:_identify(src/wheel_controller) by extension 'colcon_pkg'
[3.365s] Level 1:colcon.colcon_core.package_identification:_identify(src/wheel_controller) by extensions ['colcon_meta']
[3.365s] Level 1:colcon.colcon_core.package_identification:_identify(src/wheel_controller) by extension 'colcon_meta'
[3.365s] Level 1:colcon.colcon_core.package_identification:_identify(src/wheel_controller) by extensions ['ros']
[3.366s] Level 1:colcon.colcon_core.package_identification:_identify(src/wheel_controller) by extension 'ros'
[3.370s] DEBUG:colcon.colcon_core.package_identification:Package 'src/wheel_controller' with type 'ros.ament_python' and name 'wheel_controller'
[3.371s] Level 1:colcon.colcon_core.package_discovery:discover_packages(recursive) using defaults
[3.371s] Level 1:colcon.colcon_core.package_discovery:discover_packages(ignore) discover
[3.371s] Level 1:colcon.colcon_core.package_discovery:discover_packages(ignore) using defaults
[3.371s] Level 1:colcon.colcon_core.package_discovery:discover_packages(path) discover
[3.371s] Level 1:colcon.colcon_core.package_discovery:discover_packages(path) using defaults
[3.501s] INFO:colcon.colcon_core.package_selection:Skipping not selected package 'encoder_odometry' in 'src/encoder_odometry'
[3.502s] INFO:colcon.colcon_core.package_selection:Skipping not selected package 'encoder_odometrytest' in 'src/encoder_odometrytest'
[3.502s] INFO:colcon.colcon_core.package_selection:Skipping not selected package 'serial_coms' in 'src/serial_coms'
[3.502s] INFO:colcon.colcon_core.package_selection:Skipping not selected package 'velocity_controller' in 'src/velocity_controller'
[3.506s] Level 1:colcon.colcon_core.package_discovery:discover_packages(prefix_path) check parameters
[3.506s] Level 1:colcon.colcon_core.package_discovery:discover_packages(prefix_path) discover
[3.525s] DEBUG:colcon.colcon_installed_package_information.package_discovery:Found 8 installed packages in /home/dora/dora_ros2_ws/robot_ws/install
[3.532s] DEBUG:colcon.colcon_installed_package_information.package_discovery:Found 204 installed packages in /opt/ros/humble
[3.538s] Level 1:colcon.colcon_core.package_discovery:discover_packages(prefix_path) using defaults
[3.705s] Level 5:colcon.colcon_core.verb:set package 'wheel_controller' build argument 'cmake_args' from command line to 'None'
[3.705s] Level 5:colcon.colcon_core.verb:set package 'wheel_controller' build argument 'cmake_target' from command line to 'None'
[3.705s] Level 5:colcon.colcon_core.verb:set package 'wheel_controller' build argument 'cmake_target_skip_unavailable' from command line to 'False'
[3.705s] Level 5:colcon.colcon_core.verb:set package 'wheel_controller' build argument 'cmake_clean_cache' from command line to 'False'
[3.705s] Level 5:colcon.colcon_core.verb:set package 'wheel_controller' build argument 'cmake_clean_first' from command line to 'False'
[3.706s] Level 5:colcon.colcon_core.verb:set package 'wheel_controller' build argument 'cmake_force_configure' from command line to 'False'
[3.706s] Level 5:colcon.colcon_core.verb:set package 'wheel_controller' build argument 'ament_cmake_args' from command line to 'None'
[3.706s] Level 5:colcon.colcon_core.verb:set package 'wheel_controller' build argument 'catkin_cmake_args' from command line to 'None'
[3.706s] Level 5:colcon.colcon_core.verb:set package 'wheel_controller' build argument 'catkin_skip_building_tests' from command line to 'False'
[3.706s] DEBUG:colcon.colcon_core.verb:Building package 'wheel_controller' with the following arguments: {'ament_cmake_args': None, 'build_base': '/home/dora/dora_ros2_ws/robot_ws/build/wheel_controller', 'catkin_cmake_args': None, 'catkin_skip_building_tests': False, 'cmake_args': None, 'cmake_clean_cache': False, 'cmake_clean_first': False, 'cmake_force_configure': False, 'cmake_target': None, 'cmake_target_skip_unavailable': False, 'install_base': '/home/dora/dora_ros2_ws/robot_ws/install/wheel_controller', 'merge_install': False, 'path': '/home/dora/dora_ros2_ws/robot_ws/src/wheel_controller', 'symlink_install': False, 'test_result_base': None}
[3.707s] INFO:colcon.colcon_core.executor:Executing jobs using 'parallel' executor
[3.711s] DEBUG:colcon.colcon_parallel_executor.executor.parallel:run_until_complete
[3.712s] INFO:colcon.colcon_ros.task.ament_python.build:Building ROS package in '/home/dora/dora_ros2_ws/robot_ws/src/wheel_controller' with build type 'ament_python'
[3.713s] Level 1:colcon.colcon_core.shell:create_environment_hook('wheel_controller', 'ament_prefix_path')
[3.733s] INFO:colcon.colcon_core.plugin_system:Skipping extension 'colcon_core.shell.bat': Not used on non-Windows systems
[3.734s] INFO:colcon.colcon_core.shell:Creating environment hook '/home/dora/dora_ros2_ws/robot_ws/install/wheel_controller/share/wheel_controller/hook/ament_prefix_path.ps1'
[3.738s] INFO:colcon.colcon_core.shell:Creating environment descriptor '/home/dora/dora_ros2_ws/robot_ws/install/wheel_controller/share/wheel_controller/hook/ament_prefix_path.dsv'
[3.741s] INFO:colcon.colcon_core.shell:Creating environment hook '/home/dora/dora_ros2_ws/robot_ws/install/wheel_controller/share/wheel_controller/hook/ament_prefix_path.sh'
[3.746s] INFO:colcon.colcon_core.shell:Skip shell extension 'powershell' for command environment: Not usable outside of PowerShell
[3.746s] DEBUG:colcon.colcon_core.shell:Skip shell extension 'dsv' for command environment
[5.228s] INFO:colcon.colcon_core.task.python.build:Building Python package in '/home/dora/dora_ros2_ws/robot_ws/src/wheel_controller'
[5.229s] INFO:colcon.colcon_core.shell:Skip shell extension 'powershell' for command environment: Not usable outside of PowerShell
[5.229s] DEBUG:colcon.colcon_core.shell:Skip shell extension 'dsv' for command environment
[7.586s] DEBUG:colcon.colcon_core.event_handler.log_command:Invoking command in '/home/dora/dora_ros2_ws/robot_ws/src/wheel_controller': PYTHONPATH=/home/dora/dora_ros2_ws/robot_ws/build/wheel_controller/prefix_override:/usr/lib/python3/dist-packages/colcon_core/task/python/colcon_distutils_commands:/home/dora/dora_ros2_ws/robot_ws/install/wheel_controller/lib/python3.10/site-packages:${PYTHONPATH} /usr/bin/python3 -W ignore:setup.py install is deprecated setup.py egg_info --egg-base ../../build/wheel_controller build --build-base /home/dora/dora_ros2_ws/robot_ws/build/wheel_controller/build install --record /home/dora/dora_ros2_ws/robot_ws/build/wheel_controller/install.log --single-version-externally-managed install_data
[9.009s] DEBUG:colcon.colcon_core.event_handler.log_command:Invoked command in '/home/dora/dora_ros2_ws/robot_ws/src/wheel_controller' returned '0': PYTHONPATH=/home/dora/dora_ros2_ws/robot_ws/build/wheel_controller/prefix_override:/usr/lib/python3/dist-packages/colcon_core/task/python/colcon_distutils_commands:/home/dora/dora_ros2_ws/robot_ws/install/wheel_controller/lib/python3.10/site-packages:${PYTHONPATH} /usr/bin/python3 -W ignore:setup.py install is deprecated setup.py egg_info --egg-base ../../build/wheel_controller build --build-base /home/dora/dora_ros2_ws/robot_ws/build/wheel_controller/build install --record /home/dora/dora_ros2_ws/robot_ws/build/wheel_controller/install.log --single-version-externally-managed install_data
[9.029s] Level 1:colcon.colcon_core.environment:checking '/home/dora/dora_ros2_ws/robot_ws/install/wheel_controller' for CMake module files
[9.032s] Level 1:colcon.colcon_core.environment:checking '/home/dora/dora_ros2_ws/robot_ws/install/wheel_controller' for CMake config files
[9.036s] Level 1:colcon.colcon_core.environment:checking '/home/dora/dora_ros2_ws/robot_ws/install/wheel_controller/lib'
[9.037s] Level 1:colcon.colcon_core.environment:checking '/home/dora/dora_ros2_ws/robot_ws/install/wheel_controller/bin'
[9.037s] Level 1:colcon.colcon_core.environment:checking '/home/dora/dora_ros2_ws/robot_ws/install/wheel_controller/lib/pkgconfig/wheel_controller.pc'
[9.038s] Level 1:colcon.colcon_core.environment:checking '/home/dora/dora_ros2_ws/robot_ws/install/wheel_controller/lib/python3.10/site-packages'
[9.038s] Level 1:colcon.colcon_core.shell:create_environment_hook('wheel_controller', 'pythonpath')
[9.039s] INFO:colcon.colcon_core.shell:Creating environment hook '/home/dora/dora_ros2_ws/robot_ws/install/wheel_controller/share/wheel_controller/hook/pythonpath.ps1'
[9.041s] INFO:colcon.colcon_core.shell:Creating environment descriptor '/home/dora/dora_ros2_ws/robot_ws/install/wheel_controller/share/wheel_controller/hook/pythonpath.dsv'
[9.044s] INFO:colcon.colcon_core.shell:Creating environment hook '/home/dora/dora_ros2_ws/robot_ws/install/wheel_controller/share/wheel_controller/hook/pythonpath.sh'
[9.049s] Level 1:colcon.colcon_core.environment:checking '/home/dora/dora_ros2_ws/robot_ws/install/wheel_controller/bin'
[9.049s] Level 1:colcon.colcon_core.environment:create_environment_scripts_only(wheel_controller)
[9.051s] INFO:colcon.colcon_core.shell:Creating package script '/home/dora/dora_ros2_ws/robot_ws/install/wheel_controller/share/wheel_controller/package.ps1'
[9.057s] INFO:colcon.colcon_core.shell:Creating package descriptor '/home/dora/dora_ros2_ws/robot_ws/install/wheel_controller/share/wheel_controller/package.dsv'
[9.062s] INFO:colcon.colcon_core.shell:Creating package script '/home/dora/dora_ros2_ws/robot_ws/install/wheel_controller/share/wheel_controller/package.sh'
[9.066s] INFO:colcon.colcon_core.shell:Creating package script '/home/dora/dora_ros2_ws/robot_ws/install/wheel_controller/share/wheel_controller/package.bash'
[9.071s] INFO:colcon.colcon_core.shell:Creating package script '/home/dora/dora_ros2_ws/robot_ws/install/wheel_controller/share/wheel_controller/package.zsh'
[9.076s] Level 1:colcon.colcon_core.environment:create_file_with_runtime_dependencies(/home/dora/dora_ros2_ws/robot_ws/install/wheel_controller/share/colcon-core/packages/wheel_controller)
[9.079s] DEBUG:colcon.colcon_parallel_executor.executor.parallel:closing loop
[9.080s] DEBUG:colcon.colcon_parallel_executor.executor.parallel:loop closed
[9.081s] DEBUG:colcon.colcon_parallel_executor.executor.parallel:run_until_complete finished with '0'
[9.081s] DEBUG:colcon.colcon_core.event_reactor:joining thread
[9.117s] INFO:colcon.colcon_core.plugin_system:Skipping extension 'colcon_notification.desktop_notification.terminal_notifier': Not used on non-Darwin systems
[9.118s] INFO:colcon.colcon_core.plugin_system:Skipping extension 'colcon_notification.desktop_notification.win32': Not used on non-Windows systems
[9.118s] INFO:colcon.colcon_notification.desktop_notification:Sending desktop notification using 'notify2'
