[2.864s] Invoking command in '/home/dora/robot_ws/src/encoder_odometry': PYTHONPATH=/home/dora/robot_ws/src/build/encoder_odometry/prefix_override:/usr/lib/python3/dist-packages/colcon_core/task/python/colcon_distutils_commands:/home/dora/robot_ws/src/install/encoder_odometry/lib/python3.10/site-packages:${PYTHONPATH} /usr/bin/python3 -W ignore:setup.py install is deprecated setup.py egg_info --egg-base ../build/encoder_odometry build --build-base /home/dora/robot_ws/src/build/encoder_odometry/build install --record /home/dora/robot_ws/src/build/encoder_odometry/install.log --single-version-externally-managed install_data
[3.957s] running egg_info
[3.960s] writing ../build/encoder_odometry/encoder_odometry.egg-info/PKG-INFO
[3.962s] writing dependency_links to ../build/encoder_odometry/encoder_odometry.egg-info/dependency_links.txt
[3.962s] writing entry points to ../build/encoder_odometry/encoder_odometry.egg-info/entry_points.txt
[3.963s] writing requirements to ../build/encoder_odometry/encoder_odometry.egg-info/requires.txt
[3.964s] writing top-level names to ../build/encoder_odometry/encoder_odometry.egg-info/top_level.txt
[3.972s] reading manifest file '../build/encoder_odometry/encoder_odometry.egg-info/SOURCES.txt'
[3.976s] writing manifest file '../build/encoder_odometry/encoder_odometry.egg-info/SOURCES.txt'
[3.977s] running build
[3.977s] running build_py
[3.978s] copying encoder_odometry/encoder_to_odom.py -> /home/dora/robot_ws/src/build/encoder_odometry/build/lib/encoder_odometry
[3.979s] running install
[3.980s] running install_lib
[3.984s] copying /home/dora/robot_ws/src/build/encoder_odometry/build/lib/encoder_odometry/encoder_to_odom.py -> /home/dora/robot_ws/src/install/encoder_odometry/lib/python3.10/site-packages/encoder_odometry
[3.987s] byte-compiling /home/dora/robot_ws/src/install/encoder_odometry/lib/python3.10/site-packages/encoder_odometry/encoder_to_odom.py to encoder_to_odom.cpython-310.pyc
[3.992s] running install_data
[3.993s] copying launch/robot_launch.py -> /home/dora/robot_ws/src/install/encoder_odometry/share/encoder_odometry/launch
[3.993s] running install_egg_info
[4.000s] removing '/home/dora/robot_ws/src/install/encoder_odometry/lib/python3.10/site-packages/encoder_odometry-0.0.0-py3.10.egg-info' (and everything under it)
[4.002s] Copying ../build/encoder_odometry/encoder_odometry.egg-info to /home/dora/robot_ws/src/install/encoder_odometry/lib/python3.10/site-packages/encoder_odometry-0.0.0-py3.10.egg-info
[4.008s] running install_scripts
[4.087s] Installing encoder_to_odom script to /home/dora/robot_ws/src/install/encoder_odometry/lib/encoder_odometry
[4.089s] writing list of installed files to '/home/dora/robot_ws/src/build/encoder_odometry/install.log'
[4.214s] Invoked command in '/home/dora/robot_ws/src/encoder_odometry' returned '0': PYTHONPATH=/home/dora/robot_ws/src/build/encoder_odometry/prefix_override:/usr/lib/python3/dist-packages/colcon_core/task/python/colcon_distutils_commands:/home/dora/robot_ws/src/install/encoder_odometry/lib/python3.10/site-packages:${PYTHONPATH} /usr/bin/python3 -W ignore:setup.py install is deprecated setup.py egg_info --egg-base ../build/encoder_odometry build --build-base /home/dora/robot_ws/src/build/encoder_odometry/build install --record /home/dora/robot_ws/src/build/encoder_odometry/install.log --single-version-externally-managed install_data
