[2.921s] Invoking command in '/home/dora/robot_ws/src/encoder_odometry': PYTHONPATH=/home/dora/robot_ws/build/encoder_odometry/prefix_override:/usr/lib/python3/dist-packages/colcon_core/task/python/colcon_distutils_commands:/home/dora/robot_ws/install/encoder_odometry/lib/python3.10/site-packages:${PYTHONPATH} /usr/bin/python3 -W ignore:setup.py install is deprecated setup.py egg_info --egg-base ../../build/encoder_odometry build --build-base /home/dora/robot_ws/build/encoder_odometry/build install --record /home/dora/robot_ws/build/encoder_odometry/install.log --single-version-externally-managed install_data
[4.051s] running egg_info
[4.053s] writing ../../build/encoder_odometry/encoder_odometry.egg-info/PKG-INFO
[4.054s] writing dependency_links to ../../build/encoder_odometry/encoder_odometry.egg-info/dependency_links.txt
[4.055s] writing entry points to ../../build/encoder_odometry/encoder_odometry.egg-info/entry_points.txt
[4.056s] writing requirements to ../../build/encoder_odometry/encoder_odometry.egg-info/requires.txt
[4.056s] writing top-level names to ../../build/encoder_odometry/encoder_odometry.egg-info/top_level.txt
[4.065s] reading manifest file '../../build/encoder_odometry/encoder_odometry.egg-info/SOURCES.txt'
[4.069s] writing manifest file '../../build/encoder_odometry/encoder_odometry.egg-info/SOURCES.txt'
[4.070s] running build
[4.070s] running build_py
[4.071s] running install
[4.073s] running install_lib
[4.078s] running install_data
[4.079s] copying launch/robot.launch.py -> /home/dora/robot_ws/install/encoder_odometry/share/encoder_odometry/launch
[4.080s] running install_egg_info
[4.087s] removing '/home/dora/robot_ws/install/encoder_odometry/lib/python3.10/site-packages/encoder_odometry-0.0.0-py3.10.egg-info' (and everything under it)
[4.089s] Copying ../../build/encoder_odometry/encoder_odometry.egg-info to /home/dora/robot_ws/install/encoder_odometry/lib/python3.10/site-packages/encoder_odometry-0.0.0-py3.10.egg-info
[4.094s] running install_scripts
[4.172s] Installing encoder_to_odom script to /home/dora/robot_ws/install/encoder_odometry/lib/encoder_odometry
[4.174s] writing list of installed files to '/home/dora/robot_ws/build/encoder_odometry/install.log'
[4.303s] Invoked command in '/home/dora/robot_ws/src/encoder_odometry' returned '0': PYTHONPATH=/home/dora/robot_ws/build/encoder_odometry/prefix_override:/usr/lib/python3/dist-packages/colcon_core/task/python/colcon_distutils_commands:/home/dora/robot_ws/install/encoder_odometry/lib/python3.10/site-packages:${PYTHONPATH} /usr/bin/python3 -W ignore:setup.py install is deprecated setup.py egg_info --egg-base ../../build/encoder_odometry build --build-base /home/dora/robot_ws/build/encoder_odometry/build install --record /home/dora/robot_ws/build/encoder_odometry/install.log --single-version-externally-managed install_data
