[6.351s] Invoking command in '/home/dora/robot_ws/src/velocity_controller': PYTHONPATH=/home/dora/robot_ws/build/velocity_controller/prefix_override:/usr/lib/python3/dist-packages/colcon_core/task/python/colcon_distutils_commands:/home/dora/robot_ws/install/velocity_controller/lib/python3.10/site-packages:${PYTHONPATH} /usr/bin/python3 -W ignore:setup.py install is deprecated setup.py egg_info --egg-base ../../build/velocity_controller build --build-base /home/dora/robot_ws/build/velocity_controller/build install --record /home/dora/robot_ws/build/velocity_controller/install.log --single-version-externally-managed install_data
[9.618s] running egg_info
[9.627s] writing ../../build/velocity_controller/velocity_controller.egg-info/PKG-INFO
[9.628s] writing dependency_links to ../../build/velocity_controller/velocity_controller.egg-info/dependency_links.txt
[9.629s] writing entry points to ../../build/velocity_controller/velocity_controller.egg-info/entry_points.txt
[9.629s] writing requirements to ../../build/velocity_controller/velocity_controller.egg-info/requires.txt
[9.634s] writing top-level names to ../../build/velocity_controller/velocity_controller.egg-info/top_level.txt
[9.651s] reading manifest file '../../build/velocity_controller/velocity_controller.egg-info/SOURCES.txt'
[9.666s] writing manifest file '../../build/velocity_controller/velocity_controller.egg-info/SOURCES.txt'
[9.669s] running build
[9.671s] running build_py
[9.672s] running install
[9.674s] running install_lib
[9.699s] running install_data
[9.700s] running install_egg_info
[9.742s] removing '/home/dora/robot_ws/install/velocity_controller/lib/python3.10/site-packages/velocity_controller-0.0.0-py3.10.egg-info' (and everything under it)
[9.746s] Copying ../../build/velocity_controller/velocity_controller.egg-info to /home/dora/robot_ws/install/velocity_controller/lib/python3.10/site-packages/velocity_controller-0.0.0-py3.10.egg-info
[9.808s] running install_scripts
[10.109s] Installing velocity_controller script to /home/dora/robot_ws/install/velocity_controller/lib/velocity_controller
[10.116s] writing list of installed files to '/home/dora/robot_ws/build/velocity_controller/install.log'
[10.490s] Invoked command in '/home/dora/robot_ws/src/velocity_controller' returned '0': PYTHONPATH=/home/dora/robot_ws/build/velocity_controller/prefix_override:/usr/lib/python3/dist-packages/colcon_core/task/python/colcon_distutils_commands:/home/dora/robot_ws/install/velocity_controller/lib/python3.10/site-packages:${PYTHONPATH} /usr/bin/python3 -W ignore:setup.py install is deprecated setup.py egg_info --egg-base ../../build/velocity_controller build --build-base /home/dora/robot_ws/build/velocity_controller/build install --record /home/dora/robot_ws/build/velocity_controller/install.log --single-version-externally-managed install_data
