[2.929s] Invoking command in '/home/dora/robot_ws/build/my_package': PYTHONPATH=/home/dora/robot_ws/build/my_package/prefix_override:/usr/lib/python3/dist-packages/colcon_core/task/python/colcon_distutils_commands:/home/dora/robot_ws/install/my_package/lib/python3.10/site-packages:${PYTHONPATH} /usr/bin/python3 -W ignore:setup.py install is deprecated setup.py develop --editable --build-directory /home/dora/robot_ws/build/my_package/build --no-deps symlink_data
[3.939s] running develop
[3.944s] /usr/lib/python3/dist-packages/setuptools/command/easy_install.py:158: EasyInstallDeprecationWarning: easy_install command is deprecated. Use build and pip and other standards-based tools.
[3.944s]   warnings.warn(
[4.525s] running egg_info
[4.525s] creating my_package.egg-info
[4.526s] writing my_package.egg-info/PKG-INFO
[4.527s] writing dependency_links to my_package.egg-info/dependency_links.txt
[4.528s] writing entry points to my_package.egg-info/entry_points.txt
[4.528s] writing requirements to my_package.egg-info/requires.txt
[4.529s] writing top-level names to my_package.egg-info/top_level.txt
[4.530s] writing manifest file 'my_package.egg-info/SOURCES.txt'
[4.536s] reading manifest file 'my_package.egg-info/SOURCES.txt'
[4.538s] writing manifest file 'my_package.egg-info/SOURCES.txt'
[4.544s] running build_ext
[4.545s] Creating /home/dora/robot_ws/install/my_package/lib/python3.10/site-packages/my-package.egg-link (link to .)
[4.548s] Installing listener script to /home/dora/robot_ws/install/my_package/lib/my_package
[4.549s] Installing talker script to /home/dora/robot_ws/install/my_package/lib/my_package
[4.550s] 
[4.551s] Installed /home/dora/robot_ws/build/my_package
[4.551s] running symlink_data
[4.552s] creating /home/dora/robot_ws/install/my_package/share/ament_index
[4.552s] creating /home/dora/robot_ws/install/my_package/share/ament_index/resource_index
[4.553s] creating /home/dora/robot_ws/install/my_package/share/ament_index/resource_index/packages
[4.554s] symbolically linking /home/dora/robot_ws/build/my_package/resource/my_package -> /home/dora/robot_ws/install/my_package/share/ament_index/resource_index/packages
[4.555s] symbolically linking /home/dora/robot_ws/build/my_package/package.xml -> /home/dora/robot_ws/install/my_package/share/my_package
[4.684s] Invoked command in '/home/dora/robot_ws/build/my_package' returned '0': PYTHONPATH=/home/dora/robot_ws/build/my_package/prefix_override:/usr/lib/python3/dist-packages/colcon_core/task/python/colcon_distutils_commands:/home/dora/robot_ws/install/my_package/lib/python3.10/site-packages:${PYTHONPATH} /usr/bin/python3 -W ignore:setup.py install is deprecated setup.py develop --editable --build-directory /home/dora/robot_ws/build/my_package/build --no-deps symlink_data
